#
# There is insufficient memory for the Java Runtime Environment to continue.
# Native memory allocation (mmap) failed to map 262144 bytes for committing reserved memory.
# Possible reasons:
#   The system is out of physical RAM or swap space
#   In 32 bit mode, the process size limit was hit
# Possible solutions:
#   Reduce memory load on the system
#   Increase physical memory or swap space
#   Check if swap backing store is full
#   Use 64 bit Java on a 64 bit OS
#   Decrease Java heap size (-Xmx/-Xms)
#   Decrease number of Java threads
#   Decrease Java thread stack sizes (-Xss)
#   Set larger code cache with -XX:ReservedCodeCacheSize=
# This output file may be truncated or incomplete.
#
#  Out of Memory Error (os_linux.cpp:2627), pid=4522, tid=0x00007fa38a6c3700
#
# JRE version: Java(TM) SE Runtime Environment (8.0_111-b14) (build 1.8.0_111-b14)
# Java VM: Java HotSpot(TM) 64-Bit Server VM (25.111-b14 mixed mode linux-amd64 compressed oops)
# Failed to write core dump. Core dumps have been disabled. To enable core dumping, try "ulimit -c unlimited" before starting Java again
#

---------------  T H R E A D  ---------------

Current thread (0x00007fa3c8294800):  JavaThread "JavaFX Application Thread" [_thread_in_vm, id=4537, stack(0x00007fa38a5c3000,0x00007fa38a6c4000)]

Stack: [0x00007fa38a5c3000,0x00007fa38a6c4000],  sp=0x00007fa38a6bd610,  free space=1001k
Native frames: (J=compiled Java code, j=interpreted, Vv=VM code, C=native code)
V  [libjvm.so+0xac5c2a]  VMError::report_and_die()+0x2ba
V  [libjvm.so+0x4fc50b]  report_vm_out_of_memory(char const*, int, unsigned long, VMErrorType, char const*)+0x8b
V  [libjvm.so+0x922ae3]  os::Linux::commit_memory_impl(char*, unsigned long, bool)+0x103
V  [libjvm.so+0x923039]  os::pd_commit_memory(char*, unsigned long, unsigned long, bool)+0x29
V  [libjvm.so+0x91d33a]  os::commit_memory(char*, unsigned long, unsigned long, bool)+0x2a
V  [libjvm.so+0xac1989]  VirtualSpace::expand_by(unsigned long, bool)+0x199
V  [libjvm.so+0x8a1786]  VirtualSpaceList::expand_node_by(VirtualSpaceNode*, unsigned long, unsigned long)+0x76
V  [libjvm.so+0x8a45a0]  VirtualSpaceList::expand_by(unsigned long, unsigned long)+0xf0
V  [libjvm.so+0x8a4733]  VirtualSpaceList::get_new_chunk(unsigned long, unsigned long, unsigned long)+0xb3
V  [libjvm.so+0x8a6282]  SpaceManager::grow_and_allocate(unsigned long)+0x2d2
V  [libjvm.so+0x8a648b]  SpaceManager::allocate_work(unsigned long)+0x14b
V  [libjvm.so+0x8a651c]  SpaceManager::allocate(unsigned long)+0x7c
V  [libjvm.so+0x8a676e]  Metaspace::allocate(ClassLoaderData*, unsigned long, bool, MetaspaceObj::Type, Thread*)+0x17e
V  [libjvm.so+0x4f18e4]  ConstantPool::allocate(ClassLoaderData*, int, Thread*)+0x44
V  [libjvm.so+0x45c837]  ClassFileParser::parse_constant_pool(Thread*)+0x387
V  [libjvm.so+0x46032b]  ClassFileParser::parseClassFile(Symbol*, ClassLoaderData*, Handle, KlassHandle, GrowableArray<Handle>*, TempNewSymbol&, bool, Thread*)+0x6bb
V  [libjvm.so+0xa3606f]  SystemDictionary::resolve_from_stream(Symbol*, Handle, Handle, ClassFileStream*, bool, Thread*)+0x17f
V  [libjvm.so+0x71014e]  jvm_define_class_common(JNIEnv_*, char const*, _jobject*, signed char const*, int, _jobject*, char const*, unsigned char, Thread*)+0x2ae
V  [libjvm.so+0x715521]  JVM_DefineClassWithSource+0xe1
C  [libjava.so+0xebb5]  Java_java_lang_ClassLoader_defineClass1+0x155
J 476  java.lang.ClassLoader.defineClass1(Ljava/lang/String;[BIILjava/security/ProtectionDomain;Ljava/lang/String;)Ljava/lang/Class; (0 bytes) @ 0x00007fa3b8df140b [0x00007fa3b8df1300+0x10b]
J 494 C1 java.lang.ClassLoader.defineClass(Ljava/lang/String;[BIILjava/security/ProtectionDomain;)Ljava/lang/Class; (43 bytes) @ 0x00007fa3b8e05f86 [0x00007fa3b8e059c0+0x5c6]
J 463 C1 java.net.URLClassLoader.defineClass(Ljava/lang/String;Lsun/misc/Resource;)Ljava/lang/Class; (142 bytes) @ 0x00007fa3b8de9ae8 [0x00007fa3b8de8000+0x1ae8]
J 438 C1 java.net.URLClassLoader$1.run()Ljava/lang/Class; (63 bytes) @ 0x00007fa3b8dcc252 [0x00007fa3b8dcbfa0+0x2b2]
J 437 C1 java.net.URLClassLoader$1.run()Ljava/lang/Object; (5 bytes) @ 0x00007fa3b8dcbc49 [0x00007fa3b8dcbbc0+0x89]
v  ~StubRoutines::call_stub
V  [libjvm.so+0x690206]  JavaCalls::call_helper(JavaValue*, methodHandle*, JavaCallArguments*, Thread*)+0x1056
V  [libjvm.so+0x728e4c]  JVM_DoPrivileged+0x27c
J 436  java.security.AccessController.doPrivileged(Ljava/security/PrivilegedExceptionAction;Ljava/security/AccessControlContext;)Ljava/lang/Object; (0 bytes) @ 0x00007fa3b8dc9115 [0x00007fa3b8dc9040+0xd5]
J 434 C1 java.net.URLClassLoader.findClass(Ljava/lang/String;)Ljava/lang/Class; (47 bytes) @ 0x00007fa3b8dcafc3 [0x00007fa3b8dcae40+0x183]
J 235 C1 java.lang.ClassLoader.loadClass(Ljava/lang/String;Z)Ljava/lang/Class; (122 bytes) @ 0x00007fa3b8d4992b [0x00007fa3b8d48fe0+0x94b]
J 291 C1 java.lang.ClassLoader.loadClass(Ljava/lang/String;)Ljava/lang/Class; (7 bytes) @ 0x00007fa3b8d6a402 [0x00007fa3b8d6a300+0x102]
v  ~StubRoutines::call_stub
V  [libjvm.so+0x690206]  JavaCalls::call_helper(JavaValue*, methodHandle*, JavaCallArguments*, Thread*)+0x1056
V  [libjvm.so+0x690711]  JavaCalls::call_virtual(JavaValue*, KlassHandle, Symbol*, Symbol*, JavaCallArguments*, Thread*)+0x321
V  [libjvm.so+0x690b66]  JavaCalls::call_virtual(JavaValue*, Handle, KlassHandle, Symbol*, Symbol*, Handle, Thread*)+0x56
V  [libjvm.so+0xa3b510]  SystemDictionary::load_instance_class(Symbol*, Handle, Thread*)+0x3f0
V  [libjvm.so+0xa3a45c]  SystemDictionary::resolve_instance_class_or_null(Symbol*, Handle, Handle, Thread*)+0x7cc
V  [libjvm.so+0xa3b933]  SystemDictionary::resolve_or_fail(Symbol*, Handle, Handle, bool, Thread*)+0x33
V  [libjvm.so+0x4f3448]  ConstantPool::klass_at_impl(constantPoolHandle, int, Thread*)+0x158
V  [libjvm.so+0x4f8b20]  ConstantPool::klass_ref_at(int, Thread*)+0xa0
V  [libjvm.so+0x7f2dfa]  LinkResolver::resolve_field_access(fieldDescriptor&, constantPoolHandle, int, Bytecodes::Code, Thread*)+0x9a
V  [libjvm.so+0x688145]  InterpreterRuntime::resolve_get_put(JavaThread*, Bytecodes::Code)+0x125
j  javafx.scene.Cursor.<clinit>()V+6
v  ~StubRoutines::call_stub
V  [libjvm.so+0x690206]  JavaCalls::call_helper(JavaValue*, methodHandle*, JavaCallArguments*, Thread*)+0x1056
V  [libjvm.so+0x642017]  InstanceKlass::call_class_initializer_impl(instanceKlassHandle, Thread*)+0xd7
V  [libjvm.so+0x64462c]  InstanceKlass::initialize_impl(instanceKlassHandle, Thread*)+0x1ac
V  [libjvm.so+0x6449f1]  InstanceKlass::initialize(Thread*)+0x41
V  [libjvm.so+0x7f2d3f]  LinkResolver::resolve_field(fieldDescriptor&, KlassHandle, Symbol*, Symbol*, KlassHandle, Bytecodes::Code, bool, bool, Thread*)+0x4df
V  [libjvm.so+0x7f2fa5]  LinkResolver::resolve_field_access(fieldDescriptor&, constantPoolHandle, int, Bytecodes::Code, Thread*)+0x245
V  [libjvm.so+0x688145]  InterpreterRuntime::resolve_get_put(JavaThread*, Bytecodes::Code)+0x125
j  javafx.scene.Scene$MouseHandler.updateCursorFrame()V+17
j  javafx.scene.Scene$ScenePulseListener.pulse()V+329
j  com.sun.javafx.tk.Toolkit.lambda$runPulse$30(Lcom/sun/javafx/tk/TKPulseListener;)Ljava/lang/Void;+1
j  com.sun.javafx.tk.Toolkit$$Lambda$150.run()Ljava/lang/Object;+4
v  ~StubRoutines::call_stub
V  [libjvm.so+0x690206]  JavaCalls::call_helper(JavaValue*, methodHandle*, JavaCallArguments*, Thread*)+0x1056
V  [libjvm.so+0x728e4c]  JVM_DoPrivileged+0x27c
j  java.security.AccessController.doPrivileged(Ljava/security/PrivilegedAction;Ljava/security/AccessControlContext;)Ljava/lang/Object;+0
j  com.sun.javafx.tk.Toolkit.runPulse(Lcom/sun/javafx/tk/TKPulseListener;Ljava/security/AccessControlContext;)V+21
j  com.sun.javafx.tk.Toolkit.firePulse()V+191
j  com.sun.javafx.tk.quantum.QuantumToolkit.pulse(Z)V+97
j  com.sun.javafx.tk.quantum.QuantumToolkit.pulse()V+2
j  com.sun.javafx.tk.quantum.QuantumToolkit.lambda$runToolkit$404()V+1
j  com.sun.javafx.tk.quantum.QuantumToolkit$$Lambda$46.run()V+4
j  com.sun.glass.ui.InvokeLaterDispatcher$Future.run()V+4
v  ~StubRoutines::call_stub
V  [libjvm.so+0x690206]  JavaCalls::call_helper(JavaValue*, methodHandle*, JavaCallArguments*, Thread*)+0x1056
V  [libjvm.so+0x6d20fb]  jni_invoke_nonstatic(JNIEnv_*, JavaValue*, _jobject*, JNICallType, _jmethodID*, JNI_ArgumentPusher*, Thread*)+0x40b
V  [libjvm.so+0x6d64cf]  jni_CallVoidMethodV+0x10f
C  [libglass.so+0x18641]  JNIEnv_::CallVoidMethod(_jobject*, _jmethodID*, ...)+0x81
C  [libglass.so+0x1a37b]  call_runnable(void*)+0x2b
C  [libgdk-x11-2.0.so.0+0x1dd37]

Java frames: (J=compiled Java code, j=interpreted, Vv=VM code)
J 476  java.lang.ClassLoader.defineClass1(Ljava/lang/String;[BIILjava/security/ProtectionDomain;Ljava/lang/String;)Ljava/lang/Class; (0 bytes) @ 0x00007fa3b8df1391 [0x00007fa3b8df1300+0x91]
J 494 C1 java.lang.ClassLoader.defineClass(Ljava/lang/String;[BIILjava/security/ProtectionDomain;)Ljava/lang/Class; (43 bytes) @ 0x00007fa3b8e05f86 [0x00007fa3b8e059c0+0x5c6]
J 463 C1 java.net.URLClassLoader.defineClass(Ljava/lang/String;Lsun/misc/Resource;)Ljava/lang/Class; (142 bytes) @ 0x00007fa3b8de9ae8 [0x00007fa3b8de8000+0x1ae8]
J 438 C1 java.net.URLClassLoader$1.run()Ljava/lang/Class; (63 bytes) @ 0x00007fa3b8dcc252 [0x00007fa3b8dcbfa0+0x2b2]
J 437 C1 java.net.URLClassLoader$1.run()Ljava/lang/Object; (5 bytes) @ 0x00007fa3b8dcbc49 [0x00007fa3b8dcbbc0+0x89]
v  ~StubRoutines::call_stub
J 436  java.security.AccessController.doPrivileged(Ljava/security/PrivilegedExceptionAction;Ljava/security/AccessControlContext;)Ljava/lang/Object; (0 bytes) @ 0x00007fa3b8dc90a3 [0x00007fa3b8dc9040+0x63]
J 434 C1 java.net.URLClassLoader.findClass(Ljava/lang/String;)Ljava/lang/Class; (47 bytes) @ 0x00007fa3b8dcafc3 [0x00007fa3b8dcae40+0x183]
J 235 C1 java.lang.ClassLoader.loadClass(Ljava/lang/String;Z)Ljava/lang/Class; (122 bytes) @ 0x00007fa3b8d4992b [0x00007fa3b8d48fe0+0x94b]
J 291 C1 java.lang.ClassLoader.loadClass(Ljava/lang/String;)Ljava/lang/Class; (7 bytes) @ 0x00007fa3b8d6a402 [0x00007fa3b8d6a300+0x102]
v  ~StubRoutines::call_stub
j  javafx.scene.Cursor.<clinit>()V+6
v  ~StubRoutines::call_stub
j  javafx.scene.Scene$MouseHandler.updateCursorFrame()V+17
j  javafx.scene.Scene$ScenePulseListener.pulse()V+329
j  com.sun.javafx.tk.Toolkit.lambda$runPulse$30(Lcom/sun/javafx/tk/TKPulseListener;)Ljava/lang/Void;+1
j  com.sun.javafx.tk.Toolkit$$Lambda$150.run()Ljava/lang/Object;+4
v  ~StubRoutines::call_stub
j  java.security.AccessController.doPrivileged(Ljava/security/PrivilegedAction;Ljava/security/AccessControlContext;)Ljava/lang/Object;+0
j  com.sun.javafx.tk.Toolkit.runPulse(Lcom/sun/javafx/tk/TKPulseListener;Ljava/security/AccessControlContext;)V+21
j  com.sun.javafx.tk.Toolkit.firePulse()V+191
j  com.sun.javafx.tk.quantum.QuantumToolkit.pulse(Z)V+97
j  com.sun.javafx.tk.quantum.QuantumToolkit.pulse()V+2
j  com.sun.javafx.tk.quantum.QuantumToolkit.lambda$runToolkit$404()V+1
j  com.sun.javafx.tk.quantum.QuantumToolkit$$Lambda$46.run()V+4
j  com.sun.glass.ui.InvokeLaterDispatcher$Future.run()V+4
v  ~StubRoutines::call_stub
j  com.sun.glass.ui.gtk.GtkApplication._runLoop(Ljava/lang/Runnable;Z)V+0
j  com.sun.glass.ui.gtk.GtkApplication.lambda$null$49(Ljava/lang/Runnable;Z)V+7
j  com.sun.glass.ui.gtk.GtkApplication$$Lambda$42.run()V+12
j  java.lang.Thread.run()V+11
v  ~StubRoutines::call_stub

---------------  P R O C E S S  ---------------

Java Threads: ( => current thread )
  0x00007fa3a429d000 JavaThread "Prism Font Disposer" daemon [_thread_blocked, id=4542, stack(0x00007fa389786000,0x00007fa389887000)]
  0x00007fa3c8298800 JavaThread "JavaFX-Launcher" [_thread_blocked, id=4538, stack(0x00007fa38a4c2000,0x00007fa38a5c3000)]
=>0x00007fa3c8294800 JavaThread "JavaFX Application Thread" [_thread_in_vm, id=4537, stack(0x00007fa38a5c3000,0x00007fa38a6c4000)]
  0x00007fa3c8290800 JavaThread "Thread-1" daemon [_thread_blocked, id=4536, stack(0x00007fa38a6c4000,0x00007fa38a7c5000)]
  0x00007fa3c81b3800 JavaThread "QuantumRenderer-0" daemon [_thread_blocked, id=4535, stack(0x00007fa3b7191000,0x00007fa3b7292000)]
  0x00007fa3c80db800 JavaThread "Service Thread" daemon [_thread_blocked, id=4533, stack(0x00007fa3b7429000,0x00007fa3b752a000)]
  0x00007fa3c80d8800 JavaThread "C1 CompilerThread1" daemon [_thread_blocked, id=4532, stack(0x00007fa3b752a000,0x00007fa3b762b000)]
  0x00007fa3c80d6800 JavaThread "C2 CompilerThread0" daemon [_thread_blocked, id=4531, stack(0x00007fa3b762b000,0x00007fa3b772c000)]
  0x00007fa3c80d5000 JavaThread "Signal Dispatcher" daemon [_thread_blocked, id=4530, stack(0x00007fa3b772c000,0x00007fa3b782d000)]
  0x00007fa3c80a1800 JavaThread "Finalizer" daemon [_thread_blocked, id=4529, stack(0x00007fa3b79c8000,0x00007fa3b7ac9000)]
  0x00007fa3c809d000 JavaThread "Reference Handler" daemon [_thread_blocked, id=4528, stack(0x00007fa3b7ac9000,0x00007fa3b7bca000)]
  0x00007fa3c800a000 JavaThread "main" [_thread_blocked, id=4526, stack(0x00007fa3ceaff000,0x00007fa3cec00000)]

Other Threads:
  0x00007fa3c8095800 VMThread [stack: 0x00007fa3b7bca000,0x00007fa3b7ccb000] [id=4527]
  0x00007fa3c80de800 WatcherThread [stack: 0x00007fa3b7328000,0x00007fa3b7429000] [id=4534]

VM state:not at safepoint (normal execution)

VM Mutex/Monitor currently owned by a thread: None

Heap:
 def new generation   total 9792K, used 6566K [0x00000000e0e00000, 0x00000000e18a0000, 0x00000000eb400000)
  eden space 8704K,  62% used [0x00000000e0e00000, 0x00000000e1359ab0, 0x00000000e1680000)
  from space 1088K,  99% used [0x00000000e1680000, 0x00000000e178fff8, 0x00000000e1790000)
  to   space 1088K,   0% used [0x00000000e1790000, 0x00000000e1790000, 0x00000000e18a0000)
 tenured generation   total 21888K, used 1203K [0x00000000eb400000, 0x00000000ec960000, 0x0000000100000000)
   the space 21888K,   5% used [0x00000000eb400000, 0x00000000eb52cc40, 0x00000000eb52ce00, 0x00000000ec960000)
 Metaspace       used 12685K, capacity 13338K, committed 13440K, reserved 1060864K
  class space    used 1883K, capacity 2079K, committed 2176K, reserved 1048576K

Card table byte_map: [0x00007fa3b8719000,0x00007fa3b8813000] byte_map_base: 0x00007fa3b8012000

Polling page: 0x00007fa3cec1b000

CodeCache: size=245760Kb used=3625Kb max_used=3625Kb free=242134Kb
 bounds [0x00007fa3b8bd3000, 0x00007fa3b8f63000, 0x00007fa3c7bd3000]
 total_blobs=1480 nmethods=992 adapters=401
 compilation: enabled

Compilation events (10 events):
Event: 7,697 Thread 0x00007fa3c80d8800  989       1       com.sun.javafx.UnmodifiableArrayList::size (5 bytes)
Event: 7,697 Thread 0x00007fa3c80d8800 nmethod 989 0x00007fa3b8f5d210 code [0x00007fa3b8f5d360, 0x00007fa3b8f5d470]
Event: 7,698 Thread 0x00007fa3c80d8800  990       3       com.sun.javafx.sg.prism.NGNode::markDirty (22 bytes)
Event: 7,698 Thread 0x00007fa3c80d8800 nmethod 990 0x00007fa3b8f5d4d0 code [0x00007fa3b8f5d640, 0x00007fa3b8f5d8a0]
Event: 7,698 Thread 0x00007fa3c80d8800  991       3       com.sun.javafx.util.Utils::assertionEnabled (24 bytes)
Event: 7,698 Thread 0x00007fa3c80d8800 nmethod 991 0x00007fa3b8f5d950 code [0x00007fa3b8f5daa0, 0x00007fa3b8f5dbf0]
Event: 7,698 Thread 0x00007fa3c80d8800  992       3       com.sun.javafx.sg.prism.NGNode::invalidateCache (15 bytes)
Event: 7,699 Thread 0x00007fa3c80d8800 nmethod 992 0x00007fa3b8f5dc90 code [0x00007fa3b8f5de00, 0x00007fa3b8f5e040]
Event: 7,699 Thread 0x00007fa3c80d8800  993       3       com.sun.javafx.sg.prism.NGNode::invalidateOpaqueRegion (20 bytes)
Event: 7,699 Thread 0x00007fa3c80d8800 nmethod 993 0x00007fa3b8f5e110 code [0x00007fa3b8f5e280, 0x00007fa3b8f5e5e0]

GC Heap History (4 events):
Event: 2,596 GC heap before
{Heap before GC invocations=0 (full 0):
 def new generation   total 9792K, used 8704K [0x00000000e0e00000, 0x00000000e18a0000, 0x00000000eb400000)
  eden space 8704K, 100% used [0x00000000e0e00000, 0x00000000e1680000, 0x00000000e1680000)
  from space 1088K,   0% used [0x00000000e1680000, 0x00000000e1680000, 0x00000000e1790000)
  to   space 1088K,   0% used [0x00000000e1790000, 0x00000000e1790000, 0x00000000e18a0000)
 tenured generation   total 21888K, used 0K [0x00000000eb400000, 0x00000000ec960000, 0x0000000100000000)
   the space 21888K,   0% used [0x00000000eb400000, 0x00000000eb400000, 0x00000000eb400200, 0x00000000ec960000)
 Metaspace       used 7125K, capacity 7620K, committed 7680K, reserved 1056768K
  class space    used 909K, capacity 1007K, committed 1024K, reserved 1048576K
Event: 2,619 GC heap after
Heap after GC invocations=1 (full 0):
 def new generation   total 9792K, used 952K [0x00000000e0e00000, 0x00000000e18a0000, 0x00000000eb400000)
  eden space 8704K,   0% used [0x00000000e0e00000, 0x00000000e0e00000, 0x00000000e1680000)
  from space 1088K,  87% used [0x00000000e1790000, 0x00000000e187e3b0, 0x00000000e18a0000)
  to   space 1088K,   0% used [0x00000000e1680000, 0x00000000e1680000, 0x00000000e1790000)
 tenured generation   total 21888K, used 0K [0x00000000eb400000, 0x00000000ec960000, 0x0000000100000000)
   the space 21888K,   0% used [0x00000000eb400000, 0x00000000eb400000, 0x00000000eb400200, 0x00000000ec960000)
 Metaspace       used 7125K, capacity 7620K, committed 7680K, reserved 1056768K
  class space    used 909K, capacity 1007K, committed 1024K, reserved 1048576K
}
Event: 4,432 GC heap before
{Heap before GC invocations=1 (full 0):
 def new generation   total 9792K, used 9656K [0x00000000e0e00000, 0x00000000e18a0000, 0x00000000eb400000)
  eden space 8704K, 100% used [0x00000000e0e00000, 0x00000000e1680000, 0x00000000e1680000)
  from space 1088K,  87% used [0x00000000e1790000, 0x00000000e187e3b0, 0x00000000e18a0000)
  to   space 1088K,   0% used [0x00000000e1680000, 0x00000000e1680000, 0x00000000e1790000)
 tenured generation   total 21888K, used 0K [0x00000000eb400000, 0x00000000ec960000, 0x0000000100000000)
   the space 21888K,   0% used [0x00000000eb400000, 0x00000000eb400000, 0x00000000eb400200, 0x00000000ec960000)
 Metaspace       used 10530K, capacity 11076K, committed 11136K, reserved 1058816K
  class space    used 1467K, capacity 1648K, committed 1664K, reserved 1048576K
Event: 4,450 GC heap after
Heap after GC invocations=2 (full 0):
 def new generation   total 9792K, used 1087K [0x00000000e0e00000, 0x00000000e18a0000, 0x00000000eb400000)
  eden space 8704K,   0% used [0x00000000e0e00000, 0x00000000e0e00000, 0x00000000e1680000)
  from space 1088K,  99% used [0x00000000e1680000, 0x00000000e178fff8, 0x00000000e1790000)
  to   space 1088K,   0% used [0x00000000e1790000, 0x00000000e1790000, 0x00000000e18a0000)
 tenured generation   total 21888K, used 1203K [0x00000000eb400000, 0x00000000ec960000, 0x0000000100000000)
   the space 21888K,   5% used [0x00000000eb400000, 0x00000000eb52cc40, 0x00000000eb52ce00, 0x00000000ec960000)
 Metaspace       used 10530K, capacity 11076K, committed 11136K, reserved 1058816K
  class space    used 1467K, capacity 1648K, committed 1664K, reserved 1048576K
}

Deoptimization events (10 events):
Event: 4,990 Thread 0x00007fa3c8294800 Uncommon trap: reason=class_check action=maybe_recompile pc=0x00007fa3b8e60734 method=java.io.DataInputStream.readShort()S @ 4
Event: 4,992 Thread 0x00007fa3c8294800 Uncommon trap: reason=class_check action=maybe_recompile pc=0x00007fa3b8e60734 method=java.io.DataInputStream.readShort()S @ 4
Event: 4,994 Thread 0x00007fa3c8294800 Uncommon trap: reason=class_check action=maybe_recompile pc=0x00007fa3b8e60734 method=java.io.DataInputStream.readShort()S @ 4
Event: 4,994 Thread 0x00007fa3c8294800 Uncommon trap: reason=class_check action=maybe_recompile pc=0x00007fa3b8e60734 method=java.io.DataInputStream.readShort()S @ 4
Event: 5,046 Thread 0x00007fa3c8294800 Uncommon trap: reason=class_check action=maybe_recompile pc=0x00007fa3b8ce58f8 method=java.lang.String.equals(Ljava/lang/Object;)Z @ 8
Event: 5,046 Thread 0x00007fa3c8294800 Uncommon trap: reason=class_check action=maybe_recompile pc=0x00007fa3b8ce58f8 method=java.lang.String.equals(Ljava/lang/Object;)Z @ 8
Event: 5,046 Thread 0x00007fa3c8294800 Uncommon trap: reason=class_check action=maybe_recompile pc=0x00007fa3b8ce58f8 method=java.lang.String.equals(Ljava/lang/Object;)Z @ 8
Event: 5,058 Thread 0x00007fa3c8294800 Uncommon trap: reason=class_check action=maybe_recompile pc=0x00007fa3b8ce58f8 method=java.lang.String.equals(Ljava/lang/Object;)Z @ 8
Event: 7,525 Thread 0x00007fa3c8294800 Uncommon trap: reason=unstable_if action=reinterpret pc=0x00007fa3b8f3e770 method=java.util.HashMap.isEmpty()Z @ 4
Event: 7,533 Thread 0x00007fa3c8294800 Uncommon trap: reason=unstable_if action=reinterpret pc=0x00007fa3b8f36234 method=sun.misc.URLClassPath$JarLoader.ensureOpen()V @ 4

Internal exceptions (10 events):
Event: 0,555 Thread 0x00007fa3c800a000 Exception <a 'java/lang/NoSuchFieldError': method resolution failed> (0x00000000e0fbb608) thrown at [/HUDSON3/workspace/8-2-build-linux-amd64/jdk8u111/7883/hotspot/src/share/vm/prims/methodHandles.cpp, line 1146]
Event: 0,690 Thread 0x00007fa3c800a000 Exception <a 'java/security/PrivilegedActionException'> (0x00000000e1044908) thrown at [/HUDSON3/workspace/8-2-build-linux-amd64/jdk8u111/7883/hotspot/src/share/vm/prims/jvm.cpp, line 1386]
Event: 0,690 Thread 0x00007fa3c800a000 Exception <a 'java/security/PrivilegedActionException'> (0x00000000e1044b18) thrown at [/HUDSON3/workspace/8-2-build-linux-amd64/jdk8u111/7883/hotspot/src/share/vm/prims/jvm.cpp, line 1386]
Event: 0,693 Thread 0x00007fa3c800a000 Exception <a 'java/security/PrivilegedActionException'> (0x00000000e1046e18) thrown at [/HUDSON3/workspace/8-2-build-linux-amd64/jdk8u111/7883/hotspot/src/share/vm/prims/jvm.cpp, line 1386]
Event: 0,693 Thread 0x00007fa3c800a000 Exception <a 'java/security/PrivilegedActionException'> (0x00000000e1047028) thrown at [/HUDSON3/workspace/8-2-build-linux-amd64/jdk8u111/7883/hotspot/src/share/vm/prims/jvm.cpp, line 1386]
Event: 0,694 Thread 0x00007fa3c800a000 Exception <a 'java/lang/NullPointerException'> (0x00000000e1047600) thrown at [/HUDSON3/workspace/8-2-build-linux-amd64/jdk8u111/7883/hotspot/src/share/vm/interpreter/linkResolver.cpp, line 1178]
Event: 2,526 Thread 0x00007fa3c8294800 Exception <a 'java/lang/NullPointerException'> (0x00000000e1643260) thrown at [/HUDSON3/workspace/8-2-build-linux-amd64/jdk8u111/7883/hotspot/src/share/vm/interpreter/linkResolver.cpp, line 1178]
Event: 2,527 Thread 0x00007fa3c8294800 Exception <a 'java/lang/NullPointerException'> (0x00000000e1643260) thrown at [/HUDSON3/workspace/8-2-build-linux-amd64/jdk8u111/7883/hotspot/src/share/vm/prims/jvm.cpp, line 1390]
Event: 4,213 Thread 0x00007fa3c8294800 Implicit null exception at 0x00007fa3b8e6c8b5 to 0x00007fa3b8e6cad1
Event: 7,532 Thread 0x00007fa3c8294800 Implicit null exception at 0x00007fa3b8f3515e to 0x00007fa3b8f3620d

Events (10 events):
Event: 7,727 loading class javafx/scene/ImageCursor
Event: 7,727 loading class javafx/scene/ImageCursor done
Event: 7,742 loading class javafx/scene/Cursor$StandardCursor
Event: 7,742 loading class javafx/scene/Cursor$StandardCursor done
Event: 7,743 loading class com/sun/javafx/cursor/CursorFrame
Event: 7,743 loading class com/sun/javafx/cursor/CursorFrame done
Event: 7,748 loading class com/sun/javafx/cursor/StandardCursorFrame
Event: 7,748 loading class com/sun/javafx/cursor/StandardCursorFrame done
Event: 7,748 loading class com/sun/javafx/cursor/CursorType
Event: 7,748 loading class com/sun/javafx/cursor/CursorType done


Dynamic libraries:
00400000-00401000 r-xp 00000000 08:01 695664                             /usr/local/jdk1.8.0_111/jre/bin/java
00600000-00601000 rw-p 00000000 08:01 695664                             /usr/local/jdk1.8.0_111/jre/bin/java
01776000-01797000 rw-p 00000000 00:00 0                                  [heap]
e0e00000-e18a0000 rw-p 00000000 00:00 0 
e18a0000-eb400000 ---p 00000000 00:00 0 
eb400000-ec960000 rw-p 00000000 00:00 0 
ec960000-100000000 ---p 00000000 00:00 0 
100000000-100220000 rw-p 00000000 00:00 0 
100220000-140000000 ---p 00000000 00:00 0 
7fa3896c6000-7fa3896d9000 r--s 00345000 08:01 695368                     /usr/local/jdk1.8.0_111/jre/lib/resources.jar
7fa3896d9000-7fa389786000 r--p 00000000 08:01 1052079                    /usr/share/fonts/truetype/dejavu/DejaVuSans-Bold.ttf
7fa389786000-7fa389789000 ---p 00000000 00:00 0 
7fa389789000-7fa389887000 rw-p 00000000 00:00 0 
7fa389887000-7fa389940000 r--p 00000000 08:01 1052080                    /usr/share/fonts/truetype/dejavu/DejaVuSans.ttf
7fa389940000-7fa389995000 r--p 00000000 08:01 695240                     /usr/local/jdk1.8.0_111/jre/lib/fonts/LucidaBrightRegular.ttf
7fa389995000-7fa3899a8000 r--p 00000000 08:01 695233                     /usr/local/jdk1.8.0_111/jre/lib/fonts/LucidaBrightDemiBold.ttf
7fa3899a8000-7fa389a53000 r--p 00000000 08:01 695278                     /usr/local/jdk1.8.0_111/jre/lib/fonts/LucidaSansRegular.ttf
7fa389a53000-7fa389a67000 r--p 00000000 08:01 695261                     /usr/local/jdk1.8.0_111/jre/lib/fonts/LucidaBrightItalic.ttf
7fa389a67000-7fa389aa3000 r--p 00000000 08:01 695217                     /usr/local/jdk1.8.0_111/jre/lib/fonts/LucidaTypewriterRegular.ttf
7fa389aa3000-7fa389ab6000 r--p 00000000 08:01 695222                     /usr/local/jdk1.8.0_111/jre/lib/fonts/LucidaBrightDemiItalic.ttf
7fa389ab6000-7fa389aba000 r-xp 00000000 08:01 695239                     /usr/local/jdk1.8.0_111/jre/lib/amd64/libjavafx_font_pango.so
7fa389aba000-7fa389cb9000 ---p 00004000 08:01 695239                     /usr/local/jdk1.8.0_111/jre/lib/amd64/libjavafx_font_pango.so
7fa389cb9000-7fa389cba000 rw-p 00003000 08:01 695239                     /usr/local/jdk1.8.0_111/jre/lib/amd64/libjavafx_font_pango.so
7fa389cba000-7fa389dba000 rw-p 00000000 00:00 0 
7fa389dfa000-7fa389eba000 ---p 00000000 00:00 0 
7fa389eba000-7fa38a0ba000 rw-p 00000000 00:00 0 
7fa38a0ba000-7fa38a0bf000 r-xp 00000000 08:01 695221                     /usr/local/jdk1.8.0_111/jre/lib/amd64/libjavafx_font_freetype.so
7fa38a0bf000-7fa38a2be000 ---p 00005000 08:01 695221                     /usr/local/jdk1.8.0_111/jre/lib/amd64/libjavafx_font_freetype.so
7fa38a2be000-7fa38a2bf000 rw-p 00004000 08:01 695221                     /usr/local/jdk1.8.0_111/jre/lib/amd64/libjavafx_font_freetype.so
7fa38a2bf000-7fa38a2c2000 r-xp 00000000 08:01 695339                     /usr/local/jdk1.8.0_111/jre/lib/amd64/libjavafx_font.so
7fa38a2c2000-7fa38a4c1000 ---p 00003000 08:01 695339                     /usr/local/jdk1.8.0_111/jre/lib/amd64/libjavafx_font.so
7fa38a4c1000-7fa38a4c2000 rw-p 00002000 08:01 695339                     /usr/local/jdk1.8.0_111/jre/lib/amd64/libjavafx_font.so
7fa38a4c2000-7fa38a4c5000 ---p 00000000 00:00 0 
7fa38a4c5000-7fa38a5c3000 rw-p 00000000 00:00 0 
7fa38a5c3000-7fa38a5c6000 ---p 00000000 00:00 0 
7fa38a5c6000-7fa38a6c4000 rw-p 00000000 00:00 0 
7fa38a6c4000-7fa38a6c7000 ---p 00000000 00:00 0 
7fa38a6c7000-7fa38a7c5000 rw-p 00000000 00:00 0 
7fa38a7c5000-7fa38a7cc000 r-xp 00000000 08:01 669767                     /usr/lib/x86_64-linux-gnu/libogg.so.0.8.2
7fa38a7cc000-7fa38a9cc000 ---p 00007000 08:01 669767                     /usr/lib/x86_64-linux-gnu/libogg.so.0.8.2
7fa38a9cc000-7fa38a9cd000 r--p 00007000 08:01 669767                     /usr/lib/x86_64-linux-gnu/libogg.so.0.8.2
7fa38a9cd000-7fa38a9ce000 rw-p 00008000 08:01 669767                     /usr/lib/x86_64-linux-gnu/libogg.so.0.8.2
7fa38a9ce000-7fa38a9f8000 r-xp 00000000 08:01 671056                     /usr/lib/x86_64-linux-gnu/libvorbis.so.0.4.8
7fa38a9f8000-7fa38abf8000 ---p 0002a000 08:01 671056                     /usr/lib/x86_64-linux-gnu/libvorbis.so.0.4.8
7fa38abf8000-7fa38abf9000 r--p 0002a000 08:01 671056                     /usr/lib/x86_64-linux-gnu/libvorbis.so.0.4.8
7fa38abf9000-7fa38abfa000 rw-p 0002b000 08:01 671056                     /usr/lib/x86_64-linux-gnu/libvorbis.so.0.4.8
7fa38abfa000-7fa38ac03000 r-xp 00000000 08:01 669429                     /usr/lib/x86_64-linux-gnu/libltdl.so.7.3.1
7fa38ac03000-7fa38ae02000 ---p 00009000 08:01 669429                     /usr/lib/x86_64-linux-gnu/libltdl.so.7.3.1
7fa38ae02000-7fa38ae03000 r--p 00008000 08:01 669429                     /usr/lib/x86_64-linux-gnu/libltdl.so.7.3.1
7fa38ae03000-7fa38ae04000 rw-p 00009000 08:01 669429                     /usr/lib/x86_64-linux-gnu/libltdl.so.7.3.1
7fa38ae04000-7fa38ae19000 r-xp 00000000 08:01 671426                     /usr/lib/x86_64-linux-gnu/libtdb.so.1.3.11
7fa38ae19000-7fa38b018000 ---p 00015000 08:01 671426                     /usr/lib/x86_64-linux-gnu/libtdb.so.1.3.11
7fa38b018000-7fa38b019000 r--p 00014000 08:01 671426                     /usr/lib/x86_64-linux-gnu/libtdb.so.1.3.11
7fa38b019000-7fa38b01a000 rw-p 00015000 08:01 671426                     /usr/lib/x86_64-linux-gnu/libtdb.so.1.3.11
7fa38b01a000-7fa38b022000 r-xp 00000000 08:01 671752                     /usr/lib/x86_64-linux-gnu/libvorbisfile.so.3.3.7
7fa38b022000-7fa38b221000 ---p 00008000 08:01 671752                     /usr/lib/x86_64-linux-gnu/libvorbisfile.so.3.3.7
7fa38b221000-7fa38b222000 r--p 00007000 08:01 671752                     /usr/lib/x86_64-linux-gnu/libvorbisfile.so.3.3.7
7fa38b222000-7fa38b223000 rw-p 00008000 08:01 671752                     /usr/lib/x86_64-linux-gnu/libvorbisfile.so.3.3.7
7fa38b223000-7fa38b234000 r-xp 00000000 08:01 672494                     /usr/lib/x86_64-linux-gnu/libcanberra.so.0.2.5
7fa38b234000-7fa38b433000 ---p 00011000 08:01 672494                     /usr/lib/x86_64-linux-gnu/libcanberra.so.0.2.5
7fa38b433000-7fa38b434000 r--p 00010000 08:01 672494                     /usr/lib/x86_64-linux-gnu/libcanberra.so.0.2.5
7fa38b434000-7fa38b435000 rw-p 00011000 08:01 672494                     /usr/lib/x86_64-linux-gnu/libcanberra.so.0.2.5
7fa38b435000-7fa38b439000 r-xp 00000000 08:01 694037                     /usr/lib/x86_64-linux-gnu/libcanberra-gtk.so.0.1.9
7fa38b439000-7fa38b638000 ---p 00004000 08:01 694037                     /usr/lib/x86_64-linux-gnu/libcanberra-gtk.so.0.1.9
7fa38b638000-7fa38b639000 r--p 00003000 08:01 694037                     /usr/lib/x86_64-linux-gnu/libcanberra-gtk.so.0.1.9
7fa38b639000-7fa38b63a000 rw-p 00004000 08:01 694037                     /usr/lib/x86_64-linux-gnu/libcanberra-gtk.so.0.1.9
7fa38b63a000-7fa38b63f000 r-xp 00000000 08:01 694046                     /usr/lib/x86_64-linux-gnu/gtk-2.0/modules/libcanberra-gtk-module.so
7fa38b63f000-7fa38b83e000 ---p 00005000 08:01 694046                     /usr/lib/x86_64-linux-gnu/gtk-2.0/modules/libcanberra-gtk-module.so
7fa38b83e000-7fa38b83f000 r--p 00004000 08:01 694046                     /usr/lib/x86_64-linux-gnu/gtk-2.0/modules/libcanberra-gtk-module.so
7fa38b83f000-7fa38b840000 rw-p 00005000 08:01 694046                     /usr/lib/x86_64-linux-gnu/gtk-2.0/modules/libcanberra-gtk-module.so
7fa38b840000-7fa38b84a000 r-xp 00000000 08:01 685592                     /usr/lib/x86_64-linux-gnu/gtk-2.0/2.10.0/engines/libpixmap.so
7fa38b84a000-7fa38ba49000 ---p 0000a000 08:01 685592                     /usr/lib/x86_64-linux-gnu/gtk-2.0/2.10.0/engines/libpixmap.so
7fa38ba49000-7fa38ba4a000 r--p 00009000 08:01 685592                     /usr/lib/x86_64-linux-gnu/gtk-2.0/2.10.0/engines/libpixmap.so
7fa38ba4a000-7fa38ba4b000 rw-p 0000a000 08:01 685592                     /usr/lib/x86_64-linux-gnu/gtk-2.0/2.10.0/engines/libpixmap.so
7fa38ba4b000-7fa38ba4d000 r-xp 00000000 08:01 681226                     /usr/lib/x86_64-linux-gnu/gtk-2.0/2.10.0/engines/libadwaita.so
7fa38ba4d000-7fa38bc4d000 ---p 00002000 08:01 681226                     /usr/lib/x86_64-linux-gnu/gtk-2.0/2.10.0/engines/libadwaita.so
7fa38bc4d000-7fa38bc4e000 r--p 00002000 08:01 681226                     /usr/lib/x86_64-linux-gnu/gtk-2.0/2.10.0/engines/libadwaita.so
7fa38bc4e000-7fa38bc4f000 rw-p 00003000 08:01 681226                     /usr/lib/x86_64-linux-gnu/gtk-2.0/2.10.0/engines/libadwaita.so
7fa38bc4f000-7fa38bc60000 r-xp 00000000 08:01 656284                     /usr/lib/x86_64-linux-gnu/liblz4.so.1.7.1
7fa38bc60000-7fa38be5f000 ---p 00011000 08:01 656284                     /usr/lib/x86_64-linux-gnu/liblz4.so.1.7.1
7fa38be5f000-7fa38be60000 r--p 00010000 08:01 656284                     /usr/lib/x86_64-linux-gnu/liblz4.so.1.7.1
7fa38be60000-7fa38be61000 rw-p 00011000 08:01 656284                     /usr/lib/x86_64-linux-gnu/liblz4.so.1.7.1
7fa38be61000-7fa38be86000 r-xp 00000000 08:01 917549                     /lib/x86_64-linux-gnu/liblzma.so.5.2.2
7fa38be86000-7fa38c085000 ---p 00025000 08:01 917549                     /lib/x86_64-linux-gnu/liblzma.so.5.2.2
7fa38c085000-7fa38c086000 r--p 00024000 08:01 917549                     /lib/x86_64-linux-gnu/liblzma.so.5.2.2
7fa38c086000-7fa38c087000 rw-p 00025000 08:01 917549                     /lib/x86_64-linux-gnu/liblzma.so.5.2.2
7fa38c087000-7fa38c0b4000 r-xp 00000000 08:01 670721                     /usr/lib/x86_64-linux-gnu/libatk-bridge-2.0.so.0.0.0
7fa38c0b4000-7fa38c2b3000 ---p 0002d000 08:01 670721                     /usr/lib/x86_64-linux-gnu/libatk-bridge-2.0.so.0.0.0
7fa38c2b3000-7fa38c2b4000 r--p 0002c000 08:01 670721                     /usr/lib/x86_64-linux-gnu/libatk-bridge-2.0.so.0.0.0
7fa38c2b4000-7fa38c2b6000 rw-p 0002d000 08:01 670721                     /usr/lib/x86_64-linux-gnu/libatk-bridge-2.0.so.0.0.0
7fa38c2b6000-7fa38c303000 r-xp 00000000 08:01 918153                     /lib/x86_64-linux-gnu/libdbus-1.so.3.14.15
7fa38c303000-7fa38c503000 ---p 0004d000 08:01 918153                     /lib/x86_64-linux-gnu/libdbus-1.so.3.14.15
7fa38c503000-7fa38c505000 r--p 0004d000 08:01 918153                     /lib/x86_64-linux-gnu/libdbus-1.so.3.14.15
7fa38c505000-7fa38c506000 rw-p 0004f000 08:01 918153                     /lib/x86_64-linux-gnu/libdbus-1.so.3.14.15
7fa38c506000-7fa38c533000 r-xp 00000000 08:01 670716                     /usr/lib/x86_64-linux-gnu/libatspi.so.0.0.1
7fa38c533000-7fa38c733000 ---p 0002d000 08:01 670716                     /usr/lib/x86_64-linux-gnu/libatspi.so.0.0.1
7fa38c733000-7fa38c736000 r--p 0002d000 08:01 670716                     /usr/lib/x86_64-linux-gnu/libatspi.so.0.0.1
7fa38c736000-7fa38c737000 rw-p 00030000 08:01 670716                     /usr/lib/x86_64-linux-gnu/libatspi.so.0.0.1
7fa38c737000-7fa38c738000 r-xp 00000000 08:01 673122                     /usr/lib/x86_64-linux-gnu/gtk-2.0/modules/libatk-bridge.so
7fa38c738000-7fa38c937000 ---p 00001000 08:01 673122                     /usr/lib/x86_64-linux-gnu/gtk-2.0/modules/libatk-bridge.so
7fa38c937000-7fa38c938000 r--p 00000000 08:01 673122                     /usr/lib/x86_64-linux-gnu/gtk-2.0/modules/libatk-bridge.so
7fa38c938000-7fa38c939000 rw-p 00001000 08:01 673122                     /usr/lib/x86_64-linux-gnu/gtk-2.0/modules/libatk-bridge.so
7fa38c939000-7fa38c940000 r-xp 00000000 08:01 685951                     /usr/lib/x86_64-linux-gnu/libgailutil.so.18.0.1
7fa38c940000-7fa38cb3f000 ---p 00007000 08:01 685951                     /usr/lib/x86_64-linux-gnu/libgailutil.so.18.0.1
7fa38cb3f000-7fa38cb40000 r--p 00006000 08:01 685951                     /usr/lib/x86_64-linux-gnu/libgailutil.so.18.0.1
7fa38cb40000-7fa38cb41000 rw-p 00007000 08:01 685951                     /usr/lib/x86_64-linux-gnu/libgailutil.so.18.0.1
7fa38cb41000-7fa38cb90000 r-xp 00000000 08:01 685954                     /usr/lib/x86_64-linux-gnu/gtk-2.0/modules/libgail.so
7fa38cb90000-7fa38cd8f000 ---p 0004f000 08:01 685954                     /usr/lib/x86_64-linux-gnu/gtk-2.0/modules/libgail.so
7fa38cd8f000-7fa38cd90000 r--p 0004e000 08:01 685954                     /usr/lib/x86_64-linux-gnu/gtk-2.0/modules/libgail.so
7fa38cd90000-7fa38cd92000 rw-p 0004f000 08:01 685954                     /usr/lib/x86_64-linux-gnu/gtk-2.0/modules/libgail.so
7fa38cd92000-7fa38cdbb000 r-xp 00000000 08:01 695456                     /usr/local/jdk1.8.0_111/jre/lib/amd64/libglass.so
7fa38cdbb000-7fa38cfba000 ---p 00029000 08:01 695456                     /usr/local/jdk1.8.0_111/jre/lib/amd64/libglass.so
7fa38cfba000-7fa38cfbd000 rw-p 00028000 08:01 695456                     /usr/local/jdk1.8.0_111/jre/lib/amd64/libglass.so
7fa38cfbd000-7fa38cfcc000 r-xp 00000000 08:01 695401                     /usr/local/jdk1.8.0_111/jre/lib/amd64/libprism_sw.so
7fa38cfcc000-7fa38d1cc000 ---p 0000f000 08:01 695401                     /usr/local/jdk1.8.0_111/jre/lib/amd64/libprism_sw.so
7fa38d1cc000-7fa38d1cd000 rw-p 0000f000 08:01 695401                     /usr/local/jdk1.8.0_111/jre/lib/amd64/libprism_sw.so
7fa38d1cd000-7fa38d205000 r-xp 00000000 08:01 690820                     /usr/lib/x86_64-linux-gnu/s2tc/libtxc_dxtn.so
7fa38d205000-7fa38d405000 ---p 00038000 08:01 690820                     /usr/lib/x86_64-linux-gnu/s2tc/libtxc_dxtn.so
7fa38d405000-7fa38d406000 r--p 00038000 08:01 690820                     /usr/lib/x86_64-linux-gnu/s2tc/libtxc_dxtn.so
7fa38d406000-7fa38d407000 rw-p 00039000 08:01 690820                     /usr/lib/x86_64-linux-gnu/s2tc/libtxc_dxtn.so
7fa38d407000-7fa38d429000 r-xp 00000000 08:01 917586                     /lib/x86_64-linux-gnu/libncurses.so.5.9
7fa38d429000-7fa38d628000 ---p 00022000 08:01 917586                     /lib/x86_64-linux-gnu/libncurses.so.5.9
7fa38d628000-7fa38d629000 r--p 00021000 08:01 917586                     /lib/x86_64-linux-gnu/libncurses.so.5.9
7fa38d629000-7fa38d62a000 rw-p 00022000 08:01 917586                     /lib/x86_64-linux-gnu/libncurses.so.5.9
7fa38d62a000-7fa38d650000 r-xp 00000000 08:01 917559                     /lib/x86_64-linux-gnu/libtinfo.so.5.9
7fa38d650000-7fa38d84f000 ---p 00026000 08:01 917559                     /lib/x86_64-linux-gnu/libtinfo.so.5.9
7fa38d84f000-7fa38d853000 r--p 00025000 08:01 917559                     /lib/x86_64-linux-gnu/libtinfo.so.5.9
7fa38d853000-7fa38d854000 rw-p 00029000 08:01 917559                     /lib/x86_64-linux-gnu/libtinfo.so.5.9
7fa38d854000-7fa38d885000 r-xp 00000000 08:01 664325                     /usr/lib/x86_64-linux-gnu/libedit.so.2.0.55
7fa38d885000-7fa38da85000 ---p 00031000 08:01 664325                     /usr/lib/x86_64-linux-gnu/libedit.so.2.0.55
7fa38da85000-7fa38da87000 r--p 00031000 08:01 664325                     /usr/lib/x86_64-linux-gnu/libedit.so.2.0.55
7fa38da87000-7fa38da88000 rw-p 00033000 08:01 664325                     /usr/lib/x86_64-linux-gnu/libedit.so.2.0.55
7fa38da88000-7fa38da8c000 rw-p 00000000 00:00 0 
7fa38da8c000-7fa38da9f000 r-xp 00000000 08:01 917556                     /lib/x86_64-linux-gnu/libgpg-error.so.0.21.0
7fa38da9f000-7fa38dc9e000 ---p 00013000 08:01 917556                     /lib/x86_64-linux-gnu/libgpg-error.so.0.21.0
7fa38dc9e000-7fa38dc9f000 r--p 00012000 08:01 917556                     /lib/x86_64-linux-gnu/libgpg-error.so.0.21.0
7fa38dc9f000-7fa38dca0000 rw-p 00013000 08:01 917556                     /lib/x86_64-linux-gnu/libgpg-error.so.0.21.0
7fa38dca0000-7fa390568000 r-xp 00000000 08:01 685958                     /usr/lib/x86_64-linux-gnu/libLLVM-3.9.so.1
7fa390568000-7fa390857000 r--p 028c7000 08:01 685958                     /usr/lib/x86_64-linux-gnu/libLLVM-3.9.so.1
7fa390857000-7fa39087c000 rw-p 02bb6000 08:01 685958                     /usr/lib/x86_64-linux-gnu/libLLVM-3.9.so.1
7fa39087c000-7fa3908c0000 rw-p 00000000 00:00 0 
7fa3908c0000-7fa3908d7000 r-xp 00000000 08:01 659984                     /usr/lib/x86_64-linux-gnu/libelf-0.168.so
7fa3908d7000-7fa390ad6000 ---p 00017000 08:01 659984                     /usr/lib/x86_64-linux-gnu/libelf-0.168.so
7fa390ad6000-7fa390ad7000 r--p 00016000 08:01 659984                     /usr/lib/x86_64-linux-gnu/libelf-0.168.so
7fa390ad7000-7fa390ad8000 rw-p 00017000 08:01 659984                     /usr/lib/x86_64-linux-gnu/libelf-0.168.so
7fa390ad8000-7fa390ae1000 r-xp 00000000 08:01 685769                     /usr/lib/x86_64-linux-gnu/libdrm_amdgpu.so.1.0.0
7fa390ae1000-7fa390ce0000 ---p 00009000 08:01 685769                     /usr/lib/x86_64-linux-gnu/libdrm_amdgpu.so.1.0.0
7fa390ce0000-7fa390ce1000 r--p 00008000 08:01 685769                     /usr/lib/x86_64-linux-gnu/libdrm_amdgpu.so.1.0.0
7fa390ce1000-7fa390ce2000 rw-p 00009000 08:01 685769                     /usr/lib/x86_64-linux-gnu/libdrm_amdgpu.so.1.0.0
7fa390ce2000-7fa390ced000 r-xp 00000000 08:01 685774                     /usr/lib/x86_64-linux-gnu/libdrm_radeon.so.1.0.1
7fa390ced000-7fa390eec000 ---p 0000b000 08:01 685774                     /usr/lib/x86_64-linux-gnu/libdrm_radeon.so.1.0.1
7fa390eec000-7fa390eed000 r--p 0000a000 08:01 685774                     /usr/lib/x86_64-linux-gnu/libdrm_radeon.so.1.0.1
7fa390eed000-7fa390eee000 rw-p 0000b000 08:01 685774                     /usr/lib/x86_64-linux-gnu/libdrm_radeon.so.1.0.1
7fa390eee000-7fa390ef5000 r-xp 00000000 08:01 685771                     /usr/lib/x86_64-linux-gnu/libdrm_nouveau.so.2.0.0
7fa390ef5000-7fa3910f4000 ---p 00007000 08:01 685771                     /usr/lib/x86_64-linux-gnu/libdrm_nouveau.so.2.0.0
7fa3910f4000-7fa3910f5000 r--p 00006000 08:01 685771                     /usr/lib/x86_64-linux-gnu/libdrm_nouveau.so.2.0.0
7fa3910f5000-7fa3910f6000 rw-p 00007000 08:01 685771                     /usr/lib/x86_64-linux-gnu/libdrm_nouveau.so.2.0.0
7fa3910f6000-7fa391104000 r-xp 00000000 08:01 685965                     /usr/lib/x86_64-linux-gnu/libsensors.so.4.4.0
7fa391104000-7fa391303000 ---p 0000e000 08:01 685965                     /usr/lib/x86_64-linux-gnu/libsensors.so.4.4.0
7fa391303000-7fa391304000 r--p 0000d000 08:01 685965                     /usr/lib/x86_64-linux-gnu/libsensors.so.4.4.0
7fa391304000-7fa391305000 rw-p 0000e000 08:01 685965                     /usr/lib/x86_64-linux-gnu/libsensors.so.4.4.0
7fa391305000-7fa39140c000 r-xp 00000000 08:01 917619                     /lib/x86_64-linux-gnu/libgcrypt.so.20.1.6
7fa39140c000-7fa39160c000 ---p 00107000 08:01 917619                     /lib/x86_64-linux-gnu/libgcrypt.so.20.1.6
7fa39160c000-7fa39160e000 r--p 00107000 08:01 917619                     /lib/x86_64-linux-gnu/libgcrypt.so.20.1.6
7fa39160e000-7fa391615000 rw-p 00109000 08:01 917619                     /lib/x86_64-linux-gnu/libgcrypt.so.20.1.6
7fa391615000-7fa391f51000 r-xp 00000000 08:01 685974                     /usr/lib/x86_64-linux-gnu/dri/swrast_dri.so
7fa391f51000-7fa392150000 ---p 0093c000 08:01 685974                     /usr/lib/x86_64-linux-gnu/dri/swrast_dri.so
7fa392150000-7fa39218b000 r--p 0093b000 08:01 685974                     /usr/lib/x86_64-linux-gnu/dri/swrast_dri.so
7fa39218b000-7fa392197000 rw-p 00976000 08:01 685974                     /usr/lib/x86_64-linux-gnu/dri/swrast_dri.so
7fa392197000-7fa39238e000 rw-p 00000000 00:00 0 
7fa39238e000-7fa3923a1000 r-xp 00000000 08:01 918030                     /lib/x86_64-linux-gnu/libbsd.so.0.8.3
7fa3923a1000-7fa3925a1000 ---p 00013000 08:01 918030                     /lib/x86_64-linux-gnu/libbsd.so.0.8.3
7fa3925a1000-7fa3925a2000 r--p 00013000 08:01 918030                     /lib/x86_64-linux-gnu/libbsd.so.0.8.3
7fa3925a2000-7fa3925a3000 rw-p 00014000 08:01 918030                     /lib/x86_64-linux-gnu/libbsd.so.0.8.3
7fa3925a3000-7fa3925a4000 rw-p 00000000 00:00 0 
7fa3925a4000-7fa3925a8000 r-xp 00000000 08:01 917609                     /lib/x86_64-linux-gnu/libuuid.so.1.3.0
7fa3925a8000-7fa3927a7000 ---p 00004000 08:01 917609                     /lib/x86_64-linux-gnu/libuuid.so.1.3.0
7fa3927a7000-7fa3927a8000 r--p 00003000 08:01 917609                     /lib/x86_64-linux-gnu/libuuid.so.1.3.0
7fa3927a8000-7fa3927a9000 rw-p 00004000 08:01 917609                     /lib/x86_64-linux-gnu/libuuid.so.1.3.0
7fa3927a9000-7fa3927b0000 r-xp 00000000 08:01 668650                     /usr/lib/x86_64-linux-gnu/libdatrie.so.1.3.3
7fa3927b0000-7fa3929af000 ---p 00007000 08:01 668650                     /usr/lib/x86_64-linux-gnu/libdatrie.so.1.3.3
7fa3929af000-7fa3929b0000 r--p 00006000 08:01 668650                     /usr/lib/x86_64-linux-gnu/libdatrie.so.1.3.3
7fa3929b0000-7fa3929b1000 rw-p 00007000 08:01 668650                     /usr/lib/x86_64-linux-gnu/libdatrie.so.1.3.3
7fa3929b1000-7fa3929b6000 r-xp 00000000 08:01 666430                     /usr/lib/x86_64-linux-gnu/libXdmcp.so.6.0.0
7fa3929b6000-7fa392bb5000 ---p 00005000 08:01 666430                     /usr/lib/x86_64-linux-gnu/libXdmcp.so.6.0.0
7fa392bb5000-7fa392bb6000 r--p 00004000 08:01 666430                     /usr/lib/x86_64-linux-gnu/libXdmcp.so.6.0.0
7fa392bb6000-7fa392bb7000 rw-p 00005000 08:01 666430                     /usr/lib/x86_64-linux-gnu/libXdmcp.so.6.0.0
7fa392bb7000-7fa392bba000 r-xp 00000000 08:01 663492                     /usr/lib/x86_64-linux-gnu/libXau.so.6.0.0
7fa392bba000-7fa392db9000 ---p 00003000 08:01 663492                     /usr/lib/x86_64-linux-gnu/libXau.so.6.0.0
7fa392db9000-7fa392dba000 r--p 00002000 08:01 663492                     /usr/lib/x86_64-linux-gnu/libXau.so.6.0.0
7fa392dba000-7fa392dbb000 rw-p 00003000 08:01 663492                     /usr/lib/x86_64-linux-gnu/libXau.so.6.0.0
7fa392dbb000-7fa392de6000 r-xp 00000000 08:01 668656                     /usr/lib/x86_64-linux-gnu/libgraphite2.so.3.0.1
7fa392de6000-7fa392fe5000 ---p 0002b000 08:01 668656                     /usr/lib/x86_64-linux-gnu/libgraphite2.so.3.0.1
7fa392fe5000-7fa392fe7000 r--p 0002a000 08:01 668656                     /usr/lib/x86_64-linux-gnu/libgraphite2.so.3.0.1
7fa392fe7000-7fa392fe8000 rw-p 0002c000 08:01 668656                     /usr/lib/x86_64-linux-gnu/libgraphite2.so.3.0.1
7fa392fe8000-7fa393029000 r-xp 00000000 08:01 917603                     /lib/x86_64-linux-gnu/libblkid.so.1.1.0
7fa393029000-7fa393228000 ---p 00041000 08:01 917603                     /lib/x86_64-linux-gnu/libblkid.so.1.1.0
7fa393228000-7fa39322c000 r--p 00040000 08:01 917603                     /lib/x86_64-linux-gnu/libblkid.so.1.1.0
7fa39322c000-7fa39322d000 rw-p 00044000 08:01 917603                     /lib/x86_64-linux-gnu/libblkid.so.1.1.0
7fa39322d000-7fa39322e000 rw-p 00000000 00:00 0 
7fa39322e000-7fa39323c000 r-xp 00000000 08:01 669796                     /usr/lib/x86_64-linux-gnu/libdrm.so.2.4.0
7fa39323c000-7fa39343c000 ---p 0000e000 08:01 669796                     /usr/lib/x86_64-linux-gnu/libdrm.so.2.4.0
7fa39343c000-7fa39343d000 r--p 0000e000 08:01 669796                     /usr/lib/x86_64-linux-gnu/libdrm.so.2.4.0
7fa39343d000-7fa39343e000 rw-p 0000f000 08:01 669796                     /usr/lib/x86_64-linux-gnu/libdrm.so.2.4.0
7fa39343e000-7fa393442000 r-xp 00000000 08:01 669822                     /usr/lib/x86_64-linux-gnu/libxcb-dri2.so.0.0.0
7fa393442000-7fa393641000 ---p 00004000 08:01 669822                     /usr/lib/x86_64-linux-gnu/libxcb-dri2.so.0.0.0
7fa393641000-7fa393642000 r--p 00003000 08:01 669822                     /usr/lib/x86_64-linux-gnu/libxcb-dri2.so.0.0.0
7fa393642000-7fa393643000 rw-p 00004000 08:01 669822                     /usr/lib/x86_64-linux-gnu/libxcb-dri2.so.0.0.0
7fa393643000-7fa39365b000 r-xp 00000000 08:01 669879                     /usr/lib/x86_64-linux-gnu/libxcb-glx.so.0.0.0
7fa39365b000-7fa39385b000 ---p 00018000 08:01 669879                     /usr/lib/x86_64-linux-gnu/libxcb-glx.so.0.0.0
7fa39385b000-7fa39385d000 r--p 00018000 08:01 669879                     /usr/lib/x86_64-linux-gnu/libxcb-glx.so.0.0.0
7fa39385d000-7fa39385e000 rw-p 0001a000 08:01 669879                     /usr/lib/x86_64-linux-gnu/libxcb-glx.so.0.0.0
7fa39385e000-7fa39385f000 r-xp 00000000 08:01 669179                     /usr/lib/x86_64-linux-gnu/libX11-xcb.so.1.0.0
7fa39385f000-7fa393a5e000 ---p 00001000 08:01 669179                     /usr/lib/x86_64-linux-gnu/libX11-xcb.so.1.0.0
7fa393a5e000-7fa393a5f000 r--p 00000000 08:01 669179                     /usr/lib/x86_64-linux-gnu/libX11-xcb.so.1.0.0
7fa393a5f000-7fa393a60000 rw-p 00001000 08:01 669179                     /usr/lib/x86_64-linux-gnu/libX11-xcb.so.1.0.0
7fa393a60000-7fa393a8a000 r-xp 00000000 08:01 669869                     /usr/lib/x86_64-linux-gnu/libglapi.so.0.0.0
7fa393a8a000-7fa393c89000 ---p 0002a000 08:01 669869                     /usr/lib/x86_64-linux-gnu/libglapi.so.0.0.0
7fa393c89000-7fa393c8d000 r--p 00029000 08:01 669869                     /usr/lib/x86_64-linux-gnu/libglapi.so.0.0.0
7fa393c8d000-7fa393c8e000 rw-p 0002d000 08:01 669869                     /usr/lib/x86_64-linux-gnu/libglapi.so.0.0.0
7fa393c8e000-7fa393c8f000 rw-p 00000000 00:00 0 
7fa393c8f000-7fa393c90000 r-xp 00000000 08:01 669852                     /usr/lib/x86_64-linux-gnu/libxshmfence.so.1.0.0
7fa393c90000-7fa393e8f000 ---p 00001000 08:01 669852                     /usr/lib/x86_64-linux-gnu/libxshmfence.so.1.0.0
7fa393e8f000-7fa393e90000 r--p 00000000 08:01 669852                     /usr/lib/x86_64-linux-gnu/libxshmfence.so.1.0.0
7fa393e90000-7fa393e91000 rw-p 00001000 08:01 669852                     /usr/lib/x86_64-linux-gnu/libxshmfence.so.1.0.0
7fa393e91000-7fa393e97000 r-xp 00000000 08:01 669840                     /usr/lib/x86_64-linux-gnu/libxcb-sync.so.1.0.0
7fa393e97000-7fa394096000 ---p 00006000 08:01 669840                     /usr/lib/x86_64-linux-gnu/libxcb-sync.so.1.0.0
7fa394096000-7fa394097000 r--p 00005000 08:01 669840                     /usr/lib/x86_64-linux-gnu/libxcb-sync.so.1.0.0
7fa394097000-7fa394098000 rw-p 00006000 08:01 669840                     /usr/lib/x86_64-linux-gnu/libxcb-sync.so.1.0.0
7fa394098000-7fa39409a000 r-xp 00000000 08:01 669834                     /usr/lib/x86_64-linux-gnu/libxcb-present.so.0.0.0
7fa39409a000-7fa394299000 ---p 00002000 08:01 669834                     /usr/lib/x86_64-linux-gnu/libxcb-present.so.0.0.0
7fa394299000-7fa39429a000 r--p 00001000 08:01 669834                     /usr/lib/x86_64-linux-gnu/libxcb-present.so.0.0.0
7fa39429a000-7fa39429b000 rw-p 00002000 08:01 669834                     /usr/lib/x86_64-linux-gnu/libxcb-present.so.0.0.0
7fa39429b000-7fa39429d000 r-xp 00000000 08:01 669828                     /usr/lib/x86_64-linux-gnu/libxcb-dri3.so.0.0.0
7fa39429d000-7fa39449c000 ---p 00002000 08:01 669828                     /usr/lib/x86_64-linux-gnu/libxcb-dri3.so.0.0.0
7fa39449c000-7fa39449d000 r--p 00001000 08:01 669828                     /usr/lib/x86_64-linux-gnu/libxcb-dri3.so.0.0.0
7fa39449d000-7fa39449e000 rw-p 00002000 08:01 669828                     /usr/lib/x86_64-linux-gnu/libxcb-dri3.so.0.0.0
7fa39449e000-7fa394510000 r-xp 00000000 08:01 917541                     /lib/x86_64-linux-gnu/libpcre.so.3.13.3
7fa394510000-7fa39470f000 ---p 00072000 08:01 917541                     /lib/x86_64-linux-gnu/libpcre.so.3.13.3
7fa39470f000-7fa394710000 r--p 00071000 08:01 917541                     /lib/x86_64-linux-gnu/libpcre.so.3.13.3
7fa394710000-7fa394711000 rw-p 00072000 08:01 917541                     /lib/x86_64-linux-gnu/libpcre.so.3.13.3
7fa394711000-7fa394718000 r-xp 00000000 08:01 659846                     /usr/lib/x86_64-linux-gnu/libffi.so.6.0.4
7fa394718000-7fa394918000 ---p 00007000 08:01 659846                     /usr/lib/x86_64-linux-gnu/libffi.so.6.0.4
7fa394918000-7fa394919000 r--p 00007000 08:01 659846                     /usr/lib/x86_64-linux-gnu/libffi.so.6.0.4
7fa394919000-7fa39491a000 rw-p 00008000 08:01 659846                     /usr/lib/x86_64-linux-gnu/libffi.so.6.0.4
7fa39491a000-7fa394941000 r-xp 00000000 08:01 917507                     /lib/x86_64-linux-gnu/libexpat.so.1.6.2
7fa394941000-7fa394b41000 ---p 00027000 08:01 917507                     /lib/x86_64-linux-gnu/libexpat.so.1.6.2
7fa394b41000-7fa394b43000 r--p 00027000 08:01 917507                     /lib/x86_64-linux-gnu/libexpat.so.1.6.2
7fa394b43000-7fa394b44000 rw-p 00029000 08:01 917507                     /lib/x86_64-linux-gnu/libexpat.so.1.6.2
7fa394b44000-7fa394b4c000 r-xp 00000000 08:01 668652                     /usr/lib/x86_64-linux-gnu/libthai.so.0.3.0
7fa394b4c000-7fa394d4c000 ---p 00008000 08:01 668652                     /usr/lib/x86_64-linux-gnu/libthai.so.0.3.0
7fa394d4c000-7fa394d4d000 r--p 00008000 08:01 668652                     /usr/lib/x86_64-linux-gnu/libthai.so.0.3.0
7fa394d4d000-7fa394d4e000 rw-p 00009000 08:01 668652                     /usr/lib/x86_64-linux-gnu/libthai.so.0.3.0
7fa394d4e000-7fa394d5a000 r-xp 00000000 08:01 668624                     /usr/lib/x86_64-linux-gnu/libxcb-render.so.0.0.0
7fa394d5a000-7fa394f5a000 ---p 0000c000 08:01 668624                     /usr/lib/x86_64-linux-gnu/libxcb-render.so.0.0.0
7fa394f5a000-7fa394f5b000 r--p 0000c000 08:01 668624                     /usr/lib/x86_64-linux-gnu/libxcb-render.so.0.0.0
7fa394f5b000-7fa394f5c000 rw-p 0000d000 08:01 668624                     /usr/lib/x86_64-linux-gnu/libxcb-render.so.0.0.0
7fa394f5c000-7fa394f83000 r-xp 00000000 08:01 666432                     /usr/lib/x86_64-linux-gnu/libxcb.so.1.1.0
7fa394f83000-7fa395182000 ---p 00027000 08:01 666432                     /usr/lib/x86_64-linux-gnu/libxcb.so.1.1.0
7fa395182000-7fa395183000 r--p 00026000 08:01 666432                     /usr/lib/x86_64-linux-gnu/libxcb.so.1.1.0
7fa395183000-7fa395184000 rw-p 00027000 08:01 666432                     /usr/lib/x86_64-linux-gnu/libxcb.so.1.1.0
7fa395184000-7fa395186000 r-xp 00000000 08:01 668626                     /usr/lib/x86_64-linux-gnu/libxcb-shm.so.0.0.0
7fa395186000-7fa395386000 ---p 00002000 08:01 668626                     /usr/lib/x86_64-linux-gnu/libxcb-shm.so.0.0.0
7fa395386000-7fa395387000 r--p 00002000 08:01 668626                     /usr/lib/x86_64-linux-gnu/libxcb-shm.so.0.0.0
7fa395387000-7fa395388000 rw-p 00003000 08:01 668626                     /usr/lib/x86_64-linux-gnu/libxcb-shm.so.0.0.0
7fa395388000-7fa395426000 r-xp 00000000 08:01 668621                     /usr/lib/x86_64-linux-gnu/libpixman-1.so.0.34.0
7fa395426000-7fa395626000 ---p 0009e000 08:01 668621                     /usr/lib/x86_64-linux-gnu/libpixman-1.so.0.34.0
7fa395626000-7fa39562e000 r--p 0009e000 08:01 668621                     /usr/lib/x86_64-linux-gnu/libpixman-1.so.0.34.0
7fa39562e000-7fa39562f000 rw-p 000a6000 08:01 668621                     /usr/lib/x86_64-linux-gnu/libpixman-1.so.0.34.0
7fa39562f000-7fa395660000 r-xp 00000000 08:01 661657                     /usr/lib/x86_64-linux-gnu/libpng16.so.16.28.0
7fa395660000-7fa395860000 ---p 00031000 08:01 661657                     /usr/lib/x86_64-linux-gnu/libpng16.so.16.28.0
7fa395860000-7fa395861000 r--p 00031000 08:01 661657                     /usr/lib/x86_64-linux-gnu/libpng16.so.16.28.0
7fa395861000-7fa395862000 rw-p 00032000 08:01 661657                     /usr/lib/x86_64-linux-gnu/libpng16.so.16.28.0
7fa395862000-7fa3958f5000 r-xp 00000000 08:01 668660                     /usr/lib/x86_64-linux-gnu/libharfbuzz.so.0.10400.2
7fa3958f5000-7fa395af4000 ---p 00093000 08:01 668660                     /usr/lib/x86_64-linux-gnu/libharfbuzz.so.0.10400.2
7fa395af4000-7fa395af6000 r--p 00092000 08:01 668660                     /usr/lib/x86_64-linux-gnu/libharfbuzz.so.0.10400.2
7fa395af6000-7fa395af7000 rw-p 00094000 08:01 668660                     /usr/lib/x86_64-linux-gnu/libharfbuzz.so.0.10400.2
7fa395af7000-7fa395b41000 r-xp 00000000 08:01 917672                     /lib/x86_64-linux-gnu/libmount.so.1.1.0
7fa395b41000-7fa395d41000 ---p 0004a000 08:01 917672                     /lib/x86_64-linux-gnu/libmount.so.1.1.0
7fa395d41000-7fa395d42000 r--p 0004a000 08:01 917672                     /lib/x86_64-linux-gnu/libmount.so.1.1.0
7fa395d42000-7fa395d43000 rw-p 0004b000 08:01 917672                     /lib/x86_64-linux-gnu/libmount.so.1.1.0
7fa395d43000-7fa395d45000 rw-p 00000000 00:00 0 
7fa395d45000-7fa395d59000 r-xp 00000000 08:01 921411                     /lib/x86_64-linux-gnu/libresolv-2.24.so
7fa395d59000-7fa395f58000 ---p 00014000 08:01 921411                     /lib/x86_64-linux-gnu/libresolv-2.24.so
7fa395f58000-7fa395f59000 r--p 00013000 08:01 921411                     /lib/x86_64-linux-gnu/libresolv-2.24.so
7fa395f59000-7fa395f5a000 rw-p 00014000 08:01 921411                     /lib/x86_64-linux-gnu/libresolv-2.24.so
7fa395f5a000-7fa395f5c000 rw-p 00000000 00:00 0 
7fa395f5c000-7fa395f81000 r-xp 00000000 08:01 917585                     /lib/x86_64-linux-gnu/libselinux.so.1
7fa395f81000-7fa396180000 ---p 00025000 08:01 917585                     /lib/x86_64-linux-gnu/libselinux.so.1
7fa396180000-7fa396181000 r--p 00024000 08:01 917585                     /lib/x86_64-linux-gnu/libselinux.so.1
7fa396181000-7fa396182000 rw-p 00025000 08:01 917585                     /lib/x86_64-linux-gnu/libselinux.so.1
7fa396182000-7fa396184000 rw-p 00000000 00:00 0 
7fa396184000-7fa39619d000 r-xp 00000000 08:01 917596                     /lib/x86_64-linux-gnu/libz.so.1.2.8
7fa39619d000-7fa39639c000 ---p 00019000 08:01 917596                     /lib/x86_64-linux-gnu/libz.so.1.2.8
7fa39639c000-7fa39639d000 r--p 00018000 08:01 917596                     /lib/x86_64-linux-gnu/libz.so.1.2.8
7fa39639d000-7fa39639e000 rw-p 00019000 08:01 917596                     /lib/x86_64-linux-gnu/libz.so.1.2.8
7fa39639e000-7fa3963af000 r-xp 00000000 08:01 666439                     /usr/lib/x86_64-linux-gnu/libXext.so.6.4.0
7fa3963af000-7fa3965ae000 ---p 00011000 08:01 666439                     /usr/lib/x86_64-linux-gnu/libXext.so.6.4.0
7fa3965ae000-7fa3965af000 r--p 00010000 08:01 666439                     /usr/lib/x86_64-linux-gnu/libXext.so.6.4.0
7fa3965af000-7fa3965b0000 rw-p 00011000 08:01 666439                     /usr/lib/x86_64-linux-gnu/libXext.so.6.4.0
7fa3965b0000-7fa3965ba000 r-xp 00000000 08:01 669140                     /usr/lib/x86_64-linux-gnu/libXcursor.so.1.0.2
7fa3965ba000-7fa3967b9000 ---p 0000a000 08:01 669140                     /usr/lib/x86_64-linux-gnu/libXcursor.so.1.0.2
7fa3967b9000-7fa3967ba000 r--p 00009000 08:01 669140                     /usr/lib/x86_64-linux-gnu/libXcursor.so.1.0.2
7fa3967ba000-7fa3967bb000 rw-p 0000a000 08:01 669140                     /usr/lib/x86_64-linux-gnu/libXcursor.so.1.0.2
7fa3967bb000-7fa3967c5000 r-xp 00000000 08:01 668380                     /usr/lib/x86_64-linux-gnu/libXrandr.so.2.2.0
7fa3967c5000-7fa3969c4000 ---p 0000a000 08:01 668380                     /usr/lib/x86_64-linux-gnu/libXrandr.so.2.2.0
7fa3969c4000-7fa3969c5000 r--p 00009000 08:01 668380                     /usr/lib/x86_64-linux-gnu/libXrandr.so.2.2.0
7fa3969c5000-7fa3969c6000 rw-p 0000a000 08:01 668380                     /usr/lib/x86_64-linux-gnu/libXrandr.so.2.2.0
7fa3969c6000-7fa3969d5000 r-xp 00000000 08:01 669144                     /usr/lib/x86_64-linux-gnu/libXi.so.6.1.0
7fa3969d5000-7fa396bd4000 ---p 0000f000 08:01 669144                     /usr/lib/x86_64-linux-gnu/libXi.so.6.1.0
7fa396bd4000-7fa396bd5000 r--p 0000e000 08:01 669144                     /usr/lib/x86_64-linux-gnu/libXi.so.6.1.0
7fa396bd5000-7fa396bd6000 rw-p 0000f000 08:01 669144                     /usr/lib/x86_64-linux-gnu/libXi.so.6.1.0
7fa396bd6000-7fa396bd8000 r-xp 00000000 08:01 668367                     /usr/lib/x86_64-linux-gnu/libXinerama.so.1.0.0
7fa396bd8000-7fa396dd7000 ---p 00002000 08:01 668367                     /usr/lib/x86_64-linux-gnu/libXinerama.so.1.0.0
7fa396dd7000-7fa396dd8000 r--p 00001000 08:01 668367                     /usr/lib/x86_64-linux-gnu/libXinerama.so.1.0.0
7fa396dd8000-7fa396dd9000 rw-p 00002000 08:01 668367                     /usr/lib/x86_64-linux-gnu/libXinerama.so.1.0.0
7fa396dd9000-7fa396de2000 r-xp 00000000 08:01 668374                     /usr/lib/x86_64-linux-gnu/libXrender.so.1.3.0
7fa396de2000-7fa396fe1000 ---p 00009000 08:01 668374                     /usr/lib/x86_64-linux-gnu/libXrender.so.1.3.0
7fa396fe1000-7fa396fe2000 r--p 00008000 08:01 668374                     /usr/lib/x86_64-linux-gnu/libXrender.so.1.3.0
7fa396fe2000-7fa396fe3000 rw-p 00009000 08:01 668374                     /usr/lib/x86_64-linux-gnu/libXrender.so.1.3.0
7fa396fe3000-7fa396fe8000 r-xp 00000000 08:01 669138                     /usr/lib/x86_64-linux-gnu/libXfixes.so.3.1.0
7fa396fe8000-7fa3971e7000 ---p 00005000 08:01 669138                     /usr/lib/x86_64-linux-gnu/libXfixes.so.3.1.0
7fa3971e7000-7fa3971e8000 r--p 00004000 08:01 669138                     /usr/lib/x86_64-linux-gnu/libXfixes.so.3.1.0
7fa3971e8000-7fa3971e9000 rw-p 00005000 08:01 669138                     /usr/lib/x86_64-linux-gnu/libXfixes.so.3.1.0
7fa3971e9000-7fa3971eb000 r-xp 00000000 08:01 669142                     /usr/lib/x86_64-linux-gnu/libXdamage.so.1.1.0
7fa3971eb000-7fa3973ea000 ---p 00002000 08:01 669142                     /usr/lib/x86_64-linux-gnu/libXdamage.so.1.1.0
7fa3973ea000-7fa3973eb000 r--p 00001000 08:01 669142                     /usr/lib/x86_64-linux-gnu/libXdamage.so.1.1.0
7fa3973eb000-7fa3973ec000 rw-p 00002000 08:01 669142                     /usr/lib/x86_64-linux-gnu/libXdamage.so.1.1.0
7fa3973ec000-7fa3973ee000 r-xp 00000000 08:01 669136                     /usr/lib/x86_64-linux-gnu/libXcomposite.so.1.0.0
7fa3973ee000-7fa3975ed000 ---p 00002000 08:01 669136                     /usr/lib/x86_64-linux-gnu/libXcomposite.so.1.0.0
7fa3975ed000-7fa3975ee000 r--p 00001000 08:01 669136                     /usr/lib/x86_64-linux-gnu/libXcomposite.so.1.0.0
7fa3975ee000-7fa3975ef000 rw-p 00002000 08:01 669136                     /usr/lib/x86_64-linux-gnu/libXcomposite.so.1.0.0
7fa3975ef000-7fa397605000 r-xp 00000000 08:01 917611                     /lib/x86_64-linux-gnu/libgcc_s.so.1
7fa397605000-7fa397804000 ---p 00016000 08:01 917611                     /lib/x86_64-linux-gnu/libgcc_s.so.1
7fa397804000-7fa397805000 r--p 00015000 08:01 917611                     /lib/x86_64-linux-gnu/libgcc_s.so.1
7fa397805000-7fa397806000 rw-p 00016000 08:01 917611                     /lib/x86_64-linux-gnu/libgcc_s.so.1
7fa397806000-7fa397978000 r-xp 00000000 08:01 655369                     /usr/lib/x86_64-linux-gnu/libstdc++.so.6.0.22
7fa397978000-7fa397b78000 ---p 00172000 08:01 655369                     /usr/lib/x86_64-linux-gnu/libstdc++.so.6.0.22
7fa397b78000-7fa397b82000 r--p 00172000 08:01 655369                     /usr/lib/x86_64-linux-gnu/libstdc++.so.6.0.22
7fa397b82000-7fa397b84000 rw-p 0017c000 08:01 655369                     /usr/lib/x86_64-linux-gnu/libstdc++.so.6.0.22
7fa397b84000-7fa397b88000 rw-p 00000000 00:00 0 
7fa397b88000-7fa397bf6000 r-xp 00000000 08:01 669885                     /usr/lib/x86_64-linux-gnu/libGL.so.1.2.0
7fa397bf6000-7fa397df5000 ---p 0006e000 08:01 669885                     /usr/lib/x86_64-linux-gnu/libGL.so.1.2.0
7fa397df5000-7fa397df8000 r--p 0006d000 08:01 669885                     /usr/lib/x86_64-linux-gnu/libGL.so.1.2.0
7fa397df8000-7fa397df9000 rw-p 00070000 08:01 669885                     /usr/lib/x86_64-linux-gnu/libGL.so.1.2.0
7fa397df9000-7fa397dfa000 rw-p 00000000 00:00 0 
7fa397dfa000-7fa397dff000 r-xp 00000000 08:01 668388                     /usr/lib/x86_64-linux-gnu/libXxf86vm.so.1.0.0
7fa397dff000-7fa397ffe000 ---p 00005000 08:01 668388                     /usr/lib/x86_64-linux-gnu/libXxf86vm.so.1.0.0
7fa397ffe000-7fa397fff000 r--p 00004000 08:01 668388                     /usr/lib/x86_64-linux-gnu/libXxf86vm.so.1.0.0
7fa397fff000-7fa398000000 rw-p 00005000 08:01 668388                     /usr/lib/x86_64-linux-gnu/libXxf86vm.so.1.0.0
7fa398000000-7fa39830f000 rw-p 00000000 00:00 0 
7fa39830f000-7fa39c000000 ---p 00000000 00:00 0 
7fa39c000000-7fa39c243000 rw-p 00000000 00:00 0 
7fa39c243000-7fa3a0000000 ---p 00000000 00:00 0 
7fa3a0000000-7fa3a0021000 rw-p 00000000 00:00 0 
7fa3a0021000-7fa3a4000000 ---p 00000000 00:00 0 
7fa3a4000000-7fa3a4560000 rw-p 00000000 00:00 0 
7fa3a4560000-7fa3a8000000 ---p 00000000 00:00 0 
7fa3a8000000-7fa3a8021000 rw-p 00000000 00:00 0 
7fa3a8021000-7fa3ac000000 ---p 00000000 00:00 0 
7fa3ac000000-7fa3ac021000 rw-p 00000000 00:00 0 
7fa3ac021000-7fa3b0000000 ---p 00000000 00:00 0 
7fa3b0000000-7fa3b0021000 rw-p 00000000 00:00 0 
7fa3b0021000-7fa3b4000000 ---p 00000000 00:00 0 
7fa3b400b000-7fa3b4059000 r--p 00000000 08:01 695263                     /usr/local/jdk1.8.0_111/jre/lib/fonts/LucidaSansDemiBold.ttf
7fa3b4059000-7fa3b4093000 r--p 00000000 08:01 695232                     /usr/local/jdk1.8.0_111/jre/lib/fonts/LucidaTypewriterBold.ttf
7fa3b4093000-7fa3b4098000 r--s 00084000 08:01 695499                     /usr/local/jdk1.8.0_111/jre/lib/jfr.jar
7fa3b4098000-7fa3b4099000 r--s 00000000 08:01 428320                     /var/cache/fontconfig/087e1975ba9a574b140bb1df193bf770-le64.cache-4
7fa3b4099000-7fa3b40a4000 r--s 00000000 08:01 428319                     /var/cache/fontconfig/945677eb7aeaf62f1d50efc3fb3ec7d8-le64.cache-4
7fa3b40a4000-7fa3b40a8000 r--s 00000000 08:01 435232                     /var/cache/fontconfig/de156ccd2eddbdc19d37a45b8b2aac9c-le64.cache-4
7fa3b40a8000-7fa3b40aa000 r--s 00000000 08:01 397149                     /var/cache/fontconfig/4794a0821666d79190d59a36cb4f44b5-le64.cache-4
7fa3b40aa000-7fa3b40ab000 r--s 00000000 08:01 428318                     /var/cache/fontconfig/0bd3dc0958fa2205aaaa8ebb13e2872b-le64.cache-4
7fa3b40ab000-7fa3b40b1000 r--s 00000000 08:01 397944                     /var/cache/fontconfig/3047814df9a2f067bd2d96a2b9c36e5a-le64.cache-4
7fa3b40b1000-7fa3b40b9000 r--s 00000000 08:01 397937                     /var/cache/fontconfig/bf3b770c553c462765856025a94f1ce6-le64.cache-4
7fa3b40b9000-7fa3b40bc000 r--s 00000000 08:01 428317                     /var/cache/fontconfig/e49e89034d371f0f9de17aab02136486-le64.cache-4
7fa3b40bc000-7fa3b40cf000 r--s 00000000 08:01 428315                     /var/cache/fontconfig/d52a8644073d54c13679302ca1180695-le64.cache-4
7fa3b40cf000-7fa3b4153000 r-xp 00000000 08:01 922740                     /lib/x86_64-linux-gnu/libsystemd.so.0.17.0
7fa3b4153000-7fa3b4154000 ---p 00084000 08:01 922740                     /lib/x86_64-linux-gnu/libsystemd.so.0.17.0
7fa3b4154000-7fa3b4157000 r--p 00084000 08:01 922740                     /lib/x86_64-linux-gnu/libsystemd.so.0.17.0
7fa3b4157000-7fa3b4158000 rw-p 00087000 08:01 922740                     /lib/x86_64-linux-gnu/libsystemd.so.0.17.0
7fa3b4158000-7fa3b4159000 rw-p 00000000 00:00 0 
7fa3b4159000-7fa3b4184000 r--p 00000000 08:01 668988                     /usr/share/locale/fr/LC_MESSAGES/gtk20-properties.mo
7fa3b4184000-7fa3b42be000 r-xp 00000000 08:01 666436                     /usr/lib/x86_64-linux-gnu/libX11.so.6.3.0
7fa3b42be000-7fa3b44be000 ---p 0013a000 08:01 666436                     /usr/lib/x86_64-linux-gnu/libX11.so.6.3.0
7fa3b44be000-7fa3b44bf000 r--p 0013a000 08:01 666436                     /usr/lib/x86_64-linux-gnu/libX11.so.6.3.0
7fa3b44bf000-7fa3b44c4000 rw-p 0013b000 08:01 666436                     /usr/lib/x86_64-linux-gnu/libX11.so.6.3.0
7fa3b44c4000-7fa3b44c9000 r-xp 00000000 08:01 670989                     /usr/lib/x86_64-linux-gnu/libXtst.so.6.1.0
7fa3b44c9000-7fa3b46c8000 ---p 00005000 08:01 670989                     /usr/lib/x86_64-linux-gnu/libXtst.so.6.1.0
7fa3b46c8000-7fa3b46c9000 r--p 00004000 08:01 670989                     /usr/lib/x86_64-linux-gnu/libXtst.so.6.1.0
7fa3b46c9000-7fa3b46ca000 rw-p 00005000 08:01 670989                     /usr/lib/x86_64-linux-gnu/libXtst.so.6.1.0
7fa3b46ca000-7fa3b47dc000 r-xp 00000000 08:01 919946                     /lib/x86_64-linux-gnu/libglib-2.0.so.0.5000.3
7fa3b47dc000-7fa3b49db000 ---p 00112000 08:01 919946                     /lib/x86_64-linux-gnu/libglib-2.0.so.0.5000.3
7fa3b49db000-7fa3b49dc000 r--p 00111000 08:01 919946                     /lib/x86_64-linux-gnu/libglib-2.0.so.0.5000.3
7fa3b49dc000-7fa3b49dd000 rw-p 00112000 08:01 919946                     /lib/x86_64-linux-gnu/libglib-2.0.so.0.5000.3
7fa3b49dd000-7fa3b49de000 rw-p 00000000 00:00 0 
7fa3b49de000-7fa3b49df000 r-xp 00000000 08:01 668086                     /usr/lib/x86_64-linux-gnu/libgthread-2.0.so.0.5000.3
7fa3b49df000-7fa3b4bde000 ---p 00001000 08:01 668086                     /usr/lib/x86_64-linux-gnu/libgthread-2.0.so.0.5000.3
7fa3b4bde000-7fa3b4bdf000 r--p 00000000 08:01 668086                     /usr/lib/x86_64-linux-gnu/libgthread-2.0.so.0.5000.3
7fa3b4bdf000-7fa3b4be0000 rw-p 00001000 08:01 668086                     /usr/lib/x86_64-linux-gnu/libgthread-2.0.so.0.5000.3
7fa3b4be0000-7fa3b4be3000 r-xp 00000000 08:01 668084                     /usr/lib/x86_64-linux-gnu/libgmodule-2.0.so.0.5000.3
7fa3b4be3000-7fa3b4de2000 ---p 00003000 08:01 668084                     /usr/lib/x86_64-linux-gnu/libgmodule-2.0.so.0.5000.3
7fa3b4de2000-7fa3b4de3000 r--p 00002000 08:01 668084                     /usr/lib/x86_64-linux-gnu/libgmodule-2.0.so.0.5000.3
7fa3b4de3000-7fa3b4de4000 rw-p 00003000 08:01 668084                     /usr/lib/x86_64-linux-gnu/libgmodule-2.0.so.0.5000.3
7fa3b4de4000-7fa3b4e36000 r-xp 00000000 08:01 668085                     /usr/lib/x86_64-linux-gnu/libgobject-2.0.so.0.5000.3
7fa3b4e36000-7fa3b5035000 ---p 00052000 08:01 668085                     /usr/lib/x86_64-linux-gnu/libgobject-2.0.so.0.5000.3
7fa3b5035000-7fa3b5036000 r--p 00051000 08:01 668085                     /usr/lib/x86_64-linux-gnu/libgobject-2.0.so.0.5000.3
7fa3b5036000-7fa3b5037000 rw-p 00052000 08:01 668085                     /usr/lib/x86_64-linux-gnu/libgobject-2.0.so.0.5000.3
7fa3b5037000-7fa3b5073000 r-xp 00000000 08:01 668619                     /usr/lib/x86_64-linux-gnu/libfontconfig.so.1.8.0
7fa3b5073000-7fa3b5272000 ---p 0003c000 08:01 668619                     /usr/lib/x86_64-linux-gnu/libfontconfig.so.1.8.0
7fa3b5272000-7fa3b5274000 r--p 0003b000 08:01 668619                     /usr/lib/x86_64-linux-gnu/libfontconfig.so.1.8.0
7fa3b5274000-7fa3b5275000 rw-p 0003d000 08:01 668619                     /usr/lib/x86_64-linux-gnu/libfontconfig.so.1.8.0
7fa3b5275000-7fa3b531d000 r-xp 00000000 08:01 667835                     /usr/lib/x86_64-linux-gnu/libfreetype.so.6.12.3
7fa3b531d000-7fa3b551d000 ---p 000a8000 08:01 667835                     /usr/lib/x86_64-linux-gnu/libfreetype.so.6.12.3
7fa3b551d000-7fa3b5523000 r--p 000a8000 08:01 667835                     /usr/lib/x86_64-linux-gnu/libfreetype.so.6.12.3
7fa3b5523000-7fa3b5524000 rw-p 000ae000 08:01 667835                     /usr/lib/x86_64-linux-gnu/libfreetype.so.6.12.3
7fa3b5524000-7fa3b556d000 r-xp 00000000 08:01 668654                     /usr/lib/x86_64-linux-gnu/libpango-1.0.so.0.4000.5
7fa3b556d000-7fa3b576c000 ---p 00049000 08:01 668654                     /usr/lib/x86_64-linux-gnu/libpango-1.0.so.0.4000.5
7fa3b576c000-7fa3b576f000 r--p 00048000 08:01 668654                     /usr/lib/x86_64-linux-gnu/libpango-1.0.so.0.4000.5
7fa3b576f000-7fa3b5770000 rw-p 0004b000 08:01 668654                     /usr/lib/x86_64-linux-gnu/libpango-1.0.so.0.4000.5
7fa3b5770000-7fa3b587e000 r-xp 00000000 08:01 668628                     /usr/lib/x86_64-linux-gnu/libcairo.so.2.11400.8
7fa3b587e000-7fa3b5a7e000 ---p 0010e000 08:01 668628                     /usr/lib/x86_64-linux-gnu/libcairo.so.2.11400.8
7fa3b5a7e000-7fa3b5a81000 r--p 0010e000 08:01 668628                     /usr/lib/x86_64-linux-gnu/libcairo.so.2.11400.8
7fa3b5a81000-7fa3b5a82000 rw-p 00111000 08:01 668628                     /usr/lib/x86_64-linux-gnu/libcairo.so.2.11400.8
7fa3b5a82000-7fa3b5a84000 rw-p 00000000 00:00 0 
7fa3b5a84000-7fa3b5a90000 r-xp 00000000 08:01 668664                     /usr/lib/x86_64-linux-gnu/libpangocairo-1.0.so.0.4000.5
7fa3b5a90000-7fa3b5c8f000 ---p 0000c000 08:01 668664                     /usr/lib/x86_64-linux-gnu/libpangocairo-1.0.so.0.4000.5
7fa3b5c8f000-7fa3b5c90000 r--p 0000b000 08:01 668664                     /usr/lib/x86_64-linux-gnu/libpangocairo-1.0.so.0.4000.5
7fa3b5c90000-7fa3b5c91000 rw-p 0000c000 08:01 668664                     /usr/lib/x86_64-linux-gnu/libpangocairo-1.0.so.0.4000.5
7fa3b5c91000-7fa3b5cb3000 r-xp 00000000 08:01 668614                     /usr/lib/x86_64-linux-gnu/libgdk_pixbuf-2.0.so.0.3600.5
7fa3b5cb3000-7fa3b5eb3000 ---p 00022000 08:01 668614                     /usr/lib/x86_64-linux-gnu/libgdk_pixbuf-2.0.so.0.3600.5
7fa3b5eb3000-7fa3b5eb4000 r--p 00022000 08:01 668614                     /usr/lib/x86_64-linux-gnu/libgdk_pixbuf-2.0.so.0.3600.5
7fa3b5eb4000-7fa3b5eb5000 rw-p 00023000 08:01 668614                     /usr/lib/x86_64-linux-gnu/libgdk_pixbuf-2.0.so.0.3600.5
7fa3b5eb5000-7fa3b5ec9000 r-xp 00000000 08:01 668662                     /usr/lib/x86_64-linux-gnu/libpangoft2-1.0.so.0.4000.5
7fa3b5ec9000-7fa3b60c9000 ---p 00014000 08:01 668662                     /usr/lib/x86_64-linux-gnu/libpangoft2-1.0.so.0.4000.5
7fa3b60c9000-7fa3b60ca000 r--p 00014000 08:01 668662                     /usr/lib/x86_64-linux-gnu/libpangoft2-1.0.so.0.4000.5
7fa3b60ca000-7fa3b60cb000 rw-p 00015000 08:01 668662                     /usr/lib/x86_64-linux-gnu/libpangoft2-1.0.so.0.4000.5
7fa3b60cb000-7fa3b6258000 r-xp 00000000 08:01 668083                     /usr/lib/x86_64-linux-gnu/libgio-2.0.so.0.5000.3
7fa3b6258000-7fa3b6458000 ---p 0018d000 08:01 668083                     /usr/lib/x86_64-linux-gnu/libgio-2.0.so.0.5000.3
7fa3b6458000-7fa3b645d000 r--p 0018d000 08:01 668083                     /usr/lib/x86_64-linux-gnu/libgio-2.0.so.0.5000.3
7fa3b645d000-7fa3b6460000 rw-p 00192000 08:01 668083                     /usr/lib/x86_64-linux-gnu/libgio-2.0.so.0.5000.3
7fa3b6460000-7fa3b6461000 rw-p 00000000 00:00 0 
7fa3b6461000-7fa3b6484000 r-xp 00000000 08:01 668936                     /usr/lib/x86_64-linux-gnu/libatk-1.0.so.0.22209.1
7fa3b6484000-7fa3b6683000 ---p 00023000 08:01 668936                     /usr/lib/x86_64-linux-gnu/libatk-1.0.so.0.22209.1
7fa3b6683000-7fa3b6686000 r--p 00022000 08:01 668936                     /usr/lib/x86_64-linux-gnu/libatk-1.0.so.0.22209.1
7fa3b6686000-7fa3b6687000 rw-p 00025000 08:01 668936                     /usr/lib/x86_64-linux-gnu/libatk-1.0.so.0.22209.1
7fa3b6687000-7fa3b6737000 r-xp 00000000 08:01 669170                     /usr/lib/x86_64-linux-gnu/libgdk-x11-2.0.so.0.2400.31
7fa3b6737000-7fa3b6936000 ---p 000b0000 08:01 669170                     /usr/lib/x86_64-linux-gnu/libgdk-x11-2.0.so.0.2400.31
7fa3b6936000-7fa3b693a000 r--p 000af000 08:01 669170                     /usr/lib/x86_64-linux-gnu/libgdk-x11-2.0.so.0.2400.31
7fa3b693a000-7fa3b693c000 rw-p 000b3000 08:01 669170                     /usr/lib/x86_64-linux-gnu/libgdk-x11-2.0.so.0.2400.31
7fa3b693c000-7fa3b6d78000 r-xp 00000000 08:01 669171                     /usr/lib/x86_64-linux-gnu/libgtk-x11-2.0.so.0.2400.31
7fa3b6d78000-7fa3b6f77000 ---p 0043c000 08:01 669171                     /usr/lib/x86_64-linux-gnu/libgtk-x11-2.0.so.0.2400.31
7fa3b6f77000-7fa3b6f7e000 r--p 0043b000 08:01 669171                     /usr/lib/x86_64-linux-gnu/libgtk-x11-2.0.so.0.2400.31
7fa3b6f7e000-7fa3b6f82000 rw-p 00442000 08:01 669171                     /usr/lib/x86_64-linux-gnu/libgtk-x11-2.0.so.0.2400.31
7fa3b6f82000-7fa3b6f85000 rw-p 00000000 00:00 0 
7fa3b6f85000-7fa3b6f91000 r-xp 00000000 08:01 695371                     /usr/local/jdk1.8.0_111/jre/lib/amd64/libprism_es2.so
7fa3b6f91000-7fa3b7190000 ---p 0000c000 08:01 695371                     /usr/local/jdk1.8.0_111/jre/lib/amd64/libprism_es2.so
7fa3b7190000-7fa3b7191000 rw-p 0000b000 08:01 695371                     /usr/local/jdk1.8.0_111/jre/lib/amd64/libprism_es2.so
7fa3b7191000-7fa3b7194000 ---p 00000000 00:00 0 
7fa3b7194000-7fa3b7292000 rw-p 00000000 00:00 0 
7fa3b7292000-7fa3b7328000 r--s 010fb000 08:01 695375                     /usr/local/jdk1.8.0_111/jre/lib/ext/jfxrt.jar
7fa3b7328000-7fa3b7329000 ---p 00000000 00:00 0 
7fa3b7329000-7fa3b7429000 rw-p 00000000 00:00 0 
7fa3b7429000-7fa3b742c000 ---p 00000000 00:00 0 
7fa3b742c000-7fa3b752a000 rw-p 00000000 00:00 0 
7fa3b752a000-7fa3b752d000 ---p 00000000 00:00 0 
7fa3b752d000-7fa3b762b000 rw-p 00000000 00:00 0 
7fa3b762b000-7fa3b762e000 ---p 00000000 00:00 0 
7fa3b762e000-7fa3b772c000 rw-p 00000000 00:00 0 
7fa3b772c000-7fa3b772f000 ---p 00000000 00:00 0 
7fa3b772f000-7fa3b782d000 rw-p 00000000 00:00 0 
7fa3b782d000-7fa3b79c8000 r--p 00000000 08:01 659869                     /usr/lib/locale/locale-archive
7fa3b79c8000-7fa3b79cb000 ---p 00000000 00:00 0 
7fa3b79cb000-7fa3b7ac9000 rw-p 00000000 00:00 0 
7fa3b7ac9000-7fa3b7acc000 ---p 00000000 00:00 0 
7fa3b7acc000-7fa3b7bca000 rw-p 00000000 00:00 0 
7fa3b7bca000-7fa3b7bcb000 ---p 00000000 00:00 0 
7fa3b7bcb000-7fa3b7ccb000 rw-p 00000000 00:00 0 
7fa3b7ccb000-7fa3b7ea3000 r--s 03d2a000 08:01 695642                     /usr/local/jdk1.8.0_111/jre/lib/rt.jar
7fa3b7ea3000-7fa3b7f19000 rw-p 00000000 00:00 0 
7fa3b7f19000-7fa3b8719000 rw-p 00000000 00:00 0 
7fa3b8719000-7fa3b871f000 rw-p 00000000 00:00 0 
7fa3b871f000-7fa3b876c000 ---p 00000000 00:00 0 
7fa3b876c000-7fa3b8777000 rw-p 00000000 00:00 0 
7fa3b8777000-7fa3b8812000 ---p 00000000 00:00 0 
7fa3b8812000-7fa3b8822000 rw-p 00000000 00:00 0 
7fa3b8822000-7fa3b8bd3000 ---p 00000000 00:00 0 
7fa3b8bd3000-7fa3b8f63000 rwxp 00000000 00:00 0 
7fa3b8f63000-7fa3c7bd3000 ---p 00000000 00:00 0 
7fa3c7bd3000-7fa3c7bed000 r-xp 00000000 08:01 695502                     /usr/local/jdk1.8.0_111/jre/lib/amd64/libzip.so
7fa3c7bed000-7fa3c7ded000 ---p 0001a000 08:01 695502                     /usr/local/jdk1.8.0_111/jre/lib/amd64/libzip.so
7fa3c7ded000-7fa3c7dee000 rw-p 0001a000 08:01 695502                     /usr/local/jdk1.8.0_111/jre/lib/amd64/libzip.so
7fa3c7dee000-7fa3c7df8000 r-xp 00000000 08:01 921405                     /lib/x86_64-linux-gnu/libnss_files-2.24.so
7fa3c7df8000-7fa3c7ff8000 ---p 0000a000 08:01 921405                     /lib/x86_64-linux-gnu/libnss_files-2.24.so
7fa3c7ff8000-7fa3c7ff9000 r--p 0000a000 08:01 921405                     /lib/x86_64-linux-gnu/libnss_files-2.24.so
7fa3c7ff9000-7fa3c7ffa000 rw-p 0000b000 08:01 921405                     /lib/x86_64-linux-gnu/libnss_files-2.24.so
7fa3c7ffa000-7fa3c8000000 rw-p 00000000 00:00 0 
7fa3c8000000-7fa3c8403000 rw-p 00000000 00:00 0 
7fa3c8403000-7fa3cc000000 ---p 00000000 00:00 0 
7fa3cc000000-7fa3cc002000 r--s 00000000 08:01 428316                     /var/cache/fontconfig/4b14b093aebc79c320de5e86ae1d3314-le64.cache-4
7fa3cc002000-7fa3cc003000 r--s 00000000 08:01 428312                     /var/cache/fontconfig/8a687c406b77f27d99abfeeba937fcce-le64.cache-4
7fa3cc003000-7fa3cc00f000 r--s 00000000 08:01 397928                     /var/cache/fontconfig/d589a48862398ed80a3d6066f4f56f4c-le64.cache-4
7fa3cc00f000-7fa3cc013000 r--s 00000000 08:01 428311                     /var/cache/fontconfig/246184dc75a16901ca37d96895904249-le64.cache-4
7fa3cc013000-7fa3cc01a000 r--s 00000000 08:01 428309                     /var/cache/fontconfig/53d14c92082a93e67d5078324eb314ca-le64.cache-4
7fa3cc01a000-7fa3cc0c4000 rw-p 00000000 00:00 0 
7fa3cc0c4000-7fa3cc0cf000 r-xp 00000000 08:01 921407                     /lib/x86_64-linux-gnu/libnss_nis-2.24.so
7fa3cc0cf000-7fa3cc2ce000 ---p 0000b000 08:01 921407                     /lib/x86_64-linux-gnu/libnss_nis-2.24.so
7fa3cc2ce000-7fa3cc2cf000 r--p 0000a000 08:01 921407                     /lib/x86_64-linux-gnu/libnss_nis-2.24.so
7fa3cc2cf000-7fa3cc2d0000 rw-p 0000b000 08:01 921407                     /lib/x86_64-linux-gnu/libnss_nis-2.24.so
7fa3cc2d0000-7fa3cc2e4000 r-xp 00000000 08:01 921402                     /lib/x86_64-linux-gnu/libnsl-2.24.so
7fa3cc2e4000-7fa3cc4e4000 ---p 00014000 08:01 921402                     /lib/x86_64-linux-gnu/libnsl-2.24.so
7fa3cc4e4000-7fa3cc4e5000 r--p 00014000 08:01 921402                     /lib/x86_64-linux-gnu/libnsl-2.24.so
7fa3cc4e5000-7fa3cc4e6000 rw-p 00015000 08:01 921402                     /lib/x86_64-linux-gnu/libnsl-2.24.so
7fa3cc4e6000-7fa3cc4e8000 rw-p 00000000 00:00 0 
7fa3cc4e8000-7fa3cc4ef000 r-xp 00000000 08:01 921403                     /lib/x86_64-linux-gnu/libnss_compat-2.24.so
7fa3cc4ef000-7fa3cc6ee000 ---p 00007000 08:01 921403                     /lib/x86_64-linux-gnu/libnss_compat-2.24.so
7fa3cc6ee000-7fa3cc6ef000 r--p 00006000 08:01 921403                     /lib/x86_64-linux-gnu/libnss_compat-2.24.so
7fa3cc6ef000-7fa3cc6f0000 rw-p 00007000 08:01 921403                     /lib/x86_64-linux-gnu/libnss_compat-2.24.so
7fa3cc6f0000-7fa3cc71b000 r-xp 00000000 08:01 695475                     /usr/local/jdk1.8.0_111/jre/lib/amd64/libjava.so
7fa3cc71b000-7fa3cc91a000 ---p 0002b000 08:01 695475                     /usr/local/jdk1.8.0_111/jre/lib/amd64/libjava.so
7fa3cc91a000-7fa3cc91c000 rw-p 0002a000 08:01 695475                     /usr/local/jdk1.8.0_111/jre/lib/amd64/libjava.so
7fa3cc91c000-7fa3cc929000 r-xp 00000000 08:01 695438                     /usr/local/jdk1.8.0_111/jre/lib/amd64/libverify.so
7fa3cc929000-7fa3ccb28000 ---p 0000d000 08:01 695438                     /usr/local/jdk1.8.0_111/jre/lib/amd64/libverify.so
7fa3ccb28000-7fa3ccb2a000 rw-p 0000c000 08:01 695438                     /usr/local/jdk1.8.0_111/jre/lib/amd64/libverify.so
7fa3ccb2a000-7fa3ccb31000 r-xp 00000000 08:01 921412                     /lib/x86_64-linux-gnu/librt-2.24.so
7fa3ccb31000-7fa3ccd30000 ---p 00007000 08:01 921412                     /lib/x86_64-linux-gnu/librt-2.24.so
7fa3ccd30000-7fa3ccd31000 r--p 00006000 08:01 921412                     /lib/x86_64-linux-gnu/librt-2.24.so
7fa3ccd31000-7fa3ccd32000 rw-p 00007000 08:01 921412                     /lib/x86_64-linux-gnu/librt-2.24.so
7fa3ccd32000-7fa3cce35000 r-xp 00000000 08:01 921399                     /lib/x86_64-linux-gnu/libm-2.24.so
7fa3cce35000-7fa3cd034000 ---p 00103000 08:01 921399                     /lib/x86_64-linux-gnu/libm-2.24.so
7fa3cd034000-7fa3cd035000 r--p 00102000 08:01 921399                     /lib/x86_64-linux-gnu/libm-2.24.so
7fa3cd035000-7fa3cd036000 rw-p 00103000 08:01 921399                     /lib/x86_64-linux-gnu/libm-2.24.so
7fa3cd036000-7fa3cdd03000 r-xp 00000000 08:01 695353                     /usr/local/jdk1.8.0_111/jre/lib/amd64/server/libjvm.so
7fa3cdd03000-7fa3cdf02000 ---p 00ccd000 08:01 695353                     /usr/local/jdk1.8.0_111/jre/lib/amd64/server/libjvm.so
7fa3cdf02000-7fa3cdfdb000 rw-p 00ccc000 08:01 695353                     /usr/local/jdk1.8.0_111/jre/lib/amd64/server/libjvm.so
7fa3cdfdb000-7fa3ce026000 rw-p 00000000 00:00 0 
7fa3ce026000-7fa3ce1bb000 r-xp 00000000 08:01 921395                     /lib/x86_64-linux-gnu/libc-2.24.so
7fa3ce1bb000-7fa3ce3bb000 ---p 00195000 08:01 921395                     /lib/x86_64-linux-gnu/libc-2.24.so
7fa3ce3bb000-7fa3ce3bf000 r--p 00195000 08:01 921395                     /lib/x86_64-linux-gnu/libc-2.24.so
7fa3ce3bf000-7fa3ce3c1000 rw-p 00199000 08:01 921395                     /lib/x86_64-linux-gnu/libc-2.24.so
7fa3ce3c1000-7fa3ce3c5000 rw-p 00000000 00:00 0 
7fa3ce3c5000-7fa3ce3c8000 r-xp 00000000 08:01 921398                     /lib/x86_64-linux-gnu/libdl-2.24.so
7fa3ce3c8000-7fa3ce5c7000 ---p 00003000 08:01 921398                     /lib/x86_64-linux-gnu/libdl-2.24.so
7fa3ce5c7000-7fa3ce5c8000 r--p 00002000 08:01 921398                     /lib/x86_64-linux-gnu/libdl-2.24.so
7fa3ce5c8000-7fa3ce5c9000 rw-p 00003000 08:01 921398                     /lib/x86_64-linux-gnu/libdl-2.24.so
7fa3ce5c9000-7fa3ce5de000 r-xp 00000000 08:01 695417                     /usr/local/jdk1.8.0_111/jre/lib/amd64/jli/libjli.so
7fa3ce5de000-7fa3ce7de000 ---p 00015000 08:01 695417                     /usr/local/jdk1.8.0_111/jre/lib/amd64/jli/libjli.so
7fa3ce7de000-7fa3ce7df000 rw-p 00015000 08:01 695417                     /usr/local/jdk1.8.0_111/jre/lib/amd64/jli/libjli.so
7fa3ce7df000-7fa3ce7f7000 r-xp 00000000 08:01 921410                     /lib/x86_64-linux-gnu/libpthread-2.24.so
7fa3ce7f7000-7fa3ce9f6000 ---p 00018000 08:01 921410                     /lib/x86_64-linux-gnu/libpthread-2.24.so
7fa3ce9f6000-7fa3ce9f7000 r--p 00017000 08:01 921410                     /lib/x86_64-linux-gnu/libpthread-2.24.so
7fa3ce9f7000-7fa3ce9f8000 rw-p 00018000 08:01 921410                     /lib/x86_64-linux-gnu/libpthread-2.24.so
7fa3ce9f8000-7fa3ce9fc000 rw-p 00000000 00:00 0 
7fa3ce9fc000-7fa3cea1f000 r-xp 00000000 08:01 917612                     /lib/x86_64-linux-gnu/ld-2.24.so
7fa3cea1f000-7fa3cea20000 r--s 00000000 08:01 397929                     /var/cache/fontconfig/3f7329c5293ffd510edef78f73874cfd-le64.cache-4
7fa3cea20000-7fa3cea22000 r--s 00000000 08:01 428307                     /var/cache/fontconfig/62f91419b9ebdb6975e7e41ab6412357-le64.cache-4
7fa3cea22000-7fa3cea31000 r--p 00000000 08:01 668989                     /usr/share/locale/fr/LC_MESSAGES/gtk20.mo
7fa3cea31000-7fa3cea58000 r--p 00000000 08:01 658875                     /usr/share/locale/fr/LC_MESSAGES/libc.mo
7fa3cea58000-7fa3cea63000 rw-p 00000000 00:00 0 
7fa3cea63000-7fa3ceaff000 ---p 00000000 00:00 0 
7fa3ceaff000-7fa3ceb02000 ---p 00000000 00:00 0 
7fa3ceb02000-7fa3cec02000 rw-p 00000000 00:00 0 
7fa3cec02000-7fa3cec03000 r--s 00000000 08:01 428308                     /var/cache/fontconfig/c277e94e32b20404286a1ddafa5a80f0-le64.cache-4
7fa3cec03000-7fa3cec06000 r--s 00000000 08:01 428295                     /var/cache/fontconfig/e13b20fdb08344e0e664864cc2ede53d-le64.cache-4
7fa3cec06000-7fa3cec09000 r--p 00000000 08:01 668884                     /usr/share/locale/fr/LC_MESSAGES/atk10.mo
7fa3cec09000-7fa3cec10000 r--s 00000000 08:01 660815                     /usr/lib/x86_64-linux-gnu/gconv/gconv-modules.cache
7fa3cec10000-7fa3cec12000 r--s 00005000 08:01 923332                     /home/etudiant/Bureau/workspace/GSB-RV-DR/dist/run891590180/GSB-RV-DR.jar
7fa3cec12000-7fa3cec1a000 rw-s 00000000 08:01 1070779                    /tmp/hsperfdata_etudiant/4522
7fa3cec1a000-7fa3cec1b000 rw-p 00000000 00:00 0 
7fa3cec1b000-7fa3cec1c000 r--p 00000000 00:00 0 
7fa3cec1c000-7fa3cec1f000 rw-p 00000000 00:00 0 
7fa3cec1f000-7fa3cec20000 r--p 00023000 08:01 917612                     /lib/x86_64-linux-gnu/ld-2.24.so
7fa3cec20000-7fa3cec21000 rw-p 00024000 08:01 917612                     /lib/x86_64-linux-gnu/ld-2.24.so
7fa3cec21000-7fa3cec22000 rw-p 00000000 00:00 0 
7ffe2ddc3000-7ffe2dde4000 rw-p 00000000 00:00 0                          [stack]
7ffe2ddf8000-7ffe2ddfa000 r--p 00000000 00:00 0                          [vvar]
7ffe2ddfa000-7ffe2ddfc000 r-xp 00000000 00:00 0                          [vdso]
ffffffffff600000-ffffffffff601000 r-xp 00000000 00:00 0                  [vsyscall]

VM Arguments:
jvm_args: -Dfile.encoding=UTF-8 
java_command: /home/etudiant/Bureau/workspace/GSB-RV-DR/dist/run891590180/GSB-RV-DR.jar
java_class_path (initial): /home/etudiant/Bureau/workspace/GSB-RV-DR/dist/run891590180/GSB-RV-DR.jar
Launcher Type: SUN_STANDARD

Environment Variables:
PATH=/usr/local/bin:/usr/bin:/bin:/usr/local/games:/usr/games
USERNAME=etudiant
LD_LIBRARY_PATH=/usr/local/jdk1.8.0_111/jre/lib/amd64:/usr/local/jdk1.8.0_111/jre/lib/i386:
SHELL=/bin/bash
DISPLAY=:0

Signal Handlers:
SIGSEGV: [libjvm.so+0xac64b0], sa_mask[0]=11111111011111111101111111111110, sa_flags=SA_RESTART|SA_SIGINFO
SIGBUS: [libjvm.so+0xac64b0], sa_mask[0]=11111111011111111101111111111110, sa_flags=SA_RESTART|SA_SIGINFO
SIGFPE: [libjvm.so+0x91f950], sa_mask[0]=11111111011111111101111111111110, sa_flags=SA_RESTART|SA_SIGINFO
SIGPIPE: SIG_IGN, sa_mask[0]=00000000000010000000000000000000, sa_flags=SA_RESTART
SIGXFSZ: [libjvm.so+0x91f950], sa_mask[0]=11111111011111111101111111111110, sa_flags=SA_RESTART|SA_SIGINFO
SIGILL: [libjvm.so+0x91f950], sa_mask[0]=11111111011111111101111111111110, sa_flags=SA_RESTART|SA_SIGINFO
SIGUSR1: SIG_DFL, sa_mask[0]=00000000000000000000000000000000, sa_flags=none
SIGUSR2: [libjvm.so+0x920f80], sa_mask[0]=00100000000000000000000000000000, sa_flags=SA_RESTART|SA_SIGINFO
SIGHUP: [libjvm.so+0x922380], sa_mask[0]=11111111011111111101111111111110, sa_flags=SA_RESTART|SA_SIGINFO
SIGINT: SIG_IGN, sa_mask[0]=00000000000000000000000000000000, sa_flags=none
SIGTERM: [libjvm.so+0x922380], sa_mask[0]=11111111011111111101111111111110, sa_flags=SA_RESTART|SA_SIGINFO
SIGQUIT: [libjvm.so+0x922380], sa_mask[0]=11111111011111111101111111111110, sa_flags=SA_RESTART|SA_SIGINFO


---------------  S Y S T E M  ---------------

OS:PRETTY_NAME="Debian GNU/Linux 9 (stretch)"
NAME="Debian GNU/Linux"
VERSION_ID="9"
VERSION="9 (stretch)"
ID=debian
HOME_URL="https://www.debian.org/"
SUPPORT_URL="https://www.debian.org/support"
BUG_REPORT_URL="https://bugs.debian.org/"

uname:Linux 4.9.0-8-amd64 #1 SMP Debian 4.9.110-3+deb9u6 (2018-10-08) x86_64
libc:glibc 2.24 NPTL 2.24 
rlimit: STACK 8192k, CORE 0k, NPROC 7855, NOFILE 4096, AS infinity
load average:5,18 2,10 1,22

/proc/meminfo:
MemTotal:        2033676 kB
MemFree:           52968 kB
MemAvailable:          0 kB
Buffers:             424 kB
Cached:            22016 kB
SwapCached:         1060 kB
Active:          1354956 kB
Inactive:         455236 kB
Active(anon):    1350244 kB
Inactive(anon):   450212 kB
Active(file):       4712 kB
Inactive(file):     5024 kB
Unevictable:           0 kB
Mlocked:               0 kB
SwapTotal:        522236 kB
SwapFree:              0 kB
Dirty:               164 kB
Writeback:           236 kB
AnonPages:       1786916 kB
Mapped:            19768 kB
Shmem:             12612 kB
Slab:              59056 kB
SReclaimable:      18072 kB
SUnreclaim:        40984 kB
KernelStack:       12352 kB
PageTables:        39368 kB
NFS_Unstable:          0 kB
Bounce:                0 kB
WritebackTmp:          0 kB
CommitLimit:     1539072 kB
Committed_AS:    5331044 kB
VmallocTotal:   34359738367 kB
VmallocUsed:           0 kB
VmallocChunk:          0 kB
HardwareCorrupted:     0 kB
AnonHugePages:         0 kB
ShmemHugePages:        0 kB
ShmemPmdMapped:        0 kB
HugePages_Total:       0
HugePages_Free:        0
HugePages_Rsvd:        0
HugePages_Surp:        0
Hugepagesize:       2048 kB
DirectMap4k:       92032 kB
DirectMap2M:     2004992 kB


CPU:total 1 (1 cores per cpu, 1 threads per core) family 6 model 42 stepping 7, cmov, cx8, fxsr, mmx, sse, sse2, sse3, ssse3, sse4.1, sse4.2, popcnt, avx, aes, clmul, tsc, tscinvbit

/proc/cpuinfo:
processor	: 0
vendor_id	: GenuineIntel
cpu family	: 6
model		: 42
model name	: Intel(R) Core(TM) i5-2500 CPU @ 3.30GHz
stepping	: 7
microcode	: 0x29
cpu MHz		: 3291.826
cache size	: 6144 KB
physical id	: 0
siblings	: 1
core id		: 0
cpu cores	: 1
apicid		: 0
initial apicid	: 0
fpu		: yes
fpu_exception	: yes
cpuid level	: 13
wp		: yes
flags		: fpu vme de pse tsc msr pae mce cx8 apic sep mtrr pge mca cmov pat pse36 clflush dts mmx fxsr sse sse2 ss syscall nx rdtscp lm constant_tsc arch_perfmon pebs bts nopl xtopology tsc_reliable nonstop_tsc aperfmperf pni pclmulqdq ssse3 cx16 pcid sse4_1 sse4_2 x2apic popcnt tsc_deadline_timer aes xsave avx hypervisor lahf_lm epb kaiser tsc_adjust dtherm ida arat pln pts
bugs		: cpu_meltdown spectre_v1 spectre_v2 spec_store_bypass l1tf
bogomips	: 6585.10
clflush size	: 64
cache_alignment	: 64
address sizes	: 42 bits physical, 48 bits virtual
power management:



Memory: 4k page, physical 2033676k(52968k free), swap 522236k(0k free)

vm_info: Java HotSpot(TM) 64-Bit Server VM (25.111-b14) for linux-amd64 JRE (1.8.0_111-b14), built on Sep 22 2016 16:14:03 by "java_re" with gcc 4.3.0 20080428 (Red Hat 4.3.0-8)

time: Tue Apr  2 14:20:02 2019
elapsed time: 8 seconds (0d 0h 0m 8s)

