#
# A fatal error has been detected by the Java Runtime Environment:
#
#  SIGSEGV (0xb) at pc=0x00007f4a44f33895, pid=3266, tid=0x00007f4a015d2700
#
# JRE version: Java(TM) SE Runtime Environment (8.0_111-b14) (build 1.8.0_111-b14)
# Java VM: Java HotSpot(TM) 64-Bit Server VM (25.111-b14 mixed mode linux-amd64 compressed oops)
# Problematic frame:
# C  [libc.so.6+0x35895]
#
# Failed to write core dump. Core dumps have been disabled. To enable core dumping, try "ulimit -c unlimited" before starting Java again
#
# If you would like to submit a bug report, please visit:
#   http://bugreport.java.com/bugreport/crash.jsp
# The crash happened outside the Java Virtual Machine in native code.
# See problematic frame for where to report the bug.
#

---------------  T H R E A D  ---------------

Current thread (0x00007f4a3c2a4800):  JavaThread "JavaFX Application Thread" [_thread_in_native, id=3284, stack(0x00007f4a014d2000,0x00007f4a015d3000)]

siginfo: si_signo: 11 (SIGSEGV), si_code: 128 (SI_KERNEL), si_addr: 0x0000000000000000

Registers:
RAX=0x00007f4a1408c12f, RBX=0x0000000000000001, RCX=0x0010688c9520f210, RDX=0x000fe94281182600
RSP=0x00007f4a015d11f0, RBP=0x00007f4a452975d8, RSI=0x0000000000000001, RDI=0x00007f4a077a7c30
R8 =0x00007f4a07791028, R9 =0x00007f4a07791028, R10=0x00000000000001d1, R11=0x00007f4a0e823c50
R12=0x0000000000000001, R13=0x00007f4a1408cc20, R14=0x00007f4a015d1280, R15=0x00007f4a3c1f64a0
RIP=0x00007f4a44f33895, EFLAGS=0x0000000000010212, CSGSFS=0x002b000000000033, ERR=0x0000000000000000
  TRAPNO=0x000000000000000d

Top of Stack: (sp=0x00007f4a015d11f0)
0x00007f4a015d11f0:   0000000000000000 000000000000000b
0x00007f4a015d1200:   00007f4a4592604e 00007f4a3c1de540
0x00007f4a015d1210:   0000000000000000 00007f4a44f3399a
0x00007f4a015d1220:   0000000000000066 00007f4a405daf9f
0x00007f4a015d1230:   00007f4a3c1f5250 00007f4a1c3c5b40
0x00007f4a015d1240:   00007f4a1c3c5b40 00007f4a0ef542de
0x00007f4a015d1250:   00007f4a3c1f5250 00007f4a0ef52323
0x00007f4a015d1260:   00007f4a3c2a4800 00007f4a015d1300
0x00007f4a015d1270:   0000000000000000 0000000000000000
0x00007f4a015d1280:   0000000000000000 00a737c4979d3d00
0x00007f4a015d1290:   00007f4a015d1b50 00007f4a015d13e0
0x00007f4a015d12a0:   00007f4a015d13d8 00007f4a015d13cc
0x00007f4a015d12b0:   00007f4a015d13d0 00007f4a3c1f5250
0x00007f4a015d12c0:   0000000000000281 00007f4a0ef382de
0x00007f4a015d12d0:   00007f4a423d3748 0000000000000187
0x00007f4a015d12e0:   0000000000000000 7fffffffffffffff
0x00007f4a015d12f0:   00000000423f3c70 00007f4a015d13e8
0x00007f4a015d1300:   00007f4a015d1350 00007f4a0f48ec39
0x00007f4a015d1310:   00007f4a423f3c70 00007f4a0f48e1a0
0x00007f4a015d1320:   00000000092f0000 0000000000000000
0x00007f4a015d1330:   0000000000000000 0000000000000000
0x00007f4a015d1340:   00007f4a4060cde2 00a737c4979d3d00
0x00007f4a015d1350:   0000000000000077 00007f4a3c208340
0x00007f4a015d1360:   00007f4a3c205020 00007f4a3c205020
0x00007f4a015d1370:   0000000000000077 00007f4a3c2145a0
0x00007f4a015d1380:   00007f4a3c208340 00007f4a405d143a
0x00007f4a015d1390:   0000000000000021 00007f4a015d13d0
0x00007f4a015d13a0:   00007f4a015d13cc 00007f4a015d13d8
0x00007f4a015d13b0:   00007f4a015d13e0 00007f4a015d13e8
0x00007f4a015d13c0:   0000000000000000 00000000e1861fd8
0x00007f4a015d13d0:   0000000000000000 0000000000000000
0x00007f4a015d13e0:   0000000000000000 0000000000000000 

Instructions: (pc=0x00007f4a44f33895)
0x00007f4a44f33875:   44 00 00 49 8b 45 08 48 89 c2 48 c1 e2 05 48 85
0x00007f4a44f33885:   c0 49 8d 4c 15 f0 74 2a 48 83 e8 01 49 89 45 08
0x00007f4a44f33895:   48 8b 11 48 83 fa 03 0f 84 a6 00 00 00 48 83 fa
0x00007f4a44f338a5:   04 74 78 48 83 fa 02 74 4a 48 83 e9 20 48 85 c0 

Register to memory mapping:

RAX=
[error occurred during error reporting (printing register info), id 0xb]

Stack: [0x00007f4a014d2000,0x00007f4a015d3000],  sp=0x00007f4a015d11f0,  free space=1020k
Native frames: (J=compiled Java code, j=interpreted, Vv=VM code, C=native code)
C  [libc.so.6+0x35895]

Java frames: (J=compiled Java code, j=interpreted, Vv=VM code)
j  com.sun.glass.ui.gtk.GtkApplication._runLoop(Ljava/lang/Runnable;Z)V+0
j  com.sun.glass.ui.gtk.GtkApplication.lambda$null$49(Ljava/lang/Runnable;Z)V+7
j  com.sun.glass.ui.gtk.GtkApplication$$Lambda$42.run()V+12
j  java.lang.Thread.run()V+11
v  ~StubRoutines::call_stub

---------------  P R O C E S S  ---------------

Java Threads: ( => current thread )
  0x00007f4a20007000 JavaThread "Glass/Prism Shutdown Hook" [_thread_blocked, id=3663, stack(0x00007f49ff64a000,0x00007f49ff74b000)]
  0x00007f4a18004000 JavaThread "SIGHUP handler" daemon [_thread_blocked, id=3654, stack(0x00007f49ff74b000,0x00007f49ff84c000)]
  0x00007f4a18002800 JavaThread "SIGHUP handler" daemon [_thread_blocked, id=3648, stack(0x00007f49ff84c000,0x00007f49ff94d000)]
  0x00007f4a1c253000 JavaThread "Prism Font Disposer" daemon [_thread_blocked, id=3296, stack(0x00007f4a0001d000,0x00007f4a0011e000)]
  0x00007f4a3c36b000 JavaThread "JavaFX-Launcher" [_thread_blocked, id=3285, stack(0x00007f4a00fba000,0x00007f4a010bb000)]
=>0x00007f4a3c2a4800 JavaThread "JavaFX Application Thread" [_thread_in_native, id=3284, stack(0x00007f4a014d2000,0x00007f4a015d3000)]
  0x00007f4a3c2a0800 JavaThread "Thread-1" daemon [_thread_blocked, id=3283, stack(0x00007f4a015d3000,0x00007f4a016d4000)]
  0x00007f4a3c0db800 JavaThread "Service Thread" daemon [_thread_blocked, id=3279, stack(0x00007f4a4131b000,0x00007f4a4141c000)]
  0x00007f4a3c0d8800 JavaThread "C1 CompilerThread1" daemon [_thread_blocked, id=3278, stack(0x00007f4a4141c000,0x00007f4a4151d000)]
  0x00007f4a3c0d6800 JavaThread "C2 CompilerThread0" daemon [_thread_blocked, id=3277, stack(0x00007f4a4151d000,0x00007f4a4161e000)]
  0x00007f4a3c0a1800 JavaThread "Finalizer" daemon [_thread_blocked, id=3275, stack(0x00007f4a418ba000,0x00007f4a419bb000)]
  0x00007f4a3c09d000 JavaThread "Reference Handler" daemon [_thread_blocked, id=3274, stack(0x00007f4a419bb000,0x00007f4a41abc000)]
  0x00007f4a3c00a000 JavaThread "main" [_thread_blocked, id=3268, stack(0x00007f4a459d7000,0x00007f4a45ad8000)]

Other Threads:
  0x00007f4a3c095800 VMThread [stack: 0x00007f4a41abc000,0x00007f4a41bbd000] [id=3273]

VM state:at safepoint (shutting down)

VM Mutex/Monitor currently owned by a thread:  ([mutex/lock_event])
[0x00007f4a3c0060d0] Threads_lock - owner thread: 0x00007f4a3c095800

Heap:
 def new generation   total 12288K, used 562K [0x00000000e0e00000, 0x00000000e1b50000, 0x00000000eb400000)
  eden space 10944K,   3% used [0x00000000e0e00000, 0x00000000e0e55f28, 0x00000000e18b0000)
  from space 1344K,  16% used [0x00000000e1a00000, 0x00000000e1a36bf0, 0x00000000e1b50000)
  to   space 1344K,   0% used [0x00000000e18b0000, 0x00000000e18b0000, 0x00000000e1a00000)
 tenured generation   total 27120K, used 19373K [0x00000000eb400000, 0x00000000ece7c000, 0x0000000100000000)
   the space 27120K,  71% used [0x00000000eb400000, 0x00000000ec6eb6a0, 0x00000000ec6eb800, 0x00000000ece7c000)
 Metaspace       used 21146K, capacity 22692K, committed 22832K, reserved 1069056K
  class space    used 2978K, capacity 3262K, committed 3376K, reserved 1048576K

Card table byte_map: [0x00007f4a426b5000,0x00007f4a427af000] byte_map_base: 0x00007f4a41fae000

Polling page: 0x00007f4a45af3000

CodeCache: size=245760Kb used=10752Kb max_used=10763Kb free=235007Kb
 bounds [0x00007f4a2d000000, 0x00007f4a2da90000, 0x00007f4a3c000000]
 total_blobs=3975 nmethods=3293 adapters=594
 compilation: enabled

Compilation events (10 events):
Event: 538,811 Thread 0x00007f4a3c0d8800 3307   !   3       com.sun.glass.ui.InvokeLaterDispatcher::run (153 bytes)
Event: 538,813 Thread 0x00007f4a3c0d8800 nmethod 3307 0x00007f4a2da833d0 code [0x00007f4a2da83620, 0x00007f4a2da845b8]
Event: 867,464 Thread 0x00007f4a3c0d6800 3308 % !   4       com.sun.glass.ui.InvokeLaterDispatcher::run @ 0 (153 bytes)
Event: 867,472 Thread 0x00007f4a3c0d6800 nmethod 3308% 0x00007f4a2da88010 code [0x00007f4a2da881e0, 0x00007f4a2da88808]
Event: 943,281 Thread 0x00007f4a3c0d6800 3309 % !   4       com.sun.glass.ui.InvokeLaterDispatcher::run @ 94 (153 bytes)
Event: 943,290 Thread 0x00007f4a3c0d6800 nmethod 3309% 0x00007f4a2da85e10 code [0x00007f4a2da85fe0, 0x00007f4a2da866a8]
Event: 1305,679 Thread 0x00007f4a3c0d6800 3310       4       javafx.beans.property.BooleanPropertyBase::set (110 bytes)
Event: 1305,680 Thread 0x00007f4a3c0d6800 nmethod 3310 0x00007f4a2d10c6d0 code [0x00007f4a2d10c820, 0x00007f4a2d10c8f8]
Event: 1369,256 Thread 0x00007f4a3c0d8800 3311       3       com.sun.openpisces.TransformingPathConsumer2D$TranslateFilter::closePath (10 bytes)
Event: 1369,257 Thread 0x00007f4a3c0d8800 nmethod 3311 0x00007f4a2da79110 code [0x00007f4a2da79280, 0x00007f4a2da79480]

GC Heap History (10 events):
Event: 426,165 GC heap before
{Heap before GC invocations=9 (full 1):
 def new generation   total 12288K, used 11397K [0x00000000e0e00000, 0x00000000e1b50000, 0x00000000eb400000)
  eden space 10944K, 100% used [0x00000000e0e00000, 0x00000000e18b0000, 0x00000000e18b0000)
  from space 1344K,  33% used [0x00000000e18b0000, 0x00000000e19217c0, 0x00000000e1a00000)
  to   space 1344K,   0% used [0x00000000e1a00000, 0x00000000e1a00000, 0x00000000e1b50000)
 tenured generation   total 27120K, used 19373K [0x00000000eb400000, 0x00000000ece7c000, 0x0000000100000000)
   the space 27120K,  71% used [0x00000000eb400000, 0x00000000ec6eb6a0, 0x00000000ec6eb800, 0x00000000ece7c000)
 Metaspace       used 21131K, capacity 22680K, committed 22832K, reserved 1069056K
  class space    used 2975K, capacity 3260K, committed 3376K, reserved 1048576K
Event: 426,167 GC heap after
Heap after GC invocations=10 (full 1):
 def new generation   total 12288K, used 349K [0x00000000e0e00000, 0x00000000e1b50000, 0x00000000eb400000)
  eden space 10944K,   0% used [0x00000000e0e00000, 0x00000000e0e00000, 0x00000000e18b0000)
  from space 1344K,  26% used [0x00000000e1a00000, 0x00000000e1a57750, 0x00000000e1b50000)
  to   space 1344K,   0% used [0x00000000e18b0000, 0x00000000e18b0000, 0x00000000e1a00000)
 tenured generation   total 27120K, used 19373K [0x00000000eb400000, 0x00000000ece7c000, 0x0000000100000000)
   the space 27120K,  71% used [0x00000000eb400000, 0x00000000ec6eb6a0, 0x00000000ec6eb800, 0x00000000ece7c000)
 Metaspace       used 21131K, capacity 22680K, committed 22832K, reserved 1069056K
  class space    used 2975K, capacity 3260K, committed 3376K, reserved 1048576K
}
Event: 681,142 GC heap before
{Heap before GC invocations=10 (full 1):
 def new generation   total 12288K, used 11293K [0x00000000e0e00000, 0x00000000e1b50000, 0x00000000eb400000)
  eden space 10944K, 100% used [0x00000000e0e00000, 0x00000000e18b0000, 0x00000000e18b0000)
  from space 1344K,  26% used [0x00000000e1a00000, 0x00000000e1a57750, 0x00000000e1b50000)
  to   space 1344K,   0% used [0x00000000e18b0000, 0x00000000e18b0000, 0x00000000e1a00000)
 tenured generation   total 27120K, used 19373K [0x00000000eb400000, 0x00000000ece7c000, 0x0000000100000000)
   the space 27120K,  71% used [0x00000000eb400000, 0x00000000ec6eb6a0, 0x00000000ec6eb800, 0x00000000ece7c000)
 Metaspace       used 21132K, capacity 22680K, committed 22832K, reserved 1069056K
  class space    used 2975K, capacity 3260K, committed 3376K, reserved 1048576K
Event: 681,145 GC heap after
Heap after GC invocations=11 (full 1):
 def new generation   total 12288K, used 349K [0x00000000e0e00000, 0x00000000e1b50000, 0x00000000eb400000)
  eden space 10944K,   0% used [0x00000000e0e00000, 0x00000000e0e00000, 0x00000000e18b0000)
  from space 1344K,  26% used [0x00000000e18b0000, 0x00000000e1907700, 0x00000000e1a00000)
  to   space 1344K,   0% used [0x00000000e1a00000, 0x00000000e1a00000, 0x00000000e1b50000)
 tenured generation   total 27120K, used 19373K [0x00000000eb400000, 0x00000000ece7c000, 0x0000000100000000)
   the space 27120K,  71% used [0x00000000eb400000, 0x00000000ec6eb6a0, 0x00000000ec6eb800, 0x00000000ece7c000)
 Metaspace       used 21132K, capacity 22680K, committed 22832K, reserved 1069056K
  class space    used 2975K, capacity 3260K, committed 3376K, reserved 1048576K
}
Event: 911,356 GC heap before
{Heap before GC invocations=11 (full 1):
 def new generation   total 12288K, used 11293K [0x00000000e0e00000, 0x00000000e1b50000, 0x00000000eb400000)
  eden space 10944K, 100% used [0x00000000e0e00000, 0x00000000e18b0000, 0x00000000e18b0000)
  from space 1344K,  26% used [0x00000000e18b0000, 0x00000000e1907700, 0x00000000e1a00000)
  to   space 1344K,   0% used [0x00000000e1a00000, 0x00000000e1a00000, 0x00000000e1b50000)
 tenured generation   total 27120K, used 19373K [0x00000000eb400000, 0x00000000ece7c000, 0x0000000100000000)
   the space 27120K,  71% used [0x00000000eb400000, 0x00000000ec6eb6a0, 0x00000000ec6eb800, 0x00000000ece7c000)
 Metaspace       used 21132K, capacity 22680K, committed 22832K, reserved 1069056K
  class space    used 2975K, capacity 3260K, committed 3376K, reserved 1048576K
Event: 911,358 GC heap after
Heap after GC invocations=12 (full 1):
 def new generation   total 12288K, used 346K [0x00000000e0e00000, 0x00000000e1b50000, 0x00000000eb400000)
  eden space 10944K,   0% used [0x00000000e0e00000, 0x00000000e0e00000, 0x00000000e18b0000)
  from space 1344K,  25% used [0x00000000e1a00000, 0x00000000e1a56930, 0x00000000e1b50000)
  to   space 1344K,   0% used [0x00000000e18b0000, 0x00000000e18b0000, 0x00000000e1a00000)
 tenured generation   total 27120K, used 19373K [0x00000000eb400000, 0x00000000ece7c000, 0x0000000100000000)
   the space 27120K,  71% used [0x00000000eb400000, 0x00000000ec6eb6a0, 0x00000000ec6eb800, 0x00000000ece7c000)
 Metaspace       used 21132K, capacity 22680K, committed 22832K, reserved 1069056K
  class space    used 2975K, capacity 3260K, committed 3376K, reserved 1048576K
}
Event: 1142,239 GC heap before
{Heap before GC invocations=12 (full 1):
 def new generation   total 12288K, used 11290K [0x00000000e0e00000, 0x00000000e1b50000, 0x00000000eb400000)
  eden space 10944K, 100% used [0x00000000e0e00000, 0x00000000e18b0000, 0x00000000e18b0000)
  from space 1344K,  25% used [0x00000000e1a00000, 0x00000000e1a56930, 0x00000000e1b50000)
  to   space 1344K,   0% used [0x00000000e18b0000, 0x00000000e18b0000, 0x00000000e1a00000)
 tenured generation   total 27120K, used 19373K [0x00000000eb400000, 0x00000000ece7c000, 0x0000000100000000)
   the space 27120K,  71% used [0x00000000eb400000, 0x00000000ec6eb6a0, 0x00000000ec6eb800, 0x00000000ece7c000)
 Metaspace       used 21132K, capacity 22680K, committed 22832K, reserved 1069056K
  class space    used 2975K, capacity 3260K, committed 3376K, reserved 1048576K
Event: 1142,241 GC heap after
Heap after GC invocations=13 (full 1):
 def new generation   total 12288K, used 217K [0x00000000e0e00000, 0x00000000e1b50000, 0x00000000eb400000)
  eden space 10944K,   0% used [0x00000000e0e00000, 0x00000000e0e00000, 0x00000000e18b0000)
  from space 1344K,  16% used [0x00000000e18b0000, 0x00000000e18e6790, 0x00000000e1a00000)
  to   space 1344K,   0% used [0x00000000e1a00000, 0x00000000e1a00000, 0x00000000e1b50000)
 tenured generation   total 27120K, used 19373K [0x00000000eb400000, 0x00000000ece7c000, 0x0000000100000000)
   the space 27120K,  71% used [0x00000000eb400000, 0x00000000ec6eb6a0, 0x00000000ec6eb800, 0x00000000ece7c000)
 Metaspace       used 21132K, capacity 22680K, committed 22832K, reserved 1069056K
  class space    used 2975K, capacity 3260K, committed 3376K, reserved 1048576K
}
Event: 1376,588 GC heap before
{Heap before GC invocations=13 (full 1):
 def new generation   total 12288K, used 11161K [0x00000000e0e00000, 0x00000000e1b50000, 0x00000000eb400000)
  eden space 10944K, 100% used [0x00000000e0e00000, 0x00000000e18b0000, 0x00000000e18b0000)
  from space 1344K,  16% used [0x00000000e18b0000, 0x00000000e18e6790, 0x00000000e1a00000)
  to   space 1344K,   0% used [0x00000000e1a00000, 0x00000000e1a00000, 0x00000000e1b50000)
 tenured generation   total 27120K, used 19373K [0x00000000eb400000, 0x00000000ece7c000, 0x0000000100000000)
   the space 27120K,  71% used [0x00000000eb400000, 0x00000000ec6eb6a0, 0x00000000ec6eb800, 0x00000000ece7c000)
 Metaspace       used 21134K, capacity 22680K, committed 22832K, reserved 1069056K
  class space    used 2976K, capacity 3260K, committed 3376K, reserved 1048576K
Event: 1376,590 GC heap after
Heap after GC invocations=14 (full 1):
 def new generation   total 12288K, used 218K [0x00000000e0e00000, 0x00000000e1b50000, 0x00000000eb400000)
  eden space 10944K,   0% used [0x00000000e0e00000, 0x00000000e0e00000, 0x00000000e18b0000)
  from space 1344K,  16% used [0x00000000e1a00000, 0x00000000e1a36bf0, 0x00000000e1b50000)
  to   space 1344K,   0% used [0x00000000e18b0000, 0x00000000e18b0000, 0x00000000e1a00000)
 tenured generation   total 27120K, used 19373K [0x00000000eb400000, 0x00000000ece7c000, 0x0000000100000000)
   the space 27120K,  71% used [0x00000000eb400000, 0x00000000ec6eb6a0, 0x00000000ec6eb800, 0x00000000ece7c000)
 Metaspace       used 21134K, capacity 22680K, committed 22832K, reserved 1069056K
  class space    used 2976K, capacity 3260K, committed 3376K, reserved 1048576K
}

Deoptimization events (10 events):
Event: 20,605 Thread 0x00007f4a3c2a4800 Uncommon trap: reason=array_check action=maybe_recompile pc=0x00007f4a2d821ed0 method=com.sun.javafx.css.CompoundSelector.applies(Ljavafx/css/Styleable;[Ljava/util/Set;I)Z @ 128
Event: 20,605 Thread 0x00007f4a3c2a4800 Uncommon trap: reason=array_check action=maybe_recompile pc=0x00007f4a2d821ed0 method=com.sun.javafx.css.CompoundSelector.applies(Ljavafx/css/Styleable;[Ljava/util/Set;I)Z @ 128
Event: 20,606 Thread 0x00007f4a3c2a4800 Uncommon trap: reason=array_check action=maybe_recompile pc=0x00007f4a2d821ed0 method=com.sun.javafx.css.CompoundSelector.applies(Ljavafx/css/Styleable;[Ljava/util/Set;I)Z @ 128
Event: 20,606 Thread 0x00007f4a3c2a4800 Uncommon trap: reason=array_check action=maybe_recompile pc=0x00007f4a2d821ed0 method=com.sun.javafx.css.CompoundSelector.applies(Ljavafx/css/Styleable;[Ljava/util/Set;I)Z @ 128
Event: 20,814 Thread 0x00007f4a3c1c3800 Uncommon trap: reason=unstable_if action=reinterpret pc=0x00007f4a2d83e028 method=com.sun.pisces.GradientColorMap.getColorAA(I[I[I[I[I[I[I[I[I)I @ 29
Event: 25,376 Thread 0x00007f4a3c1c3800 Uncommon trap: reason=unstable_if action=reinterpret pc=0x00007f4a2d6bed64 method=com.sun.javafx.geom.RectBounds.isEmpty()Z @ 21
Event: 289,177 Thread 0x00007f4a3c2a4800 Uncommon trap: reason=unstable_if action=reinterpret pc=0x00007f4a2da592b4 method=com.sun.scenario.animation.shared.InfiniteClipEnvelope.timePulse(J)V @ 245
Event: 1369,292 Thread 0x00007f4a3c2a0800 Uncommon trap: reason=class_check action=maybe_recompile pc=0x00007f4a2da864d4 method=com.sun.glass.ui.InvokeLaterDispatcher.run()V @ 9
Event: 1377,314 Thread 0x00007f4a3c1c3800 Uncommon trap: reason=unstable_if action=reinterpret pc=0x00007f4a2da6a1e0 method=java.util.concurrent.locks.AbstractQueuedSynchronizer$ConditionObject.checkInterruptWhileWaiting(Ljava/util/concurrent/locks/AbstractQueuedSynchronizer$Node;)I @ 3
Event: 1377,314 Thread 0x00007f4a20007000 Uncommon trap: reason=unstable_if action=reinterpret pc=0x00007f4a2da48558 method=java.util.concurrent.locks.ReentrantLock$Sync.tryRelease(I)Z @ 28

Internal exceptions (10 events):
Event: 0,508 Thread 0x00007f4a3c00a000 Exception <a 'java/lang/NoSuchFieldError': method resolution failed> (0x00000000e0fbbbf0) thrown at [/HUDSON3/workspace/8-2-build-linux-amd64/jdk8u111/7883/hotspot/src/share/vm/prims/methodHandles.cpp, line 1146]
Event: 0,582 Thread 0x00007f4a3c00a000 Exception <a 'java/security/PrivilegedActionException'> (0x00000000e1044f78) thrown at [/HUDSON3/workspace/8-2-build-linux-amd64/jdk8u111/7883/hotspot/src/share/vm/prims/jvm.cpp, line 1386]
Event: 0,582 Thread 0x00007f4a3c00a000 Exception <a 'java/security/PrivilegedActionException'> (0x00000000e1045188) thrown at [/HUDSON3/workspace/8-2-build-linux-amd64/jdk8u111/7883/hotspot/src/share/vm/prims/jvm.cpp, line 1386]
Event: 0,584 Thread 0x00007f4a3c00a000 Exception <a 'java/security/PrivilegedActionException'> (0x00000000e1047488) thrown at [/HUDSON3/workspace/8-2-build-linux-amd64/jdk8u111/7883/hotspot/src/share/vm/prims/jvm.cpp, line 1386]
Event: 0,584 Thread 0x00007f4a3c00a000 Exception <a 'java/security/PrivilegedActionException'> (0x00000000e1047698) thrown at [/HUDSON3/workspace/8-2-build-linux-amd64/jdk8u111/7883/hotspot/src/share/vm/prims/jvm.cpp, line 1386]
Event: 0,584 Thread 0x00007f4a3c00a000 Exception <a 'java/lang/NullPointerException'> (0x00000000e1047c70) thrown at [/HUDSON3/workspace/8-2-build-linux-amd64/jdk8u111/7883/hotspot/src/share/vm/interpreter/linkResolver.cpp, line 1178]
Event: 1,893 Thread 0x00007f4a3c2a4800 Exception <a 'java/lang/NullPointerException'> (0x00000000e12cba88) thrown at [/HUDSON3/workspace/8-2-build-linux-amd64/jdk8u111/7883/hotspot/src/share/vm/interpreter/linkResolver.cpp, line 1178]
Event: 1,893 Thread 0x00007f4a3c2a4800 Exception <a 'java/lang/NullPointerException'> (0x00000000e12cba88) thrown at [/HUDSON3/workspace/8-2-build-linux-amd64/jdk8u111/7883/hotspot/src/share/vm/prims/jvm.cpp, line 1390]
Event: 11,924 Thread 0x00007f4a3c2a4800 Implicit null exception at 0x00007f4a2d4979d1 to 0x00007f4a2d497f19
Event: 1377,315 Thread 0x00007f4a20007000 Exception <a 'java/lang/IllegalStateException'> (0x00000000e0e3d198) thrown at [/HUDSON3/workspace/8-2-build-linux-amd64/jdk8u111/7883/hotspot/src/share/vm/prims/jvm.cpp, line 1390]

Events (10 events):
Event: 1377,314 Thread 0x00007f4a3c1c3800 DEOPT PACKING pc=0x00007f4a2da6a1e0 sp=0x00007f4a41182640
Event: 1377,314 Thread 0x00007f4a3c1c3800 DEOPT UNPACKING pc=0x00007f4a2d005229 sp=0x00007f4a411825c0 mode 2
Event: 1377,314 Thread 0x00007f4a20007000 Uncommon trap: trap_request=0xffffff65 fr.pc=0x00007f4a2da48558
Event: 1377,314 Thread 0x00007f4a20007000 DEOPT PACKING pc=0x00007f4a2da48558 sp=0x00007f49ff748960
Event: 1377,314 Thread 0x00007f4a20007000 DEOPT UNPACKING pc=0x00007f4a2d005229 sp=0x00007f49ff748908 mode 2
Event: 1377,315 Thread 0x00007f4a3c1c3800 Thread exited: 0x00007f4a3c1c3800
Event: 1377,315 loading class com/sun/javafx/tk/quantum/QuantumToolkit
Event: 1377,315 loading class com/sun/javafx/tk/quantum/QuantumToolkit done
Event: 1377,320 Thread 0x00007f4a3c0d5000 Thread exited: 0x00007f4a3c0d5000
Event: 1377,321 Executing VM operation: Exit


Dynamic libraries:
00400000-00401000 r-xp 00000000 08:01 695664                             /usr/local/jdk1.8.0_111/jre/bin/java
00600000-00601000 rw-p 00000000 08:01 695664                             /usr/local/jdk1.8.0_111/jre/bin/java
0199e000-019bf000 rw-p 00000000 00:00 0                                  [heap]
e0e00000-e1b50000 rw-p 00000000 00:00 0 
e1b50000-eb400000 ---p 00000000 00:00 0 
eb400000-ece7c000 rw-p 00000000 00:00 0 
ece7c000-100000000 ---p 00000000 00:00 0 
100000000-10034c000 rw-p 00000000 00:00 0 
10034c000-140000000 ---p 00000000 00:00 0 
7f49ff64a000-7f49ff64d000 ---p 00000000 00:00 0 
7f49ff64d000-7f49ff74b000 rw-p 00000000 00:00 0 
7f49ff74b000-7f49ff74e000 ---p 00000000 00:00 0 
7f49ff74e000-7f49ff84c000 rw-p 00000000 00:00 0 
7f49ff84c000-7f49ff84f000 ---p 00000000 00:00 0 
7f49ff84f000-7f49ff94d000 rw-p 00000000 00:00 0 
7f49ff94d000-7f49ffa4d000 rw-p 00000000 00:00 0 
7f49ffa4d000-7f49ffb4d000 ---p 00000000 00:00 0 
7f49ffb4d000-7f49ffb5d000 r-xp 00000000 08:01 695359                     /usr/local/jdk1.8.0_111/jre/lib/amd64/libdecora_sse.so
7f49ffb5d000-7f49ffd5c000 ---p 00010000 08:01 695359                     /usr/local/jdk1.8.0_111/jre/lib/amd64/libdecora_sse.so
7f49ffd5c000-7f49ffd5d000 rw-p 0000f000 08:01 695359                     /usr/local/jdk1.8.0_111/jre/lib/amd64/libdecora_sse.so
7f49ffd5d000-7f49fff5d000 rw-p 00000000 00:00 0 
7f49fff5d000-7f49fff70000 r--s 00345000 08:01 695368                     /usr/local/jdk1.8.0_111/jre/lib/resources.jar
7f49fff70000-7f4a0001d000 r--p 00000000 08:01 1052079                    /usr/share/fonts/truetype/dejavu/DejaVuSans-Bold.ttf
7f4a0001d000-7f4a00020000 ---p 00000000 00:00 0 
7f4a00020000-7f4a0011e000 rw-p 00000000 00:00 0 
7f4a0011e000-7f4a001d7000 r--p 00000000 08:01 1052080                    /usr/share/fonts/truetype/dejavu/DejaVuSans.ttf
7f4a001d7000-7f4a0022c000 r--p 00000000 08:01 695240                     /usr/local/jdk1.8.0_111/jre/lib/fonts/LucidaBrightRegular.ttf
7f4a0022c000-7f4a0023f000 r--p 00000000 08:01 695233                     /usr/local/jdk1.8.0_111/jre/lib/fonts/LucidaBrightDemiBold.ttf
7f4a0023f000-7f4a002ea000 r--p 00000000 08:01 695278                     /usr/local/jdk1.8.0_111/jre/lib/fonts/LucidaSansRegular.ttf
7f4a002ea000-7f4a00326000 r--p 00000000 08:01 695217                     /usr/local/jdk1.8.0_111/jre/lib/fonts/LucidaTypewriterRegular.ttf
7f4a00326000-7f4a00374000 r--p 00000000 08:01 695263                     /usr/local/jdk1.8.0_111/jre/lib/fonts/LucidaSansDemiBold.ttf
7f4a00374000-7f4a003ae000 r--p 00000000 08:01 695232                     /usr/local/jdk1.8.0_111/jre/lib/fonts/LucidaTypewriterBold.ttf
7f4a003ae000-7f4a003b2000 r-xp 00000000 08:01 695239                     /usr/local/jdk1.8.0_111/jre/lib/amd64/libjavafx_font_pango.so
7f4a003b2000-7f4a005b1000 ---p 00004000 08:01 695239                     /usr/local/jdk1.8.0_111/jre/lib/amd64/libjavafx_font_pango.so
7f4a005b1000-7f4a005b2000 rw-p 00003000 08:01 695239                     /usr/local/jdk1.8.0_111/jre/lib/amd64/libjavafx_font_pango.so
7f4a005b2000-7f4a007b2000 rw-p 00000000 00:00 0 
7f4a007b2000-7f4a009b2000 rw-p 00000000 00:00 0 
7f4a009b2000-7f4a00bb2000 rw-p 00000000 00:00 0 
7f4a00bb2000-7f4a00bb7000 r-xp 00000000 08:01 695221                     /usr/local/jdk1.8.0_111/jre/lib/amd64/libjavafx_font_freetype.so
7f4a00bb7000-7f4a00db6000 ---p 00005000 08:01 695221                     /usr/local/jdk1.8.0_111/jre/lib/amd64/libjavafx_font_freetype.so
7f4a00db6000-7f4a00db7000 rw-p 00004000 08:01 695221                     /usr/local/jdk1.8.0_111/jre/lib/amd64/libjavafx_font_freetype.so
7f4a00db7000-7f4a00dba000 r-xp 00000000 08:01 695339                     /usr/local/jdk1.8.0_111/jre/lib/amd64/libjavafx_font.so
7f4a00dba000-7f4a00fb9000 ---p 00003000 08:01 695339                     /usr/local/jdk1.8.0_111/jre/lib/amd64/libjavafx_font.so
7f4a00fb9000-7f4a00fba000 rw-p 00002000 08:01 695339                     /usr/local/jdk1.8.0_111/jre/lib/amd64/libjavafx_font.so
7f4a00fba000-7f4a00fbd000 ---p 00000000 00:00 0 
7f4a00fbd000-7f4a010bb000 rw-p 00000000 00:00 0 
7f4a010bb000-7f4a012bb000 rw-p 00000000 00:00 0 
7f4a012bb000-7f4a012d1000 r-xp 00000000 08:01 695504                     /usr/local/jdk1.8.0_111/jre/lib/amd64/libnet.so
7f4a012d1000-7f4a014d1000 ---p 00016000 08:01 695504                     /usr/local/jdk1.8.0_111/jre/lib/amd64/libnet.so
7f4a014d1000-7f4a014d2000 rw-p 00016000 08:01 695504                     /usr/local/jdk1.8.0_111/jre/lib/amd64/libnet.so
7f4a014d2000-7f4a014d5000 ---p 00000000 00:00 0 
7f4a014d5000-7f4a015d3000 rw-p 00000000 00:00 0 
7f4a015d3000-7f4a015d6000 ---p 00000000 00:00 0 
7f4a015d6000-7f4a016d4000 rw-p 00000000 00:00 0 
7f4a016d4000-7f4a016db000 r-xp 00000000 08:01 669767                     /usr/lib/x86_64-linux-gnu/libogg.so.0.8.2
7f4a016db000-7f4a018db000 ---p 00007000 08:01 669767                     /usr/lib/x86_64-linux-gnu/libogg.so.0.8.2
7f4a018db000-7f4a018dc000 r--p 00007000 08:01 669767                     /usr/lib/x86_64-linux-gnu/libogg.so.0.8.2
7f4a018dc000-7f4a018dd000 rw-p 00008000 08:01 669767                     /usr/lib/x86_64-linux-gnu/libogg.so.0.8.2
7f4a018dd000-7f4a01907000 r-xp 00000000 08:01 671056                     /usr/lib/x86_64-linux-gnu/libvorbis.so.0.4.8
7f4a01907000-7f4a01b07000 ---p 0002a000 08:01 671056                     /usr/lib/x86_64-linux-gnu/libvorbis.so.0.4.8
7f4a01b07000-7f4a01b08000 r--p 0002a000 08:01 671056                     /usr/lib/x86_64-linux-gnu/libvorbis.so.0.4.8
7f4a01b08000-7f4a01b09000 rw-p 0002b000 08:01 671056                     /usr/lib/x86_64-linux-gnu/libvorbis.so.0.4.8
7f4a01b09000-7f4a01b12000 r-xp 00000000 08:01 669429                     /usr/lib/x86_64-linux-gnu/libltdl.so.7.3.1
7f4a01b12000-7f4a01d11000 ---p 00009000 08:01 669429                     /usr/lib/x86_64-linux-gnu/libltdl.so.7.3.1
7f4a01d11000-7f4a01d12000 r--p 00008000 08:01 669429                     /usr/lib/x86_64-linux-gnu/libltdl.so.7.3.1
7f4a01d12000-7f4a01d13000 rw-p 00009000 08:01 669429                     /usr/lib/x86_64-linux-gnu/libltdl.so.7.3.1
7f4a01d13000-7f4a01d28000 r-xp 00000000 08:01 671426                     /usr/lib/x86_64-linux-gnu/libtdb.so.1.3.11
7f4a01d28000-7f4a01f27000 ---p 00015000 08:01 671426                     /usr/lib/x86_64-linux-gnu/libtdb.so.1.3.11
7f4a01f27000-7f4a01f28000 r--p 00014000 08:01 671426                     /usr/lib/x86_64-linux-gnu/libtdb.so.1.3.11
7f4a01f28000-7f4a01f29000 rw-p 00015000 08:01 671426                     /usr/lib/x86_64-linux-gnu/libtdb.so.1.3.11
7f4a01f29000-7f4a01f31000 r-xp 00000000 08:01 671752                     /usr/lib/x86_64-linux-gnu/libvorbisfile.so.3.3.7
7f4a01f31000-7f4a02130000 ---p 00008000 08:01 671752                     /usr/lib/x86_64-linux-gnu/libvorbisfile.so.3.3.7
7f4a02130000-7f4a02131000 r--p 00007000 08:01 671752                     /usr/lib/x86_64-linux-gnu/libvorbisfile.so.3.3.7
7f4a02131000-7f4a02132000 rw-p 00008000 08:01 671752                     /usr/lib/x86_64-linux-gnu/libvorbisfile.so.3.3.7
7f4a02132000-7f4a02143000 r-xp 00000000 08:01 672494                     /usr/lib/x86_64-linux-gnu/libcanberra.so.0.2.5
7f4a02143000-7f4a02342000 ---p 00011000 08:01 672494                     /usr/lib/x86_64-linux-gnu/libcanberra.so.0.2.5
7f4a02342000-7f4a02343000 r--p 00010000 08:01 672494                     /usr/lib/x86_64-linux-gnu/libcanberra.so.0.2.5
7f4a02343000-7f4a02344000 rw-p 00011000 08:01 672494                     /usr/lib/x86_64-linux-gnu/libcanberra.so.0.2.5
7f4a02344000-7f4a02348000 r-xp 00000000 08:01 694037                     /usr/lib/x86_64-linux-gnu/libcanberra-gtk.so.0.1.9
7f4a02348000-7f4a02547000 ---p 00004000 08:01 694037                     /usr/lib/x86_64-linux-gnu/libcanberra-gtk.so.0.1.9
7f4a02547000-7f4a02548000 r--p 00003000 08:01 694037                     /usr/lib/x86_64-linux-gnu/libcanberra-gtk.so.0.1.9
7f4a02548000-7f4a02549000 rw-p 00004000 08:01 694037                     /usr/lib/x86_64-linux-gnu/libcanberra-gtk.so.0.1.9
7f4a02549000-7f4a0254e000 r-xp 00000000 08:01 694046                     /usr/lib/x86_64-linux-gnu/gtk-2.0/modules/libcanberra-gtk-module.so
7f4a0254e000-7f4a0274d000 ---p 00005000 08:01 694046                     /usr/lib/x86_64-linux-gnu/gtk-2.0/modules/libcanberra-gtk-module.so
7f4a0274d000-7f4a0274e000 r--p 00004000 08:01 694046                     /usr/lib/x86_64-linux-gnu/gtk-2.0/modules/libcanberra-gtk-module.so
7f4a0274e000-7f4a0274f000 rw-p 00005000 08:01 694046                     /usr/lib/x86_64-linux-gnu/gtk-2.0/modules/libcanberra-gtk-module.so
7f4a0274f000-7f4a02759000 r-xp 00000000 08:01 685592                     /usr/lib/x86_64-linux-gnu/gtk-2.0/2.10.0/engines/libpixmap.so
7f4a02759000-7f4a02958000 ---p 0000a000 08:01 685592                     /usr/lib/x86_64-linux-gnu/gtk-2.0/2.10.0/engines/libpixmap.so
7f4a02958000-7f4a02959000 r--p 00009000 08:01 685592                     /usr/lib/x86_64-linux-gnu/gtk-2.0/2.10.0/engines/libpixmap.so
7f4a02959000-7f4a0295a000 rw-p 0000a000 08:01 685592                     /usr/lib/x86_64-linux-gnu/gtk-2.0/2.10.0/engines/libpixmap.so
7f4a0295a000-7f4a0295c000 r-xp 00000000 08:01 681226                     /usr/lib/x86_64-linux-gnu/gtk-2.0/2.10.0/engines/libadwaita.so
7f4a0295c000-7f4a02b5c000 ---p 00002000 08:01 681226                     /usr/lib/x86_64-linux-gnu/gtk-2.0/2.10.0/engines/libadwaita.so
7f4a02b5c000-7f4a02b5d000 r--p 00002000 08:01 681226                     /usr/lib/x86_64-linux-gnu/gtk-2.0/2.10.0/engines/libadwaita.so
7f4a02b5d000-7f4a02b5e000 rw-p 00003000 08:01 681226                     /usr/lib/x86_64-linux-gnu/gtk-2.0/2.10.0/engines/libadwaita.so
7f4a02b5e000-7f4a02b6f000 r-xp 00000000 08:01 656284                     /usr/lib/x86_64-linux-gnu/liblz4.so.1.7.1
7f4a02b6f000-7f4a02d6e000 ---p 00011000 08:01 656284                     /usr/lib/x86_64-linux-gnu/liblz4.so.1.7.1
7f4a02d6e000-7f4a02d6f000 r--p 00010000 08:01 656284                     /usr/lib/x86_64-linux-gnu/liblz4.so.1.7.1
7f4a02d6f000-7f4a02d70000 rw-p 00011000 08:01 656284                     /usr/lib/x86_64-linux-gnu/liblz4.so.1.7.1
7f4a02d70000-7f4a02d95000 r-xp 00000000 08:01 917549                     /lib/x86_64-linux-gnu/liblzma.so.5.2.2
7f4a02d95000-7f4a02f94000 ---p 00025000 08:01 917549                     /lib/x86_64-linux-gnu/liblzma.so.5.2.2
7f4a02f94000-7f4a02f95000 r--p 00024000 08:01 917549                     /lib/x86_64-linux-gnu/liblzma.so.5.2.2
7f4a02f95000-7f4a02f96000 rw-p 00025000 08:01 917549                     /lib/x86_64-linux-gnu/liblzma.so.5.2.2
7f4a02f96000-7f4a02fc3000 r-xp 00000000 08:01 670721                     /usr/lib/x86_64-linux-gnu/libatk-bridge-2.0.so.0.0.0
7f4a02fc3000-7f4a031c2000 ---p 0002d000 08:01 670721                     /usr/lib/x86_64-linux-gnu/libatk-bridge-2.0.so.0.0.0
7f4a031c2000-7f4a031c3000 r--p 0002c000 08:01 670721                     /usr/lib/x86_64-linux-gnu/libatk-bridge-2.0.so.0.0.0
7f4a031c3000-7f4a031c5000 rw-p 0002d000 08:01 670721                     /usr/lib/x86_64-linux-gnu/libatk-bridge-2.0.so.0.0.0
7f4a031c5000-7f4a03212000 r-xp 00000000 08:01 918153                     /lib/x86_64-linux-gnu/libdbus-1.so.3.14.15
7f4a03212000-7f4a03412000 ---p 0004d000 08:01 918153                     /lib/x86_64-linux-gnu/libdbus-1.so.3.14.15
7f4a03412000-7f4a03414000 r--p 0004d000 08:01 918153                     /lib/x86_64-linux-gnu/libdbus-1.so.3.14.15
7f4a03414000-7f4a03415000 rw-p 0004f000 08:01 918153                     /lib/x86_64-linux-gnu/libdbus-1.so.3.14.15
7f4a03415000-7f4a03442000 r-xp 00000000 08:01 670716                     /usr/lib/x86_64-linux-gnu/libatspi.so.0.0.1
7f4a03442000-7f4a03642000 ---p 0002d000 08:01 670716                     /usr/lib/x86_64-linux-gnu/libatspi.so.0.0.1
7f4a03642000-7f4a03645000 r--p 0002d000 08:01 670716                     /usr/lib/x86_64-linux-gnu/libatspi.so.0.0.1
7f4a03645000-7f4a03646000 rw-p 00030000 08:01 670716                     /usr/lib/x86_64-linux-gnu/libatspi.so.0.0.1
7f4a03646000-7f4a03647000 r-xp 00000000 08:01 673122                     /usr/lib/x86_64-linux-gnu/gtk-2.0/modules/libatk-bridge.so
7f4a03647000-7f4a03846000 ---p 00001000 08:01 673122                     /usr/lib/x86_64-linux-gnu/gtk-2.0/modules/libatk-bridge.so
7f4a03846000-7f4a03847000 r--p 00000000 08:01 673122                     /usr/lib/x86_64-linux-gnu/gtk-2.0/modules/libatk-bridge.so
7f4a03847000-7f4a03848000 rw-p 00001000 08:01 673122                     /usr/lib/x86_64-linux-gnu/gtk-2.0/modules/libatk-bridge.so
7f4a03848000-7f4a0384f000 r-xp 00000000 08:01 685951                     /usr/lib/x86_64-linux-gnu/libgailutil.so.18.0.1
7f4a0384f000-7f4a03a4e000 ---p 00007000 08:01 685951                     /usr/lib/x86_64-linux-gnu/libgailutil.so.18.0.1
7f4a03a4e000-7f4a03a4f000 r--p 00006000 08:01 685951                     /usr/lib/x86_64-linux-gnu/libgailutil.so.18.0.1
7f4a03a4f000-7f4a03a50000 rw-p 00007000 08:01 685951                     /usr/lib/x86_64-linux-gnu/libgailutil.so.18.0.1
7f4a03a50000-7f4a03a9f000 r-xp 00000000 08:01 685954                     /usr/lib/x86_64-linux-gnu/gtk-2.0/modules/libgail.so
7f4a03a9f000-7f4a03c9e000 ---p 0004f000 08:01 685954                     /usr/lib/x86_64-linux-gnu/gtk-2.0/modules/libgail.so
7f4a03c9e000-7f4a03c9f000 r--p 0004e000 08:01 685954                     /usr/lib/x86_64-linux-gnu/gtk-2.0/modules/libgail.so
7f4a03c9f000-7f4a03ca1000 rw-p 0004f000 08:01 685954                     /usr/lib/x86_64-linux-gnu/gtk-2.0/modules/libgail.so
7f4a03ca1000-7f4a03cca000 r-xp 00000000 08:01 695456                     /usr/local/jdk1.8.0_111/jre/lib/amd64/libglass.so
7f4a03cca000-7f4a03ec9000 ---p 00029000 08:01 695456                     /usr/local/jdk1.8.0_111/jre/lib/amd64/libglass.so
7f4a03ec9000-7f4a03ecc000 rw-p 00028000 08:01 695456                     /usr/local/jdk1.8.0_111/jre/lib/amd64/libglass.so
7f4a03ecc000-7f4a03edb000 r-xp 00000000 08:01 695401                     /usr/local/jdk1.8.0_111/jre/lib/amd64/libprism_sw.so
7f4a03edb000-7f4a040db000 ---p 0000f000 08:01 695401                     /usr/local/jdk1.8.0_111/jre/lib/amd64/libprism_sw.so
7f4a040db000-7f4a040dc000 rw-p 0000f000 08:01 695401                     /usr/local/jdk1.8.0_111/jre/lib/amd64/libprism_sw.so
7f4a040dc000-7f4a04114000 r-xp 00000000 08:01 690820                     /usr/lib/x86_64-linux-gnu/s2tc/libtxc_dxtn.so
7f4a04114000-7f4a04314000 ---p 00038000 08:01 690820                     /usr/lib/x86_64-linux-gnu/s2tc/libtxc_dxtn.so
7f4a04314000-7f4a04315000 r--p 00038000 08:01 690820                     /usr/lib/x86_64-linux-gnu/s2tc/libtxc_dxtn.so
7f4a04315000-7f4a04316000 rw-p 00039000 08:01 690820                     /usr/lib/x86_64-linux-gnu/s2tc/libtxc_dxtn.so
7f4a04316000-7f4a04338000 r-xp 00000000 08:01 917586                     /lib/x86_64-linux-gnu/libncurses.so.5.9
7f4a04338000-7f4a04537000 ---p 00022000 08:01 917586                     /lib/x86_64-linux-gnu/libncurses.so.5.9
7f4a04537000-7f4a04538000 r--p 00021000 08:01 917586                     /lib/x86_64-linux-gnu/libncurses.so.5.9
7f4a04538000-7f4a04539000 rw-p 00022000 08:01 917586                     /lib/x86_64-linux-gnu/libncurses.so.5.9
7f4a04539000-7f4a0455f000 r-xp 00000000 08:01 917559                     /lib/x86_64-linux-gnu/libtinfo.so.5.9
7f4a0455f000-7f4a0475e000 ---p 00026000 08:01 917559                     /lib/x86_64-linux-gnu/libtinfo.so.5.9
7f4a0475e000-7f4a04762000 r--p 00025000 08:01 917559                     /lib/x86_64-linux-gnu/libtinfo.so.5.9
7f4a04762000-7f4a04763000 rw-p 00029000 08:01 917559                     /lib/x86_64-linux-gnu/libtinfo.so.5.9
7f4a04763000-7f4a04794000 r-xp 00000000 08:01 664325                     /usr/lib/x86_64-linux-gnu/libedit.so.2.0.55
7f4a04794000-7f4a04994000 ---p 00031000 08:01 664325                     /usr/lib/x86_64-linux-gnu/libedit.so.2.0.55
7f4a04994000-7f4a04996000 r--p 00031000 08:01 664325                     /usr/lib/x86_64-linux-gnu/libedit.so.2.0.55
7f4a04996000-7f4a04997000 rw-p 00033000 08:01 664325                     /usr/lib/x86_64-linux-gnu/libedit.so.2.0.55
7f4a04997000-7f4a0499b000 rw-p 00000000 00:00 0 
7f4a0499b000-7f4a049ae000 r-xp 00000000 08:01 917556                     /lib/x86_64-linux-gnu/libgpg-error.so.0.21.0
7f4a049ae000-7f4a04bad000 ---p 00013000 08:01 917556                     /lib/x86_64-linux-gnu/libgpg-error.so.0.21.0
7f4a04bad000-7f4a04bae000 r--p 00012000 08:01 917556                     /lib/x86_64-linux-gnu/libgpg-error.so.0.21.0
7f4a04bae000-7f4a04baf000 rw-p 00013000 08:01 917556                     /lib/x86_64-linux-gnu/libgpg-error.so.0.21.0
7f4a04baf000-7f4a07477000 r-xp 00000000 08:01 685958                     /usr/lib/x86_64-linux-gnu/libLLVM-3.9.so.1
7f4a07477000-7f4a07766000 r--p 028c7000 08:01 685958                     /usr/lib/x86_64-linux-gnu/libLLVM-3.9.so.1
7f4a07766000-7f4a0778b000 rw-p 02bb6000 08:01 685958                     /usr/lib/x86_64-linux-gnu/libLLVM-3.9.so.1
7f4a0778b000-7f4a077cf000 rw-p 00000000 00:00 0 
7f4a077cf000-7f4a077e6000 r-xp 00000000 08:01 659984                     /usr/lib/x86_64-linux-gnu/libelf-0.168.so
7f4a077e6000-7f4a079e5000 ---p 00017000 08:01 659984                     /usr/lib/x86_64-linux-gnu/libelf-0.168.so
7f4a079e5000-7f4a079e6000 r--p 00016000 08:01 659984                     /usr/lib/x86_64-linux-gnu/libelf-0.168.so
7f4a079e6000-7f4a079e7000 rw-p 00017000 08:01 659984                     /usr/lib/x86_64-linux-gnu/libelf-0.168.so
7f4a079e7000-7f4a079f0000 r-xp 00000000 08:01 685769                     /usr/lib/x86_64-linux-gnu/libdrm_amdgpu.so.1.0.0
7f4a079f0000-7f4a07bef000 ---p 00009000 08:01 685769                     /usr/lib/x86_64-linux-gnu/libdrm_amdgpu.so.1.0.0
7f4a07bef000-7f4a07bf0000 r--p 00008000 08:01 685769                     /usr/lib/x86_64-linux-gnu/libdrm_amdgpu.so.1.0.0
7f4a07bf0000-7f4a07bf1000 rw-p 00009000 08:01 685769                     /usr/lib/x86_64-linux-gnu/libdrm_amdgpu.so.1.0.0
7f4a07bf1000-7f4a07bfc000 r-xp 00000000 08:01 685774                     /usr/lib/x86_64-linux-gnu/libdrm_radeon.so.1.0.1
7f4a07bfc000-7f4a07dfb000 ---p 0000b000 08:01 685774                     /usr/lib/x86_64-linux-gnu/libdrm_radeon.so.1.0.1
7f4a07dfb000-7f4a07dfc000 r--p 0000a000 08:01 685774                     /usr/lib/x86_64-linux-gnu/libdrm_radeon.so.1.0.1
7f4a07dfc000-7f4a07dfd000 rw-p 0000b000 08:01 685774                     /usr/lib/x86_64-linux-gnu/libdrm_radeon.so.1.0.1
7f4a07dfd000-7f4a07e04000 r-xp 00000000 08:01 685771                     /usr/lib/x86_64-linux-gnu/libdrm_nouveau.so.2.0.0
7f4a07e04000-7f4a08003000 ---p 00007000 08:01 685771                     /usr/lib/x86_64-linux-gnu/libdrm_nouveau.so.2.0.0
7f4a08003000-7f4a08004000 r--p 00006000 08:01 685771                     /usr/lib/x86_64-linux-gnu/libdrm_nouveau.so.2.0.0
7f4a08004000-7f4a08005000 rw-p 00007000 08:01 685771                     /usr/lib/x86_64-linux-gnu/libdrm_nouveau.so.2.0.0
7f4a08005000-7f4a08013000 r-xp 00000000 08:01 685965                     /usr/lib/x86_64-linux-gnu/libsensors.so.4.4.0
7f4a08013000-7f4a08212000 ---p 0000e000 08:01 685965                     /usr/lib/x86_64-linux-gnu/libsensors.so.4.4.0
7f4a08212000-7f4a08213000 r--p 0000d000 08:01 685965                     /usr/lib/x86_64-linux-gnu/libsensors.so.4.4.0
7f4a08213000-7f4a08214000 rw-p 0000e000 08:01 685965                     /usr/lib/x86_64-linux-gnu/libsensors.so.4.4.0
7f4a08214000-7f4a0831b000 r-xp 00000000 08:01 917619                     /lib/x86_64-linux-gnu/libgcrypt.so.20.1.6
7f4a0831b000-7f4a0851b000 ---p 00107000 08:01 917619                     /lib/x86_64-linux-gnu/libgcrypt.so.20.1.6
7f4a0851b000-7f4a0851d000 r--p 00107000 08:01 917619                     /lib/x86_64-linux-gnu/libgcrypt.so.20.1.6
7f4a0851d000-7f4a08524000 rw-p 00109000 08:01 917619                     /lib/x86_64-linux-gnu/libgcrypt.so.20.1.6
7f4a08524000-7f4a08e60000 r-xp 00000000 08:01 685974                     /usr/lib/x86_64-linux-gnu/dri/swrast_dri.so
7f4a08e60000-7f4a0905f000 ---p 0093c000 08:01 685974                     /usr/lib/x86_64-linux-gnu/dri/swrast_dri.so
7f4a0905f000-7f4a0909a000 r--p 0093b000 08:01 685974                     /usr/lib/x86_64-linux-gnu/dri/swrast_dri.so
7f4a0909a000-7f4a090a6000 rw-p 00976000 08:01 685974                     /usr/lib/x86_64-linux-gnu/dri/swrast_dri.so
7f4a090a6000-7f4a0929d000 rw-p 00000000 00:00 0 
7f4a0929d000-7f4a092b0000 r-xp 00000000 08:01 918030                     /lib/x86_64-linux-gnu/libbsd.so.0.8.3
7f4a092b0000-7f4a094b0000 ---p 00013000 08:01 918030                     /lib/x86_64-linux-gnu/libbsd.so.0.8.3
7f4a094b0000-7f4a094b1000 r--p 00013000 08:01 918030                     /lib/x86_64-linux-gnu/libbsd.so.0.8.3
7f4a094b1000-7f4a094b2000 rw-p 00014000 08:01 918030                     /lib/x86_64-linux-gnu/libbsd.so.0.8.3
7f4a094b2000-7f4a094b3000 rw-p 00000000 00:00 0 
7f4a094b3000-7f4a094b7000 r-xp 00000000 08:01 917609                     /lib/x86_64-linux-gnu/libuuid.so.1.3.0
7f4a094b7000-7f4a096b6000 ---p 00004000 08:01 917609                     /lib/x86_64-linux-gnu/libuuid.so.1.3.0
7f4a096b6000-7f4a096b7000 r--p 00003000 08:01 917609                     /lib/x86_64-linux-gnu/libuuid.so.1.3.0
7f4a096b7000-7f4a096b8000 rw-p 00004000 08:01 917609                     /lib/x86_64-linux-gnu/libuuid.so.1.3.0
7f4a096b8000-7f4a096bf000 r-xp 00000000 08:01 668650                     /usr/lib/x86_64-linux-gnu/libdatrie.so.1.3.3
7f4a096bf000-7f4a098be000 ---p 00007000 08:01 668650                     /usr/lib/x86_64-linux-gnu/libdatrie.so.1.3.3
7f4a098be000-7f4a098bf000 r--p 00006000 08:01 668650                     /usr/lib/x86_64-linux-gnu/libdatrie.so.1.3.3
7f4a098bf000-7f4a098c0000 rw-p 00007000 08:01 668650                     /usr/lib/x86_64-linux-gnu/libdatrie.so.1.3.3
7f4a098c0000-7f4a098c5000 r-xp 00000000 08:01 666430                     /usr/lib/x86_64-linux-gnu/libXdmcp.so.6.0.0
7f4a098c5000-7f4a09ac4000 ---p 00005000 08:01 666430                     /usr/lib/x86_64-linux-gnu/libXdmcp.so.6.0.0
7f4a09ac4000-7f4a09ac5000 r--p 00004000 08:01 666430                     /usr/lib/x86_64-linux-gnu/libXdmcp.so.6.0.0
7f4a09ac5000-7f4a09ac6000 rw-p 00005000 08:01 666430                     /usr/lib/x86_64-linux-gnu/libXdmcp.so.6.0.0
7f4a09ac6000-7f4a09ac9000 r-xp 00000000 08:01 663492                     /usr/lib/x86_64-linux-gnu/libXau.so.6.0.0
7f4a09ac9000-7f4a09cc8000 ---p 00003000 08:01 663492                     /usr/lib/x86_64-linux-gnu/libXau.so.6.0.0
7f4a09cc8000-7f4a09cc9000 r--p 00002000 08:01 663492                     /usr/lib/x86_64-linux-gnu/libXau.so.6.0.0
7f4a09cc9000-7f4a09cca000 rw-p 00003000 08:01 663492                     /usr/lib/x86_64-linux-gnu/libXau.so.6.0.0
7f4a09cca000-7f4a09cf5000 r-xp 00000000 08:01 668656                     /usr/lib/x86_64-linux-gnu/libgraphite2.so.3.0.1
7f4a09cf5000-7f4a09ef4000 ---p 0002b000 08:01 668656                     /usr/lib/x86_64-linux-gnu/libgraphite2.so.3.0.1
7f4a09ef4000-7f4a09ef6000 r--p 0002a000 08:01 668656                     /usr/lib/x86_64-linux-gnu/libgraphite2.so.3.0.1
7f4a09ef6000-7f4a09ef7000 rw-p 0002c000 08:01 668656                     /usr/lib/x86_64-linux-gnu/libgraphite2.so.3.0.1
7f4a09ef7000-7f4a09f38000 r-xp 00000000 08:01 917603                     /lib/x86_64-linux-gnu/libblkid.so.1.1.0
7f4a09f38000-7f4a0a137000 ---p 00041000 08:01 917603                     /lib/x86_64-linux-gnu/libblkid.so.1.1.0
7f4a0a137000-7f4a0a13b000 r--p 00040000 08:01 917603                     /lib/x86_64-linux-gnu/libblkid.so.1.1.0
7f4a0a13b000-7f4a0a13c000 rw-p 00044000 08:01 917603                     /lib/x86_64-linux-gnu/libblkid.so.1.1.0
7f4a0a13c000-7f4a0a13d000 rw-p 00000000 00:00 0 
7f4a0a13d000-7f4a0a14b000 r-xp 00000000 08:01 669796                     /usr/lib/x86_64-linux-gnu/libdrm.so.2.4.0
7f4a0a14b000-7f4a0a34b000 ---p 0000e000 08:01 669796                     /usr/lib/x86_64-linux-gnu/libdrm.so.2.4.0
7f4a0a34b000-7f4a0a34c000 r--p 0000e000 08:01 669796                     /usr/lib/x86_64-linux-gnu/libdrm.so.2.4.0
7f4a0a34c000-7f4a0a34d000 rw-p 0000f000 08:01 669796                     /usr/lib/x86_64-linux-gnu/libdrm.so.2.4.0
7f4a0a34d000-7f4a0a351000 r-xp 00000000 08:01 669822                     /usr/lib/x86_64-linux-gnu/libxcb-dri2.so.0.0.0
7f4a0a351000-7f4a0a550000 ---p 00004000 08:01 669822                     /usr/lib/x86_64-linux-gnu/libxcb-dri2.so.0.0.0
7f4a0a550000-7f4a0a551000 r--p 00003000 08:01 669822                     /usr/lib/x86_64-linux-gnu/libxcb-dri2.so.0.0.0
7f4a0a551000-7f4a0a552000 rw-p 00004000 08:01 669822                     /usr/lib/x86_64-linux-gnu/libxcb-dri2.so.0.0.0
7f4a0a552000-7f4a0a56a000 r-xp 00000000 08:01 669879                     /usr/lib/x86_64-linux-gnu/libxcb-glx.so.0.0.0
7f4a0a56a000-7f4a0a76a000 ---p 00018000 08:01 669879                     /usr/lib/x86_64-linux-gnu/libxcb-glx.so.0.0.0
7f4a0a76a000-7f4a0a76c000 r--p 00018000 08:01 669879                     /usr/lib/x86_64-linux-gnu/libxcb-glx.so.0.0.0
7f4a0a76c000-7f4a0a76d000 rw-p 0001a000 08:01 669879                     /usr/lib/x86_64-linux-gnu/libxcb-glx.so.0.0.0
7f4a0a76d000-7f4a0a76e000 r-xp 00000000 08:01 669179                     /usr/lib/x86_64-linux-gnu/libX11-xcb.so.1.0.0
7f4a0a76e000-7f4a0a96d000 ---p 00001000 08:01 669179                     /usr/lib/x86_64-linux-gnu/libX11-xcb.so.1.0.0
7f4a0a96d000-7f4a0a96e000 r--p 00000000 08:01 669179                     /usr/lib/x86_64-linux-gnu/libX11-xcb.so.1.0.0
7f4a0a96e000-7f4a0a96f000 rw-p 00001000 08:01 669179                     /usr/lib/x86_64-linux-gnu/libX11-xcb.so.1.0.0
7f4a0a96f000-7f4a0a999000 r-xp 00000000 08:01 669869                     /usr/lib/x86_64-linux-gnu/libglapi.so.0.0.0
7f4a0a999000-7f4a0ab98000 ---p 0002a000 08:01 669869                     /usr/lib/x86_64-linux-gnu/libglapi.so.0.0.0
7f4a0ab98000-7f4a0ab9c000 r--p 00029000 08:01 669869                     /usr/lib/x86_64-linux-gnu/libglapi.so.0.0.0
7f4a0ab9c000-7f4a0ab9d000 rw-p 0002d000 08:01 669869                     /usr/lib/x86_64-linux-gnu/libglapi.so.0.0.0
7f4a0ab9d000-7f4a0ab9e000 rw-p 00000000 00:00 0 
7f4a0ab9e000-7f4a0ab9f000 r-xp 00000000 08:01 669852                     /usr/lib/x86_64-linux-gnu/libxshmfence.so.1.0.0
7f4a0ab9f000-7f4a0ad9e000 ---p 00001000 08:01 669852                     /usr/lib/x86_64-linux-gnu/libxshmfence.so.1.0.0
7f4a0ad9e000-7f4a0ad9f000 r--p 00000000 08:01 669852                     /usr/lib/x86_64-linux-gnu/libxshmfence.so.1.0.0
7f4a0ad9f000-7f4a0ada0000 rw-p 00001000 08:01 669852                     /usr/lib/x86_64-linux-gnu/libxshmfence.so.1.0.0
7f4a0ada0000-7f4a0ada6000 r-xp 00000000 08:01 669840                     /usr/lib/x86_64-linux-gnu/libxcb-sync.so.1.0.0
7f4a0ada6000-7f4a0afa5000 ---p 00006000 08:01 669840                     /usr/lib/x86_64-linux-gnu/libxcb-sync.so.1.0.0
7f4a0afa5000-7f4a0afa6000 r--p 00005000 08:01 669840                     /usr/lib/x86_64-linux-gnu/libxcb-sync.so.1.0.0
7f4a0afa6000-7f4a0afa7000 rw-p 00006000 08:01 669840                     /usr/lib/x86_64-linux-gnu/libxcb-sync.so.1.0.0
7f4a0afa7000-7f4a0afa9000 r-xp 00000000 08:01 669834                     /usr/lib/x86_64-linux-gnu/libxcb-present.so.0.0.0
7f4a0afa9000-7f4a0b1a8000 ---p 00002000 08:01 669834                     /usr/lib/x86_64-linux-gnu/libxcb-present.so.0.0.0
7f4a0b1a8000-7f4a0b1a9000 r--p 00001000 08:01 669834                     /usr/lib/x86_64-linux-gnu/libxcb-present.so.0.0.0
7f4a0b1a9000-7f4a0b1aa000 rw-p 00002000 08:01 669834                     /usr/lib/x86_64-linux-gnu/libxcb-present.so.0.0.0
7f4a0b1aa000-7f4a0b1ac000 r-xp 00000000 08:01 669828                     /usr/lib/x86_64-linux-gnu/libxcb-dri3.so.0.0.0
7f4a0b1ac000-7f4a0b3ab000 ---p 00002000 08:01 669828                     /usr/lib/x86_64-linux-gnu/libxcb-dri3.so.0.0.0
7f4a0b3ab000-7f4a0b3ac000 r--p 00001000 08:01 669828                     /usr/lib/x86_64-linux-gnu/libxcb-dri3.so.0.0.0
7f4a0b3ac000-7f4a0b3ad000 rw-p 00002000 08:01 669828                     /usr/lib/x86_64-linux-gnu/libxcb-dri3.so.0.0.0
7f4a0b3ad000-7f4a0b41f000 r-xp 00000000 08:01 917541                     /lib/x86_64-linux-gnu/libpcre.so.3.13.3
7f4a0b41f000-7f4a0b61e000 ---p 00072000 08:01 917541                     /lib/x86_64-linux-gnu/libpcre.so.3.13.3
7f4a0b61e000-7f4a0b61f000 r--p 00071000 08:01 917541                     /lib/x86_64-linux-gnu/libpcre.so.3.13.3
7f4a0b61f000-7f4a0b620000 rw-p 00072000 08:01 917541                     /lib/x86_64-linux-gnu/libpcre.so.3.13.3
7f4a0b620000-7f4a0b627000 r-xp 00000000 08:01 659846                     /usr/lib/x86_64-linux-gnu/libffi.so.6.0.4
7f4a0b627000-7f4a0b827000 ---p 00007000 08:01 659846                     /usr/lib/x86_64-linux-gnu/libffi.so.6.0.4
7f4a0b827000-7f4a0b828000 r--p 00007000 08:01 659846                     /usr/lib/x86_64-linux-gnu/libffi.so.6.0.4
7f4a0b828000-7f4a0b829000 rw-p 00008000 08:01 659846                     /usr/lib/x86_64-linux-gnu/libffi.so.6.0.4
7f4a0b829000-7f4a0b850000 r-xp 00000000 08:01 917507                     /lib/x86_64-linux-gnu/libexpat.so.1.6.2
7f4a0b850000-7f4a0ba50000 ---p 00027000 08:01 917507                     /lib/x86_64-linux-gnu/libexpat.so.1.6.2
7f4a0ba50000-7f4a0ba52000 r--p 00027000 08:01 917507                     /lib/x86_64-linux-gnu/libexpat.so.1.6.2
7f4a0ba52000-7f4a0ba53000 rw-p 00029000 08:01 917507                     /lib/x86_64-linux-gnu/libexpat.so.1.6.2
7f4a0ba53000-7f4a0ba5b000 r-xp 00000000 08:01 668652                     /usr/lib/x86_64-linux-gnu/libthai.so.0.3.0
7f4a0ba5b000-7f4a0bc5b000 ---p 00008000 08:01 668652                     /usr/lib/x86_64-linux-gnu/libthai.so.0.3.0
7f4a0bc5b000-7f4a0bc5c000 r--p 00008000 08:01 668652                     /usr/lib/x86_64-linux-gnu/libthai.so.0.3.0
7f4a0bc5c000-7f4a0bc5d000 rw-p 00009000 08:01 668652                     /usr/lib/x86_64-linux-gnu/libthai.so.0.3.0
7f4a0bc5d000-7f4a0bc69000 r-xp 00000000 08:01 668624                     /usr/lib/x86_64-linux-gnu/libxcb-render.so.0.0.0
7f4a0bc69000-7f4a0be69000 ---p 0000c000 08:01 668624                     /usr/lib/x86_64-linux-gnu/libxcb-render.so.0.0.0
7f4a0be69000-7f4a0be6a000 r--p 0000c000 08:01 668624                     /usr/lib/x86_64-linux-gnu/libxcb-render.so.0.0.0
7f4a0be6a000-7f4a0be6b000 rw-p 0000d000 08:01 668624                     /usr/lib/x86_64-linux-gnu/libxcb-render.so.0.0.0
7f4a0be6b000-7f4a0be92000 r-xp 00000000 08:01 666432                     /usr/lib/x86_64-linux-gnu/libxcb.so.1.1.0
7f4a0be92000-7f4a0c091000 ---p 00027000 08:01 666432                     /usr/lib/x86_64-linux-gnu/libxcb.so.1.1.0
7f4a0c091000-7f4a0c092000 r--p 00026000 08:01 666432                     /usr/lib/x86_64-linux-gnu/libxcb.so.1.1.0
7f4a0c092000-7f4a0c093000 rw-p 00027000 08:01 666432                     /usr/lib/x86_64-linux-gnu/libxcb.so.1.1.0
7f4a0c093000-7f4a0c095000 r-xp 00000000 08:01 668626                     /usr/lib/x86_64-linux-gnu/libxcb-shm.so.0.0.0
7f4a0c095000-7f4a0c295000 ---p 00002000 08:01 668626                     /usr/lib/x86_64-linux-gnu/libxcb-shm.so.0.0.0
7f4a0c295000-7f4a0c296000 r--p 00002000 08:01 668626                     /usr/lib/x86_64-linux-gnu/libxcb-shm.so.0.0.0
7f4a0c296000-7f4a0c297000 rw-p 00003000 08:01 668626                     /usr/lib/x86_64-linux-gnu/libxcb-shm.so.0.0.0
7f4a0c297000-7f4a0c335000 r-xp 00000000 08:01 668621                     /usr/lib/x86_64-linux-gnu/libpixman-1.so.0.34.0
7f4a0c335000-7f4a0c535000 ---p 0009e000 08:01 668621                     /usr/lib/x86_64-linux-gnu/libpixman-1.so.0.34.0
7f4a0c535000-7f4a0c53d000 r--p 0009e000 08:01 668621                     /usr/lib/x86_64-linux-gnu/libpixman-1.so.0.34.0
7f4a0c53d000-7f4a0c53e000 rw-p 000a6000 08:01 668621                     /usr/lib/x86_64-linux-gnu/libpixman-1.so.0.34.0
7f4a0c53e000-7f4a0c56f000 r-xp 00000000 08:01 661657                     /usr/lib/x86_64-linux-gnu/libpng16.so.16.28.0
7f4a0c56f000-7f4a0c76f000 ---p 00031000 08:01 661657                     /usr/lib/x86_64-linux-gnu/libpng16.so.16.28.0
7f4a0c76f000-7f4a0c770000 r--p 00031000 08:01 661657                     /usr/lib/x86_64-linux-gnu/libpng16.so.16.28.0
7f4a0c770000-7f4a0c771000 rw-p 00032000 08:01 661657                     /usr/lib/x86_64-linux-gnu/libpng16.so.16.28.0
7f4a0c771000-7f4a0c804000 r-xp 00000000 08:01 668660                     /usr/lib/x86_64-linux-gnu/libharfbuzz.so.0.10400.2
7f4a0c804000-7f4a0ca03000 ---p 00093000 08:01 668660                     /usr/lib/x86_64-linux-gnu/libharfbuzz.so.0.10400.2
7f4a0ca03000-7f4a0ca05000 r--p 00092000 08:01 668660                     /usr/lib/x86_64-linux-gnu/libharfbuzz.so.0.10400.2
7f4a0ca05000-7f4a0ca06000 rw-p 00094000 08:01 668660                     /usr/lib/x86_64-linux-gnu/libharfbuzz.so.0.10400.2
7f4a0ca06000-7f4a0ca50000 r-xp 00000000 08:01 917672                     /lib/x86_64-linux-gnu/libmount.so.1.1.0
7f4a0ca50000-7f4a0cc50000 ---p 0004a000 08:01 917672                     /lib/x86_64-linux-gnu/libmount.so.1.1.0
7f4a0cc50000-7f4a0cc51000 r--p 0004a000 08:01 917672                     /lib/x86_64-linux-gnu/libmount.so.1.1.0
7f4a0cc51000-7f4a0cc52000 rw-p 0004b000 08:01 917672                     /lib/x86_64-linux-gnu/libmount.so.1.1.0
7f4a0cc52000-7f4a0cc54000 rw-p 00000000 00:00 0 
7f4a0cc54000-7f4a0cc68000 r-xp 00000000 08:01 921411                     /lib/x86_64-linux-gnu/libresolv-2.24.so
7f4a0cc68000-7f4a0ce67000 ---p 00014000 08:01 921411                     /lib/x86_64-linux-gnu/libresolv-2.24.so
7f4a0ce67000-7f4a0ce68000 r--p 00013000 08:01 921411                     /lib/x86_64-linux-gnu/libresolv-2.24.so
7f4a0ce68000-7f4a0ce69000 rw-p 00014000 08:01 921411                     /lib/x86_64-linux-gnu/libresolv-2.24.so
7f4a0ce69000-7f4a0ce6b000 rw-p 00000000 00:00 0 
7f4a0ce6b000-7f4a0ce90000 r-xp 00000000 08:01 917585                     /lib/x86_64-linux-gnu/libselinux.so.1
7f4a0ce90000-7f4a0d08f000 ---p 00025000 08:01 917585                     /lib/x86_64-linux-gnu/libselinux.so.1
7f4a0d08f000-7f4a0d090000 r--p 00024000 08:01 917585                     /lib/x86_64-linux-gnu/libselinux.so.1
7f4a0d090000-7f4a0d091000 rw-p 00025000 08:01 917585                     /lib/x86_64-linux-gnu/libselinux.so.1
7f4a0d091000-7f4a0d093000 rw-p 00000000 00:00 0 
7f4a0d093000-7f4a0d0ac000 r-xp 00000000 08:01 917596                     /lib/x86_64-linux-gnu/libz.so.1.2.8
7f4a0d0ac000-7f4a0d2ab000 ---p 00019000 08:01 917596                     /lib/x86_64-linux-gnu/libz.so.1.2.8
7f4a0d2ab000-7f4a0d2ac000 r--p 00018000 08:01 917596                     /lib/x86_64-linux-gnu/libz.so.1.2.8
7f4a0d2ac000-7f4a0d2ad000 rw-p 00019000 08:01 917596                     /lib/x86_64-linux-gnu/libz.so.1.2.8
7f4a0d2ad000-7f4a0d2be000 r-xp 00000000 08:01 666439                     /usr/lib/x86_64-linux-gnu/libXext.so.6.4.0
7f4a0d2be000-7f4a0d4bd000 ---p 00011000 08:01 666439                     /usr/lib/x86_64-linux-gnu/libXext.so.6.4.0
7f4a0d4bd000-7f4a0d4be000 r--p 00010000 08:01 666439                     /usr/lib/x86_64-linux-gnu/libXext.so.6.4.0
7f4a0d4be000-7f4a0d4bf000 rw-p 00011000 08:01 666439                     /usr/lib/x86_64-linux-gnu/libXext.so.6.4.0
7f4a0d4bf000-7f4a0d4c9000 r-xp 00000000 08:01 669140                     /usr/lib/x86_64-linux-gnu/libXcursor.so.1.0.2
7f4a0d4c9000-7f4a0d6c8000 ---p 0000a000 08:01 669140                     /usr/lib/x86_64-linux-gnu/libXcursor.so.1.0.2
7f4a0d6c8000-7f4a0d6c9000 r--p 00009000 08:01 669140                     /usr/lib/x86_64-linux-gnu/libXcursor.so.1.0.2
7f4a0d6c9000-7f4a0d6ca000 rw-p 0000a000 08:01 669140                     /usr/lib/x86_64-linux-gnu/libXcursor.so.1.0.2
7f4a0d6ca000-7f4a0d6d4000 r-xp 00000000 08:01 668380                     /usr/lib/x86_64-linux-gnu/libXrandr.so.2.2.0
7f4a0d6d4000-7f4a0d8d3000 ---p 0000a000 08:01 668380                     /usr/lib/x86_64-linux-gnu/libXrandr.so.2.2.0
7f4a0d8d3000-7f4a0d8d4000 r--p 00009000 08:01 668380                     /usr/lib/x86_64-linux-gnu/libXrandr.so.2.2.0
7f4a0d8d4000-7f4a0d8d5000 rw-p 0000a000 08:01 668380                     /usr/lib/x86_64-linux-gnu/libXrandr.so.2.2.0
7f4a0d8d5000-7f4a0d8e4000 r-xp 00000000 08:01 669144                     /usr/lib/x86_64-linux-gnu/libXi.so.6.1.0
7f4a0d8e4000-7f4a0dae3000 ---p 0000f000 08:01 669144                     /usr/lib/x86_64-linux-gnu/libXi.so.6.1.0
7f4a0dae3000-7f4a0dae4000 r--p 0000e000 08:01 669144                     /usr/lib/x86_64-linux-gnu/libXi.so.6.1.0
7f4a0dae4000-7f4a0dae5000 rw-p 0000f000 08:01 669144                     /usr/lib/x86_64-linux-gnu/libXi.so.6.1.0
7f4a0dae5000-7f4a0dae7000 r-xp 00000000 08:01 668367                     /usr/lib/x86_64-linux-gnu/libXinerama.so.1.0.0
7f4a0dae7000-7f4a0dce6000 ---p 00002000 08:01 668367                     /usr/lib/x86_64-linux-gnu/libXinerama.so.1.0.0
7f4a0dce6000-7f4a0dce7000 r--p 00001000 08:01 668367                     /usr/lib/x86_64-linux-gnu/libXinerama.so.1.0.0
7f4a0dce7000-7f4a0dce8000 rw-p 00002000 08:01 668367                     /usr/lib/x86_64-linux-gnu/libXinerama.so.1.0.0
7f4a0dce8000-7f4a0dcf1000 r-xp 00000000 08:01 668374                     /usr/lib/x86_64-linux-gnu/libXrender.so.1.3.0
7f4a0dcf1000-7f4a0def0000 ---p 00009000 08:01 668374                     /usr/lib/x86_64-linux-gnu/libXrender.so.1.3.0
7f4a0def0000-7f4a0def1000 r--p 00008000 08:01 668374                     /usr/lib/x86_64-linux-gnu/libXrender.so.1.3.0
7f4a0def1000-7f4a0def2000 rw-p 00009000 08:01 668374                     /usr/lib/x86_64-linux-gnu/libXrender.so.1.3.0
7f4a0def2000-7f4a0def7000 r-xp 00000000 08:01 669138                     /usr/lib/x86_64-linux-gnu/libXfixes.so.3.1.0
7f4a0def7000-7f4a0e0f6000 ---p 00005000 08:01 669138                     /usr/lib/x86_64-linux-gnu/libXfixes.so.3.1.0
7f4a0e0f6000-7f4a0e0f7000 r--p 00004000 08:01 669138                     /usr/lib/x86_64-linux-gnu/libXfixes.so.3.1.0
7f4a0e0f7000-7f4a0e0f8000 rw-p 00005000 08:01 669138                     /usr/lib/x86_64-linux-gnu/libXfixes.so.3.1.0
7f4a0e0f8000-7f4a0e0fa000 r-xp 00000000 08:01 669142                     /usr/lib/x86_64-linux-gnu/libXdamage.so.1.1.0
7f4a0e0fa000-7f4a0e2f9000 ---p 00002000 08:01 669142                     /usr/lib/x86_64-linux-gnu/libXdamage.so.1.1.0
7f4a0e2f9000-7f4a0e2fa000 r--p 00001000 08:01 669142                     /usr/lib/x86_64-linux-gnu/libXdamage.so.1.1.0
7f4a0e2fa000-7f4a0e2fb000 rw-p 00002000 08:01 669142                     /usr/lib/x86_64-linux-gnu/libXdamage.so.1.1.0
7f4a0e2fb000-7f4a0e2fd000 r-xp 00000000 08:01 669136                     /usr/lib/x86_64-linux-gnu/libXcomposite.so.1.0.0
7f4a0e2fd000-7f4a0e4fc000 ---p 00002000 08:01 669136                     /usr/lib/x86_64-linux-gnu/libXcomposite.so.1.0.0
7f4a0e4fc000-7f4a0e4fd000 r--p 00001000 08:01 669136                     /usr/lib/x86_64-linux-gnu/libXcomposite.so.1.0.0
7f4a0e4fd000-7f4a0e4fe000 rw-p 00002000 08:01 669136                     /usr/lib/x86_64-linux-gnu/libXcomposite.so.1.0.0
7f4a0e4fe000-7f4a0e514000 r-xp 00000000 08:01 917611                     /lib/x86_64-linux-gnu/libgcc_s.so.1
7f4a0e514000-7f4a0e713000 ---p 00016000 08:01 917611                     /lib/x86_64-linux-gnu/libgcc_s.so.1
7f4a0e713000-7f4a0e714000 r--p 00015000 08:01 917611                     /lib/x86_64-linux-gnu/libgcc_s.so.1
7f4a0e714000-7f4a0e715000 rw-p 00016000 08:01 917611                     /lib/x86_64-linux-gnu/libgcc_s.so.1
7f4a0e715000-7f4a0e887000 r-xp 00000000 08:01 655369                     /usr/lib/x86_64-linux-gnu/libstdc++.so.6.0.22
7f4a0e887000-7f4a0ea87000 ---p 00172000 08:01 655369                     /usr/lib/x86_64-linux-gnu/libstdc++.so.6.0.22
7f4a0ea87000-7f4a0ea91000 r--p 00172000 08:01 655369                     /usr/lib/x86_64-linux-gnu/libstdc++.so.6.0.22
7f4a0ea91000-7f4a0ea93000 rw-p 0017c000 08:01 655369                     /usr/lib/x86_64-linux-gnu/libstdc++.so.6.0.22
7f4a0ea93000-7f4a0ea97000 rw-p 00000000 00:00 0 
7f4a0ea97000-7f4a0eb05000 r-xp 00000000 08:01 669885                     /usr/lib/x86_64-linux-gnu/libGL.so.1.2.0
7f4a0eb05000-7f4a0ed04000 ---p 0006e000 08:01 669885                     /usr/lib/x86_64-linux-gnu/libGL.so.1.2.0
7f4a0ed04000-7f4a0ed07000 r--p 0006d000 08:01 669885                     /usr/lib/x86_64-linux-gnu/libGL.so.1.2.0
7f4a0ed07000-7f4a0ed08000 rw-p 00070000 08:01 669885                     /usr/lib/x86_64-linux-gnu/libGL.so.1.2.0
7f4a0ed08000-7f4a0ed09000 rw-p 00000000 00:00 0 
7f4a0ed09000-7f4a0ed0e000 r-xp 00000000 08:01 668388                     /usr/lib/x86_64-linux-gnu/libXxf86vm.so.1.0.0
7f4a0ed0e000-7f4a0ef0d000 ---p 00005000 08:01 668388                     /usr/lib/x86_64-linux-gnu/libXxf86vm.so.1.0.0
7f4a0ef0d000-7f4a0ef0e000 r--p 00004000 08:01 668388                     /usr/lib/x86_64-linux-gnu/libXxf86vm.so.1.0.0
7f4a0ef0e000-7f4a0ef0f000 rw-p 00005000 08:01 668388                     /usr/lib/x86_64-linux-gnu/libXxf86vm.so.1.0.0
7f4a0ef0f000-7f4a0f049000 r-xp 00000000 08:01 666436                     /usr/lib/x86_64-linux-gnu/libX11.so.6.3.0
7f4a0f049000-7f4a0f249000 ---p 0013a000 08:01 666436                     /usr/lib/x86_64-linux-gnu/libX11.so.6.3.0
7f4a0f249000-7f4a0f24a000 r--p 0013a000 08:01 666436                     /usr/lib/x86_64-linux-gnu/libX11.so.6.3.0
7f4a0f24a000-7f4a0f24f000 rw-p 0013b000 08:01 666436                     /usr/lib/x86_64-linux-gnu/libX11.so.6.3.0
7f4a0f24f000-7f4a0f254000 r-xp 00000000 08:01 670989                     /usr/lib/x86_64-linux-gnu/libXtst.so.6.1.0
7f4a0f254000-7f4a0f453000 ---p 00005000 08:01 670989                     /usr/lib/x86_64-linux-gnu/libXtst.so.6.1.0
7f4a0f453000-7f4a0f454000 r--p 00004000 08:01 670989                     /usr/lib/x86_64-linux-gnu/libXtst.so.6.1.0
7f4a0f454000-7f4a0f455000 rw-p 00005000 08:01 670989                     /usr/lib/x86_64-linux-gnu/libXtst.so.6.1.0
7f4a0f455000-7f4a0f567000 r-xp 00000000 08:01 919946                     /lib/x86_64-linux-gnu/libglib-2.0.so.0.5000.3
7f4a0f567000-7f4a0f766000 ---p 00112000 08:01 919946                     /lib/x86_64-linux-gnu/libglib-2.0.so.0.5000.3
7f4a0f766000-7f4a0f767000 r--p 00111000 08:01 919946                     /lib/x86_64-linux-gnu/libglib-2.0.so.0.5000.3
7f4a0f767000-7f4a0f768000 rw-p 00112000 08:01 919946                     /lib/x86_64-linux-gnu/libglib-2.0.so.0.5000.3
7f4a0f768000-7f4a0f769000 rw-p 00000000 00:00 0 
7f4a0f769000-7f4a0f76a000 r-xp 00000000 08:01 668086                     /usr/lib/x86_64-linux-gnu/libgthread-2.0.so.0.5000.3
7f4a0f76a000-7f4a0f969000 ---p 00001000 08:01 668086                     /usr/lib/x86_64-linux-gnu/libgthread-2.0.so.0.5000.3
7f4a0f969000-7f4a0f96a000 r--p 00000000 08:01 668086                     /usr/lib/x86_64-linux-gnu/libgthread-2.0.so.0.5000.3
7f4a0f96a000-7f4a0f96b000 rw-p 00001000 08:01 668086                     /usr/lib/x86_64-linux-gnu/libgthread-2.0.so.0.5000.3
7f4a0f96b000-7f4a0f96e000 r-xp 00000000 08:01 668084                     /usr/lib/x86_64-linux-gnu/libgmodule-2.0.so.0.5000.3
7f4a0f96e000-7f4a0fb6d000 ---p 00003000 08:01 668084                     /usr/lib/x86_64-linux-gnu/libgmodule-2.0.so.0.5000.3
7f4a0fb6d000-7f4a0fb6e000 r--p 00002000 08:01 668084                     /usr/lib/x86_64-linux-gnu/libgmodule-2.0.so.0.5000.3
7f4a0fb6e000-7f4a0fb6f000 rw-p 00003000 08:01 668084                     /usr/lib/x86_64-linux-gnu/libgmodule-2.0.so.0.5000.3
7f4a0fb6f000-7f4a0fbc1000 r-xp 00000000 08:01 668085                     /usr/lib/x86_64-linux-gnu/libgobject-2.0.so.0.5000.3
7f4a0fbc1000-7f4a0fdc0000 ---p 00052000 08:01 668085                     /usr/lib/x86_64-linux-gnu/libgobject-2.0.so.0.5000.3
7f4a0fdc0000-7f4a0fdc1000 r--p 00051000 08:01 668085                     /usr/lib/x86_64-linux-gnu/libgobject-2.0.so.0.5000.3
7f4a0fdc1000-7f4a0fdc2000 rw-p 00052000 08:01 668085                     /usr/lib/x86_64-linux-gnu/libgobject-2.0.so.0.5000.3
7f4a0fdc2000-7f4a0fdfe000 r-xp 00000000 08:01 668619                     /usr/lib/x86_64-linux-gnu/libfontconfig.so.1.8.0
7f4a0fdfe000-7f4a0fffd000 ---p 0003c000 08:01 668619                     /usr/lib/x86_64-linux-gnu/libfontconfig.so.1.8.0
7f4a0fffd000-7f4a0ffff000 r--p 0003b000 08:01 668619                     /usr/lib/x86_64-linux-gnu/libfontconfig.so.1.8.0
7f4a0ffff000-7f4a10000000 rw-p 0003d000 08:01 668619                     /usr/lib/x86_64-linux-gnu/libfontconfig.so.1.8.0
7f4a10000000-7f4a10757000 rw-p 00000000 00:00 0 
7f4a10757000-7f4a14000000 ---p 00000000 00:00 0 
7f4a14000000-7f4a142fb000 rw-p 00000000 00:00 0 
7f4a142fb000-7f4a18000000 ---p 00000000 00:00 0 
7f4a18000000-7f4a18021000 rw-p 00000000 00:00 0 
7f4a18021000-7f4a1c000000 ---p 00000000 00:00 0 
7f4a1c000000-7f4a1e10c000 rw-p 00000000 00:00 0 
7f4a1e10c000-7f4a20000000 ---p 00000000 00:00 0 
7f4a20000000-7f4a20021000 rw-p 00000000 00:00 0 
7f4a20021000-7f4a24000000 ---p 00000000 00:00 0 
7f4a24000000-7f4a24021000 rw-p 00000000 00:00 0 
7f4a24021000-7f4a28000000 ---p 00000000 00:00 0 
7f4a28000000-7f4a280a8000 rw-p 00000000 00:00 0 
7f4a280a8000-7f4a2c000000 ---p 00000000 00:00 0 
7f4a2c003000-7f4a2c017000 r--p 00000000 08:01 695261                     /usr/local/jdk1.8.0_111/jre/lib/fonts/LucidaBrightItalic.ttf
7f4a2c017000-7f4a2c02a000 r--p 00000000 08:01 695222                     /usr/local/jdk1.8.0_111/jre/lib/fonts/LucidaBrightDemiItalic.ttf
7f4a2c02a000-7f4a2c0d2000 r-xp 00000000 08:01 667835                     /usr/lib/x86_64-linux-gnu/libfreetype.so.6.12.3
7f4a2c0d2000-7f4a2c2d2000 ---p 000a8000 08:01 667835                     /usr/lib/x86_64-linux-gnu/libfreetype.so.6.12.3
7f4a2c2d2000-7f4a2c2d8000 r--p 000a8000 08:01 667835                     /usr/lib/x86_64-linux-gnu/libfreetype.so.6.12.3
7f4a2c2d8000-7f4a2c2d9000 rw-p 000ae000 08:01 667835                     /usr/lib/x86_64-linux-gnu/libfreetype.so.6.12.3
7f4a2c2d9000-7f4a2c322000 r-xp 00000000 08:01 668654                     /usr/lib/x86_64-linux-gnu/libpango-1.0.so.0.4000.5
7f4a2c322000-7f4a2c521000 ---p 00049000 08:01 668654                     /usr/lib/x86_64-linux-gnu/libpango-1.0.so.0.4000.5
7f4a2c521000-7f4a2c524000 r--p 00048000 08:01 668654                     /usr/lib/x86_64-linux-gnu/libpango-1.0.so.0.4000.5
7f4a2c524000-7f4a2c525000 rw-p 0004b000 08:01 668654                     /usr/lib/x86_64-linux-gnu/libpango-1.0.so.0.4000.5
7f4a2c525000-7f4a2c633000 r-xp 00000000 08:01 668628                     /usr/lib/x86_64-linux-gnu/libcairo.so.2.11400.8
7f4a2c633000-7f4a2c833000 ---p 0010e000 08:01 668628                     /usr/lib/x86_64-linux-gnu/libcairo.so.2.11400.8
7f4a2c833000-7f4a2c836000 r--p 0010e000 08:01 668628                     /usr/lib/x86_64-linux-gnu/libcairo.so.2.11400.8
7f4a2c836000-7f4a2c837000 rw-p 00111000 08:01 668628                     /usr/lib/x86_64-linux-gnu/libcairo.so.2.11400.8
7f4a2c837000-7f4a2c839000 rw-p 00000000 00:00 0 
7f4a2c839000-7f4a2c845000 r-xp 00000000 08:01 668664                     /usr/lib/x86_64-linux-gnu/libpangocairo-1.0.so.0.4000.5
7f4a2c845000-7f4a2ca44000 ---p 0000c000 08:01 668664                     /usr/lib/x86_64-linux-gnu/libpangocairo-1.0.so.0.4000.5
7f4a2ca44000-7f4a2ca45000 r--p 0000b000 08:01 668664                     /usr/lib/x86_64-linux-gnu/libpangocairo-1.0.so.0.4000.5
7f4a2ca45000-7f4a2ca46000 rw-p 0000c000 08:01 668664                     /usr/lib/x86_64-linux-gnu/libpangocairo-1.0.so.0.4000.5
7f4a2ca46000-7f4a2ca68000 r-xp 00000000 08:01 668614                     /usr/lib/x86_64-linux-gnu/libgdk_pixbuf-2.0.so.0.3600.5
7f4a2ca68000-7f4a2cc68000 ---p 00022000 08:01 668614                     /usr/lib/x86_64-linux-gnu/libgdk_pixbuf-2.0.so.0.3600.5
7f4a2cc68000-7f4a2cc69000 r--p 00022000 08:01 668614                     /usr/lib/x86_64-linux-gnu/libgdk_pixbuf-2.0.so.0.3600.5
7f4a2cc69000-7f4a2cc6a000 rw-p 00023000 08:01 668614                     /usr/lib/x86_64-linux-gnu/libgdk_pixbuf-2.0.so.0.3600.5
7f4a2cc6a000-7f4a2cdf7000 r-xp 00000000 08:01 668083                     /usr/lib/x86_64-linux-gnu/libgio-2.0.so.0.5000.3
7f4a2cdf7000-7f4a2cff7000 ---p 0018d000 08:01 668083                     /usr/lib/x86_64-linux-gnu/libgio-2.0.so.0.5000.3
7f4a2cff7000-7f4a2cffc000 r--p 0018d000 08:01 668083                     /usr/lib/x86_64-linux-gnu/libgio-2.0.so.0.5000.3
7f4a2cffc000-7f4a2cfff000 rw-p 00192000 08:01 668083                     /usr/lib/x86_64-linux-gnu/libgio-2.0.so.0.5000.3
7f4a2cfff000-7f4a2d000000 rw-p 00000000 00:00 0 
7f4a2d000000-7f4a2da90000 rwxp 00000000 00:00 0 
7f4a2da90000-7f4a3c000000 ---p 00000000 00:00 0 
7f4a3c000000-7f4a3c4ed000 rw-p 00000000 00:00 0 
7f4a3c4ed000-7f4a40000000 ---p 00000000 00:00 0 
7f4a40000000-7f4a40006000 r--p 00000000 08:01 668544                     /usr/share/locale/fr/LC_MESSAGES/gdk-pixbuf.mo
7f4a40006000-7f4a4000b000 r--s 00084000 08:01 695499                     /usr/local/jdk1.8.0_111/jre/lib/jfr.jar
7f4a4000b000-7f4a4000c000 r--s 00000000 08:01 428320                     /var/cache/fontconfig/087e1975ba9a574b140bb1df193bf770-le64.cache-4
7f4a4000c000-7f4a40017000 r--s 00000000 08:01 428319                     /var/cache/fontconfig/945677eb7aeaf62f1d50efc3fb3ec7d8-le64.cache-4
7f4a40017000-7f4a4001b000 r--s 00000000 08:01 435232                     /var/cache/fontconfig/de156ccd2eddbdc19d37a45b8b2aac9c-le64.cache-4
7f4a4001b000-7f4a4001d000 r--s 00000000 08:01 397149                     /var/cache/fontconfig/4794a0821666d79190d59a36cb4f44b5-le64.cache-4
7f4a4001d000-7f4a40023000 r--s 00000000 08:01 397944                     /var/cache/fontconfig/3047814df9a2f067bd2d96a2b9c36e5a-le64.cache-4
7f4a40023000-7f4a4002b000 r--s 00000000 08:01 397937                     /var/cache/fontconfig/bf3b770c553c462765856025a94f1ce6-le64.cache-4
7f4a4002b000-7f4a4002e000 r--s 00000000 08:01 428317                     /var/cache/fontconfig/e49e89034d371f0f9de17aab02136486-le64.cache-4
7f4a4002e000-7f4a40030000 r--s 00000000 08:01 428316                     /var/cache/fontconfig/4b14b093aebc79c320de5e86ae1d3314-le64.cache-4
7f4a40030000-7f4a40043000 r--s 00000000 08:01 428315                     /var/cache/fontconfig/d52a8644073d54c13679302ca1180695-le64.cache-4
7f4a40043000-7f4a4004f000 r--s 00000000 08:01 397928                     /var/cache/fontconfig/d589a48862398ed80a3d6066f4f56f4c-le64.cache-4
7f4a4004f000-7f4a40053000 r--s 00000000 08:01 428311                     /var/cache/fontconfig/246184dc75a16901ca37d96895904249-le64.cache-4
7f4a40053000-7f4a4006e000 r--s 0038e000 08:01 695324                     /usr/local/jdk1.8.0_111/jre/lib/ext/cldrdata.jar
7f4a4006e000-7f4a400f2000 r-xp 00000000 08:01 917790                     /lib/x86_64-linux-gnu/libsystemd.so.0.17.0
7f4a400f2000-7f4a400f3000 ---p 00084000 08:01 917790                     /lib/x86_64-linux-gnu/libsystemd.so.0.17.0
7f4a400f3000-7f4a400f6000 r--p 00084000 08:01 917790                     /lib/x86_64-linux-gnu/libsystemd.so.0.17.0
7f4a400f6000-7f4a400f7000 rw-p 00087000 08:01 917790                     /lib/x86_64-linux-gnu/libsystemd.so.0.17.0
7f4a400f7000-7f4a400f8000 rw-p 00000000 00:00 0 
7f4a400f8000-7f4a400f9000 r--s 00000000 08:01 428318                     /var/cache/fontconfig/0bd3dc0958fa2205aaaa8ebb13e2872b-le64.cache-4
7f4a400f9000-7f4a400fa000 r--s 00000000 08:01 428312                     /var/cache/fontconfig/8a687c406b77f27d99abfeeba937fcce-le64.cache-4
7f4a400fa000-7f4a40101000 r--s 00000000 08:01 428309                     /var/cache/fontconfig/53d14c92082a93e67d5078324eb314ca-le64.cache-4
7f4a40101000-7f4a4010b000 r--s 00115000 08:01 695287                     /usr/local/jdk1.8.0_111/jre/lib/ext/localedata.jar
7f4a4010b000-7f4a40112000 r--s 000b9000 08:01 809243                     /home/etudiant/Bureau/workspace/GSB-RV-DR/dist/run1174326448/lib/mysql-connector-java-5.1.15-bin.jar
7f4a40112000-7f4a4013d000 r--p 00000000 08:01 668988                     /usr/share/locale/fr/LC_MESSAGES/gtk20-properties.mo
7f4a4013d000-7f4a40151000 r-xp 00000000 08:01 668662                     /usr/lib/x86_64-linux-gnu/libpangoft2-1.0.so.0.4000.5
7f4a40151000-7f4a40351000 ---p 00014000 08:01 668662                     /usr/lib/x86_64-linux-gnu/libpangoft2-1.0.so.0.4000.5
7f4a40351000-7f4a40352000 r--p 00014000 08:01 668662                     /usr/lib/x86_64-linux-gnu/libpangoft2-1.0.so.0.4000.5
7f4a40352000-7f4a40353000 rw-p 00015000 08:01 668662                     /usr/lib/x86_64-linux-gnu/libpangoft2-1.0.so.0.4000.5
7f4a40353000-7f4a40376000 r-xp 00000000 08:01 668936                     /usr/lib/x86_64-linux-gnu/libatk-1.0.so.0.22209.1
7f4a40376000-7f4a40575000 ---p 00023000 08:01 668936                     /usr/lib/x86_64-linux-gnu/libatk-1.0.so.0.22209.1
7f4a40575000-7f4a40578000 r--p 00022000 08:01 668936                     /usr/lib/x86_64-linux-gnu/libatk-1.0.so.0.22209.1
7f4a40578000-7f4a40579000 rw-p 00025000 08:01 668936                     /usr/lib/x86_64-linux-gnu/libatk-1.0.so.0.22209.1
7f4a40579000-7f4a40629000 r-xp 00000000 08:01 669170                     /usr/lib/x86_64-linux-gnu/libgdk-x11-2.0.so.0.2400.31
7f4a40629000-7f4a40828000 ---p 000b0000 08:01 669170                     /usr/lib/x86_64-linux-gnu/libgdk-x11-2.0.so.0.2400.31
7f4a40828000-7f4a4082c000 r--p 000af000 08:01 669170                     /usr/lib/x86_64-linux-gnu/libgdk-x11-2.0.so.0.2400.31
7f4a4082c000-7f4a4082e000 rw-p 000b3000 08:01 669170                     /usr/lib/x86_64-linux-gnu/libgdk-x11-2.0.so.0.2400.31
7f4a4082e000-7f4a40c6a000 r-xp 00000000 08:01 669171                     /usr/lib/x86_64-linux-gnu/libgtk-x11-2.0.so.0.2400.31
7f4a40c6a000-7f4a40e69000 ---p 0043c000 08:01 669171                     /usr/lib/x86_64-linux-gnu/libgtk-x11-2.0.so.0.2400.31
7f4a40e69000-7f4a40e70000 r--p 0043b000 08:01 669171                     /usr/lib/x86_64-linux-gnu/libgtk-x11-2.0.so.0.2400.31
7f4a40e70000-7f4a40e74000 rw-p 00442000 08:01 669171                     /usr/lib/x86_64-linux-gnu/libgtk-x11-2.0.so.0.2400.31
7f4a40e74000-7f4a40e77000 rw-p 00000000 00:00 0 
7f4a40e77000-7f4a40e83000 r-xp 00000000 08:01 695371                     /usr/local/jdk1.8.0_111/jre/lib/amd64/libprism_es2.so
7f4a40e83000-7f4a41082000 ---p 0000c000 08:01 695371                     /usr/local/jdk1.8.0_111/jre/lib/amd64/libprism_es2.so
7f4a41082000-7f4a41083000 rw-p 0000b000 08:01 695371                     /usr/local/jdk1.8.0_111/jre/lib/amd64/libprism_es2.so
7f4a41083000-7f4a41086000 ---p 00000000 00:00 0 
7f4a41086000-7f4a41184000 rw-p 00000000 00:00 0 
7f4a41184000-7f4a4121a000 r--s 010fb000 08:01 695375                     /usr/local/jdk1.8.0_111/jre/lib/ext/jfxrt.jar
7f4a4121a000-7f4a4121b000 ---p 00000000 00:00 0 
7f4a4121b000-7f4a4131b000 rw-p 00000000 00:00 0 
7f4a4131b000-7f4a4131e000 ---p 00000000 00:00 0 
7f4a4131e000-7f4a4141c000 rw-p 00000000 00:00 0 
7f4a4141c000-7f4a4141f000 ---p 00000000 00:00 0 
7f4a4141f000-7f4a4151d000 rw-p 00000000 00:00 0 
7f4a4151d000-7f4a41520000 ---p 00000000 00:00 0 
7f4a41520000-7f4a4161e000 rw-p 00000000 00:00 0 
7f4a4161e000-7f4a41621000 ---p 00000000 00:00 0 
7f4a41621000-7f4a4171f000 rw-p 00000000 00:00 0 
7f4a4171f000-7f4a418ba000 r--p 00000000 08:01 659869                     /usr/lib/locale/locale-archive
7f4a418ba000-7f4a418bd000 ---p 00000000 00:00 0 
7f4a418bd000-7f4a419bb000 rw-p 00000000 00:00 0 
7f4a419bb000-7f4a419be000 ---p 00000000 00:00 0 
7f4a419be000-7f4a41abc000 rw-p 00000000 00:00 0 
7f4a41abc000-7f4a41abd000 ---p 00000000 00:00 0 
7f4a41abd000-7f4a41c0c000 rw-p 00000000 00:00 0 
7f4a41c0c000-7f4a41de4000 r--s 03d2a000 08:01 695642                     /usr/local/jdk1.8.0_111/jre/lib/rt.jar
7f4a41de4000-7f4a41eb5000 rw-p 00000000 00:00 0 
7f4a41eb5000-7f4a426b5000 rw-p 00000000 00:00 0 
7f4a426b5000-7f4a426bc000 rw-p 00000000 00:00 0 
7f4a426bc000-7f4a42708000 ---p 00000000 00:00 0 
7f4a42708000-7f4a42716000 rw-p 00000000 00:00 0 
7f4a42716000-7f4a427ae000 ---p 00000000 00:00 0 
7f4a427ae000-7f4a427da000 rw-p 00000000 00:00 0 
7f4a427da000-7f4a42b6f000 ---p 00000000 00:00 0 
7f4a42b6f000-7f4a42b89000 r-xp 00000000 08:01 695502                     /usr/local/jdk1.8.0_111/jre/lib/amd64/libzip.so
7f4a42b89000-7f4a42d89000 ---p 0001a000 08:01 695502                     /usr/local/jdk1.8.0_111/jre/lib/amd64/libzip.so
7f4a42d89000-7f4a42d8a000 rw-p 0001a000 08:01 695502                     /usr/local/jdk1.8.0_111/jre/lib/amd64/libzip.so
7f4a42d8a000-7f4a42d94000 r-xp 00000000 08:01 921405                     /lib/x86_64-linux-gnu/libnss_files-2.24.so
7f4a42d94000-7f4a42f94000 ---p 0000a000 08:01 921405                     /lib/x86_64-linux-gnu/libnss_files-2.24.so
7f4a42f94000-7f4a42f95000 r--p 0000a000 08:01 921405                     /lib/x86_64-linux-gnu/libnss_files-2.24.so
7f4a42f95000-7f4a42f96000 rw-p 0000b000 08:01 921405                     /lib/x86_64-linux-gnu/libnss_files-2.24.so
7f4a42f96000-7f4a42f9c000 rw-p 00000000 00:00 0 
7f4a42f9c000-7f4a42fa7000 r-xp 00000000 08:01 921407                     /lib/x86_64-linux-gnu/libnss_nis-2.24.so
7f4a42fa7000-7f4a431a6000 ---p 0000b000 08:01 921407                     /lib/x86_64-linux-gnu/libnss_nis-2.24.so
7f4a431a6000-7f4a431a7000 r--p 0000a000 08:01 921407                     /lib/x86_64-linux-gnu/libnss_nis-2.24.so
7f4a431a7000-7f4a431a8000 rw-p 0000b000 08:01 921407                     /lib/x86_64-linux-gnu/libnss_nis-2.24.so
7f4a431a8000-7f4a431bc000 r-xp 00000000 08:01 921402                     /lib/x86_64-linux-gnu/libnsl-2.24.so
7f4a431bc000-7f4a433bc000 ---p 00014000 08:01 921402                     /lib/x86_64-linux-gnu/libnsl-2.24.so
7f4a433bc000-7f4a433bd000 r--p 00014000 08:01 921402                     /lib/x86_64-linux-gnu/libnsl-2.24.so
7f4a433bd000-7f4a433be000 rw-p 00015000 08:01 921402                     /lib/x86_64-linux-gnu/libnsl-2.24.so
7f4a433be000-7f4a433c0000 rw-p 00000000 00:00 0 
7f4a433c0000-7f4a433c7000 r-xp 00000000 08:01 921403                     /lib/x86_64-linux-gnu/libnss_compat-2.24.so
7f4a433c7000-7f4a435c6000 ---p 00007000 08:01 921403                     /lib/x86_64-linux-gnu/libnss_compat-2.24.so
7f4a435c6000-7f4a435c7000 r--p 00006000 08:01 921403                     /lib/x86_64-linux-gnu/libnss_compat-2.24.so
7f4a435c7000-7f4a435c8000 rw-p 00007000 08:01 921403                     /lib/x86_64-linux-gnu/libnss_compat-2.24.so
7f4a435c8000-7f4a435f3000 r-xp 00000000 08:01 695475                     /usr/local/jdk1.8.0_111/jre/lib/amd64/libjava.so
7f4a435f3000-7f4a437f2000 ---p 0002b000 08:01 695475                     /usr/local/jdk1.8.0_111/jre/lib/amd64/libjava.so
7f4a437f2000-7f4a437f4000 rw-p 0002a000 08:01 695475                     /usr/local/jdk1.8.0_111/jre/lib/amd64/libjava.so
7f4a437f4000-7f4a43801000 r-xp 00000000 08:01 695438                     /usr/local/jdk1.8.0_111/jre/lib/amd64/libverify.so
7f4a43801000-7f4a43a00000 ---p 0000d000 08:01 695438                     /usr/local/jdk1.8.0_111/jre/lib/amd64/libverify.so
7f4a43a00000-7f4a43a02000 rw-p 0000c000 08:01 695438                     /usr/local/jdk1.8.0_111/jre/lib/amd64/libverify.so
7f4a43a02000-7f4a43a09000 r-xp 00000000 08:01 921412                     /lib/x86_64-linux-gnu/librt-2.24.so
7f4a43a09000-7f4a43c08000 ---p 00007000 08:01 921412                     /lib/x86_64-linux-gnu/librt-2.24.so
7f4a43c08000-7f4a43c09000 r--p 00006000 08:01 921412                     /lib/x86_64-linux-gnu/librt-2.24.so
7f4a43c09000-7f4a43c0a000 rw-p 00007000 08:01 921412                     /lib/x86_64-linux-gnu/librt-2.24.so
7f4a43c0a000-7f4a43d0d000 r-xp 00000000 08:01 921399                     /lib/x86_64-linux-gnu/libm-2.24.so
7f4a43d0d000-7f4a43f0c000 ---p 00103000 08:01 921399                     /lib/x86_64-linux-gnu/libm-2.24.so
7f4a43f0c000-7f4a43f0d000 r--p 00102000 08:01 921399                     /lib/x86_64-linux-gnu/libm-2.24.so
7f4a43f0d000-7f4a43f0e000 rw-p 00103000 08:01 921399                     /lib/x86_64-linux-gnu/libm-2.24.so
7f4a43f0e000-7f4a44bdb000 r-xp 00000000 08:01 695353                     /usr/local/jdk1.8.0_111/jre/lib/amd64/server/libjvm.so
7f4a44bdb000-7f4a44dda000 ---p 00ccd000 08:01 695353                     /usr/local/jdk1.8.0_111/jre/lib/amd64/server/libjvm.so
7f4a44dda000-7f4a44eb3000 rw-p 00ccc000 08:01 695353                     /usr/local/jdk1.8.0_111/jre/lib/amd64/server/libjvm.so
7f4a44eb3000-7f4a44efe000 rw-p 00000000 00:00 0 
7f4a44efe000-7f4a45093000 r-xp 00000000 08:01 921395                     /lib/x86_64-linux-gnu/libc-2.24.so
7f4a45093000-7f4a45293000 ---p 00195000 08:01 921395                     /lib/x86_64-linux-gnu/libc-2.24.so
7f4a45293000-7f4a45297000 r--p 00195000 08:01 921395                     /lib/x86_64-linux-gnu/libc-2.24.so
7f4a45297000-7f4a45299000 rw-p 00199000 08:01 921395                     /lib/x86_64-linux-gnu/libc-2.24.so
7f4a45299000-7f4a4529d000 rw-p 00000000 00:00 0 
7f4a4529d000-7f4a452a0000 r-xp 00000000 08:01 921398                     /lib/x86_64-linux-gnu/libdl-2.24.so
7f4a452a0000-7f4a4549f000 ---p 00003000 08:01 921398                     /lib/x86_64-linux-gnu/libdl-2.24.so
7f4a4549f000-7f4a454a0000 r--p 00002000 08:01 921398                     /lib/x86_64-linux-gnu/libdl-2.24.so
7f4a454a0000-7f4a454a1000 rw-p 00003000 08:01 921398                     /lib/x86_64-linux-gnu/libdl-2.24.so
7f4a454a1000-7f4a454b6000 r-xp 00000000 08:01 695417                     /usr/local/jdk1.8.0_111/jre/lib/amd64/jli/libjli.so
7f4a454b6000-7f4a456b6000 ---p 00015000 08:01 695417                     /usr/local/jdk1.8.0_111/jre/lib/amd64/jli/libjli.so
7f4a456b6000-7f4a456b7000 rw-p 00015000 08:01 695417                     /usr/local/jdk1.8.0_111/jre/lib/amd64/jli/libjli.so
7f4a456b7000-7f4a456cf000 r-xp 00000000 08:01 921410                     /lib/x86_64-linux-gnu/libpthread-2.24.so
7f4a456cf000-7f4a458ce000 ---p 00018000 08:01 921410                     /lib/x86_64-linux-gnu/libpthread-2.24.so
7f4a458ce000-7f4a458cf000 r--p 00017000 08:01 921410                     /lib/x86_64-linux-gnu/libpthread-2.24.so
7f4a458cf000-7f4a458d0000 rw-p 00018000 08:01 921410                     /lib/x86_64-linux-gnu/libpthread-2.24.so
7f4a458d0000-7f4a458d4000 rw-p 00000000 00:00 0 
7f4a458d4000-7f4a458f7000 r-xp 00000000 08:01 917612                     /lib/x86_64-linux-gnu/ld-2.24.so
7f4a458f7000-7f4a458f8000 r--s 00000000 08:01 397929                     /var/cache/fontconfig/3f7329c5293ffd510edef78f73874cfd-le64.cache-4
7f4a458f8000-7f4a458fa000 r--s 00000000 08:01 428307                     /var/cache/fontconfig/62f91419b9ebdb6975e7e41ab6412357-le64.cache-4
7f4a458fa000-7f4a45909000 r--p 00000000 08:01 668989                     /usr/share/locale/fr/LC_MESSAGES/gtk20.mo
7f4a45909000-7f4a45930000 r--p 00000000 08:01 658875                     /usr/share/locale/fr/LC_MESSAGES/libc.mo
7f4a45930000-7f4a4593e000 rw-p 00000000 00:00 0 
7f4a4593e000-7f4a459d7000 ---p 00000000 00:00 0 
7f4a459d7000-7f4a459da000 ---p 00000000 00:00 0 
7f4a459da000-7f4a45ada000 rw-p 00000000 00:00 0 
7f4a45ada000-7f4a45adb000 r--s 00000000 08:01 428308                     /var/cache/fontconfig/c277e94e32b20404286a1ddafa5a80f0-le64.cache-4
7f4a45adb000-7f4a45ade000 r--s 00000000 08:01 428295                     /var/cache/fontconfig/e13b20fdb08344e0e664864cc2ede53d-le64.cache-4
7f4a45ade000-7f4a45ae1000 r--p 00000000 08:01 668884                     /usr/share/locale/fr/LC_MESSAGES/atk10.mo
7f4a45ae1000-7f4a45ae8000 r--s 00000000 08:01 660815                     /usr/lib/x86_64-linux-gnu/gconv/gconv-modules.cache
7f4a45ae8000-7f4a45aea000 r--s 00009000 08:01 809240                     /home/etudiant/Bureau/workspace/GSB-RV-DR/dist/run1174326448/GSB-RV-DR.jar
7f4a45aea000-7f4a45af2000 rw-s 00000000 08:01 1196834                    /tmp/hsperfdata_etudiant/3266 (deleted)
7f4a45af2000-7f4a45af3000 rw-p 00000000 00:00 0 
7f4a45af3000-7f4a45af4000 ---p 00000000 00:00 0 
7f4a45af4000-7f4a45af7000 rw-p 00000000 00:00 0 
7f4a45af7000-7f4a45af8000 r--p 00023000 08:01 917612                     /lib/x86_64-linux-gnu/ld-2.24.so
7f4a45af8000-7f4a45af9000 rw-p 00024000 08:01 917612                     /lib/x86_64-linux-gnu/ld-2.24.so
7f4a45af9000-7f4a45afa000 rw-p 00000000 00:00 0 
7ffe89e6f000-7ffe89e90000 rw-p 00000000 00:00 0                          [stack]
7ffe89ee9000-7ffe89eeb000 r--p 00000000 00:00 0                          [vvar]
7ffe89eeb000-7ffe89eed000 r-xp 00000000 00:00 0                          [vdso]
ffffffffff600000-ffffffffff601000 r-xp 00000000 00:00 0                  [vsyscall]

VM Arguments:
jvm_args: -Dfile.encoding=UTF-8 
java_command: /home/etudiant/Bureau/workspace/GSB-RV-DR/dist/run1174326448/GSB-RV-DR.jar
java_class_path (initial): /home/etudiant/Bureau/workspace/GSB-RV-DR/dist/run1174326448/GSB-RV-DR.jar
Launcher Type: SUN_STANDARD

Environment Variables:
PATH=/usr/local/bin:/usr/bin:/bin:/usr/local/games:/usr/games
USERNAME=etudiant
LD_LIBRARY_PATH=/usr/local/jdk1.8.0_111/jre/lib/amd64:/usr/local/jdk1.8.0_111/jre/lib/i386:
SHELL=/bin/bash
DISPLAY=:0

Signal Handlers:
SIGSEGV: [libjvm.so+0xac64b0], sa_mask[0]=11111111011111111101111111111110, sa_flags=SA_RESTART|SA_SIGINFO
SIGBUS: [libjvm.so+0xac64b0], sa_mask[0]=11111111011111111101111111111110, sa_flags=SA_RESTART|SA_SIGINFO
SIGFPE: [libjvm.so+0x91f950], sa_mask[0]=11111111011111111101111111111110, sa_flags=SA_RESTART|SA_SIGINFO
SIGPIPE: SIG_IGN, sa_mask[0]=00000000000010000000000000000000, sa_flags=SA_RESTART
SIGXFSZ: [libjvm.so+0x91f950], sa_mask[0]=11111111011111111101111111111110, sa_flags=SA_RESTART|SA_SIGINFO
SIGILL: [libjvm.so+0x91f950], sa_mask[0]=11111111011111111101111111111110, sa_flags=SA_RESTART|SA_SIGINFO
SIGUSR1: SIG_DFL, sa_mask[0]=00000000000000000000000000000000, sa_flags=none
SIGUSR2: [libjvm.so+0x920f80], sa_mask[0]=00100000000000000000000000000000, sa_flags=SA_RESTART|SA_SIGINFO
SIGHUP: [libjvm.so+0x922380], sa_mask[0]=11111111011111111101111111111110, sa_flags=SA_RESTART|SA_SIGINFO
SIGINT: SIG_IGN, sa_mask[0]=00000000000000000000000000000000, sa_flags=none
SIGTERM: [libjvm.so+0x922380], sa_mask[0]=11111111011111111101111111111110, sa_flags=SA_RESTART|SA_SIGINFO
SIGQUIT: [libjvm.so+0x922380], sa_mask[0]=11111111011111111101111111111110, sa_flags=SA_RESTART|SA_SIGINFO


---------------  S Y S T E M  ---------------

OS:PRETTY_NAME="Debian GNU/Linux 9 (stretch)"
NAME="Debian GNU/Linux"
VERSION_ID="9"
VERSION="9 (stretch)"
ID=debian
HOME_URL="https://www.debian.org/"
SUPPORT_URL="https://www.debian.org/support"
BUG_REPORT_URL="https://bugs.debian.org/"

uname:Linux 4.9.0-8-amd64 #1 SMP Debian 4.9.110-3+deb9u6 (2018-10-08) x86_64
libc:glibc 2.24 NPTL 2.24 
rlimit: STACK 8192k, CORE 0k, NPROC 7855, NOFILE 4096, AS infinity
load average:7,75 2,10 1,13

/proc/meminfo:
MemTotal:        2033676 kB
MemFree:         1108508 kB
MemAvailable:    1144280 kB
Buffers:           15500 kB
Cached:           151148 kB
SwapCached:         9316 kB
Active:           689880 kB
Inactive:         109000 kB
Active(anon):     618552 kB
Inactive(anon):    23424 kB
Active(file):      71328 kB
Inactive(file):    85576 kB
Unevictable:           0 kB
Mlocked:               0 kB
SwapTotal:        522236 kB
SwapFree:         340052 kB
Dirty:               628 kB
Writeback:          1372 kB
AnonPages:        625224 kB
Mapped:            74408 kB
Shmem:              9720 kB
Slab:              54508 kB
SReclaimable:      21088 kB
SUnreclaim:        33420 kB
KernelStack:        6848 kB
PageTables:        16492 kB
NFS_Unstable:          0 kB
Bounce:                0 kB
WritebackTmp:          0 kB
CommitLimit:     1539072 kB
Committed_AS:    2059020 kB
VmallocTotal:   34359738367 kB
VmallocUsed:           0 kB
VmallocChunk:          0 kB
HardwareCorrupted:     0 kB
AnonHugePages:         0 kB
ShmemHugePages:        0 kB
ShmemPmdMapped:        0 kB
HugePages_Total:       0
HugePages_Free:        0
HugePages_Rsvd:        0
HugePages_Surp:        0
Hugepagesize:       2048 kB
DirectMap4k:       79744 kB
DirectMap2M:     2017280 kB


CPU:total 1 (1 cores per cpu, 1 threads per core) family 6 model 42 stepping 7, cmov, cx8, fxsr, mmx, sse, sse2, sse3, ssse3, sse4.1, sse4.2, popcnt, avx, aes, clmul, tsc, tscinvbit

/proc/cpuinfo:
processor	: 0
vendor_id	: GenuineIntel
cpu family	: 6
model		: 42
model name	: Intel(R) Core(TM) i5-2500 CPU @ 3.30GHz
stepping	: 7
microcode	: 0x29
cpu MHz		: 3291.673
cache size	: 6144 KB
physical id	: 0
siblings	: 1
core id		: 0
cpu cores	: 1
apicid		: 0
initial apicid	: 0
fpu		: yes
fpu_exception	: yes
cpuid level	: 13
wp		: yes
flags		: fpu vme de pse tsc msr pae mce cx8 apic sep mtrr pge mca cmov pat pse36 clflush dts mmx fxsr sse sse2 ss syscall nx rdtscp lm constant_tsc arch_perfmon pebs bts nopl xtopology tsc_reliable nonstop_tsc aperfmperf pni pclmulqdq ssse3 cx16 pcid sse4_1 sse4_2 x2apic popcnt tsc_deadline_timer aes xsave avx hypervisor lahf_lm epb kaiser tsc_adjust dtherm ida arat pln pts
bugs		: cpu_meltdown spectre_v1 spectre_v2 spec_store_bypass l1tf
bogomips	: 6585.04
clflush size	: 64
cache_alignment	: 64
address sizes	: 42 bits physical, 48 bits virtual
power management:



Memory: 4k page, physical 2033676k(1108508k free), swap 522236k(340052k free)

vm_info: Java HotSpot(TM) 64-Bit Server VM (25.111-b14) for linux-amd64 JRE (1.8.0_111-b14), built on Sep 22 2016 16:14:03 by "java_re" with gcc 4.3.0 20080428 (Red Hat 4.3.0-8)

time: Thu Apr 18 16:58:25 2019
elapsed time: 1378 seconds (0d 0h 22m 58s)

