#
# There is insufficient memory for the Java Runtime Environment to continue.
# Native memory allocation (mmap) failed to map 22413312 bytes for committing reserved memory.
# Possible reasons:
#   The system is out of physical RAM or swap space
#   In 32 bit mode, the process size limit was hit
# Possible solutions:
#   Reduce memory load on the system
#   Increase physical memory or swap space
#   Check if swap backing store is full
#   Use 64 bit Java on a 64 bit OS
#   Decrease Java heap size (-Xmx/-Xms)
#   Decrease number of Java threads
#   Decrease Java thread stack sizes (-Xss)
#   Set larger code cache with -XX:ReservedCodeCacheSize=
# This output file may be truncated or incomplete.
#
#  Out of Memory Error (os_linux.cpp:2627), pid=3169, tid=0x00007faf240e1700
#
# JRE version:  (8.0_111-b14) (build )
# Java VM: Java HotSpot(TM) 64-Bit Server VM (25.111-b14 mixed mode linux-amd64 compressed oops)
# Failed to write core dump. Core dumps have been disabled. To enable core dumping, try "ulimit -c unlimited" before starting Java again
#

---------------  T H R E A D  ---------------

Current thread (0x00007faf1c00a000):  JavaThread "Unknown thread" [_thread_in_vm, id=3173, stack(0x00007faf23fe1000,0x00007faf240e2000)]

Stack: [0x00007faf23fe1000,0x00007faf240e2000],  sp=0x00007faf240e0350,  free space=1020k
Native frames: (J=compiled Java code, j=interpreted, Vv=VM code, C=native code)
V  [libjvm.so+0xac5c2a]  VMError::report_and_die()+0x2ba
V  [libjvm.so+0x4fc50b]  report_vm_out_of_memory(char const*, int, unsigned long, VMErrorType, char const*)+0x8b
V  [libjvm.so+0x922ae3]  os::Linux::commit_memory_impl(char*, unsigned long, bool)+0x103
V  [libjvm.so+0x923039]  os::pd_commit_memory(char*, unsigned long, unsigned long, bool)+0x29
V  [libjvm.so+0x91d33a]  os::commit_memory(char*, unsigned long, unsigned long, bool)+0x2a
V  [libjvm.so+0xac1989]  VirtualSpace::expand_by(unsigned long, bool)+0x199
V  [libjvm.so+0xac24de]  VirtualSpace::initialize(ReservedSpace, unsigned long)+0xee
V  [libjvm.so+0x5f9e61]  CardGeneration::CardGeneration(ReservedSpace, unsigned long, int, GenRemSet*)+0xf1
V  [libjvm.so+0xa685ef]  TenuredGeneration::TenuredGeneration(ReservedSpace, unsigned long, int, GenRemSet*)+0x5f
V  [libjvm.so+0x5fb169]  GenerationSpec::init(ReservedSpace, int, GenRemSet*)+0x339
V  [libjvm.so+0x5e9d5e]  GenCollectedHeap::initialize()+0x1de
V  [libjvm.so+0xa8dd53]  Universe::initialize_heap()+0xf3
V  [libjvm.so+0xa8e2be]  universe_init()+0x3e
V  [libjvm.so+0x63c925]  init_globals()+0x65
V  [libjvm.so+0xa719be]  Threads::create_vm(JavaVMInitArgs*, bool*)+0x23e
V  [libjvm.so+0x6d11c4]  JNI_CreateJavaVM+0x74
C  [libjli.so+0x745e]  JavaMain+0x9e
C  [libpthread.so.0+0x7494]  start_thread+0xc4


---------------  P R O C E S S  ---------------

Java Threads: ( => current thread )

Other Threads:

=>0x00007faf1c00a000 (exited) JavaThread "Unknown thread" [_thread_in_vm, id=3173, stack(0x00007faf23fe1000,0x00007faf240e2000)]

VM state:not at safepoint (not fully initialized)

VM Mutex/Monitor currently owned by a thread: None

GC Heap History (0 events):
No events

Deoptimization events (0 events):
No events

Internal exceptions (0 events):
No events

Events (0 events):
No events


Dynamic libraries:
00400000-00401000 r-xp 00000000 08:01 695664                             /usr/local/jdk1.8.0_111/jre/bin/java
00600000-00601000 rw-p 00000000 08:01 695664                             /usr/local/jdk1.8.0_111/jre/bin/java
01fa1000-01fc2000 rw-p 00000000 00:00 0                                  [heap]
e0e00000-e18a0000 rw-p 00000000 00:00 0 
e18a0000-eb400000 ---p 00000000 00:00 0 
ec960000-100000000 ---p 00000000 00:00 0 
7faf0d000000-7faf0d270000 rwxp 00000000 00:00 0 
7faf0d270000-7faf1c000000 ---p 00000000 00:00 0 
7faf1c000000-7faf1c036000 rw-p 00000000 00:00 0 
7faf1c036000-7faf20000000 ---p 00000000 00:00 0 
7faf20a38000-7faf20cbf000 rw-p 00000000 00:00 0 
7faf20cbf000-7faf20cc5000 rw-p 00000000 00:00 0 
7faf20cc5000-7faf20db8000 ---p 00000000 00:00 0 
7faf20db8000-7faf20dc3000 rw-p 00000000 00:00 0 
7faf20dc3000-7faf21179000 ---p 00000000 00:00 0 
7faf21179000-7faf21193000 r-xp 00000000 08:01 695502                     /usr/local/jdk1.8.0_111/jre/lib/amd64/libzip.so
7faf21193000-7faf21393000 ---p 0001a000 08:01 695502                     /usr/local/jdk1.8.0_111/jre/lib/amd64/libzip.so
7faf21393000-7faf21394000 rw-p 0001a000 08:01 695502                     /usr/local/jdk1.8.0_111/jre/lib/amd64/libzip.so
7faf21394000-7faf2139e000 r-xp 00000000 08:01 921405                     /lib/x86_64-linux-gnu/libnss_files-2.24.so
7faf2139e000-7faf2159e000 ---p 0000a000 08:01 921405                     /lib/x86_64-linux-gnu/libnss_files-2.24.so
7faf2159e000-7faf2159f000 r--p 0000a000 08:01 921405                     /lib/x86_64-linux-gnu/libnss_files-2.24.so
7faf2159f000-7faf215a0000 rw-p 0000b000 08:01 921405                     /lib/x86_64-linux-gnu/libnss_files-2.24.so
7faf215a0000-7faf215a6000 rw-p 00000000 00:00 0 
7faf215a6000-7faf215b1000 r-xp 00000000 08:01 921407                     /lib/x86_64-linux-gnu/libnss_nis-2.24.so
7faf215b1000-7faf217b0000 ---p 0000b000 08:01 921407                     /lib/x86_64-linux-gnu/libnss_nis-2.24.so
7faf217b0000-7faf217b1000 r--p 0000a000 08:01 921407                     /lib/x86_64-linux-gnu/libnss_nis-2.24.so
7faf217b1000-7faf217b2000 rw-p 0000b000 08:01 921407                     /lib/x86_64-linux-gnu/libnss_nis-2.24.so
7faf217b2000-7faf217c6000 r-xp 00000000 08:01 921402                     /lib/x86_64-linux-gnu/libnsl-2.24.so
7faf217c6000-7faf219c6000 ---p 00014000 08:01 921402                     /lib/x86_64-linux-gnu/libnsl-2.24.so
7faf219c6000-7faf219c7000 r--p 00014000 08:01 921402                     /lib/x86_64-linux-gnu/libnsl-2.24.so
7faf219c7000-7faf219c8000 rw-p 00015000 08:01 921402                     /lib/x86_64-linux-gnu/libnsl-2.24.so
7faf219c8000-7faf219ca000 rw-p 00000000 00:00 0 
7faf219ca000-7faf219d1000 r-xp 00000000 08:01 921403                     /lib/x86_64-linux-gnu/libnss_compat-2.24.so
7faf219d1000-7faf21bd0000 ---p 00007000 08:01 921403                     /lib/x86_64-linux-gnu/libnss_compat-2.24.so
7faf21bd0000-7faf21bd1000 r--p 00006000 08:01 921403                     /lib/x86_64-linux-gnu/libnss_compat-2.24.so
7faf21bd1000-7faf21bd2000 rw-p 00007000 08:01 921403                     /lib/x86_64-linux-gnu/libnss_compat-2.24.so
7faf21bd2000-7faf21bfd000 r-xp 00000000 08:01 695475                     /usr/local/jdk1.8.0_111/jre/lib/amd64/libjava.so
7faf21bfd000-7faf21dfc000 ---p 0002b000 08:01 695475                     /usr/local/jdk1.8.0_111/jre/lib/amd64/libjava.so
7faf21dfc000-7faf21dfe000 rw-p 0002a000 08:01 695475                     /usr/local/jdk1.8.0_111/jre/lib/amd64/libjava.so
7faf21dfe000-7faf21e0b000 r-xp 00000000 08:01 695438                     /usr/local/jdk1.8.0_111/jre/lib/amd64/libverify.so
7faf21e0b000-7faf2200a000 ---p 0000d000 08:01 695438                     /usr/local/jdk1.8.0_111/jre/lib/amd64/libverify.so
7faf2200a000-7faf2200c000 rw-p 0000c000 08:01 695438                     /usr/local/jdk1.8.0_111/jre/lib/amd64/libverify.so
7faf2200c000-7faf22013000 r-xp 00000000 08:01 921412                     /lib/x86_64-linux-gnu/librt-2.24.so
7faf22013000-7faf22212000 ---p 00007000 08:01 921412                     /lib/x86_64-linux-gnu/librt-2.24.so
7faf22212000-7faf22213000 r--p 00006000 08:01 921412                     /lib/x86_64-linux-gnu/librt-2.24.so
7faf22213000-7faf22214000 rw-p 00007000 08:01 921412                     /lib/x86_64-linux-gnu/librt-2.24.so
7faf22214000-7faf22317000 r-xp 00000000 08:01 921399                     /lib/x86_64-linux-gnu/libm-2.24.so
7faf22317000-7faf22516000 ---p 00103000 08:01 921399                     /lib/x86_64-linux-gnu/libm-2.24.so
7faf22516000-7faf22517000 r--p 00102000 08:01 921399                     /lib/x86_64-linux-gnu/libm-2.24.so
7faf22517000-7faf22518000 rw-p 00103000 08:01 921399                     /lib/x86_64-linux-gnu/libm-2.24.so
7faf22518000-7faf231e5000 r-xp 00000000 08:01 695353                     /usr/local/jdk1.8.0_111/jre/lib/amd64/server/libjvm.so
7faf231e5000-7faf233e4000 ---p 00ccd000 08:01 695353                     /usr/local/jdk1.8.0_111/jre/lib/amd64/server/libjvm.so
7faf233e4000-7faf234bd000 rw-p 00ccc000 08:01 695353                     /usr/local/jdk1.8.0_111/jre/lib/amd64/server/libjvm.so
7faf234bd000-7faf23508000 rw-p 00000000 00:00 0 
7faf23508000-7faf2369d000 r-xp 00000000 08:01 921395                     /lib/x86_64-linux-gnu/libc-2.24.so
7faf2369d000-7faf2389d000 ---p 00195000 08:01 921395                     /lib/x86_64-linux-gnu/libc-2.24.so
7faf2389d000-7faf238a1000 r--p 00195000 08:01 921395                     /lib/x86_64-linux-gnu/libc-2.24.so
7faf238a1000-7faf238a3000 rw-p 00199000 08:01 921395                     /lib/x86_64-linux-gnu/libc-2.24.so
7faf238a3000-7faf238a7000 rw-p 00000000 00:00 0 
7faf238a7000-7faf238aa000 r-xp 00000000 08:01 921398                     /lib/x86_64-linux-gnu/libdl-2.24.so
7faf238aa000-7faf23aa9000 ---p 00003000 08:01 921398                     /lib/x86_64-linux-gnu/libdl-2.24.so
7faf23aa9000-7faf23aaa000 r--p 00002000 08:01 921398                     /lib/x86_64-linux-gnu/libdl-2.24.so
7faf23aaa000-7faf23aab000 rw-p 00003000 08:01 921398                     /lib/x86_64-linux-gnu/libdl-2.24.so
7faf23aab000-7faf23ac0000 r-xp 00000000 08:01 695417                     /usr/local/jdk1.8.0_111/jre/lib/amd64/jli/libjli.so
7faf23ac0000-7faf23cc0000 ---p 00015000 08:01 695417                     /usr/local/jdk1.8.0_111/jre/lib/amd64/jli/libjli.so
7faf23cc0000-7faf23cc1000 rw-p 00015000 08:01 695417                     /usr/local/jdk1.8.0_111/jre/lib/amd64/jli/libjli.so
7faf23cc1000-7faf23cd9000 r-xp 00000000 08:01 921410                     /lib/x86_64-linux-gnu/libpthread-2.24.so
7faf23cd9000-7faf23ed8000 ---p 00018000 08:01 921410                     /lib/x86_64-linux-gnu/libpthread-2.24.so
7faf23ed8000-7faf23ed9000 r--p 00017000 08:01 921410                     /lib/x86_64-linux-gnu/libpthread-2.24.so
7faf23ed9000-7faf23eda000 rw-p 00018000 08:01 921410                     /lib/x86_64-linux-gnu/libpthread-2.24.so
7faf23eda000-7faf23ede000 rw-p 00000000 00:00 0 
7faf23ede000-7faf23f01000 r-xp 00000000 08:01 917612                     /lib/x86_64-linux-gnu/ld-2.24.so
7faf23fe1000-7faf23fe4000 ---p 00000000 00:00 0 
7faf23fe4000-7faf240e4000 rw-p 00000000 00:00 0 
7faf240f4000-7faf240fc000 rw-s 00000000 08:01 1196841                    /tmp/hsperfdata_etudiant/3169
7faf240fc000-7faf240fd000 rw-p 00000000 00:00 0 
7faf240fd000-7faf240fe000 r--p 00000000 00:00 0 
7faf240fe000-7faf24101000 rw-p 00000000 00:00 0 
7faf24101000-7faf24102000 r--p 00023000 08:01 917612                     /lib/x86_64-linux-gnu/ld-2.24.so
7faf24102000-7faf24103000 rw-p 00024000 08:01 917612                     /lib/x86_64-linux-gnu/ld-2.24.so
7faf24103000-7faf24104000 rw-p 00000000 00:00 0 
7ffe14b49000-7ffe14b6a000 rw-p 00000000 00:00 0                          [stack]
7ffe14b7c000-7ffe14b7e000 r--p 00000000 00:00 0                          [vvar]
7ffe14b7e000-7ffe14b80000 r-xp 00000000 00:00 0                          [vdso]
ffffffffff600000-ffffffffff601000 r-xp 00000000 00:00 0                  [vsyscall]

VM Arguments:
jvm_args: -Dfile.encoding=UTF-8 
java_command: /home/etudiant/Bureau/workspace/GSB-RV-DR/dist/run1237029856/GSB-RV-DR.jar
java_class_path (initial): /home/etudiant/Bureau/workspace/GSB-RV-DR/dist/run1237029856/GSB-RV-DR.jar
Launcher Type: SUN_STANDARD

Environment Variables:
PATH=/usr/local/bin:/usr/bin:/bin:/usr/local/games:/usr/games
USERNAME=etudiant
LD_LIBRARY_PATH=/usr/local/jdk1.8.0_111/jre/lib/amd64:/usr/local/jdk1.8.0_111/jre/lib/i386:
SHELL=/bin/bash
DISPLAY=:0

Signal Handlers:
SIGSEGV: [libjvm.so+0xac64b0], sa_mask[0]=11111111011111111101111111111110, sa_flags=SA_RESTART|SA_SIGINFO
SIGBUS: [libjvm.so+0xac64b0], sa_mask[0]=11111111011111111101111111111110, sa_flags=SA_RESTART|SA_SIGINFO
SIGFPE: [libjvm.so+0x91f950], sa_mask[0]=11111111011111111101111111111110, sa_flags=SA_RESTART|SA_SIGINFO
SIGPIPE: [libjvm.so+0x91f950], sa_mask[0]=11111111011111111101111111111110, sa_flags=SA_RESTART|SA_SIGINFO
SIGXFSZ: [libjvm.so+0x91f950], sa_mask[0]=11111111011111111101111111111110, sa_flags=SA_RESTART|SA_SIGINFO
SIGILL: [libjvm.so+0x91f950], sa_mask[0]=11111111011111111101111111111110, sa_flags=SA_RESTART|SA_SIGINFO
SIGUSR1: SIG_DFL, sa_mask[0]=00000000000000000000000000000000, sa_flags=none
SIGUSR2: [libjvm.so+0x920f80], sa_mask[0]=00100000000000000000000000000000, sa_flags=SA_RESTART|SA_SIGINFO
SIGHUP: SIG_DFL, sa_mask[0]=00000000000000000000000000000000, sa_flags=none
SIGINT: SIG_IGN, sa_mask[0]=00000000000000000000000000000000, sa_flags=none
SIGTERM: SIG_DFL, sa_mask[0]=00000000000000000000000000000000, sa_flags=none
SIGQUIT: SIG_DFL, sa_mask[0]=00000000000000000000000000000000, sa_flags=none


---------------  S Y S T E M  ---------------

OS:PRETTY_NAME="Debian GNU/Linux 9 (stretch)"
NAME="Debian GNU/Linux"
VERSION_ID="9"
VERSION="9 (stretch)"
ID=debian
HOME_URL="https://www.debian.org/"
SUPPORT_URL="https://www.debian.org/support"
BUG_REPORT_URL="https://bugs.debian.org/"

uname:Linux 4.9.0-8-amd64 #1 SMP Debian 4.9.110-3+deb9u6 (2018-10-08) x86_64
libc:glibc 2.24 NPTL 2.24 
rlimit: STACK 8192k, CORE 0k, NPROC 7855, NOFILE 4096, AS infinity
load average:2.26 1.54 0.90

/proc/meminfo:
MemTotal:        2033676 kB
MemFree:           52868 kB
MemAvailable:          0 kB
Buffers:             612 kB
Cached:            36312 kB
SwapCached:         1040 kB
Active:          1352580 kB
Inactive:         458496 kB
Active(anon):    1340888 kB
Inactive(anon):   447092 kB
Active(file):      11692 kB
Inactive(file):    11404 kB
Unevictable:           0 kB
Mlocked:               0 kB
SwapTotal:        522236 kB
SwapFree:              0 kB
Dirty:               104 kB
Writeback:           156 kB
AnonPages:       1773160 kB
Mapped:            18592 kB
Shmem:             13780 kB
Slab:              58068 kB
SReclaimable:      17944 kB
SUnreclaim:        40124 kB
KernelStack:       11680 kB
PageTables:        37652 kB
NFS_Unstable:          0 kB
Bounce:                0 kB
WritebackTmp:          0 kB
CommitLimit:     1539072 kB
Committed_AS:    5253556 kB
VmallocTotal:   34359738367 kB
VmallocUsed:           0 kB
VmallocChunk:          0 kB
HardwareCorrupted:     0 kB
AnonHugePages:         0 kB
ShmemHugePages:        0 kB
ShmemPmdMapped:        0 kB
HugePages_Total:       0
HugePages_Free:        0
HugePages_Rsvd:        0
HugePages_Surp:        0
Hugepagesize:       2048 kB
DirectMap4k:       79744 kB
DirectMap2M:     2017280 kB


CPU:total 1 (1 cores per cpu, 1 threads per core) family 6 model 42 stepping 7, cmov, cx8, fxsr, mmx, sse, sse2, sse3, ssse3, sse4.1, sse4.2, popcnt, avx, aes, clmul, tsc, tscinvbit

/proc/cpuinfo:
processor	: 0
vendor_id	: GenuineIntel
cpu family	: 6
model		: 42
model name	: Intel(R) Core(TM) i5-2500 CPU @ 3.30GHz
stepping	: 7
microcode	: 0x29
cpu MHz		: 3291.673
cache size	: 6144 KB
physical id	: 0
siblings	: 1
core id		: 0
cpu cores	: 1
apicid		: 0
initial apicid	: 0
fpu		: yes
fpu_exception	: yes
cpuid level	: 13
wp		: yes
flags		: fpu vme de pse tsc msr pae mce cx8 apic sep mtrr pge mca cmov pat pse36 clflush dts mmx fxsr sse sse2 ss syscall nx rdtscp lm constant_tsc arch_perfmon pebs bts nopl xtopology tsc_reliable nonstop_tsc aperfmperf pni pclmulqdq ssse3 cx16 pcid sse4_1 sse4_2 x2apic popcnt tsc_deadline_timer aes xsave avx hypervisor lahf_lm epb kaiser tsc_adjust dtherm ida arat pln pts
bugs		: cpu_meltdown spectre_v1 spectre_v2 spec_store_bypass l1tf
bogomips	: 6585.04
clflush size	: 64
cache_alignment	: 64
address sizes	: 42 bits physical, 48 bits virtual
power management:



Memory: 4k page, physical 2033676k(52868k free), swap 522236k(0k free)

vm_info: Java HotSpot(TM) 64-Bit Server VM (25.111-b14) for linux-amd64 JRE (1.8.0_111-b14), built on Sep 22 2016 16:14:03 by "java_re" with gcc 4.3.0 20080428 (Red Hat 4.3.0-8)

time: Thu Apr 18 16:34:04 2019
elapsed time: 0 seconds (0d 0h 0m 0s)

