#
# There is insufficient memory for the Java Runtime Environment to continue.
# Native memory allocation (mmap) failed to map 65536 bytes for committing reserved memory.
# Possible reasons:
#   The system is out of physical RAM or swap space
#   In 32 bit mode, the process size limit was hit
# Possible solutions:
#   Reduce memory load on the system
#   Increase physical memory or swap space
#   Check if swap backing store is full
#   Use 64 bit Java on a 64 bit OS
#   Decrease Java heap size (-Xmx/-Xms)
#   Decrease number of Java threads
#   Decrease Java thread stack sizes (-Xss)
#   Set larger code cache with -XX:ReservedCodeCacheSize=
# This output file may be truncated or incomplete.
#
#  Out of Memory Error (os_linux.cpp:2627), pid=3088, tid=0x00007f2d2d237700
#
# JRE version: Java(TM) SE Runtime Environment (8.0_111-b14) (build 1.8.0_111-b14)
# Java VM: Java HotSpot(TM) 64-Bit Server VM (25.111-b14 mixed mode linux-amd64 compressed oops)
# Failed to write core dump. Core dumps have been disabled. To enable core dumping, try "ulimit -c unlimited" before starting Java again
#

---------------  T H R E A D  ---------------

Current thread (0x00007f2d280d8800):  JavaThread "C1 CompilerThread1" daemon [_thread_in_vm, id=3099, stack(0x00007f2d2d137000,0x00007f2d2d238000)]

Stack: [0x00007f2d2d137000,0x00007f2d2d238000],  sp=0x00007f2d2d235c10,  free space=1019k
Native frames: (J=compiled Java code, j=interpreted, Vv=VM code, C=native code)
V  [libjvm.so+0xac5c2a]  VMError::report_and_die()+0x2ba
V  [libjvm.so+0x4fc50b]  report_vm_out_of_memory(char const*, int, unsigned long, VMErrorType, char const*)+0x8b
V  [libjvm.so+0x922ae3]  os::Linux::commit_memory_impl(char*, unsigned long, bool)+0x103
V  [libjvm.so+0x923039]  os::pd_commit_memory(char*, unsigned long, unsigned long, bool)+0x29
V  [libjvm.so+0x91d33a]  os::commit_memory(char*, unsigned long, unsigned long, bool)+0x2a
V  [libjvm.so+0xac1989]  VirtualSpace::expand_by(unsigned long, bool)+0x199
V  [libjvm.so+0x61a1ac]  CodeHeap::expand_by(unsigned long)+0x8c
V  [libjvm.so+0x4802a0]  CodeCache::allocate(int, bool)+0x60
V  [libjvm.so+0x8eb13c]  nmethod::new_nmethod(methodHandle, int, int, CodeOffsets*, int, DebugInformationRecorder*, Dependencies*, CodeBuffer*, int, OopMapSet*, ExceptionHandlerTable*, ImplicitExceptionTable*, AbstractCompiler*, int)+0x1fc
V  [libjvm.so+0x415ceb]  ciEnv::register_method(ciMethod*, int, CodeOffsets*, int, CodeBuffer*, int, OopMapSet*, ExceptionHandlerTable*, ImplicitExceptionTable*, AbstractCompiler*, int, bool, bool, RTMState)+0x42b
V  [libjvm.so+0x3585d9]  Compilation::install_code(int)+0xc9
V  [libjvm.so+0x359acc]  Compilation::compile_method()+0xec
V  [libjvm.so+0x359d9e]  Compilation::Compilation(AbstractCompiler*, ciEnv*, ciMethod*, int, BufferBlob*)+0x25e
V  [libjvm.so+0x35ab49]  Compiler::compile_method(ciEnv*, ciMethod*, int)+0xa9
V  [libjvm.so+0x4afb8a]  CompileBroker::invoke_compiler_on_method(CompileTask*)+0xc9a
V  [libjvm.so+0x4b0b36]  CompileBroker::compiler_thread_loop()+0x5d6
V  [libjvm.so+0xa742b3]  JavaThread::thread_main_inner()+0x103
V  [libjvm.so+0xa743fc]  JavaThread::run()+0x11c
V  [libjvm.so+0x924ea8]  java_start(Thread*)+0x108
C  [libpthread.so.0+0x7494]  start_thread+0xc4


Current CompileTask:
C1:  10099  678   !   3       java.lang.ref.Finalizer::runFinalizer (62 bytes)


---------------  P R O C E S S  ---------------

Java Threads: ( => current thread )
  0x00007f2d283b6000 JavaThread "JavaFX-Launcher" [_thread_blocked, id=3108, stack(0x00007f2cecd0b000,0x00007f2cece0c000)]
  0x00007f2d2829d000 JavaThread "JavaFX Application Thread" [_thread_blocked, id=3106, stack(0x00007f2ced223000,0x00007f2ced324000)]
  0x00007f2d28299000 JavaThread "Thread-1" daemon [_thread_blocked, id=3105, stack(0x00007f2ced324000,0x00007f2ced425000)]
  0x00007f2d281bc000 JavaThread "QuantumRenderer-0" daemon [_thread_blocked, id=3103, stack(0x00007f2d2cd9e000,0x00007f2d2ce9f000)]
  0x00007f2d280f5800 JavaThread "Service Thread" daemon [_thread_blocked, id=3100, stack(0x00007f2d2d036000,0x00007f2d2d137000)]
=>0x00007f2d280d8800 JavaThread "C1 CompilerThread1" daemon [_thread_in_vm, id=3099, stack(0x00007f2d2d137000,0x00007f2d2d238000)]
  0x00007f2d280d6800 JavaThread "C2 CompilerThread0" daemon [_thread_blocked, id=3098, stack(0x00007f2d2d238000,0x00007f2d2d339000)]
  0x00007f2d280d5000 JavaThread "Signal Dispatcher" daemon [_thread_blocked, id=3097, stack(0x00007f2d2d339000,0x00007f2d2d43a000)]
  0x00007f2d280a1800 JavaThread "Finalizer" daemon [_thread_blocked, id=3096, stack(0x00007f2d2d5d5000,0x00007f2d2d6d6000)]
  0x00007f2d2809d000 JavaThread "Reference Handler" daemon [_thread_blocked, id=3095, stack(0x00007f2d2d6d6000,0x00007f2d2d7d7000)]
  0x00007f2d2800a000 JavaThread "main" [_thread_blocked, id=3091, stack(0x00007f2d316f2000,0x00007f2d317f3000)]

Other Threads:
  0x00007f2d28095800 VMThread [stack: 0x00007f2d2d7d7000,0x00007f2d2d8d8000] [id=3094]
  0x00007f2d280f9000 WatcherThread [stack: 0x00007f2d2cf35000,0x00007f2d2d036000] [id=3101]

VM state:not at safepoint (normal execution)

VM Mutex/Monitor currently owned by a thread:  ([mutex/lock_event])
[0x00007f2d28005450] CodeCache_lock - owner thread: 0x00007f2d280d8800
[0x00007f2d28006ad0] Compile_lock - owner thread: 0x00007f2d280d8800
[0x00007f2d28006bd0] MethodCompileQueue_lock - owner thread: 0x00007f2d280d8800

Heap:
 def new generation   total 9792K, used 1193K [0x00000000e0e00000, 0x00000000e18a0000, 0x00000000eb400000)
  eden space 8704K,   1% used [0x00000000e0e00000, 0x00000000e0e1a670, 0x00000000e1680000)
  from space 1088K, 100% used [0x00000000e1680000, 0x00000000e1790000, 0x00000000e1790000)
  to   space 1088K,   0% used [0x00000000e1790000, 0x00000000e1790000, 0x00000000e18a0000)
 tenured generation   total 21888K, used 1894K [0x00000000eb400000, 0x00000000ec960000, 0x0000000100000000)
   the space 21888K,   8% used [0x00000000eb400000, 0x00000000eb5d9968, 0x00000000eb5d9a00, 0x00000000ec960000)
 Metaspace       used 11988K, capacity 12326K, committed 12672K, reserved 1060864K
  class space    used 1469K, capacity 1567K, committed 1664K, reserved 1048576K

Card table byte_map: [0x00007f2d2e3d0000,0x00007f2d2e4ca000] byte_map_base: 0x00007f2d2dcc9000

Polling page: 0x00007f2d3180e000

CodeCache: size=245760Kb used=2749Kb max_used=2749Kb free=243010Kb
 bounds [0x00007f2d19000000, 0x00007f2d192b0000, 0x00007f2d28000000]
 total_blobs=1181 nmethods=674 adapters=420
 compilation: enabled

Compilation events (10 events):
Event: 9,818 Thread 0x00007f2d280d8800 nmethod 671 0x00007f2d192ad090 code [0x00007f2d192ad2c0, 0x00007f2d192adf38]
Event: 9,818 Thread 0x00007f2d280d8800  673   !   3       java.lang.ref.ReferenceQueue::enqueue (119 bytes)
Event: 9,819 Thread 0x00007f2d280d8800 nmethod 673 0x00007f2d192ac510 code [0x00007f2d192ac6c0, 0x00007f2d192ace00]
Event: 9,819 Thread 0x00007f2d280d8800  674       3       java.lang.ref.Finalizer::access$000 (4 bytes)
Event: 9,819 Thread 0x00007f2d280d8800 nmethod 674 0x00007f2d192af4d0 code [0x00007f2d192af620, 0x00007f2d192af750]
Event: 9,819 Thread 0x00007f2d280d8800  675       3       java.lang.ref.ReferenceQueue::remove (6 bytes)
Event: 9,819 Thread 0x00007f2d280d8800 nmethod 675 0x00007f2d192af7d0 code [0x00007f2d192af940, 0x00007f2d192afb40]
Event: 9,819 Thread 0x00007f2d280d8800  677       3       java.lang.ref.Finalizer::access$100 (6 bytes)
Event: 9,819 Thread 0x00007f2d280d8800 nmethod 677 0x00007f2d192afbd0 code [0x00007f2d192afd40, 0x00007f2d192afea0]
Event: 9,819 Thread 0x00007f2d280d8800  678   !   3       java.lang.ref.Finalizer::runFinalizer (62 bytes)

GC Heap History (4 events):
Event: 4,498 GC heap before
{Heap before GC invocations=0 (full 0):
 def new generation   total 9792K, used 8704K [0x00000000e0e00000, 0x00000000e18a0000, 0x00000000eb400000)
  eden space 8704K, 100% used [0x00000000e0e00000, 0x00000000e1680000, 0x00000000e1680000)
  from space 1088K,   0% used [0x00000000e1680000, 0x00000000e1680000, 0x00000000e1790000)
  to   space 1088K,   0% used [0x00000000e1790000, 0x00000000e1790000, 0x00000000e18a0000)
 tenured generation   total 21888K, used 0K [0x00000000eb400000, 0x00000000ec960000, 0x0000000100000000)
   the space 21888K,   0% used [0x00000000eb400000, 0x00000000eb400000, 0x00000000eb400200, 0x00000000ec960000)
 Metaspace       used 7488K, capacity 7838K, committed 7936K, reserved 1056768K
  class space    used 813K, capacity 933K, committed 1024K, reserved 1048576K
Event: 4,557 GC heap after
Heap after GC invocations=1 (full 0):
 def new generation   total 9792K, used 1088K [0x00000000e0e00000, 0x00000000e18a0000, 0x00000000eb400000)
  eden space 8704K,   0% used [0x00000000e0e00000, 0x00000000e0e00000, 0x00000000e1680000)
  from space 1088K, 100% used [0x00000000e1790000, 0x00000000e18a0000, 0x00000000e18a0000)
  to   space 1088K,   0% used [0x00000000e1680000, 0x00000000e1680000, 0x00000000e1790000)
 tenured generation   total 21888K, used 530K [0x00000000eb400000, 0x00000000ec960000, 0x0000000100000000)
   the space 21888K,   2% used [0x00000000eb400000, 0x00000000eb484950, 0x00000000eb484a00, 0x00000000ec960000)
 Metaspace       used 7488K, capacity 7838K, committed 7936K, reserved 1056768K
  class space    used 813K, capacity 933K, committed 1024K, reserved 1048576K
}
Event: 9,699 GC heap before
{Heap before GC invocations=1 (full 0):
 def new generation   total 9792K, used 9792K [0x00000000e0e00000, 0x00000000e18a0000, 0x00000000eb400000)
  eden space 8704K, 100% used [0x00000000e0e00000, 0x00000000e1680000, 0x00000000e1680000)
  from space 1088K, 100% used [0x00000000e1790000, 0x00000000e18a0000, 0x00000000e18a0000)
  to   space 1088K,   0% used [0x00000000e1680000, 0x00000000e1680000, 0x00000000e1790000)
 tenured generation   total 21888K, used 530K [0x00000000eb400000, 0x00000000ec960000, 0x0000000100000000)
   the space 21888K,   2% used [0x00000000eb400000, 0x00000000eb484950, 0x00000000eb484a00, 0x00000000ec960000)
 Metaspace       used 11961K, capacity 12326K, committed 12672K, reserved 1060864K
  class space    used 1468K, capacity 1567K, committed 1664K, reserved 1048576K
Event: 9,767 GC heap after
Heap after GC invocations=2 (full 0):
 def new generation   total 9792K, used 1088K [0x00000000e0e00000, 0x00000000e18a0000, 0x00000000eb400000)
  eden space 8704K,   0% used [0x00000000e0e00000, 0x00000000e0e00000, 0x00000000e1680000)
  from space 1088K, 100% used [0x00000000e1680000, 0x00000000e1790000, 0x00000000e1790000)
  to   space 1088K,   0% used [0x00000000e1790000, 0x00000000e1790000, 0x00000000e18a0000)
 tenured generation   total 21888K, used 1894K [0x00000000eb400000, 0x00000000ec960000, 0x0000000100000000)
   the space 21888K,   8% used [0x00000000eb400000, 0x00000000eb5d9968, 0x00000000eb5d9a00, 0x00000000ec960000)
 Metaspace       used 11961K, capacity 12326K, committed 12672K, reserved 1060864K
  class space    used 1468K, capacity 1567K, committed 1664K, reserved 1048576K
}

Deoptimization events (3 events):
Event: 4,077 Thread 0x00007f2d2800a000 Uncommon trap: reason=unstable_if action=reinterpret pc=0x00007f2d19195fac method=java.lang.String.startsWith(Ljava/lang/String;I)Z @ 25
Event: 4,077 Thread 0x00007f2d2800a000 Uncommon trap: reason=unstable_if action=reinterpret pc=0x00007f2d191a76d0 method=java.lang.String.replace(CC)Ljava/lang/String; @ 2
Event: 4,104 Thread 0x00007f2d2800a000 Uncommon trap: reason=unstable_if action=reinterpret pc=0x00007f2d191c9834 method=java.lang.String.indexOf([CII[CIII)I @ 134

Internal exceptions (10 events):
Event: 0,422 Thread 0x00007f2d2800a000 Exception <a 'java/lang/NoSuchMethodError': Method sun.misc.Unsafe.prefetchRead(Ljava/lang/Object;J)V name or signature does not match> (0x00000000e0e07f60) thrown at [/HUDSON3/workspace/8-2-build-linux-amd64/jdk8u111/7883/hotspot/src/share/vm/prims/jni.c
Event: 1,315 Thread 0x00007f2d2800a000 Exception <a 'java/lang/NoSuchFieldError': method resolution failed> (0x00000000e0fae840) thrown at [/HUDSON3/workspace/8-2-build-linux-amd64/jdk8u111/7883/hotspot/src/share/vm/prims/methodHandles.cpp, line 1146]
Event: 1,340 Thread 0x00007f2d2800a000 Exception <a 'java/lang/NoSuchFieldError': method resolution failed> (0x00000000e0fbbbf0) thrown at [/HUDSON3/workspace/8-2-build-linux-amd64/jdk8u111/7883/hotspot/src/share/vm/prims/methodHandles.cpp, line 1146]
Event: 1,448 Thread 0x00007f2d2800a000 Exception <a 'java/security/PrivilegedActionException'> (0x00000000e1044f78) thrown at [/HUDSON3/workspace/8-2-build-linux-amd64/jdk8u111/7883/hotspot/src/share/vm/prims/jvm.cpp, line 1386]
Event: 1,448 Thread 0x00007f2d2800a000 Exception <a 'java/security/PrivilegedActionException'> (0x00000000e1045188) thrown at [/HUDSON3/workspace/8-2-build-linux-amd64/jdk8u111/7883/hotspot/src/share/vm/prims/jvm.cpp, line 1386]
Event: 1,450 Thread 0x00007f2d2800a000 Exception <a 'java/security/PrivilegedActionException'> (0x00000000e1047488) thrown at [/HUDSON3/workspace/8-2-build-linux-amd64/jdk8u111/7883/hotspot/src/share/vm/prims/jvm.cpp, line 1386]
Event: 1,450 Thread 0x00007f2d2800a000 Exception <a 'java/security/PrivilegedActionException'> (0x00000000e1047698) thrown at [/HUDSON3/workspace/8-2-build-linux-amd64/jdk8u111/7883/hotspot/src/share/vm/prims/jvm.cpp, line 1386]
Event: 1,450 Thread 0x00007f2d2800a000 Exception <a 'java/lang/NullPointerException'> (0x00000000e1047c70) thrown at [/HUDSON3/workspace/8-2-build-linux-amd64/jdk8u111/7883/hotspot/src/share/vm/interpreter/linkResolver.cpp, line 1178]
Event: 6,060 Thread 0x00007f2d2829d000 Exception <a 'java/lang/NullPointerException'> (0x00000000e12b72f0) thrown at [/HUDSON3/workspace/8-2-build-linux-amd64/jdk8u111/7883/hotspot/src/share/vm/interpreter/linkResolver.cpp, line 1178]
Event: 6,061 Thread 0x00007f2d2829d000 Exception <a 'java/lang/NullPointerException'> (0x00000000e12b72f0) thrown at [/HUDSON3/workspace/8-2-build-linux-amd64/jdk8u111/7883/hotspot/src/share/vm/prims/jvm.cpp, line 1390]

Events (10 events):
Event: 9,695 loading class com/sun/javafx/tk/quantum/ViewPainter
Event: 9,695 loading class com/sun/javafx/tk/quantum/ViewPainter done
Event: 9,698 Executing VM operation: GenCollectForAllocation
Event: 9,771 Executing VM operation: GenCollectForAllocation done
Event: 9,793 Executing VM operation: RevokeBias
Event: 9,797 Executing VM operation: RevokeBias done
Event: 9,812 loading class com/sun/javafx/tk/quantum/UploadingPainter
Event: 9,812 loading class com/sun/javafx/tk/quantum/UploadingPainter done
Event: 9,818 loading class com/sun/javafx/tk/quantum/PresentingPainter
Event: 9,818 loading class com/sun/javafx/tk/quantum/PresentingPainter done


Dynamic libraries:
00400000-00401000 r-xp 00000000 08:01 695664                             /usr/local/jdk1.8.0_111/jre/bin/java
00600000-00601000 rw-p 00000000 08:01 695664                             /usr/local/jdk1.8.0_111/jre/bin/java
011f9000-0121a000 rw-p 00000000 00:00 0                                  [heap]
e0e00000-e18a0000 rw-p 00000000 00:00 0 
e18a0000-eb400000 ---p 00000000 00:00 0 
eb400000-ec960000 rw-p 00000000 00:00 0 
ec960000-100000000 ---p 00000000 00:00 0 
100000000-1001a0000 rw-p 00000000 00:00 0 
1001a0000-140000000 ---p 00000000 00:00 0 
7f2cec702000-7f2cec7c2000 rw-p 00000000 00:00 0 
7f2cec7c2000-7f2cec902000 ---p 00000000 00:00 0 
7f2cec902000-7f2cec903000 r--s 00000000 08:01 428320                     /var/cache/fontconfig/087e1975ba9a574b140bb1df193bf770-le64.cache-4
7f2cec903000-7f2cec908000 r-xp 00000000 08:01 695221                     /usr/local/jdk1.8.0_111/jre/lib/amd64/libjavafx_font_freetype.so
7f2cec908000-7f2cecb07000 ---p 00005000 08:01 695221                     /usr/local/jdk1.8.0_111/jre/lib/amd64/libjavafx_font_freetype.so
7f2cecb07000-7f2cecb08000 rw-p 00004000 08:01 695221                     /usr/local/jdk1.8.0_111/jre/lib/amd64/libjavafx_font_freetype.so
7f2cecb08000-7f2cecb0b000 r-xp 00000000 08:01 695339                     /usr/local/jdk1.8.0_111/jre/lib/amd64/libjavafx_font.so
7f2cecb0b000-7f2cecd0a000 ---p 00003000 08:01 695339                     /usr/local/jdk1.8.0_111/jre/lib/amd64/libjavafx_font.so
7f2cecd0a000-7f2cecd0b000 rw-p 00002000 08:01 695339                     /usr/local/jdk1.8.0_111/jre/lib/amd64/libjavafx_font.so
7f2cecd0b000-7f2cecd0e000 ---p 00000000 00:00 0 
7f2cecd0e000-7f2cece0c000 rw-p 00000000 00:00 0 
7f2cece0c000-7f2ced00c000 rw-p 00000000 00:00 0 
7f2ced00c000-7f2ced022000 r-xp 00000000 08:01 695504                     /usr/local/jdk1.8.0_111/jre/lib/amd64/libnet.so
7f2ced022000-7f2ced222000 ---p 00016000 08:01 695504                     /usr/local/jdk1.8.0_111/jre/lib/amd64/libnet.so
7f2ced222000-7f2ced223000 rw-p 00016000 08:01 695504                     /usr/local/jdk1.8.0_111/jre/lib/amd64/libnet.so
7f2ced223000-7f2ced226000 ---p 00000000 00:00 0 
7f2ced226000-7f2ced324000 rw-p 00000000 00:00 0 
7f2ced324000-7f2ced327000 ---p 00000000 00:00 0 
7f2ced327000-7f2ced425000 rw-p 00000000 00:00 0 
7f2ced425000-7f2ced42c000 r-xp 00000000 08:01 669767                     /usr/lib/x86_64-linux-gnu/libogg.so.0.8.2
7f2ced42c000-7f2ced62c000 ---p 00007000 08:01 669767                     /usr/lib/x86_64-linux-gnu/libogg.so.0.8.2
7f2ced62c000-7f2ced62d000 r--p 00007000 08:01 669767                     /usr/lib/x86_64-linux-gnu/libogg.so.0.8.2
7f2ced62d000-7f2ced62e000 rw-p 00008000 08:01 669767                     /usr/lib/x86_64-linux-gnu/libogg.so.0.8.2
7f2ced62e000-7f2ced658000 r-xp 00000000 08:01 671056                     /usr/lib/x86_64-linux-gnu/libvorbis.so.0.4.8
7f2ced658000-7f2ced858000 ---p 0002a000 08:01 671056                     /usr/lib/x86_64-linux-gnu/libvorbis.so.0.4.8
7f2ced858000-7f2ced859000 r--p 0002a000 08:01 671056                     /usr/lib/x86_64-linux-gnu/libvorbis.so.0.4.8
7f2ced859000-7f2ced85a000 rw-p 0002b000 08:01 671056                     /usr/lib/x86_64-linux-gnu/libvorbis.so.0.4.8
7f2ced85a000-7f2ced863000 r-xp 00000000 08:01 669429                     /usr/lib/x86_64-linux-gnu/libltdl.so.7.3.1
7f2ced863000-7f2ceda62000 ---p 00009000 08:01 669429                     /usr/lib/x86_64-linux-gnu/libltdl.so.7.3.1
7f2ceda62000-7f2ceda63000 r--p 00008000 08:01 669429                     /usr/lib/x86_64-linux-gnu/libltdl.so.7.3.1
7f2ceda63000-7f2ceda64000 rw-p 00009000 08:01 669429                     /usr/lib/x86_64-linux-gnu/libltdl.so.7.3.1
7f2ceda64000-7f2ceda79000 r-xp 00000000 08:01 671426                     /usr/lib/x86_64-linux-gnu/libtdb.so.1.3.11
7f2ceda79000-7f2cedc78000 ---p 00015000 08:01 671426                     /usr/lib/x86_64-linux-gnu/libtdb.so.1.3.11
7f2cedc78000-7f2cedc79000 r--p 00014000 08:01 671426                     /usr/lib/x86_64-linux-gnu/libtdb.so.1.3.11
7f2cedc79000-7f2cedc7a000 rw-p 00015000 08:01 671426                     /usr/lib/x86_64-linux-gnu/libtdb.so.1.3.11
7f2cedc7a000-7f2cedc82000 r-xp 00000000 08:01 671752                     /usr/lib/x86_64-linux-gnu/libvorbisfile.so.3.3.7
7f2cedc82000-7f2cede81000 ---p 00008000 08:01 671752                     /usr/lib/x86_64-linux-gnu/libvorbisfile.so.3.3.7
7f2cede81000-7f2cede82000 r--p 00007000 08:01 671752                     /usr/lib/x86_64-linux-gnu/libvorbisfile.so.3.3.7
7f2cede82000-7f2cede83000 rw-p 00008000 08:01 671752                     /usr/lib/x86_64-linux-gnu/libvorbisfile.so.3.3.7
7f2cede83000-7f2cede94000 r-xp 00000000 08:01 672494                     /usr/lib/x86_64-linux-gnu/libcanberra.so.0.2.5
7f2cede94000-7f2cee093000 ---p 00011000 08:01 672494                     /usr/lib/x86_64-linux-gnu/libcanberra.so.0.2.5
7f2cee093000-7f2cee094000 r--p 00010000 08:01 672494                     /usr/lib/x86_64-linux-gnu/libcanberra.so.0.2.5
7f2cee094000-7f2cee095000 rw-p 00011000 08:01 672494                     /usr/lib/x86_64-linux-gnu/libcanberra.so.0.2.5
7f2cee095000-7f2cee099000 r-xp 00000000 08:01 694037                     /usr/lib/x86_64-linux-gnu/libcanberra-gtk.so.0.1.9
7f2cee099000-7f2cee298000 ---p 00004000 08:01 694037                     /usr/lib/x86_64-linux-gnu/libcanberra-gtk.so.0.1.9
7f2cee298000-7f2cee299000 r--p 00003000 08:01 694037                     /usr/lib/x86_64-linux-gnu/libcanberra-gtk.so.0.1.9
7f2cee299000-7f2cee29a000 rw-p 00004000 08:01 694037                     /usr/lib/x86_64-linux-gnu/libcanberra-gtk.so.0.1.9
7f2cee29a000-7f2cee29f000 r-xp 00000000 08:01 694046                     /usr/lib/x86_64-linux-gnu/gtk-2.0/modules/libcanberra-gtk-module.so
7f2cee29f000-7f2cee49e000 ---p 00005000 08:01 694046                     /usr/lib/x86_64-linux-gnu/gtk-2.0/modules/libcanberra-gtk-module.so
7f2cee49e000-7f2cee49f000 r--p 00004000 08:01 694046                     /usr/lib/x86_64-linux-gnu/gtk-2.0/modules/libcanberra-gtk-module.so
7f2cee49f000-7f2cee4a0000 rw-p 00005000 08:01 694046                     /usr/lib/x86_64-linux-gnu/gtk-2.0/modules/libcanberra-gtk-module.so
7f2cee4a0000-7f2cee4aa000 r-xp 00000000 08:01 685592                     /usr/lib/x86_64-linux-gnu/gtk-2.0/2.10.0/engines/libpixmap.so
7f2cee4aa000-7f2cee6a9000 ---p 0000a000 08:01 685592                     /usr/lib/x86_64-linux-gnu/gtk-2.0/2.10.0/engines/libpixmap.so
7f2cee6a9000-7f2cee6aa000 r--p 00009000 08:01 685592                     /usr/lib/x86_64-linux-gnu/gtk-2.0/2.10.0/engines/libpixmap.so
7f2cee6aa000-7f2cee6ab000 rw-p 0000a000 08:01 685592                     /usr/lib/x86_64-linux-gnu/gtk-2.0/2.10.0/engines/libpixmap.so
7f2cee6ab000-7f2cee6ad000 r-xp 00000000 08:01 681226                     /usr/lib/x86_64-linux-gnu/gtk-2.0/2.10.0/engines/libadwaita.so
7f2cee6ad000-7f2cee8ad000 ---p 00002000 08:01 681226                     /usr/lib/x86_64-linux-gnu/gtk-2.0/2.10.0/engines/libadwaita.so
7f2cee8ad000-7f2cee8ae000 r--p 00002000 08:01 681226                     /usr/lib/x86_64-linux-gnu/gtk-2.0/2.10.0/engines/libadwaita.so
7f2cee8ae000-7f2cee8af000 rw-p 00003000 08:01 681226                     /usr/lib/x86_64-linux-gnu/gtk-2.0/2.10.0/engines/libadwaita.so
7f2cee8af000-7f2cee8c0000 r-xp 00000000 08:01 656284                     /usr/lib/x86_64-linux-gnu/liblz4.so.1.7.1
7f2cee8c0000-7f2ceeabf000 ---p 00011000 08:01 656284                     /usr/lib/x86_64-linux-gnu/liblz4.so.1.7.1
7f2ceeabf000-7f2ceeac0000 r--p 00010000 08:01 656284                     /usr/lib/x86_64-linux-gnu/liblz4.so.1.7.1
7f2ceeac0000-7f2ceeac1000 rw-p 00011000 08:01 656284                     /usr/lib/x86_64-linux-gnu/liblz4.so.1.7.1
7f2ceeac1000-7f2ceeae6000 r-xp 00000000 08:01 917549                     /lib/x86_64-linux-gnu/liblzma.so.5.2.2
7f2ceeae6000-7f2ceece5000 ---p 00025000 08:01 917549                     /lib/x86_64-linux-gnu/liblzma.so.5.2.2
7f2ceece5000-7f2ceece6000 r--p 00024000 08:01 917549                     /lib/x86_64-linux-gnu/liblzma.so.5.2.2
7f2ceece6000-7f2ceece7000 rw-p 00025000 08:01 917549                     /lib/x86_64-linux-gnu/liblzma.so.5.2.2
7f2ceece7000-7f2ceed14000 r-xp 00000000 08:01 670721                     /usr/lib/x86_64-linux-gnu/libatk-bridge-2.0.so.0.0.0
7f2ceed14000-7f2ceef13000 ---p 0002d000 08:01 670721                     /usr/lib/x86_64-linux-gnu/libatk-bridge-2.0.so.0.0.0
7f2ceef13000-7f2ceef14000 r--p 0002c000 08:01 670721                     /usr/lib/x86_64-linux-gnu/libatk-bridge-2.0.so.0.0.0
7f2ceef14000-7f2ceef16000 rw-p 0002d000 08:01 670721                     /usr/lib/x86_64-linux-gnu/libatk-bridge-2.0.so.0.0.0
7f2ceef16000-7f2ceef63000 r-xp 00000000 08:01 918153                     /lib/x86_64-linux-gnu/libdbus-1.so.3.14.15
7f2ceef63000-7f2cef163000 ---p 0004d000 08:01 918153                     /lib/x86_64-linux-gnu/libdbus-1.so.3.14.15
7f2cef163000-7f2cef165000 r--p 0004d000 08:01 918153                     /lib/x86_64-linux-gnu/libdbus-1.so.3.14.15
7f2cef165000-7f2cef166000 rw-p 0004f000 08:01 918153                     /lib/x86_64-linux-gnu/libdbus-1.so.3.14.15
7f2cef166000-7f2cef193000 r-xp 00000000 08:01 670716                     /usr/lib/x86_64-linux-gnu/libatspi.so.0.0.1
7f2cef193000-7f2cef393000 ---p 0002d000 08:01 670716                     /usr/lib/x86_64-linux-gnu/libatspi.so.0.0.1
7f2cef393000-7f2cef396000 r--p 0002d000 08:01 670716                     /usr/lib/x86_64-linux-gnu/libatspi.so.0.0.1
7f2cef396000-7f2cef397000 rw-p 00030000 08:01 670716                     /usr/lib/x86_64-linux-gnu/libatspi.so.0.0.1
7f2cef397000-7f2cef398000 r-xp 00000000 08:01 673122                     /usr/lib/x86_64-linux-gnu/gtk-2.0/modules/libatk-bridge.so
7f2cef398000-7f2cef597000 ---p 00001000 08:01 673122                     /usr/lib/x86_64-linux-gnu/gtk-2.0/modules/libatk-bridge.so
7f2cef597000-7f2cef598000 r--p 00000000 08:01 673122                     /usr/lib/x86_64-linux-gnu/gtk-2.0/modules/libatk-bridge.so
7f2cef598000-7f2cef599000 rw-p 00001000 08:01 673122                     /usr/lib/x86_64-linux-gnu/gtk-2.0/modules/libatk-bridge.so
7f2cef599000-7f2cef5a0000 r-xp 00000000 08:01 685951                     /usr/lib/x86_64-linux-gnu/libgailutil.so.18.0.1
7f2cef5a0000-7f2cef79f000 ---p 00007000 08:01 685951                     /usr/lib/x86_64-linux-gnu/libgailutil.so.18.0.1
7f2cef79f000-7f2cef7a0000 r--p 00006000 08:01 685951                     /usr/lib/x86_64-linux-gnu/libgailutil.so.18.0.1
7f2cef7a0000-7f2cef7a1000 rw-p 00007000 08:01 685951                     /usr/lib/x86_64-linux-gnu/libgailutil.so.18.0.1
7f2cef7a1000-7f2cef7f0000 r-xp 00000000 08:01 685954                     /usr/lib/x86_64-linux-gnu/gtk-2.0/modules/libgail.so
7f2cef7f0000-7f2cef9ef000 ---p 0004f000 08:01 685954                     /usr/lib/x86_64-linux-gnu/gtk-2.0/modules/libgail.so
7f2cef9ef000-7f2cef9f0000 r--p 0004e000 08:01 685954                     /usr/lib/x86_64-linux-gnu/gtk-2.0/modules/libgail.so
7f2cef9f0000-7f2cef9f2000 rw-p 0004f000 08:01 685954                     /usr/lib/x86_64-linux-gnu/gtk-2.0/modules/libgail.so
7f2cef9f2000-7f2cefa1b000 r-xp 00000000 08:01 695456                     /usr/local/jdk1.8.0_111/jre/lib/amd64/libglass.so
7f2cefa1b000-7f2cefc1a000 ---p 00029000 08:01 695456                     /usr/local/jdk1.8.0_111/jre/lib/amd64/libglass.so
7f2cefc1a000-7f2cefc1d000 rw-p 00028000 08:01 695456                     /usr/local/jdk1.8.0_111/jre/lib/amd64/libglass.so
7f2cefc1d000-7f2cefc2c000 r-xp 00000000 08:01 695401                     /usr/local/jdk1.8.0_111/jre/lib/amd64/libprism_sw.so
7f2cefc2c000-7f2cefe2c000 ---p 0000f000 08:01 695401                     /usr/local/jdk1.8.0_111/jre/lib/amd64/libprism_sw.so
7f2cefe2c000-7f2cefe2d000 rw-p 0000f000 08:01 695401                     /usr/local/jdk1.8.0_111/jre/lib/amd64/libprism_sw.so
7f2cefe2d000-7f2cefe65000 r-xp 00000000 08:01 690820                     /usr/lib/x86_64-linux-gnu/s2tc/libtxc_dxtn.so
7f2cefe65000-7f2cf0065000 ---p 00038000 08:01 690820                     /usr/lib/x86_64-linux-gnu/s2tc/libtxc_dxtn.so
7f2cf0065000-7f2cf0066000 r--p 00038000 08:01 690820                     /usr/lib/x86_64-linux-gnu/s2tc/libtxc_dxtn.so
7f2cf0066000-7f2cf0067000 rw-p 00039000 08:01 690820                     /usr/lib/x86_64-linux-gnu/s2tc/libtxc_dxtn.so
7f2cf0067000-7f2cf0089000 r-xp 00000000 08:01 917586                     /lib/x86_64-linux-gnu/libncurses.so.5.9
7f2cf0089000-7f2cf0288000 ---p 00022000 08:01 917586                     /lib/x86_64-linux-gnu/libncurses.so.5.9
7f2cf0288000-7f2cf0289000 r--p 00021000 08:01 917586                     /lib/x86_64-linux-gnu/libncurses.so.5.9
7f2cf0289000-7f2cf028a000 rw-p 00022000 08:01 917586                     /lib/x86_64-linux-gnu/libncurses.so.5.9
7f2cf028a000-7f2cf02b0000 r-xp 00000000 08:01 917559                     /lib/x86_64-linux-gnu/libtinfo.so.5.9
7f2cf02b0000-7f2cf04af000 ---p 00026000 08:01 917559                     /lib/x86_64-linux-gnu/libtinfo.so.5.9
7f2cf04af000-7f2cf04b3000 r--p 00025000 08:01 917559                     /lib/x86_64-linux-gnu/libtinfo.so.5.9
7f2cf04b3000-7f2cf04b4000 rw-p 00029000 08:01 917559                     /lib/x86_64-linux-gnu/libtinfo.so.5.9
7f2cf04b4000-7f2cf04e5000 r-xp 00000000 08:01 664325                     /usr/lib/x86_64-linux-gnu/libedit.so.2.0.55
7f2cf04e5000-7f2cf06e5000 ---p 00031000 08:01 664325                     /usr/lib/x86_64-linux-gnu/libedit.so.2.0.55
7f2cf06e5000-7f2cf06e7000 r--p 00031000 08:01 664325                     /usr/lib/x86_64-linux-gnu/libedit.so.2.0.55
7f2cf06e7000-7f2cf06e8000 rw-p 00033000 08:01 664325                     /usr/lib/x86_64-linux-gnu/libedit.so.2.0.55
7f2cf06e8000-7f2cf06ec000 rw-p 00000000 00:00 0 
7f2cf06ec000-7f2cf06ff000 r-xp 00000000 08:01 917556                     /lib/x86_64-linux-gnu/libgpg-error.so.0.21.0
7f2cf06ff000-7f2cf08fe000 ---p 00013000 08:01 917556                     /lib/x86_64-linux-gnu/libgpg-error.so.0.21.0
7f2cf08fe000-7f2cf08ff000 r--p 00012000 08:01 917556                     /lib/x86_64-linux-gnu/libgpg-error.so.0.21.0
7f2cf08ff000-7f2cf0900000 rw-p 00013000 08:01 917556                     /lib/x86_64-linux-gnu/libgpg-error.so.0.21.0
7f2cf0900000-7f2cf31c8000 r-xp 00000000 08:01 685958                     /usr/lib/x86_64-linux-gnu/libLLVM-3.9.so.1
7f2cf31c8000-7f2cf34b7000 r--p 028c7000 08:01 685958                     /usr/lib/x86_64-linux-gnu/libLLVM-3.9.so.1
7f2cf34b7000-7f2cf34dc000 rw-p 02bb6000 08:01 685958                     /usr/lib/x86_64-linux-gnu/libLLVM-3.9.so.1
7f2cf34dc000-7f2cf3520000 rw-p 00000000 00:00 0 
7f2cf3520000-7f2cf3537000 r-xp 00000000 08:01 659984                     /usr/lib/x86_64-linux-gnu/libelf-0.168.so
7f2cf3537000-7f2cf3736000 ---p 00017000 08:01 659984                     /usr/lib/x86_64-linux-gnu/libelf-0.168.so
7f2cf3736000-7f2cf3737000 r--p 00016000 08:01 659984                     /usr/lib/x86_64-linux-gnu/libelf-0.168.so
7f2cf3737000-7f2cf3738000 rw-p 00017000 08:01 659984                     /usr/lib/x86_64-linux-gnu/libelf-0.168.so
7f2cf3738000-7f2cf3741000 r-xp 00000000 08:01 685769                     /usr/lib/x86_64-linux-gnu/libdrm_amdgpu.so.1.0.0
7f2cf3741000-7f2cf3940000 ---p 00009000 08:01 685769                     /usr/lib/x86_64-linux-gnu/libdrm_amdgpu.so.1.0.0
7f2cf3940000-7f2cf3941000 r--p 00008000 08:01 685769                     /usr/lib/x86_64-linux-gnu/libdrm_amdgpu.so.1.0.0
7f2cf3941000-7f2cf3942000 rw-p 00009000 08:01 685769                     /usr/lib/x86_64-linux-gnu/libdrm_amdgpu.so.1.0.0
7f2cf3942000-7f2cf394d000 r-xp 00000000 08:01 685774                     /usr/lib/x86_64-linux-gnu/libdrm_radeon.so.1.0.1
7f2cf394d000-7f2cf3b4c000 ---p 0000b000 08:01 685774                     /usr/lib/x86_64-linux-gnu/libdrm_radeon.so.1.0.1
7f2cf3b4c000-7f2cf3b4d000 r--p 0000a000 08:01 685774                     /usr/lib/x86_64-linux-gnu/libdrm_radeon.so.1.0.1
7f2cf3b4d000-7f2cf3b4e000 rw-p 0000b000 08:01 685774                     /usr/lib/x86_64-linux-gnu/libdrm_radeon.so.1.0.1
7f2cf3b4e000-7f2cf3b55000 r-xp 00000000 08:01 685771                     /usr/lib/x86_64-linux-gnu/libdrm_nouveau.so.2.0.0
7f2cf3b55000-7f2cf3d54000 ---p 00007000 08:01 685771                     /usr/lib/x86_64-linux-gnu/libdrm_nouveau.so.2.0.0
7f2cf3d54000-7f2cf3d55000 r--p 00006000 08:01 685771                     /usr/lib/x86_64-linux-gnu/libdrm_nouveau.so.2.0.0
7f2cf3d55000-7f2cf3d56000 rw-p 00007000 08:01 685771                     /usr/lib/x86_64-linux-gnu/libdrm_nouveau.so.2.0.0
7f2cf3d56000-7f2cf3d64000 r-xp 00000000 08:01 685965                     /usr/lib/x86_64-linux-gnu/libsensors.so.4.4.0
7f2cf3d64000-7f2cf3f63000 ---p 0000e000 08:01 685965                     /usr/lib/x86_64-linux-gnu/libsensors.so.4.4.0
7f2cf3f63000-7f2cf3f64000 r--p 0000d000 08:01 685965                     /usr/lib/x86_64-linux-gnu/libsensors.so.4.4.0
7f2cf3f64000-7f2cf3f65000 rw-p 0000e000 08:01 685965                     /usr/lib/x86_64-linux-gnu/libsensors.so.4.4.0
7f2cf3f65000-7f2cf406c000 r-xp 00000000 08:01 917619                     /lib/x86_64-linux-gnu/libgcrypt.so.20.1.6
7f2cf406c000-7f2cf426c000 ---p 00107000 08:01 917619                     /lib/x86_64-linux-gnu/libgcrypt.so.20.1.6
7f2cf426c000-7f2cf426e000 r--p 00107000 08:01 917619                     /lib/x86_64-linux-gnu/libgcrypt.so.20.1.6
7f2cf426e000-7f2cf4275000 rw-p 00109000 08:01 917619                     /lib/x86_64-linux-gnu/libgcrypt.so.20.1.6
7f2cf4275000-7f2cf4bb1000 r-xp 00000000 08:01 685974                     /usr/lib/x86_64-linux-gnu/dri/swrast_dri.so
7f2cf4bb1000-7f2cf4db0000 ---p 0093c000 08:01 685974                     /usr/lib/x86_64-linux-gnu/dri/swrast_dri.so
7f2cf4db0000-7f2cf4deb000 r--p 0093b000 08:01 685974                     /usr/lib/x86_64-linux-gnu/dri/swrast_dri.so
7f2cf4deb000-7f2cf4df7000 rw-p 00976000 08:01 685974                     /usr/lib/x86_64-linux-gnu/dri/swrast_dri.so
7f2cf4df7000-7f2cf4fee000 rw-p 00000000 00:00 0 
7f2cf4fee000-7f2cf5001000 r-xp 00000000 08:01 918030                     /lib/x86_64-linux-gnu/libbsd.so.0.8.3
7f2cf5001000-7f2cf5201000 ---p 00013000 08:01 918030                     /lib/x86_64-linux-gnu/libbsd.so.0.8.3
7f2cf5201000-7f2cf5202000 r--p 00013000 08:01 918030                     /lib/x86_64-linux-gnu/libbsd.so.0.8.3
7f2cf5202000-7f2cf5203000 rw-p 00014000 08:01 918030                     /lib/x86_64-linux-gnu/libbsd.so.0.8.3
7f2cf5203000-7f2cf5204000 rw-p 00000000 00:00 0 
7f2cf5204000-7f2cf5208000 r-xp 00000000 08:01 917609                     /lib/x86_64-linux-gnu/libuuid.so.1.3.0
7f2cf5208000-7f2cf5407000 ---p 00004000 08:01 917609                     /lib/x86_64-linux-gnu/libuuid.so.1.3.0
7f2cf5407000-7f2cf5408000 r--p 00003000 08:01 917609                     /lib/x86_64-linux-gnu/libuuid.so.1.3.0
7f2cf5408000-7f2cf5409000 rw-p 00004000 08:01 917609                     /lib/x86_64-linux-gnu/libuuid.so.1.3.0
7f2cf5409000-7f2cf5410000 r-xp 00000000 08:01 668650                     /usr/lib/x86_64-linux-gnu/libdatrie.so.1.3.3
7f2cf5410000-7f2cf560f000 ---p 00007000 08:01 668650                     /usr/lib/x86_64-linux-gnu/libdatrie.so.1.3.3
7f2cf560f000-7f2cf5610000 r--p 00006000 08:01 668650                     /usr/lib/x86_64-linux-gnu/libdatrie.so.1.3.3
7f2cf5610000-7f2cf5611000 rw-p 00007000 08:01 668650                     /usr/lib/x86_64-linux-gnu/libdatrie.so.1.3.3
7f2cf5611000-7f2cf5616000 r-xp 00000000 08:01 666430                     /usr/lib/x86_64-linux-gnu/libXdmcp.so.6.0.0
7f2cf5616000-7f2cf5815000 ---p 00005000 08:01 666430                     /usr/lib/x86_64-linux-gnu/libXdmcp.so.6.0.0
7f2cf5815000-7f2cf5816000 r--p 00004000 08:01 666430                     /usr/lib/x86_64-linux-gnu/libXdmcp.so.6.0.0
7f2cf5816000-7f2cf5817000 rw-p 00005000 08:01 666430                     /usr/lib/x86_64-linux-gnu/libXdmcp.so.6.0.0
7f2cf5817000-7f2cf581a000 r-xp 00000000 08:01 663492                     /usr/lib/x86_64-linux-gnu/libXau.so.6.0.0
7f2cf581a000-7f2cf5a19000 ---p 00003000 08:01 663492                     /usr/lib/x86_64-linux-gnu/libXau.so.6.0.0
7f2cf5a19000-7f2cf5a1a000 r--p 00002000 08:01 663492                     /usr/lib/x86_64-linux-gnu/libXau.so.6.0.0
7f2cf5a1a000-7f2cf5a1b000 rw-p 00003000 08:01 663492                     /usr/lib/x86_64-linux-gnu/libXau.so.6.0.0
7f2cf5a1b000-7f2cf5a46000 r-xp 00000000 08:01 668656                     /usr/lib/x86_64-linux-gnu/libgraphite2.so.3.0.1
7f2cf5a46000-7f2cf5c45000 ---p 0002b000 08:01 668656                     /usr/lib/x86_64-linux-gnu/libgraphite2.so.3.0.1
7f2cf5c45000-7f2cf5c47000 r--p 0002a000 08:01 668656                     /usr/lib/x86_64-linux-gnu/libgraphite2.so.3.0.1
7f2cf5c47000-7f2cf5c48000 rw-p 0002c000 08:01 668656                     /usr/lib/x86_64-linux-gnu/libgraphite2.so.3.0.1
7f2cf5c48000-7f2cf5c89000 r-xp 00000000 08:01 917603                     /lib/x86_64-linux-gnu/libblkid.so.1.1.0
7f2cf5c89000-7f2cf5e88000 ---p 00041000 08:01 917603                     /lib/x86_64-linux-gnu/libblkid.so.1.1.0
7f2cf5e88000-7f2cf5e8c000 r--p 00040000 08:01 917603                     /lib/x86_64-linux-gnu/libblkid.so.1.1.0
7f2cf5e8c000-7f2cf5e8d000 rw-p 00044000 08:01 917603                     /lib/x86_64-linux-gnu/libblkid.so.1.1.0
7f2cf5e8d000-7f2cf5e8e000 rw-p 00000000 00:00 0 
7f2cf5e8e000-7f2cf5e9c000 r-xp 00000000 08:01 669796                     /usr/lib/x86_64-linux-gnu/libdrm.so.2.4.0
7f2cf5e9c000-7f2cf609c000 ---p 0000e000 08:01 669796                     /usr/lib/x86_64-linux-gnu/libdrm.so.2.4.0
7f2cf609c000-7f2cf609d000 r--p 0000e000 08:01 669796                     /usr/lib/x86_64-linux-gnu/libdrm.so.2.4.0
7f2cf609d000-7f2cf609e000 rw-p 0000f000 08:01 669796                     /usr/lib/x86_64-linux-gnu/libdrm.so.2.4.0
7f2cf609e000-7f2cf60a2000 r-xp 00000000 08:01 669822                     /usr/lib/x86_64-linux-gnu/libxcb-dri2.so.0.0.0
7f2cf60a2000-7f2cf62a1000 ---p 00004000 08:01 669822                     /usr/lib/x86_64-linux-gnu/libxcb-dri2.so.0.0.0
7f2cf62a1000-7f2cf62a2000 r--p 00003000 08:01 669822                     /usr/lib/x86_64-linux-gnu/libxcb-dri2.so.0.0.0
7f2cf62a2000-7f2cf62a3000 rw-p 00004000 08:01 669822                     /usr/lib/x86_64-linux-gnu/libxcb-dri2.so.0.0.0
7f2cf62a3000-7f2cf62bb000 r-xp 00000000 08:01 669879                     /usr/lib/x86_64-linux-gnu/libxcb-glx.so.0.0.0
7f2cf62bb000-7f2cf64bb000 ---p 00018000 08:01 669879                     /usr/lib/x86_64-linux-gnu/libxcb-glx.so.0.0.0
7f2cf64bb000-7f2cf64bd000 r--p 00018000 08:01 669879                     /usr/lib/x86_64-linux-gnu/libxcb-glx.so.0.0.0
7f2cf64bd000-7f2cf64be000 rw-p 0001a000 08:01 669879                     /usr/lib/x86_64-linux-gnu/libxcb-glx.so.0.0.0
7f2cf64be000-7f2cf64bf000 r-xp 00000000 08:01 669179                     /usr/lib/x86_64-linux-gnu/libX11-xcb.so.1.0.0
7f2cf64bf000-7f2cf66be000 ---p 00001000 08:01 669179                     /usr/lib/x86_64-linux-gnu/libX11-xcb.so.1.0.0
7f2cf66be000-7f2cf66bf000 r--p 00000000 08:01 669179                     /usr/lib/x86_64-linux-gnu/libX11-xcb.so.1.0.0
7f2cf66bf000-7f2cf66c0000 rw-p 00001000 08:01 669179                     /usr/lib/x86_64-linux-gnu/libX11-xcb.so.1.0.0
7f2cf66c0000-7f2cf66ea000 r-xp 00000000 08:01 669869                     /usr/lib/x86_64-linux-gnu/libglapi.so.0.0.0
7f2cf66ea000-7f2cf68e9000 ---p 0002a000 08:01 669869                     /usr/lib/x86_64-linux-gnu/libglapi.so.0.0.0
7f2cf68e9000-7f2cf68ed000 r--p 00029000 08:01 669869                     /usr/lib/x86_64-linux-gnu/libglapi.so.0.0.0
7f2cf68ed000-7f2cf68ee000 rw-p 0002d000 08:01 669869                     /usr/lib/x86_64-linux-gnu/libglapi.so.0.0.0
7f2cf68ee000-7f2cf68ef000 rw-p 00000000 00:00 0 
7f2cf68ef000-7f2cf68f0000 r-xp 00000000 08:01 669852                     /usr/lib/x86_64-linux-gnu/libxshmfence.so.1.0.0
7f2cf68f0000-7f2cf6aef000 ---p 00001000 08:01 669852                     /usr/lib/x86_64-linux-gnu/libxshmfence.so.1.0.0
7f2cf6aef000-7f2cf6af0000 r--p 00000000 08:01 669852                     /usr/lib/x86_64-linux-gnu/libxshmfence.so.1.0.0
7f2cf6af0000-7f2cf6af1000 rw-p 00001000 08:01 669852                     /usr/lib/x86_64-linux-gnu/libxshmfence.so.1.0.0
7f2cf6af1000-7f2cf6af7000 r-xp 00000000 08:01 669840                     /usr/lib/x86_64-linux-gnu/libxcb-sync.so.1.0.0
7f2cf6af7000-7f2cf6cf6000 ---p 00006000 08:01 669840                     /usr/lib/x86_64-linux-gnu/libxcb-sync.so.1.0.0
7f2cf6cf6000-7f2cf6cf7000 r--p 00005000 08:01 669840                     /usr/lib/x86_64-linux-gnu/libxcb-sync.so.1.0.0
7f2cf6cf7000-7f2cf6cf8000 rw-p 00006000 08:01 669840                     /usr/lib/x86_64-linux-gnu/libxcb-sync.so.1.0.0
7f2cf6cf8000-7f2cf6cfa000 r-xp 00000000 08:01 669834                     /usr/lib/x86_64-linux-gnu/libxcb-present.so.0.0.0
7f2cf6cfa000-7f2cf6ef9000 ---p 00002000 08:01 669834                     /usr/lib/x86_64-linux-gnu/libxcb-present.so.0.0.0
7f2cf6ef9000-7f2cf6efa000 r--p 00001000 08:01 669834                     /usr/lib/x86_64-linux-gnu/libxcb-present.so.0.0.0
7f2cf6efa000-7f2cf6efb000 rw-p 00002000 08:01 669834                     /usr/lib/x86_64-linux-gnu/libxcb-present.so.0.0.0
7f2cf6efb000-7f2cf6efd000 r-xp 00000000 08:01 669828                     /usr/lib/x86_64-linux-gnu/libxcb-dri3.so.0.0.0
7f2cf6efd000-7f2cf70fc000 ---p 00002000 08:01 669828                     /usr/lib/x86_64-linux-gnu/libxcb-dri3.so.0.0.0
7f2cf70fc000-7f2cf70fd000 r--p 00001000 08:01 669828                     /usr/lib/x86_64-linux-gnu/libxcb-dri3.so.0.0.0
7f2cf70fd000-7f2cf70fe000 rw-p 00002000 08:01 669828                     /usr/lib/x86_64-linux-gnu/libxcb-dri3.so.0.0.0
7f2cf70fe000-7f2cf7170000 r-xp 00000000 08:01 917541                     /lib/x86_64-linux-gnu/libpcre.so.3.13.3
7f2cf7170000-7f2cf736f000 ---p 00072000 08:01 917541                     /lib/x86_64-linux-gnu/libpcre.so.3.13.3
7f2cf736f000-7f2cf7370000 r--p 00071000 08:01 917541                     /lib/x86_64-linux-gnu/libpcre.so.3.13.3
7f2cf7370000-7f2cf7371000 rw-p 00072000 08:01 917541                     /lib/x86_64-linux-gnu/libpcre.so.3.13.3
7f2cf7371000-7f2cf7378000 r-xp 00000000 08:01 659846                     /usr/lib/x86_64-linux-gnu/libffi.so.6.0.4
7f2cf7378000-7f2cf7578000 ---p 00007000 08:01 659846                     /usr/lib/x86_64-linux-gnu/libffi.so.6.0.4
7f2cf7578000-7f2cf7579000 r--p 00007000 08:01 659846                     /usr/lib/x86_64-linux-gnu/libffi.so.6.0.4
7f2cf7579000-7f2cf757a000 rw-p 00008000 08:01 659846                     /usr/lib/x86_64-linux-gnu/libffi.so.6.0.4
7f2cf757a000-7f2cf75a1000 r-xp 00000000 08:01 917507                     /lib/x86_64-linux-gnu/libexpat.so.1.6.2
7f2cf75a1000-7f2cf77a1000 ---p 00027000 08:01 917507                     /lib/x86_64-linux-gnu/libexpat.so.1.6.2
7f2cf77a1000-7f2cf77a3000 r--p 00027000 08:01 917507                     /lib/x86_64-linux-gnu/libexpat.so.1.6.2
7f2cf77a3000-7f2cf77a4000 rw-p 00029000 08:01 917507                     /lib/x86_64-linux-gnu/libexpat.so.1.6.2
7f2cf77a4000-7f2cf77ac000 r-xp 00000000 08:01 668652                     /usr/lib/x86_64-linux-gnu/libthai.so.0.3.0
7f2cf77ac000-7f2cf79ac000 ---p 00008000 08:01 668652                     /usr/lib/x86_64-linux-gnu/libthai.so.0.3.0
7f2cf79ac000-7f2cf79ad000 r--p 00008000 08:01 668652                     /usr/lib/x86_64-linux-gnu/libthai.so.0.3.0
7f2cf79ad000-7f2cf79ae000 rw-p 00009000 08:01 668652                     /usr/lib/x86_64-linux-gnu/libthai.so.0.3.0
7f2cf79ae000-7f2cf79ba000 r-xp 00000000 08:01 668624                     /usr/lib/x86_64-linux-gnu/libxcb-render.so.0.0.0
7f2cf79ba000-7f2cf7bba000 ---p 0000c000 08:01 668624                     /usr/lib/x86_64-linux-gnu/libxcb-render.so.0.0.0
7f2cf7bba000-7f2cf7bbb000 r--p 0000c000 08:01 668624                     /usr/lib/x86_64-linux-gnu/libxcb-render.so.0.0.0
7f2cf7bbb000-7f2cf7bbc000 rw-p 0000d000 08:01 668624                     /usr/lib/x86_64-linux-gnu/libxcb-render.so.0.0.0
7f2cf7bbc000-7f2cf7be3000 r-xp 00000000 08:01 666432                     /usr/lib/x86_64-linux-gnu/libxcb.so.1.1.0
7f2cf7be3000-7f2cf7de2000 ---p 00027000 08:01 666432                     /usr/lib/x86_64-linux-gnu/libxcb.so.1.1.0
7f2cf7de2000-7f2cf7de3000 r--p 00026000 08:01 666432                     /usr/lib/x86_64-linux-gnu/libxcb.so.1.1.0
7f2cf7de3000-7f2cf7de4000 rw-p 00027000 08:01 666432                     /usr/lib/x86_64-linux-gnu/libxcb.so.1.1.0
7f2cf7de4000-7f2cf7de6000 r-xp 00000000 08:01 668626                     /usr/lib/x86_64-linux-gnu/libxcb-shm.so.0.0.0
7f2cf7de6000-7f2cf7fe6000 ---p 00002000 08:01 668626                     /usr/lib/x86_64-linux-gnu/libxcb-shm.so.0.0.0
7f2cf7fe6000-7f2cf7fe7000 r--p 00002000 08:01 668626                     /usr/lib/x86_64-linux-gnu/libxcb-shm.so.0.0.0
7f2cf7fe7000-7f2cf7fe8000 rw-p 00003000 08:01 668626                     /usr/lib/x86_64-linux-gnu/libxcb-shm.so.0.0.0
7f2cf7fe8000-7f2cf8086000 r-xp 00000000 08:01 668621                     /usr/lib/x86_64-linux-gnu/libpixman-1.so.0.34.0
7f2cf8086000-7f2cf8286000 ---p 0009e000 08:01 668621                     /usr/lib/x86_64-linux-gnu/libpixman-1.so.0.34.0
7f2cf8286000-7f2cf828e000 r--p 0009e000 08:01 668621                     /usr/lib/x86_64-linux-gnu/libpixman-1.so.0.34.0
7f2cf828e000-7f2cf828f000 rw-p 000a6000 08:01 668621                     /usr/lib/x86_64-linux-gnu/libpixman-1.so.0.34.0
7f2cf828f000-7f2cf82c0000 r-xp 00000000 08:01 661657                     /usr/lib/x86_64-linux-gnu/libpng16.so.16.28.0
7f2cf82c0000-7f2cf84c0000 ---p 00031000 08:01 661657                     /usr/lib/x86_64-linux-gnu/libpng16.so.16.28.0
7f2cf84c0000-7f2cf84c1000 r--p 00031000 08:01 661657                     /usr/lib/x86_64-linux-gnu/libpng16.so.16.28.0
7f2cf84c1000-7f2cf84c2000 rw-p 00032000 08:01 661657                     /usr/lib/x86_64-linux-gnu/libpng16.so.16.28.0
7f2cf84c2000-7f2cf8555000 r-xp 00000000 08:01 668660                     /usr/lib/x86_64-linux-gnu/libharfbuzz.so.0.10400.2
7f2cf8555000-7f2cf8754000 ---p 00093000 08:01 668660                     /usr/lib/x86_64-linux-gnu/libharfbuzz.so.0.10400.2
7f2cf8754000-7f2cf8756000 r--p 00092000 08:01 668660                     /usr/lib/x86_64-linux-gnu/libharfbuzz.so.0.10400.2
7f2cf8756000-7f2cf8757000 rw-p 00094000 08:01 668660                     /usr/lib/x86_64-linux-gnu/libharfbuzz.so.0.10400.2
7f2cf8757000-7f2cf87a1000 r-xp 00000000 08:01 917672                     /lib/x86_64-linux-gnu/libmount.so.1.1.0
7f2cf87a1000-7f2cf89a1000 ---p 0004a000 08:01 917672                     /lib/x86_64-linux-gnu/libmount.so.1.1.0
7f2cf89a1000-7f2cf89a2000 r--p 0004a000 08:01 917672                     /lib/x86_64-linux-gnu/libmount.so.1.1.0
7f2cf89a2000-7f2cf89a3000 rw-p 0004b000 08:01 917672                     /lib/x86_64-linux-gnu/libmount.so.1.1.0
7f2cf89a3000-7f2cf89a5000 rw-p 00000000 00:00 0 
7f2cf89a5000-7f2cf89b9000 r-xp 00000000 08:01 921411                     /lib/x86_64-linux-gnu/libresolv-2.24.so
7f2cf89b9000-7f2cf8bb8000 ---p 00014000 08:01 921411                     /lib/x86_64-linux-gnu/libresolv-2.24.so
7f2cf8bb8000-7f2cf8bb9000 r--p 00013000 08:01 921411                     /lib/x86_64-linux-gnu/libresolv-2.24.so
7f2cf8bb9000-7f2cf8bba000 rw-p 00014000 08:01 921411                     /lib/x86_64-linux-gnu/libresolv-2.24.so
7f2cf8bba000-7f2cf8bbc000 rw-p 00000000 00:00 0 
7f2cf8bbc000-7f2cf8be1000 r-xp 00000000 08:01 917585                     /lib/x86_64-linux-gnu/libselinux.so.1
7f2cf8be1000-7f2cf8de0000 ---p 00025000 08:01 917585                     /lib/x86_64-linux-gnu/libselinux.so.1
7f2cf8de0000-7f2cf8de1000 r--p 00024000 08:01 917585                     /lib/x86_64-linux-gnu/libselinux.so.1
7f2cf8de1000-7f2cf8de2000 rw-p 00025000 08:01 917585                     /lib/x86_64-linux-gnu/libselinux.so.1
7f2cf8de2000-7f2cf8de4000 rw-p 00000000 00:00 0 
7f2cf8de4000-7f2cf8dfd000 r-xp 00000000 08:01 917596                     /lib/x86_64-linux-gnu/libz.so.1.2.8
7f2cf8dfd000-7f2cf8ffc000 ---p 00019000 08:01 917596                     /lib/x86_64-linux-gnu/libz.so.1.2.8
7f2cf8ffc000-7f2cf8ffd000 r--p 00018000 08:01 917596                     /lib/x86_64-linux-gnu/libz.so.1.2.8
7f2cf8ffd000-7f2cf8ffe000 rw-p 00019000 08:01 917596                     /lib/x86_64-linux-gnu/libz.so.1.2.8
7f2cf8ffe000-7f2cf900f000 r-xp 00000000 08:01 666439                     /usr/lib/x86_64-linux-gnu/libXext.so.6.4.0
7f2cf900f000-7f2cf920e000 ---p 00011000 08:01 666439                     /usr/lib/x86_64-linux-gnu/libXext.so.6.4.0
7f2cf920e000-7f2cf920f000 r--p 00010000 08:01 666439                     /usr/lib/x86_64-linux-gnu/libXext.so.6.4.0
7f2cf920f000-7f2cf9210000 rw-p 00011000 08:01 666439                     /usr/lib/x86_64-linux-gnu/libXext.so.6.4.0
7f2cf9210000-7f2cf921a000 r-xp 00000000 08:01 669140                     /usr/lib/x86_64-linux-gnu/libXcursor.so.1.0.2
7f2cf921a000-7f2cf9419000 ---p 0000a000 08:01 669140                     /usr/lib/x86_64-linux-gnu/libXcursor.so.1.0.2
7f2cf9419000-7f2cf941a000 r--p 00009000 08:01 669140                     /usr/lib/x86_64-linux-gnu/libXcursor.so.1.0.2
7f2cf941a000-7f2cf941b000 rw-p 0000a000 08:01 669140                     /usr/lib/x86_64-linux-gnu/libXcursor.so.1.0.2
7f2cf941b000-7f2cf9425000 r-xp 00000000 08:01 668380                     /usr/lib/x86_64-linux-gnu/libXrandr.so.2.2.0
7f2cf9425000-7f2cf9624000 ---p 0000a000 08:01 668380                     /usr/lib/x86_64-linux-gnu/libXrandr.so.2.2.0
7f2cf9624000-7f2cf9625000 r--p 00009000 08:01 668380                     /usr/lib/x86_64-linux-gnu/libXrandr.so.2.2.0
7f2cf9625000-7f2cf9626000 rw-p 0000a000 08:01 668380                     /usr/lib/x86_64-linux-gnu/libXrandr.so.2.2.0
7f2cf9626000-7f2cf9635000 r-xp 00000000 08:01 669144                     /usr/lib/x86_64-linux-gnu/libXi.so.6.1.0
7f2cf9635000-7f2cf9834000 ---p 0000f000 08:01 669144                     /usr/lib/x86_64-linux-gnu/libXi.so.6.1.0
7f2cf9834000-7f2cf9835000 r--p 0000e000 08:01 669144                     /usr/lib/x86_64-linux-gnu/libXi.so.6.1.0
7f2cf9835000-7f2cf9836000 rw-p 0000f000 08:01 669144                     /usr/lib/x86_64-linux-gnu/libXi.so.6.1.0
7f2cf9836000-7f2cf9838000 r-xp 00000000 08:01 668367                     /usr/lib/x86_64-linux-gnu/libXinerama.so.1.0.0
7f2cf9838000-7f2cf9a37000 ---p 00002000 08:01 668367                     /usr/lib/x86_64-linux-gnu/libXinerama.so.1.0.0
7f2cf9a37000-7f2cf9a38000 r--p 00001000 08:01 668367                     /usr/lib/x86_64-linux-gnu/libXinerama.so.1.0.0
7f2cf9a38000-7f2cf9a39000 rw-p 00002000 08:01 668367                     /usr/lib/x86_64-linux-gnu/libXinerama.so.1.0.0
7f2cf9a39000-7f2cf9a42000 r-xp 00000000 08:01 668374                     /usr/lib/x86_64-linux-gnu/libXrender.so.1.3.0
7f2cf9a42000-7f2cf9c41000 ---p 00009000 08:01 668374                     /usr/lib/x86_64-linux-gnu/libXrender.so.1.3.0
7f2cf9c41000-7f2cf9c42000 r--p 00008000 08:01 668374                     /usr/lib/x86_64-linux-gnu/libXrender.so.1.3.0
7f2cf9c42000-7f2cf9c43000 rw-p 00009000 08:01 668374                     /usr/lib/x86_64-linux-gnu/libXrender.so.1.3.0
7f2cf9c43000-7f2cf9c48000 r-xp 00000000 08:01 669138                     /usr/lib/x86_64-linux-gnu/libXfixes.so.3.1.0
7f2cf9c48000-7f2cf9e47000 ---p 00005000 08:01 669138                     /usr/lib/x86_64-linux-gnu/libXfixes.so.3.1.0
7f2cf9e47000-7f2cf9e48000 r--p 00004000 08:01 669138                     /usr/lib/x86_64-linux-gnu/libXfixes.so.3.1.0
7f2cf9e48000-7f2cf9e49000 rw-p 00005000 08:01 669138                     /usr/lib/x86_64-linux-gnu/libXfixes.so.3.1.0
7f2cf9e49000-7f2cf9e4b000 r-xp 00000000 08:01 669142                     /usr/lib/x86_64-linux-gnu/libXdamage.so.1.1.0
7f2cf9e4b000-7f2cfa04a000 ---p 00002000 08:01 669142                     /usr/lib/x86_64-linux-gnu/libXdamage.so.1.1.0
7f2cfa04a000-7f2cfa04b000 r--p 00001000 08:01 669142                     /usr/lib/x86_64-linux-gnu/libXdamage.so.1.1.0
7f2cfa04b000-7f2cfa04c000 rw-p 00002000 08:01 669142                     /usr/lib/x86_64-linux-gnu/libXdamage.so.1.1.0
7f2cfa04c000-7f2cfa04e000 r-xp 00000000 08:01 669136                     /usr/lib/x86_64-linux-gnu/libXcomposite.so.1.0.0
7f2cfa04e000-7f2cfa24d000 ---p 00002000 08:01 669136                     /usr/lib/x86_64-linux-gnu/libXcomposite.so.1.0.0
7f2cfa24d000-7f2cfa24e000 r--p 00001000 08:01 669136                     /usr/lib/x86_64-linux-gnu/libXcomposite.so.1.0.0
7f2cfa24e000-7f2cfa24f000 rw-p 00002000 08:01 669136                     /usr/lib/x86_64-linux-gnu/libXcomposite.so.1.0.0
7f2cfa24f000-7f2cfa265000 r-xp 00000000 08:01 917611                     /lib/x86_64-linux-gnu/libgcc_s.so.1
7f2cfa265000-7f2cfa464000 ---p 00016000 08:01 917611                     /lib/x86_64-linux-gnu/libgcc_s.so.1
7f2cfa464000-7f2cfa465000 r--p 00015000 08:01 917611                     /lib/x86_64-linux-gnu/libgcc_s.so.1
7f2cfa465000-7f2cfa466000 rw-p 00016000 08:01 917611                     /lib/x86_64-linux-gnu/libgcc_s.so.1
7f2cfa466000-7f2cfa5d8000 r-xp 00000000 08:01 655369                     /usr/lib/x86_64-linux-gnu/libstdc++.so.6.0.22
7f2cfa5d8000-7f2cfa7d8000 ---p 00172000 08:01 655369                     /usr/lib/x86_64-linux-gnu/libstdc++.so.6.0.22
7f2cfa7d8000-7f2cfa7e2000 r--p 00172000 08:01 655369                     /usr/lib/x86_64-linux-gnu/libstdc++.so.6.0.22
7f2cfa7e2000-7f2cfa7e4000 rw-p 0017c000 08:01 655369                     /usr/lib/x86_64-linux-gnu/libstdc++.so.6.0.22
7f2cfa7e4000-7f2cfa7e8000 rw-p 00000000 00:00 0 
7f2cfa7e8000-7f2cfa856000 r-xp 00000000 08:01 669885                     /usr/lib/x86_64-linux-gnu/libGL.so.1.2.0
7f2cfa856000-7f2cfaa55000 ---p 0006e000 08:01 669885                     /usr/lib/x86_64-linux-gnu/libGL.so.1.2.0
7f2cfaa55000-7f2cfaa58000 r--p 0006d000 08:01 669885                     /usr/lib/x86_64-linux-gnu/libGL.so.1.2.0
7f2cfaa58000-7f2cfaa59000 rw-p 00070000 08:01 669885                     /usr/lib/x86_64-linux-gnu/libGL.so.1.2.0
7f2cfaa59000-7f2cfaa5a000 rw-p 00000000 00:00 0 
7f2cfaa5a000-7f2cfaa5f000 r-xp 00000000 08:01 668388                     /usr/lib/x86_64-linux-gnu/libXxf86vm.so.1.0.0
7f2cfaa5f000-7f2cfac5e000 ---p 00005000 08:01 668388                     /usr/lib/x86_64-linux-gnu/libXxf86vm.so.1.0.0
7f2cfac5e000-7f2cfac5f000 r--p 00004000 08:01 668388                     /usr/lib/x86_64-linux-gnu/libXxf86vm.so.1.0.0
7f2cfac5f000-7f2cfac60000 rw-p 00005000 08:01 668388                     /usr/lib/x86_64-linux-gnu/libXxf86vm.so.1.0.0
7f2cfac60000-7f2cfad9a000 r-xp 00000000 08:01 666436                     /usr/lib/x86_64-linux-gnu/libX11.so.6.3.0
7f2cfad9a000-7f2cfaf9a000 ---p 0013a000 08:01 666436                     /usr/lib/x86_64-linux-gnu/libX11.so.6.3.0
7f2cfaf9a000-7f2cfaf9b000 r--p 0013a000 08:01 666436                     /usr/lib/x86_64-linux-gnu/libX11.so.6.3.0
7f2cfaf9b000-7f2cfafa0000 rw-p 0013b000 08:01 666436                     /usr/lib/x86_64-linux-gnu/libX11.so.6.3.0
7f2cfafa0000-7f2cfafa5000 r-xp 00000000 08:01 670989                     /usr/lib/x86_64-linux-gnu/libXtst.so.6.1.0
7f2cfafa5000-7f2cfb1a4000 ---p 00005000 08:01 670989                     /usr/lib/x86_64-linux-gnu/libXtst.so.6.1.0
7f2cfb1a4000-7f2cfb1a5000 r--p 00004000 08:01 670989                     /usr/lib/x86_64-linux-gnu/libXtst.so.6.1.0
7f2cfb1a5000-7f2cfb1a6000 rw-p 00005000 08:01 670989                     /usr/lib/x86_64-linux-gnu/libXtst.so.6.1.0
7f2cfb1a6000-7f2cfb2b8000 r-xp 00000000 08:01 919946                     /lib/x86_64-linux-gnu/libglib-2.0.so.0.5000.3
7f2cfb2b8000-7f2cfb4b7000 ---p 00112000 08:01 919946                     /lib/x86_64-linux-gnu/libglib-2.0.so.0.5000.3
7f2cfb4b7000-7f2cfb4b8000 r--p 00111000 08:01 919946                     /lib/x86_64-linux-gnu/libglib-2.0.so.0.5000.3
7f2cfb4b8000-7f2cfb4b9000 rw-p 00112000 08:01 919946                     /lib/x86_64-linux-gnu/libglib-2.0.so.0.5000.3
7f2cfb4b9000-7f2cfb4ba000 rw-p 00000000 00:00 0 
7f2cfb4ba000-7f2cfb4bb000 r-xp 00000000 08:01 668086                     /usr/lib/x86_64-linux-gnu/libgthread-2.0.so.0.5000.3
7f2cfb4bb000-7f2cfb6ba000 ---p 00001000 08:01 668086                     /usr/lib/x86_64-linux-gnu/libgthread-2.0.so.0.5000.3
7f2cfb6ba000-7f2cfb6bb000 r--p 00000000 08:01 668086                     /usr/lib/x86_64-linux-gnu/libgthread-2.0.so.0.5000.3
7f2cfb6bb000-7f2cfb6bc000 rw-p 00001000 08:01 668086                     /usr/lib/x86_64-linux-gnu/libgthread-2.0.so.0.5000.3
7f2cfb6bc000-7f2cfb6bf000 r-xp 00000000 08:01 668084                     /usr/lib/x86_64-linux-gnu/libgmodule-2.0.so.0.5000.3
7f2cfb6bf000-7f2cfb8be000 ---p 00003000 08:01 668084                     /usr/lib/x86_64-linux-gnu/libgmodule-2.0.so.0.5000.3
7f2cfb8be000-7f2cfb8bf000 r--p 00002000 08:01 668084                     /usr/lib/x86_64-linux-gnu/libgmodule-2.0.so.0.5000.3
7f2cfb8bf000-7f2cfb8c0000 rw-p 00003000 08:01 668084                     /usr/lib/x86_64-linux-gnu/libgmodule-2.0.so.0.5000.3
7f2cfb8c0000-7f2cfb912000 r-xp 00000000 08:01 668085                     /usr/lib/x86_64-linux-gnu/libgobject-2.0.so.0.5000.3
7f2cfb912000-7f2cfbb11000 ---p 00052000 08:01 668085                     /usr/lib/x86_64-linux-gnu/libgobject-2.0.so.0.5000.3
7f2cfbb11000-7f2cfbb12000 r--p 00051000 08:01 668085                     /usr/lib/x86_64-linux-gnu/libgobject-2.0.so.0.5000.3
7f2cfbb12000-7f2cfbb13000 rw-p 00052000 08:01 668085                     /usr/lib/x86_64-linux-gnu/libgobject-2.0.so.0.5000.3
7f2cfbb13000-7f2cfbb4f000 r-xp 00000000 08:01 668619                     /usr/lib/x86_64-linux-gnu/libfontconfig.so.1.8.0
7f2cfbb4f000-7f2cfbd4e000 ---p 0003c000 08:01 668619                     /usr/lib/x86_64-linux-gnu/libfontconfig.so.1.8.0
7f2cfbd4e000-7f2cfbd50000 r--p 0003b000 08:01 668619                     /usr/lib/x86_64-linux-gnu/libfontconfig.so.1.8.0
7f2cfbd50000-7f2cfbd51000 rw-p 0003d000 08:01 668619                     /usr/lib/x86_64-linux-gnu/libfontconfig.so.1.8.0
7f2cfbd51000-7f2cfbdf9000 r-xp 00000000 08:01 667835                     /usr/lib/x86_64-linux-gnu/libfreetype.so.6.12.3
7f2cfbdf9000-7f2cfbff9000 ---p 000a8000 08:01 667835                     /usr/lib/x86_64-linux-gnu/libfreetype.so.6.12.3
7f2cfbff9000-7f2cfbfff000 r--p 000a8000 08:01 667835                     /usr/lib/x86_64-linux-gnu/libfreetype.so.6.12.3
7f2cfbfff000-7f2cfc000000 rw-p 000ae000 08:01 667835                     /usr/lib/x86_64-linux-gnu/libfreetype.so.6.12.3
7f2cfc000000-7f2cfc4db000 rw-p 00000000 00:00 0 
7f2cfc4db000-7f2d00000000 ---p 00000000 00:00 0 
7f2d00000000-7f2d00243000 rw-p 00000000 00:00 0 
7f2d00243000-7f2d04000000 ---p 00000000 00:00 0 
7f2d04000000-7f2d04021000 rw-p 00000000 00:00 0 
7f2d04021000-7f2d08000000 ---p 00000000 00:00 0 
7f2d08000000-7f2d0821d000 rw-p 00000000 00:00 0 
7f2d0821d000-7f2d0c000000 ---p 00000000 00:00 0 
7f2d0c000000-7f2d0c021000 rw-p 00000000 00:00 0 
7f2d0c021000-7f2d10000000 ---p 00000000 00:00 0 
7f2d10000000-7f2d10021000 rw-p 00000000 00:00 0 
7f2d10021000-7f2d14000000 ---p 00000000 00:00 0 
7f2d14000000-7f2d14021000 rw-p 00000000 00:00 0 
7f2d14021000-7f2d18000000 ---p 00000000 00:00 0 
7f2d18000000-7f2d1800b000 r--s 00000000 08:01 428319                     /var/cache/fontconfig/945677eb7aeaf62f1d50efc3fb3ec7d8-le64.cache-4
7f2d1800b000-7f2d1800f000 r--s 00000000 08:01 435232                     /var/cache/fontconfig/de156ccd2eddbdc19d37a45b8b2aac9c-le64.cache-4
7f2d1800f000-7f2d18011000 r--s 00000000 08:01 397149                     /var/cache/fontconfig/4794a0821666d79190d59a36cb4f44b5-le64.cache-4
7f2d18011000-7f2d18012000 r--s 00000000 08:01 428318                     /var/cache/fontconfig/0bd3dc0958fa2205aaaa8ebb13e2872b-le64.cache-4
7f2d18012000-7f2d18018000 r--s 00000000 08:01 397944                     /var/cache/fontconfig/3047814df9a2f067bd2d96a2b9c36e5a-le64.cache-4
7f2d18018000-7f2d18020000 r--s 00000000 08:01 397937                     /var/cache/fontconfig/bf3b770c553c462765856025a94f1ce6-le64.cache-4
7f2d18020000-7f2d18023000 r--s 00000000 08:01 428317                     /var/cache/fontconfig/e49e89034d371f0f9de17aab02136486-le64.cache-4
7f2d18023000-7f2d18025000 r--s 00000000 08:01 428316                     /var/cache/fontconfig/4b14b093aebc79c320de5e86ae1d3314-le64.cache-4
7f2d18025000-7f2d18038000 r--s 00000000 08:01 428315                     /var/cache/fontconfig/d52a8644073d54c13679302ca1180695-le64.cache-4
7f2d18038000-7f2d18039000 r--s 00000000 08:01 428312                     /var/cache/fontconfig/8a687c406b77f27d99abfeeba937fcce-le64.cache-4
7f2d18039000-7f2d180bd000 r-xp 00000000 08:01 917790                     /lib/x86_64-linux-gnu/libsystemd.so.0.17.0
7f2d180bd000-7f2d180be000 ---p 00084000 08:01 917790                     /lib/x86_64-linux-gnu/libsystemd.so.0.17.0
7f2d180be000-7f2d180c1000 r--p 00084000 08:01 917790                     /lib/x86_64-linux-gnu/libsystemd.so.0.17.0
7f2d180c1000-7f2d180c2000 rw-p 00087000 08:01 917790                     /lib/x86_64-linux-gnu/libsystemd.so.0.17.0
7f2d180c2000-7f2d180c3000 rw-p 00000000 00:00 0 
7f2d180c3000-7f2d1810c000 r-xp 00000000 08:01 668654                     /usr/lib/x86_64-linux-gnu/libpango-1.0.so.0.4000.5
7f2d1810c000-7f2d1830b000 ---p 00049000 08:01 668654                     /usr/lib/x86_64-linux-gnu/libpango-1.0.so.0.4000.5
7f2d1830b000-7f2d1830e000 r--p 00048000 08:01 668654                     /usr/lib/x86_64-linux-gnu/libpango-1.0.so.0.4000.5
7f2d1830e000-7f2d1830f000 rw-p 0004b000 08:01 668654                     /usr/lib/x86_64-linux-gnu/libpango-1.0.so.0.4000.5
7f2d1830f000-7f2d1841d000 r-xp 00000000 08:01 668628                     /usr/lib/x86_64-linux-gnu/libcairo.so.2.11400.8
7f2d1841d000-7f2d1861d000 ---p 0010e000 08:01 668628                     /usr/lib/x86_64-linux-gnu/libcairo.so.2.11400.8
7f2d1861d000-7f2d18620000 r--p 0010e000 08:01 668628                     /usr/lib/x86_64-linux-gnu/libcairo.so.2.11400.8
7f2d18620000-7f2d18621000 rw-p 00111000 08:01 668628                     /usr/lib/x86_64-linux-gnu/libcairo.so.2.11400.8
7f2d18621000-7f2d18623000 rw-p 00000000 00:00 0 
7f2d18623000-7f2d1862f000 r-xp 00000000 08:01 668664                     /usr/lib/x86_64-linux-gnu/libpangocairo-1.0.so.0.4000.5
7f2d1862f000-7f2d1882e000 ---p 0000c000 08:01 668664                     /usr/lib/x86_64-linux-gnu/libpangocairo-1.0.so.0.4000.5
7f2d1882e000-7f2d1882f000 r--p 0000b000 08:01 668664                     /usr/lib/x86_64-linux-gnu/libpangocairo-1.0.so.0.4000.5
7f2d1882f000-7f2d18830000 rw-p 0000c000 08:01 668664                     /usr/lib/x86_64-linux-gnu/libpangocairo-1.0.so.0.4000.5
7f2d18830000-7f2d18852000 r-xp 00000000 08:01 668614                     /usr/lib/x86_64-linux-gnu/libgdk_pixbuf-2.0.so.0.3600.5
7f2d18852000-7f2d18a52000 ---p 00022000 08:01 668614                     /usr/lib/x86_64-linux-gnu/libgdk_pixbuf-2.0.so.0.3600.5
7f2d18a52000-7f2d18a53000 r--p 00022000 08:01 668614                     /usr/lib/x86_64-linux-gnu/libgdk_pixbuf-2.0.so.0.3600.5
7f2d18a53000-7f2d18a54000 rw-p 00023000 08:01 668614                     /usr/lib/x86_64-linux-gnu/libgdk_pixbuf-2.0.so.0.3600.5
7f2d18a54000-7f2d18a68000 r-xp 00000000 08:01 668662                     /usr/lib/x86_64-linux-gnu/libpangoft2-1.0.so.0.4000.5
7f2d18a68000-7f2d18c68000 ---p 00014000 08:01 668662                     /usr/lib/x86_64-linux-gnu/libpangoft2-1.0.so.0.4000.5
7f2d18c68000-7f2d18c69000 r--p 00014000 08:01 668662                     /usr/lib/x86_64-linux-gnu/libpangoft2-1.0.so.0.4000.5
7f2d18c69000-7f2d18c6a000 rw-p 00015000 08:01 668662                     /usr/lib/x86_64-linux-gnu/libpangoft2-1.0.so.0.4000.5
7f2d18c6a000-7f2d18df7000 r-xp 00000000 08:01 668083                     /usr/lib/x86_64-linux-gnu/libgio-2.0.so.0.5000.3
7f2d18df7000-7f2d18ff7000 ---p 0018d000 08:01 668083                     /usr/lib/x86_64-linux-gnu/libgio-2.0.so.0.5000.3
7f2d18ff7000-7f2d18ffc000 r--p 0018d000 08:01 668083                     /usr/lib/x86_64-linux-gnu/libgio-2.0.so.0.5000.3
7f2d18ffc000-7f2d18fff000 rw-p 00192000 08:01 668083                     /usr/lib/x86_64-linux-gnu/libgio-2.0.so.0.5000.3
7f2d18fff000-7f2d19000000 rw-p 00000000 00:00 0 
7f2d19000000-7f2d192b0000 rwxp 00000000 00:00 0 
7f2d192c0000-7f2d28000000 ---p 00000000 00:00 0 
7f2d28000000-7f2d284df000 rw-p 00000000 00:00 0 
7f2d284df000-7f2d2c000000 ---p 00000000 00:00 0 
7f2d2c000000-7f2d2c00c000 r--s 00000000 08:01 397928                     /var/cache/fontconfig/d589a48862398ed80a3d6066f4f56f4c-le64.cache-4
7f2d2c00c000-7f2d2c010000 r--s 00000000 08:01 428311                     /var/cache/fontconfig/246184dc75a16901ca37d96895904249-le64.cache-4
7f2d2c010000-7f2d2c017000 r--s 00000000 08:01 428309                     /var/cache/fontconfig/53d14c92082a93e67d5078324eb314ca-le64.cache-4
7f2d2c017000-7f2d2c021000 r--s 00115000 08:01 695287                     /usr/local/jdk1.8.0_111/jre/lib/ext/localedata.jar
7f2d2c021000-7f2d2c03c000 r--s 0038e000 08:01 695324                     /usr/local/jdk1.8.0_111/jre/lib/ext/cldrdata.jar
7f2d2c03c000-7f2d2c043000 r--s 000b9000 08:01 12403                      /home/etudiant/Bureau/workspace/GSB-RV-DR/dist/run871064280/lib/mysql-connector-java-5.1.15-bin.jar
7f2d2c043000-7f2d2c06e000 r--p 00000000 08:01 668988                     /usr/share/locale/fr/LC_MESSAGES/gtk20-properties.mo
7f2d2c06e000-7f2d2c091000 r-xp 00000000 08:01 668936                     /usr/lib/x86_64-linux-gnu/libatk-1.0.so.0.22209.1
7f2d2c091000-7f2d2c290000 ---p 00023000 08:01 668936                     /usr/lib/x86_64-linux-gnu/libatk-1.0.so.0.22209.1
7f2d2c290000-7f2d2c293000 r--p 00022000 08:01 668936                     /usr/lib/x86_64-linux-gnu/libatk-1.0.so.0.22209.1
7f2d2c293000-7f2d2c294000 rw-p 00025000 08:01 668936                     /usr/lib/x86_64-linux-gnu/libatk-1.0.so.0.22209.1
7f2d2c294000-7f2d2c344000 r-xp 00000000 08:01 669170                     /usr/lib/x86_64-linux-gnu/libgdk-x11-2.0.so.0.2400.31
7f2d2c344000-7f2d2c543000 ---p 000b0000 08:01 669170                     /usr/lib/x86_64-linux-gnu/libgdk-x11-2.0.so.0.2400.31
7f2d2c543000-7f2d2c547000 r--p 000af000 08:01 669170                     /usr/lib/x86_64-linux-gnu/libgdk-x11-2.0.so.0.2400.31
7f2d2c547000-7f2d2c549000 rw-p 000b3000 08:01 669170                     /usr/lib/x86_64-linux-gnu/libgdk-x11-2.0.so.0.2400.31
7f2d2c549000-7f2d2c985000 r-xp 00000000 08:01 669171                     /usr/lib/x86_64-linux-gnu/libgtk-x11-2.0.so.0.2400.31
7f2d2c985000-7f2d2cb84000 ---p 0043c000 08:01 669171                     /usr/lib/x86_64-linux-gnu/libgtk-x11-2.0.so.0.2400.31
7f2d2cb84000-7f2d2cb8b000 r--p 0043b000 08:01 669171                     /usr/lib/x86_64-linux-gnu/libgtk-x11-2.0.so.0.2400.31
7f2d2cb8b000-7f2d2cb8f000 rw-p 00442000 08:01 669171                     /usr/lib/x86_64-linux-gnu/libgtk-x11-2.0.so.0.2400.31
7f2d2cb8f000-7f2d2cb92000 rw-p 00000000 00:00 0 
7f2d2cb92000-7f2d2cb9e000 r-xp 00000000 08:01 695371                     /usr/local/jdk1.8.0_111/jre/lib/amd64/libprism_es2.so
7f2d2cb9e000-7f2d2cd9d000 ---p 0000c000 08:01 695371                     /usr/local/jdk1.8.0_111/jre/lib/amd64/libprism_es2.so
7f2d2cd9d000-7f2d2cd9e000 rw-p 0000b000 08:01 695371                     /usr/local/jdk1.8.0_111/jre/lib/amd64/libprism_es2.so
7f2d2cd9e000-7f2d2cda1000 ---p 00000000 00:00 0 
7f2d2cda1000-7f2d2ce9f000 rw-p 00000000 00:00 0 
7f2d2ce9f000-7f2d2cf35000 r--s 010fb000 08:01 695375                     /usr/local/jdk1.8.0_111/jre/lib/ext/jfxrt.jar
7f2d2cf35000-7f2d2cf36000 ---p 00000000 00:00 0 
7f2d2cf36000-7f2d2d036000 rw-p 00000000 00:00 0 
7f2d2d036000-7f2d2d039000 ---p 00000000 00:00 0 
7f2d2d039000-7f2d2d137000 rw-p 00000000 00:00 0 
7f2d2d137000-7f2d2d13a000 ---p 00000000 00:00 0 
7f2d2d13a000-7f2d2d238000 rw-p 00000000 00:00 0 
7f2d2d238000-7f2d2d23b000 ---p 00000000 00:00 0 
7f2d2d23b000-7f2d2d339000 rw-p 00000000 00:00 0 
7f2d2d339000-7f2d2d33c000 ---p 00000000 00:00 0 
7f2d2d33c000-7f2d2d43a000 rw-p 00000000 00:00 0 
7f2d2d43a000-7f2d2d5d5000 r--p 00000000 08:01 659869                     /usr/lib/locale/locale-archive
7f2d2d5d5000-7f2d2d5d8000 ---p 00000000 00:00 0 
7f2d2d5d8000-7f2d2d6d6000 rw-p 00000000 00:00 0 
7f2d2d6d6000-7f2d2d6d9000 ---p 00000000 00:00 0 
7f2d2d6d9000-7f2d2d7d7000 rw-p 00000000 00:00 0 
7f2d2d7d7000-7f2d2d7d8000 ---p 00000000 00:00 0 
7f2d2d7d8000-7f2d2d927000 rw-p 00000000 00:00 0 
7f2d2d927000-7f2d2daff000 r--s 03d2a000 08:01 695642                     /usr/local/jdk1.8.0_111/jre/lib/rt.jar
7f2d2daff000-7f2d2dbd0000 rw-p 00000000 00:00 0 
7f2d2dbd0000-7f2d2e3d0000 rw-p 00000000 00:00 0 
7f2d2e3d0000-7f2d2e3d6000 rw-p 00000000 00:00 0 
7f2d2e3d6000-7f2d2e423000 ---p 00000000 00:00 0 
7f2d2e423000-7f2d2e42e000 rw-p 00000000 00:00 0 
7f2d2e42e000-7f2d2e4c9000 ---p 00000000 00:00 0 
7f2d2e4c9000-7f2d2e4d5000 rw-p 00000000 00:00 0 
7f2d2e4d5000-7f2d2e88a000 ---p 00000000 00:00 0 
7f2d2e88a000-7f2d2e8a4000 r-xp 00000000 08:01 695502                     /usr/local/jdk1.8.0_111/jre/lib/amd64/libzip.so
7f2d2e8a4000-7f2d2eaa4000 ---p 0001a000 08:01 695502                     /usr/local/jdk1.8.0_111/jre/lib/amd64/libzip.so
7f2d2eaa4000-7f2d2eaa5000 rw-p 0001a000 08:01 695502                     /usr/local/jdk1.8.0_111/jre/lib/amd64/libzip.so
7f2d2eaa5000-7f2d2eaaf000 r-xp 00000000 08:01 921405                     /lib/x86_64-linux-gnu/libnss_files-2.24.so
7f2d2eaaf000-7f2d2ecaf000 ---p 0000a000 08:01 921405                     /lib/x86_64-linux-gnu/libnss_files-2.24.so
7f2d2ecaf000-7f2d2ecb0000 r--p 0000a000 08:01 921405                     /lib/x86_64-linux-gnu/libnss_files-2.24.so
7f2d2ecb0000-7f2d2ecb1000 rw-p 0000b000 08:01 921405                     /lib/x86_64-linux-gnu/libnss_files-2.24.so
7f2d2ecb1000-7f2d2ecb7000 rw-p 00000000 00:00 0 
7f2d2ecb7000-7f2d2ecc2000 r-xp 00000000 08:01 921407                     /lib/x86_64-linux-gnu/libnss_nis-2.24.so
7f2d2ecc2000-7f2d2eec1000 ---p 0000b000 08:01 921407                     /lib/x86_64-linux-gnu/libnss_nis-2.24.so
7f2d2eec1000-7f2d2eec2000 r--p 0000a000 08:01 921407                     /lib/x86_64-linux-gnu/libnss_nis-2.24.so
7f2d2eec2000-7f2d2eec3000 rw-p 0000b000 08:01 921407                     /lib/x86_64-linux-gnu/libnss_nis-2.24.so
7f2d2eec3000-7f2d2eed7000 r-xp 00000000 08:01 921402                     /lib/x86_64-linux-gnu/libnsl-2.24.so
7f2d2eed7000-7f2d2f0d7000 ---p 00014000 08:01 921402                     /lib/x86_64-linux-gnu/libnsl-2.24.so
7f2d2f0d7000-7f2d2f0d8000 r--p 00014000 08:01 921402                     /lib/x86_64-linux-gnu/libnsl-2.24.so
7f2d2f0d8000-7f2d2f0d9000 rw-p 00015000 08:01 921402                     /lib/x86_64-linux-gnu/libnsl-2.24.so
7f2d2f0d9000-7f2d2f0db000 rw-p 00000000 00:00 0 
7f2d2f0db000-7f2d2f0e2000 r-xp 00000000 08:01 921403                     /lib/x86_64-linux-gnu/libnss_compat-2.24.so
7f2d2f0e2000-7f2d2f2e1000 ---p 00007000 08:01 921403                     /lib/x86_64-linux-gnu/libnss_compat-2.24.so
7f2d2f2e1000-7f2d2f2e2000 r--p 00006000 08:01 921403                     /lib/x86_64-linux-gnu/libnss_compat-2.24.so
7f2d2f2e2000-7f2d2f2e3000 rw-p 00007000 08:01 921403                     /lib/x86_64-linux-gnu/libnss_compat-2.24.so
7f2d2f2e3000-7f2d2f30e000 r-xp 00000000 08:01 695475                     /usr/local/jdk1.8.0_111/jre/lib/amd64/libjava.so
7f2d2f30e000-7f2d2f50d000 ---p 0002b000 08:01 695475                     /usr/local/jdk1.8.0_111/jre/lib/amd64/libjava.so
7f2d2f50d000-7f2d2f50f000 rw-p 0002a000 08:01 695475                     /usr/local/jdk1.8.0_111/jre/lib/amd64/libjava.so
7f2d2f50f000-7f2d2f51c000 r-xp 00000000 08:01 695438                     /usr/local/jdk1.8.0_111/jre/lib/amd64/libverify.so
7f2d2f51c000-7f2d2f71b000 ---p 0000d000 08:01 695438                     /usr/local/jdk1.8.0_111/jre/lib/amd64/libverify.so
7f2d2f71b000-7f2d2f71d000 rw-p 0000c000 08:01 695438                     /usr/local/jdk1.8.0_111/jre/lib/amd64/libverify.so
7f2d2f71d000-7f2d2f724000 r-xp 00000000 08:01 921412                     /lib/x86_64-linux-gnu/librt-2.24.so
7f2d2f724000-7f2d2f923000 ---p 00007000 08:01 921412                     /lib/x86_64-linux-gnu/librt-2.24.so
7f2d2f923000-7f2d2f924000 r--p 00006000 08:01 921412                     /lib/x86_64-linux-gnu/librt-2.24.so
7f2d2f924000-7f2d2f925000 rw-p 00007000 08:01 921412                     /lib/x86_64-linux-gnu/librt-2.24.so
7f2d2f925000-7f2d2fa28000 r-xp 00000000 08:01 921399                     /lib/x86_64-linux-gnu/libm-2.24.so
7f2d2fa28000-7f2d2fc27000 ---p 00103000 08:01 921399                     /lib/x86_64-linux-gnu/libm-2.24.so
7f2d2fc27000-7f2d2fc28000 r--p 00102000 08:01 921399                     /lib/x86_64-linux-gnu/libm-2.24.so
7f2d2fc28000-7f2d2fc29000 rw-p 00103000 08:01 921399                     /lib/x86_64-linux-gnu/libm-2.24.so
7f2d2fc29000-7f2d308f6000 r-xp 00000000 08:01 695353                     /usr/local/jdk1.8.0_111/jre/lib/amd64/server/libjvm.so
7f2d308f6000-7f2d30af5000 ---p 00ccd000 08:01 695353                     /usr/local/jdk1.8.0_111/jre/lib/amd64/server/libjvm.so
7f2d30af5000-7f2d30bce000 rw-p 00ccc000 08:01 695353                     /usr/local/jdk1.8.0_111/jre/lib/amd64/server/libjvm.so
7f2d30bce000-7f2d30c19000 rw-p 00000000 00:00 0 
7f2d30c19000-7f2d30dae000 r-xp 00000000 08:01 921395                     /lib/x86_64-linux-gnu/libc-2.24.so
7f2d30dae000-7f2d30fae000 ---p 00195000 08:01 921395                     /lib/x86_64-linux-gnu/libc-2.24.so
7f2d30fae000-7f2d30fb2000 r--p 00195000 08:01 921395                     /lib/x86_64-linux-gnu/libc-2.24.so
7f2d30fb2000-7f2d30fb4000 rw-p 00199000 08:01 921395                     /lib/x86_64-linux-gnu/libc-2.24.so
7f2d30fb4000-7f2d30fb8000 rw-p 00000000 00:00 0 
7f2d30fb8000-7f2d30fbb000 r-xp 00000000 08:01 921398                     /lib/x86_64-linux-gnu/libdl-2.24.so
7f2d30fbb000-7f2d311ba000 ---p 00003000 08:01 921398                     /lib/x86_64-linux-gnu/libdl-2.24.so
7f2d311ba000-7f2d311bb000 r--p 00002000 08:01 921398                     /lib/x86_64-linux-gnu/libdl-2.24.so
7f2d311bb000-7f2d311bc000 rw-p 00003000 08:01 921398                     /lib/x86_64-linux-gnu/libdl-2.24.so
7f2d311bc000-7f2d311d1000 r-xp 00000000 08:01 695417                     /usr/local/jdk1.8.0_111/jre/lib/amd64/jli/libjli.so
7f2d311d1000-7f2d313d1000 ---p 00015000 08:01 695417                     /usr/local/jdk1.8.0_111/jre/lib/amd64/jli/libjli.so
7f2d313d1000-7f2d313d2000 rw-p 00015000 08:01 695417                     /usr/local/jdk1.8.0_111/jre/lib/amd64/jli/libjli.so
7f2d313d2000-7f2d313ea000 r-xp 00000000 08:01 921410                     /lib/x86_64-linux-gnu/libpthread-2.24.so
7f2d313ea000-7f2d315e9000 ---p 00018000 08:01 921410                     /lib/x86_64-linux-gnu/libpthread-2.24.so
7f2d315e9000-7f2d315ea000 r--p 00017000 08:01 921410                     /lib/x86_64-linux-gnu/libpthread-2.24.so
7f2d315ea000-7f2d315eb000 rw-p 00018000 08:01 921410                     /lib/x86_64-linux-gnu/libpthread-2.24.so
7f2d315eb000-7f2d315ef000 rw-p 00000000 00:00 0 
7f2d315ef000-7f2d31612000 r-xp 00000000 08:01 917612                     /lib/x86_64-linux-gnu/ld-2.24.so
7f2d31612000-7f2d31613000 r--s 00000000 08:01 397929                     /var/cache/fontconfig/3f7329c5293ffd510edef78f73874cfd-le64.cache-4
7f2d31613000-7f2d31615000 r--s 00000000 08:01 428307                     /var/cache/fontconfig/62f91419b9ebdb6975e7e41ab6412357-le64.cache-4
7f2d31615000-7f2d31624000 r--p 00000000 08:01 668989                     /usr/share/locale/fr/LC_MESSAGES/gtk20.mo
7f2d31624000-7f2d3164b000 r--p 00000000 08:01 658875                     /usr/share/locale/fr/LC_MESSAGES/libc.mo
7f2d3164b000-7f2d31656000 rw-p 00000000 00:00 0 
7f2d31656000-7f2d316f2000 ---p 00000000 00:00 0 
7f2d316f2000-7f2d316f5000 ---p 00000000 00:00 0 
7f2d316f5000-7f2d317f5000 rw-p 00000000 00:00 0 
7f2d317f5000-7f2d317f6000 r--s 00000000 08:01 428308                     /var/cache/fontconfig/c277e94e32b20404286a1ddafa5a80f0-le64.cache-4
7f2d317f6000-7f2d317f9000 r--s 00000000 08:01 428295                     /var/cache/fontconfig/e13b20fdb08344e0e664864cc2ede53d-le64.cache-4
7f2d317f9000-7f2d317fc000 r--p 00000000 08:01 668884                     /usr/share/locale/fr/LC_MESSAGES/atk10.mo
7f2d317fc000-7f2d31803000 r--s 00000000 08:01 660815                     /usr/lib/x86_64-linux-gnu/gconv/gconv-modules.cache
7f2d31803000-7f2d31805000 r--s 00009000 08:01 12400                      /home/etudiant/Bureau/workspace/GSB-RV-DR/dist/run871064280/GSB-RV-DR.jar
7f2d31805000-7f2d3180d000 rw-s 00000000 08:01 1196841                    /tmp/hsperfdata_etudiant/3088
7f2d3180d000-7f2d3180e000 rw-p 00000000 00:00 0 
7f2d3180e000-7f2d3180f000 r--p 00000000 00:00 0 
7f2d3180f000-7f2d31812000 rw-p 00000000 00:00 0 
7f2d31812000-7f2d31813000 r--p 00023000 08:01 917612                     /lib/x86_64-linux-gnu/ld-2.24.so
7f2d31813000-7f2d31814000 rw-p 00024000 08:01 917612                     /lib/x86_64-linux-gnu/ld-2.24.so
7f2d31814000-7f2d31815000 rw-p 00000000 00:00 0 
7fff13da2000-7fff13dc3000 rw-p 00000000 00:00 0                          [stack]
7fff13df3000-7fff13df5000 r--p 00000000 00:00 0                          [vvar]
7fff13df5000-7fff13df7000 r-xp 00000000 00:00 0                          [vdso]
ffffffffff600000-ffffffffff601000 r-xp 00000000 00:00 0                  [vsyscall]

VM Arguments:
jvm_args: -Dfile.encoding=UTF-8 
java_command: /home/etudiant/Bureau/workspace/GSB-RV-DR/dist/run871064280/GSB-RV-DR.jar
java_class_path (initial): /home/etudiant/Bureau/workspace/GSB-RV-DR/dist/run871064280/GSB-RV-DR.jar
Launcher Type: SUN_STANDARD

Environment Variables:
PATH=/usr/local/bin:/usr/bin:/bin:/usr/local/games:/usr/games
USERNAME=etudiant
LD_LIBRARY_PATH=/usr/local/jdk1.8.0_111/jre/lib/amd64:/usr/local/jdk1.8.0_111/jre/lib/i386:
SHELL=/bin/bash
DISPLAY=:0

Signal Handlers:
SIGSEGV: [libjvm.so+0xac64b0], sa_mask[0]=11111111011111111101111111111110, sa_flags=SA_RESTART|SA_SIGINFO
SIGBUS: [libjvm.so+0xac64b0], sa_mask[0]=11111111011111111101111111111110, sa_flags=SA_RESTART|SA_SIGINFO
SIGFPE: [libjvm.so+0x91f950], sa_mask[0]=11111111011111111101111111111110, sa_flags=SA_RESTART|SA_SIGINFO
SIGPIPE: SIG_IGN, sa_mask[0]=00000000000010000000000000000000, sa_flags=SA_RESTART
SIGXFSZ: [libjvm.so+0x91f950], sa_mask[0]=11111111011111111101111111111110, sa_flags=SA_RESTART|SA_SIGINFO
SIGILL: [libjvm.so+0x91f950], sa_mask[0]=11111111011111111101111111111110, sa_flags=SA_RESTART|SA_SIGINFO
SIGUSR1: SIG_DFL, sa_mask[0]=00000000000000000000000000000000, sa_flags=none
SIGUSR2: [libjvm.so+0x920f80], sa_mask[0]=00100000000000000000000000000000, sa_flags=SA_RESTART|SA_SIGINFO
SIGHUP: [libjvm.so+0x922380], sa_mask[0]=11111111011111111101111111111110, sa_flags=SA_RESTART|SA_SIGINFO
SIGINT: SIG_IGN, sa_mask[0]=00000000000000000000000000000000, sa_flags=none
SIGTERM: [libjvm.so+0x922380], sa_mask[0]=11111111011111111101111111111110, sa_flags=SA_RESTART|SA_SIGINFO
SIGQUIT: [libjvm.so+0x922380], sa_mask[0]=11111111011111111101111111111110, sa_flags=SA_RESTART|SA_SIGINFO


---------------  S Y S T E M  ---------------

OS:PRETTY_NAME="Debian GNU/Linux 9 (stretch)"
NAME="Debian GNU/Linux"
VERSION_ID="9"
VERSION="9 (stretch)"
ID=debian
HOME_URL="https://www.debian.org/"
SUPPORT_URL="https://www.debian.org/support"
BUG_REPORT_URL="https://bugs.debian.org/"

uname:Linux 4.9.0-8-amd64 #1 SMP Debian 4.9.110-3+deb9u6 (2018-10-08) x86_64
libc:glibc 2.24 NPTL 2.24 
rlimit: STACK 8192k, CORE 0k, NPROC 7855, NOFILE 4096, AS infinity
load average:1,83 1,18 0,71

/proc/meminfo:
MemTotal:        2033676 kB
MemFree:           52844 kB
MemAvailable:          0 kB
Buffers:             236 kB
Cached:            19896 kB
SwapCached:         3292 kB
Active:          1357572 kB
Inactive:         454884 kB
Active(anon):    1354476 kB
Inactive(anon):   451508 kB
Active(file):       3096 kB
Inactive(file):     3376 kB
Unevictable:           0 kB
Mlocked:               0 kB
SwapTotal:        522236 kB
SwapFree:              0 kB
Dirty:               160 kB
Writeback:           256 kB
AnonPages:       1789216 kB
Mapped:             8464 kB
Shmem:             13644 kB
Slab:              58668 kB
SReclaimable:      18380 kB
SUnreclaim:        40288 kB
KernelStack:       11808 kB
PageTables:        38244 kB
NFS_Unstable:          0 kB
Bounce:                0 kB
WritebackTmp:          0 kB
CommitLimit:     1539072 kB
Committed_AS:    5298516 kB
VmallocTotal:   34359738367 kB
VmallocUsed:           0 kB
VmallocChunk:          0 kB
HardwareCorrupted:     0 kB
AnonHugePages:         0 kB
ShmemHugePages:        0 kB
ShmemPmdMapped:        0 kB
HugePages_Total:       0
HugePages_Free:        0
HugePages_Rsvd:        0
HugePages_Surp:        0
Hugepagesize:       2048 kB
DirectMap4k:       79744 kB
DirectMap2M:     2017280 kB


CPU:total 1 (1 cores per cpu, 1 threads per core) family 6 model 42 stepping 7, cmov, cx8, fxsr, mmx, sse, sse2, sse3, ssse3, sse4.1, sse4.2, popcnt, avx, aes, clmul, tsc, tscinvbit

/proc/cpuinfo:
processor	: 0
vendor_id	: GenuineIntel
cpu family	: 6
model		: 42
model name	: Intel(R) Core(TM) i5-2500 CPU @ 3.30GHz
stepping	: 7
microcode	: 0x29
cpu MHz		: 3291.673
cache size	: 6144 KB
physical id	: 0
siblings	: 1
core id		: 0
cpu cores	: 1
apicid		: 0
initial apicid	: 0
fpu		: yes
fpu_exception	: yes
cpuid level	: 13
wp		: yes
flags		: fpu vme de pse tsc msr pae mce cx8 apic sep mtrr pge mca cmov pat pse36 clflush dts mmx fxsr sse sse2 ss syscall nx rdtscp lm constant_tsc arch_perfmon pebs bts nopl xtopology tsc_reliable nonstop_tsc aperfmperf pni pclmulqdq ssse3 cx16 pcid sse4_1 sse4_2 x2apic popcnt tsc_deadline_timer aes xsave avx hypervisor lahf_lm epb kaiser tsc_adjust dtherm ida arat pln pts
bugs		: cpu_meltdown spectre_v1 spectre_v2 spec_store_bypass l1tf
bogomips	: 6585.04
clflush size	: 64
cache_alignment	: 64
address sizes	: 42 bits physical, 48 bits virtual
power management:



Memory: 4k page, physical 2033676k(52856k free), swap 522236k(0k free)

vm_info: Java HotSpot(TM) 64-Bit Server VM (25.111-b14) for linux-amd64 JRE (1.8.0_111-b14), built on Sep 22 2016 16:14:03 by "java_re" with gcc 4.3.0 20080428 (Red Hat 4.3.0-8)

time: Thu Apr 18 16:32:24 2019
elapsed time: 10 seconds (0d 0h 0m 10s)

