#
# A fatal error has been detected by the Java Runtime Environment:
#
#  SIGSEGV (0xb) at pc=0x00007f576f0a5895, pid=3490, tid=0x00007f572b7b7700
#
# JRE version: Java(TM) SE Runtime Environment (8.0_111-b14) (build 1.8.0_111-b14)
# Java VM: Java HotSpot(TM) 64-Bit Server VM (25.111-b14 mixed mode linux-amd64 compressed oops)
# Problematic frame:
# C  [libc.so.6+0x35895]
#
# Failed to write core dump. Core dumps have been disabled. To enable core dumping, try "ulimit -c unlimited" before starting Java again
#
# If you would like to submit a bug report, please visit:
#   http://bugreport.java.com/bugreport/crash.jsp
# The crash happened outside the Java Virtual Machine in native code.
# See problematic frame for where to report the bug.
#

---------------  T H R E A D  ---------------

Current thread (0x00007f5768284800):  JavaThread "JavaFX Application Thread" [_thread_in_native, id=3508, stack(0x00007f572b6b7000,0x00007f572b7b8000)]

siginfo: si_signo: 11 (SIGSEGV), si_code: 128 (SI_KERNEL), si_addr: 0x0000000000000000

Registers:
RAX=0x00007f574008c12f, RBX=0x0000000000000001, RCX=0x00106a3f4120f210, RDX=0x000feae801182600
RSP=0x00007f572b7b61f0, RBP=0x00007f576f4095d8, RSI=0x0000000000000001, RDI=0x00007f573188bc30
R8 =0x00007f5731875028, R9 =0x00007f5731875028, R10=0x00000000000001d1, R11=0x00007f5738907c50
R12=0x0000000000000001, R13=0x00007f574008cc20, R14=0x00007f572b7b6280, R15=0x00007f57681d6530
RIP=0x00007f576f0a5895, EFLAGS=0x0000000000010212, CSGSFS=0x002b000000000033, ERR=0x0000000000000000
  TRAPNO=0x000000000000000d

Top of Stack: (sp=0x00007f572b7b61f0)
0x00007f572b7b61f0:   0000000000000000 000000000000000b
0x00007f572b7b6200:   00007f576fa9804e 00007f57681be5d0
0x00007f572b7b6210:   0000000000000000 00007f576f0a599a
0x00007f572b7b6220:   0000000000000066 00007f573b557f9f
0x00007f572b7b6230:   00007f57681d52e0 00007f57483ffe70
0x00007f572b7b6240:   00007f57483ffe70 00007f57390382de
0x00007f572b7b6250:   00007f57681d52e0 00007f5739036323
0x00007f572b7b6260:   00007f5768284800 00007f572b7b6300
0x00007f572b7b6270:   0000000000000000 0000000000000000
0x00007f572b7b6280:   0000000000000000 3b76265ac86be500
0x00007f572b7b6290:   00007f572b7b6b50 00007f572b7b63e0
0x00007f572b7b62a0:   00007f572b7b63d8 00007f572b7b63cc
0x00007f572b7b62b0:   00007f572b7b63d0 00007f57681d52e0
0x00007f572b7b62c0:   0000000000000281 00007f573901c2de
0x00007f572b7b62d0:   00007f576c545748 0000000000000187
0x00007f572b7b62e0:   0000000000000000 7fffffffffffffff
0x00007f572b7b62f0:   000000006c565c70 00007f572b7b63e8
0x00007f572b7b6300:   00007f572b7b6350 00007f5739572c39
0x00007f572b7b6310:   00007f576c565c70 00007f57395721a0
0x00007f572b7b6320:   0000000008830000 0000000000000000
0x00007f572b7b6330:   0000000000000000 0000000000000000
0x00007f572b7b6340:   00007f573b589de2 3b76265ac86be500
0x00007f572b7b6350:   0000000000000077 00007f57681e9000
0x00007f572b7b6360:   00007f57681e5020 00007f57681e5020
0x00007f572b7b6370:   0000000000000077 00007f57681f55a0
0x00007f572b7b6380:   00007f57681e9000 00007f573b54e43a
0x00007f572b7b6390:   0000000000000021 00007f572b7b63d0
0x00007f572b7b63a0:   00007f572b7b63cc 00007f572b7b63d8
0x00007f572b7b63b0:   00007f572b7b63e0 00007f572b7b63e8
0x00007f572b7b63c0:   00007f5768284800 00000000e11ee828
0x00007f572b7b63d0:   0000000000000000 0000000000000000
0x00007f572b7b63e0:   0000000000000000 0000000000000000 

Instructions: (pc=0x00007f576f0a5895)
0x00007f576f0a5875:   44 00 00 49 8b 45 08 48 89 c2 48 c1 e2 05 48 85
0x00007f576f0a5885:   c0 49 8d 4c 15 f0 74 2a 48 83 e8 01 49 89 45 08
0x00007f576f0a5895:   48 8b 11 48 83 fa 03 0f 84 a6 00 00 00 48 83 fa
0x00007f576f0a58a5:   04 74 78 48 83 fa 02 74 4a 48 83 e9 20 48 85 c0 

Register to memory mapping:

RAX=
[error occurred during error reporting (printing register info), id 0xb]

Stack: [0x00007f572b6b7000,0x00007f572b7b8000],  sp=0x00007f572b7b61f0,  free space=1020k
Native frames: (J=compiled Java code, j=interpreted, Vv=VM code, C=native code)
C  [libc.so.6+0x35895]

Java frames: (J=compiled Java code, j=interpreted, Vv=VM code)
j  com.sun.glass.ui.gtk.GtkApplication._runLoop(Ljava/lang/Runnable;Z)V+0
j  com.sun.glass.ui.gtk.GtkApplication.lambda$null$49(Ljava/lang/Runnable;Z)V+7
j  com.sun.glass.ui.gtk.GtkApplication$$Lambda$42.run()V+12
j  java.lang.Thread.run()V+11
v  ~StubRoutines::call_stub

---------------  P R O C E S S  ---------------

Java Threads: ( => current thread )
  0x00007f574c007000 JavaThread "Glass/Prism Shutdown Hook" [_thread_blocked, id=3660, stack(0x00007f57297bf000,0x00007f57298c0000)]
  0x00007f5744004000 JavaThread "SIGHUP handler" daemon [_thread_blocked, id=3652, stack(0x00007f57298c0000,0x00007f57299c1000)]
  0x00007f5744002800 JavaThread "SIGHUP handler" daemon [_thread_blocked, id=3650, stack(0x00007f57299c1000,0x00007f5729ac2000)]
  0x00007f574827d000 JavaThread "Prism Font Disposer" daemon [_thread_blocked, id=3521, stack(0x00007f572a198000,0x00007f572a299000)]
  0x00007f576837c000 JavaThread "JavaFX-Launcher" [_thread_blocked, id=3509, stack(0x00007f572b19f000,0x00007f572b2a0000)]
=>0x00007f5768284800 JavaThread "JavaFX Application Thread" [_thread_in_native, id=3508, stack(0x00007f572b6b7000,0x00007f572b7b8000)]
  0x00007f5768280800 JavaThread "Thread-1" daemon [_thread_blocked, id=3507, stack(0x00007f5758018000,0x00007f5758119000)]
  0x00007f57680db800 JavaThread "Service Thread" daemon [_thread_blocked, id=3503, stack(0x00007f5758466000,0x00007f5758567000)]
  0x00007f57680d8800 JavaThread "C1 CompilerThread1" daemon [_thread_blocked, id=3502, stack(0x00007f5758567000,0x00007f5758668000)]
  0x00007f57680d6800 JavaThread "C2 CompilerThread0" daemon [_thread_blocked, id=3501, stack(0x00007f5758668000,0x00007f5758769000)]
  0x00007f57680a1800 JavaThread "Finalizer" daemon [_thread_blocked, id=3499, stack(0x00007f5758a05000,0x00007f5758b06000)]
  0x00007f576809d000 JavaThread "Reference Handler" daemon [_thread_blocked, id=3498, stack(0x00007f5758b06000,0x00007f5758c07000)]
  0x00007f576800a000 JavaThread "main" [_thread_blocked, id=3492, stack(0x00007f576fb49000,0x00007f576fc4a000)]

Other Threads:
  0x00007f5768095800 VMThread [stack: 0x00007f5758c07000,0x00007f5758d08000] [id=3497]

VM state:at safepoint (shutting down)

VM Mutex/Monitor currently owned by a thread:  ([mutex/lock_event])
[0x00007f57680060d0] Threads_lock - owner thread: 0x00007f5768095800

Heap:
 def new generation   total 12288K, used 5102K [0x00000000e0e00000, 0x00000000e1b50000, 0x00000000eb400000)
  eden space 10944K,  43% used [0x00000000e0e00000, 0x00000000e12a3050, 0x00000000e18b0000)
  from space 1344K,  26% used [0x00000000e1a00000, 0x00000000e1a58b58, 0x00000000e1b50000)
  to   space 1344K,   0% used [0x00000000e18b0000, 0x00000000e18b0000, 0x00000000e1a00000)
 tenured generation   total 27132K, used 19325K [0x00000000eb400000, 0x00000000ece7f000, 0x0000000100000000)
   the space 27132K,  71% used [0x00000000eb400000, 0x00000000ec6df7f8, 0x00000000ec6df800, 0x00000000ece7f000)
 Metaspace       used 21470K, capacity 23026K, committed 23344K, reserved 1069056K
  class space    used 3012K, capacity 3291K, committed 3376K, reserved 1048576K

Card table byte_map: [0x00007f576c827000,0x00007f576c921000] byte_map_base: 0x00007f576c120000

Polling page: 0x00007f576fc65000

CodeCache: size=245760Kb used=10488Kb max_used=10561Kb free=235271Kb
 bounds [0x00007f5759000000, 0x00007f5759a60000, 0x00007f5768000000]
 total_blobs=3931 nmethods=3246 adapters=597
 compilation: enabled

Compilation events (10 events):
Event: 864,960 Thread 0x00007f57680d6800 3291 % !   4       com.sun.glass.ui.InvokeLaterDispatcher::run @ 0 (153 bytes)
Event: 864,969 Thread 0x00007f57680d6800 nmethod 3291% 0x00007f5759a4c7d0 code [0x00007f5759a4c9a0, 0x00007f5759a4cfc8]
Event: 940,706 Thread 0x00007f57680d6800 3292 % !   4       com.sun.glass.ui.InvokeLaterDispatcher::run @ 94 (153 bytes)
Event: 940,716 Thread 0x00007f57680d6800 nmethod 3292% 0x00007f5759a53e50 code [0x00007f5759a54020, 0x00007f5759a546e8]
Event: 996,971 Thread 0x00007f57680d8800 3293       3       com.sun.javafx.geom.transform.AffineBase::setToIdentity (45 bytes)
Event: 996,971 Thread 0x00007f57680d8800 nmethod 3293 0x00007f5759a43050 code [0x00007f5759a431c0, 0x00007f5759a43440]
Event: 996,971 Thread 0x00007f57680d8800 3294       1       com.sun.javafx.font.CompositeStrike::getSize (5 bytes)
Event: 996,971 Thread 0x00007f57680d8800 nmethod 3294 0x00007f5759a38f50 code [0x00007f5759a390a0, 0x00007f5759a391b0]
Event: 1005,008 Thread 0x00007f57680d8800 3295       1       java.util.logging.Logger::getName (5 bytes)
Event: 1005,009 Thread 0x00007f57680d8800 nmethod 3295 0x00007f5759134010 code [0x00007f5759134160, 0x00007f5759134270]

GC Heap History (10 events):
Event: 18,796 GC heap before
{Heap before GC invocations=7 (full 1):
 def new generation   total 12288K, used 10944K [0x00000000e0e00000, 0x00000000e1b50000, 0x00000000eb400000)
  eden space 10944K, 100% used [0x00000000e0e00000, 0x00000000e18b0000, 0x00000000e18b0000)
  from space 1344K,   0% used [0x00000000e18b0000, 0x00000000e18b0000, 0x00000000e1a00000)
  to   space 1344K,   0% used [0x00000000e1a00000, 0x00000000e1a00000, 0x00000000e1b50000)
 tenured generation   total 27132K, used 16278K [0x00000000eb400000, 0x00000000ece7f000, 0x0000000100000000)
   the space 27132K,  59% used [0x00000000eb400000, 0x00000000ec3e5868, 0x00000000ec3e5a00, 0x00000000ece7f000)
 Metaspace       used 20998K, capacity 22530K, committed 22832K, reserved 1069056K
  class space    used 2959K, capacity 3257K, committed 3376K, reserved 1048576K
Event: 18,816 GC heap after
Heap after GC invocations=8 (full 1):
 def new generation   total 12288K, used 1343K [0x00000000e0e00000, 0x00000000e1b50000, 0x00000000eb400000)
  eden space 10944K,   0% used [0x00000000e0e00000, 0x00000000e0e00000, 0x00000000e18b0000)
  from space 1344K,  99% used [0x00000000e1a00000, 0x00000000e1b4fff8, 0x00000000e1b50000)
  to   space 1344K,   0% used [0x00000000e18b0000, 0x00000000e18b0000, 0x00000000e1a00000)
 tenured generation   total 27132K, used 18005K [0x00000000eb400000, 0x00000000ece7f000, 0x0000000100000000)
   the space 27132K,  66% used [0x00000000eb400000, 0x00000000ec595448, 0x00000000ec595600, 0x00000000ece7f000)
 Metaspace       used 20998K, capacity 22530K, committed 22832K, reserved 1069056K
  class space    used 2959K, capacity 3257K, committed 3376K, reserved 1048576K
}
Event: 213,889 GC heap before
{Heap before GC invocations=8 (full 1):
 def new generation   total 12288K, used 12287K [0x00000000e0e00000, 0x00000000e1b50000, 0x00000000eb400000)
  eden space 10944K, 100% used [0x00000000e0e00000, 0x00000000e18b0000, 0x00000000e18b0000)
  from space 1344K,  99% used [0x00000000e1a00000, 0x00000000e1b4fff8, 0x00000000e1b50000)
  to   space 1344K,   0% used [0x00000000e18b0000, 0x00000000e18b0000, 0x00000000e1a00000)
 tenured generation   total 27132K, used 18005K [0x00000000eb400000, 0x00000000ece7f000, 0x0000000100000000)
   the space 27132K,  66% used [0x00000000eb400000, 0x00000000ec595448, 0x00000000ec595600, 0x00000000ece7f000)
 Metaspace       used 21451K, capacity 23014K, committed 23344K, reserved 1069056K
  class space    used 3009K, capacity 3289K, committed 3376K, reserved 1048576K
Event: 213,894 GC heap after
Heap after GC invocations=9 (full 1):
 def new generation   total 12288K, used 489K [0x00000000e0e00000, 0x00000000e1b50000, 0x00000000eb400000)
  eden space 10944K,   0% used [0x00000000e0e00000, 0x00000000e0e00000, 0x00000000e18b0000)
  from space 1344K,  36% used [0x00000000e18b0000, 0x00000000e192a520, 0x00000000e1a00000)
  to   space 1344K,   0% used [0x00000000e1a00000, 0x00000000e1a00000, 0x00000000e1b50000)
 tenured generation   total 27132K, used 19325K [0x00000000eb400000, 0x00000000ece7f000, 0x0000000100000000)
   the space 27132K,  71% used [0x00000000eb400000, 0x00000000ec6df7f8, 0x00000000ec6df800, 0x00000000ece7f000)
 Metaspace       used 21451K, capacity 23014K, committed 23344K, reserved 1069056K
  class space    used 3009K, capacity 3289K, committed 3376K, reserved 1048576K
}
Event: 445,640 GC heap before
{Heap before GC invocations=9 (full 1):
 def new generation   total 12288K, used 11433K [0x00000000e0e00000, 0x00000000e1b50000, 0x00000000eb400000)
  eden space 10944K, 100% used [0x00000000e0e00000, 0x00000000e18b0000, 0x00000000e18b0000)
  from space 1344K,  36% used [0x00000000e18b0000, 0x00000000e192a520, 0x00000000e1a00000)
  to   space 1344K,   0% used [0x00000000e1a00000, 0x00000000e1a00000, 0x00000000e1b50000)
 tenured generation   total 27132K, used 19325K [0x00000000eb400000, 0x00000000ece7f000, 0x0000000100000000)
   the space 27132K,  71% used [0x00000000eb400000, 0x00000000ec6df7f8, 0x00000000ec6df800, 0x00000000ece7f000)
 Metaspace       used 21455K, capacity 23014K, committed 23344K, reserved 1069056K
  class space    used 3009K, capacity 3289K, committed 3376K, reserved 1048576K
Event: 445,643 GC heap after
Heap after GC invocations=10 (full 1):
 def new generation   total 12288K, used 367K [0x00000000e0e00000, 0x00000000e1b50000, 0x00000000eb400000)
  eden space 10944K,   0% used [0x00000000e0e00000, 0x00000000e0e00000, 0x00000000e18b0000)
  from space 1344K,  27% used [0x00000000e1a00000, 0x00000000e1a5bfa0, 0x00000000e1b50000)
  to   space 1344K,   0% used [0x00000000e18b0000, 0x00000000e18b0000, 0x00000000e1a00000)
 tenured generation   total 27132K, used 19325K [0x00000000eb400000, 0x00000000ece7f000, 0x0000000100000000)
   the space 27132K,  71% used [0x00000000eb400000, 0x00000000ec6df7f8, 0x00000000ec6df800, 0x00000000ece7f000)
 Metaspace       used 21455K, capacity 23014K, committed 23344K, reserved 1069056K
  class space    used 3009K, capacity 3289K, committed 3376K, reserved 1048576K
}
Event: 677,514 GC heap before
{Heap before GC invocations=10 (full 1):
 def new generation   total 12288K, used 11311K [0x00000000e0e00000, 0x00000000e1b50000, 0x00000000eb400000)
  eden space 10944K, 100% used [0x00000000e0e00000, 0x00000000e18b0000, 0x00000000e18b0000)
  from space 1344K,  27% used [0x00000000e1a00000, 0x00000000e1a5bfa0, 0x00000000e1b50000)
  to   space 1344K,   0% used [0x00000000e18b0000, 0x00000000e18b0000, 0x00000000e1a00000)
 tenured generation   total 27132K, used 19325K [0x00000000eb400000, 0x00000000ece7f000, 0x0000000100000000)
   the space 27132K,  71% used [0x00000000eb400000, 0x00000000ec6df7f8, 0x00000000ec6df800, 0x00000000ece7f000)
 Metaspace       used 21456K, capacity 23014K, committed 23344K, reserved 1069056K
  class space    used 3009K, capacity 3289K, committed 3376K, reserved 1048576K
Event: 677,516 GC heap after
Heap after GC invocations=11 (full 1):
 def new generation   total 12288K, used 368K [0x00000000e0e00000, 0x00000000e1b50000, 0x00000000eb400000)
  eden space 10944K,   0% used [0x00000000e0e00000, 0x00000000e0e00000, 0x00000000e18b0000)
  from space 1344K,  27% used [0x00000000e18b0000, 0x00000000e190c0d0, 0x00000000e1a00000)
  to   space 1344K,   0% used [0x00000000e1a00000, 0x00000000e1a00000, 0x00000000e1b50000)
 tenured generation   total 27132K, used 19325K [0x00000000eb400000, 0x00000000ece7f000, 0x0000000100000000)
   the space 27132K,  71% used [0x00000000eb400000, 0x00000000ec6df7f8, 0x00000000ec6df800, 0x00000000ece7f000)
 Metaspace       used 21456K, capacity 23014K, committed 23344K, reserved 1069056K
  class space    used 3009K, capacity 3289K, committed 3376K, reserved 1048576K
}
Event: 909,522 GC heap before
{Heap before GC invocations=11 (full 1):
 def new generation   total 12288K, used 11312K [0x00000000e0e00000, 0x00000000e1b50000, 0x00000000eb400000)
  eden space 10944K, 100% used [0x00000000e0e00000, 0x00000000e18b0000, 0x00000000e18b0000)
  from space 1344K,  27% used [0x00000000e18b0000, 0x00000000e190c0d0, 0x00000000e1a00000)
  to   space 1344K,   0% used [0x00000000e1a00000, 0x00000000e1a00000, 0x00000000e1b50000)
 tenured generation   total 27132K, used 19325K [0x00000000eb400000, 0x00000000ece7f000, 0x0000000100000000)
   the space 27132K,  71% used [0x00000000eb400000, 0x00000000ec6df7f8, 0x00000000ec6df800, 0x00000000ece7f000)
 Metaspace       used 21456K, capacity 23014K, committed 23344K, reserved 1069056K
  class space    used 3009K, capacity 3289K, committed 3376K, reserved 1048576K
Event: 909,525 GC heap after
Heap after GC invocations=12 (full 1):
 def new generation   total 12288K, used 354K [0x00000000e0e00000, 0x00000000e1b50000, 0x00000000eb400000)
  eden space 10944K,   0% used [0x00000000e0e00000, 0x00000000e0e00000, 0x00000000e18b0000)
  from space 1344K,  26% used [0x00000000e1a00000, 0x00000000e1a58b58, 0x00000000e1b50000)
  to   space 1344K,   0% used [0x00000000e18b0000, 0x00000000e18b0000, 0x00000000e1a00000)
 tenured generation   total 27132K, used 19325K [0x00000000eb400000, 0x00000000ece7f000, 0x0000000100000000)
   the space 27132K,  71% used [0x00000000eb400000, 0x00000000ec6df7f8, 0x00000000ec6df800, 0x00000000ece7f000)
 Metaspace       used 21456K, capacity 23014K, committed 23344K, reserved 1069056K
  class space    used 3009K, capacity 3289K, committed 3376K, reserved 1048576K
}

Deoptimization events (10 events):
Event: 14,127 Thread 0x00007f5768284800 Uncommon trap: reason=array_check action=maybe_recompile pc=0x00007f57597bdc90 method=com.sun.javafx.css.CompoundSelector.applies(Ljavafx/css/Styleable;[Ljava/util/Set;I)Z @ 128
Event: 15,579 Thread 0x00007f5768284800 Uncommon trap: reason=unstable_if action=reinterpret pc=0x00007f575952b654 method=com.sun.javafx.css.StyleManager$CacheContainer.getStyleMap(I)Lcom/sun/javafx/css/StyleMap; @ 22
Event: 15,717 Thread 0x00007f5768284800 Uncommon trap: reason=unstable_if action=reinterpret pc=0x00007f5759852b1c method=javafx.scene.Parent.setChildDirty(Ljavafx/scene/Node;Z)V @ 22
Event: 18,841 Thread 0x00007f57681a3800 Uncommon trap: reason=unstable_if action=reinterpret pc=0x00007f5759607b64 method=com.sun.javafx.geom.RectBounds.isEmpty()Z @ 21
Event: 20,574 Thread 0x00007f5768284800 Uncommon trap: reason=class_check action=maybe_recompile pc=0x00007f5759241c50 method=java.util.Properties$LineReader.readLine()I @ 410
Event: 20,583 Thread 0x00007f5768284800 Uncommon trap: reason=unstable_if action=reinterpret pc=0x00007f57592b4848 method=java.lang.String.indexOf([CII[CIII)I @ 3
Event: 20,593 Thread 0x00007f5768284800 Uncommon trap: reason=unstable_if action=reinterpret pc=0x00007f5759393154 method=java.util.concurrent.ConcurrentHashMap.putVal(Ljava/lang/Object;Ljava/lang/Object;Z)Ljava/lang/Object; @ 181
Event: 20,621 Thread 0x00007f5768284800 Uncommon trap: reason=unstable_if action=reinterpret pc=0x00007f5759968a98 method=sun.util.logging.PlatformLogger.isLoggable(Lsun/util/logging/PlatformLogger$Level;)Z @ 18
Event: 996,987 Thread 0x00007f5768280800 Uncommon trap: reason=class_check action=maybe_recompile pc=0x00007f5759a54514 method=com.sun.glass.ui.InvokeLaterDispatcher.run()V @ 9
Event: 1005,006 Thread 0x00007f574c007000 Uncommon trap: reason=unstable_if action=reinterpret pc=0x00007f5759a282d8 method=java.util.concurrent.locks.ReentrantLock$Sync.tryRelease(I)Z @ 28

Internal exceptions (10 events):
Event: 0,596 Thread 0x00007f576800a000 Exception <a 'java/security/PrivilegedActionException'> (0x00000000e10451c8) thrown at [/HUDSON3/workspace/8-2-build-linux-amd64/jdk8u111/7883/hotspot/src/share/vm/prims/jvm.cpp, line 1386]
Event: 0,599 Thread 0x00007f576800a000 Exception <a 'java/security/PrivilegedActionException'> (0x00000000e10474c8) thrown at [/HUDSON3/workspace/8-2-build-linux-amd64/jdk8u111/7883/hotspot/src/share/vm/prims/jvm.cpp, line 1386]
Event: 0,599 Thread 0x00007f576800a000 Exception <a 'java/security/PrivilegedActionException'> (0x00000000e10476d8) thrown at [/HUDSON3/workspace/8-2-build-linux-amd64/jdk8u111/7883/hotspot/src/share/vm/prims/jvm.cpp, line 1386]
Event: 0,600 Thread 0x00007f576800a000 Exception <a 'java/lang/NullPointerException'> (0x00000000e1047cb0) thrown at [/HUDSON3/workspace/8-2-build-linux-amd64/jdk8u111/7883/hotspot/src/share/vm/interpreter/linkResolver.cpp, line 1178]
Event: 1,904 Thread 0x00007f5768284800 Exception <a 'java/lang/NullPointerException'> (0x00000000e12cde78) thrown at [/HUDSON3/workspace/8-2-build-linux-amd64/jdk8u111/7883/hotspot/src/share/vm/interpreter/linkResolver.cpp, line 1178]
Event: 1,904 Thread 0x00007f5768284800 Exception <a 'java/lang/NullPointerException'> (0x00000000e12cde78) thrown at [/HUDSON3/workspace/8-2-build-linux-amd64/jdk8u111/7883/hotspot/src/share/vm/prims/jvm.cpp, line 1390]
Event: 8,372 Thread 0x00007f5768284800 Implicit null exception at 0x00007f5759493d51 to 0x00007f57594942e9
Event: 20,557 Thread 0x00007f5768284800 Implicit null exception at 0x00007f57594e4ca3 to 0x00007f57594e5052
Event: 20,557 Thread 0x00007f5768284800 Exception <a 'java/lang/NullPointerException'> (0x00000000e0f814b8) thrown at [/HUDSON3/workspace/8-2-build-linux-amd64/jdk8u111/7883/hotspot/src/share/vm/runtime/sharedRuntime.cpp, line 605]
Event: 1005,008 Thread 0x00007f574c007000 Exception <a 'java/lang/IllegalStateException'> (0x00000000e1284bf0) thrown at [/HUDSON3/workspace/8-2-build-linux-amd64/jdk8u111/7883/hotspot/src/share/vm/prims/jvm.cpp, line 1390]

Events (10 events):
Event: 1005,009 Thread 0x00007f57680d8800 flushing nmethod 0x00007f5759139190
Event: 1005,009 Thread 0x00007f57680d8800 flushing nmethod 0x00007f5759139fd0
Event: 1005,009 Thread 0x00007f57680d8800 flushing nmethod 0x00007f575913b890
Event: 1005,009 Thread 0x00007f57680d8800 flushing nmethod 0x00007f5759142050
Event: 1005,009 Thread 0x00007f57680d8800 flushing nmethod 0x00007f5759153c50
Event: 1005,009 Thread 0x00007f57680d8800 flushing nmethod 0x00007f575915c410
Event: 1005,009 Thread 0x00007f57680d8800 flushing nmethod 0x00007f575915cfd0
Event: 1005,009 Thread 0x00007f574c008800 Thread exited: 0x00007f574c008800
Event: 1005,015 Thread 0x00007f57680d5000 Thread exited: 0x00007f57680d5000
Event: 1005,015 Executing VM operation: Exit


Dynamic libraries:
00400000-00401000 r-xp 00000000 08:01 695664                             /usr/local/jdk1.8.0_111/jre/bin/java
00600000-00601000 rw-p 00000000 08:01 695664                             /usr/local/jdk1.8.0_111/jre/bin/java
00e26000-00e47000 rw-p 00000000 00:00 0                                  [heap]
e0e00000-e1b50000 rw-p 00000000 00:00 0 
e1b50000-eb400000 ---p 00000000 00:00 0 
eb400000-ece7f000 rw-p 00000000 00:00 0 
ece7f000-100000000 ---p 00000000 00:00 0 
100000000-10034c000 rw-p 00000000 00:00 0 
10034c000-140000000 ---p 00000000 00:00 0 
7f57296be000-7f57296c1000 ---p 00000000 00:00 0 
7f57296c1000-7f57297bf000 rw-p 00000000 00:00 0 
7f57297bf000-7f57297c2000 ---p 00000000 00:00 0 
7f57297c2000-7f57298c0000 rw-p 00000000 00:00 0 
7f57298c0000-7f57298c3000 ---p 00000000 00:00 0 
7f57298c3000-7f57299c1000 rw-p 00000000 00:00 0 
7f57299c1000-7f57299c4000 ---p 00000000 00:00 0 
7f57299c4000-7f5729ac2000 rw-p 00000000 00:00 0 
7f5729ac2000-7f5729c42000 rw-p 00000000 00:00 0 
7f5729c42000-7f5729cc2000 ---p 00000000 00:00 0 
7f5729cc2000-7f5729cc8000 r--p 00000000 08:01 668544                     /usr/share/locale/fr/LC_MESSAGES/gdk-pixbuf.mo
7f5729cc8000-7f5729cd8000 r-xp 00000000 08:01 695359                     /usr/local/jdk1.8.0_111/jre/lib/amd64/libdecora_sse.so
7f5729cd8000-7f5729ed7000 ---p 00010000 08:01 695359                     /usr/local/jdk1.8.0_111/jre/lib/amd64/libdecora_sse.so
7f5729ed7000-7f5729ed8000 rw-p 0000f000 08:01 695359                     /usr/local/jdk1.8.0_111/jre/lib/amd64/libdecora_sse.so
7f5729ed8000-7f572a0d8000 rw-p 00000000 00:00 0 
7f572a0d8000-7f572a0eb000 r--s 00345000 08:01 695368                     /usr/local/jdk1.8.0_111/jre/lib/resources.jar
7f572a0eb000-7f572a198000 r--p 00000000 08:01 1052079                    /usr/share/fonts/truetype/dejavu/DejaVuSans-Bold.ttf
7f572a198000-7f572a19b000 ---p 00000000 00:00 0 
7f572a19b000-7f572a299000 rw-p 00000000 00:00 0 
7f572a299000-7f572a352000 r--p 00000000 08:01 1052080                    /usr/share/fonts/truetype/dejavu/DejaVuSans.ttf
7f572a352000-7f572a3a7000 r--p 00000000 08:01 695240                     /usr/local/jdk1.8.0_111/jre/lib/fonts/LucidaBrightRegular.ttf
7f572a3a7000-7f572a3ba000 r--p 00000000 08:01 695233                     /usr/local/jdk1.8.0_111/jre/lib/fonts/LucidaBrightDemiBold.ttf
7f572a3ba000-7f572a465000 r--p 00000000 08:01 695278                     /usr/local/jdk1.8.0_111/jre/lib/fonts/LucidaSansRegular.ttf
7f572a465000-7f572a479000 r--p 00000000 08:01 695261                     /usr/local/jdk1.8.0_111/jre/lib/fonts/LucidaBrightItalic.ttf
7f572a479000-7f572a4b5000 r--p 00000000 08:01 695217                     /usr/local/jdk1.8.0_111/jre/lib/fonts/LucidaTypewriterRegular.ttf
7f572a4b5000-7f572a4c8000 r--p 00000000 08:01 695222                     /usr/local/jdk1.8.0_111/jre/lib/fonts/LucidaBrightDemiItalic.ttf
7f572a4c8000-7f572a516000 r--p 00000000 08:01 695263                     /usr/local/jdk1.8.0_111/jre/lib/fonts/LucidaSansDemiBold.ttf
7f572a516000-7f572a550000 r--p 00000000 08:01 695232                     /usr/local/jdk1.8.0_111/jre/lib/fonts/LucidaTypewriterBold.ttf
7f572a550000-7f572a554000 r-xp 00000000 08:01 695239                     /usr/local/jdk1.8.0_111/jre/lib/amd64/libjavafx_font_pango.so
7f572a554000-7f572a753000 ---p 00004000 08:01 695239                     /usr/local/jdk1.8.0_111/jre/lib/amd64/libjavafx_font_pango.so
7f572a753000-7f572a754000 rw-p 00003000 08:01 695239                     /usr/local/jdk1.8.0_111/jre/lib/amd64/libjavafx_font_pango.so
7f572a754000-7f572a954000 rw-p 00000000 00:00 0 
7f572a954000-7f572ab54000 rw-p 00000000 00:00 0 
7f572ab54000-7f572ab59000 r--s 00084000 08:01 695499                     /usr/local/jdk1.8.0_111/jre/lib/jfr.jar
7f572ab59000-7f572ad59000 rw-p 00000000 00:00 0 
7f572ad59000-7f572ad64000 r--s 00000000 08:01 428319                     /var/cache/fontconfig/945677eb7aeaf62f1d50efc3fb3ec7d8-le64.cache-4
7f572ad64000-7f572ad68000 r--s 00000000 08:01 435232                     /var/cache/fontconfig/de156ccd2eddbdc19d37a45b8b2aac9c-le64.cache-4
7f572ad68000-7f572ad6a000 r--s 00000000 08:01 397149                     /var/cache/fontconfig/4794a0821666d79190d59a36cb4f44b5-le64.cache-4
7f572ad6a000-7f572ad70000 r--s 00000000 08:01 397944                     /var/cache/fontconfig/3047814df9a2f067bd2d96a2b9c36e5a-le64.cache-4
7f572ad70000-7f572ad78000 r--s 00000000 08:01 397937                     /var/cache/fontconfig/bf3b770c553c462765856025a94f1ce6-le64.cache-4
7f572ad78000-7f572ad8b000 r--s 00000000 08:01 428315                     /var/cache/fontconfig/d52a8644073d54c13679302ca1180695-le64.cache-4
7f572ad8b000-7f572ad97000 r--s 00000000 08:01 397928                     /var/cache/fontconfig/d589a48862398ed80a3d6066f4f56f4c-le64.cache-4
7f572ad97000-7f572ad9c000 r-xp 00000000 08:01 695221                     /usr/local/jdk1.8.0_111/jre/lib/amd64/libjavafx_font_freetype.so
7f572ad9c000-7f572af9b000 ---p 00005000 08:01 695221                     /usr/local/jdk1.8.0_111/jre/lib/amd64/libjavafx_font_freetype.so
7f572af9b000-7f572af9c000 rw-p 00004000 08:01 695221                     /usr/local/jdk1.8.0_111/jre/lib/amd64/libjavafx_font_freetype.so
7f572af9c000-7f572af9f000 r-xp 00000000 08:01 695339                     /usr/local/jdk1.8.0_111/jre/lib/amd64/libjavafx_font.so
7f572af9f000-7f572b19e000 ---p 00003000 08:01 695339                     /usr/local/jdk1.8.0_111/jre/lib/amd64/libjavafx_font.so
7f572b19e000-7f572b19f000 rw-p 00002000 08:01 695339                     /usr/local/jdk1.8.0_111/jre/lib/amd64/libjavafx_font.so
7f572b19f000-7f572b1a2000 ---p 00000000 00:00 0 
7f572b1a2000-7f572b2a0000 rw-p 00000000 00:00 0 
7f572b2a0000-7f572b4a0000 rw-p 00000000 00:00 0 
7f572b4a0000-7f572b4b6000 r-xp 00000000 08:01 695504                     /usr/local/jdk1.8.0_111/jre/lib/amd64/libnet.so
7f572b4b6000-7f572b6b6000 ---p 00016000 08:01 695504                     /usr/local/jdk1.8.0_111/jre/lib/amd64/libnet.so
7f572b6b6000-7f572b6b7000 rw-p 00016000 08:01 695504                     /usr/local/jdk1.8.0_111/jre/lib/amd64/libnet.so
7f572b6b7000-7f572b6ba000 ---p 00000000 00:00 0 
7f572b6ba000-7f572b7b8000 rw-p 00000000 00:00 0 
7f572b7b8000-7f572b7bf000 r-xp 00000000 08:01 669767                     /usr/lib/x86_64-linux-gnu/libogg.so.0.8.2
7f572b7bf000-7f572b9bf000 ---p 00007000 08:01 669767                     /usr/lib/x86_64-linux-gnu/libogg.so.0.8.2
7f572b9bf000-7f572b9c0000 r--p 00007000 08:01 669767                     /usr/lib/x86_64-linux-gnu/libogg.so.0.8.2
7f572b9c0000-7f572b9c1000 rw-p 00008000 08:01 669767                     /usr/lib/x86_64-linux-gnu/libogg.so.0.8.2
7f572b9c1000-7f572b9eb000 r-xp 00000000 08:01 671056                     /usr/lib/x86_64-linux-gnu/libvorbis.so.0.4.8
7f572b9eb000-7f572bbeb000 ---p 0002a000 08:01 671056                     /usr/lib/x86_64-linux-gnu/libvorbis.so.0.4.8
7f572bbeb000-7f572bbec000 r--p 0002a000 08:01 671056                     /usr/lib/x86_64-linux-gnu/libvorbis.so.0.4.8
7f572bbec000-7f572bbed000 rw-p 0002b000 08:01 671056                     /usr/lib/x86_64-linux-gnu/libvorbis.so.0.4.8
7f572bbed000-7f572bbf6000 r-xp 00000000 08:01 669429                     /usr/lib/x86_64-linux-gnu/libltdl.so.7.3.1
7f572bbf6000-7f572bdf5000 ---p 00009000 08:01 669429                     /usr/lib/x86_64-linux-gnu/libltdl.so.7.3.1
7f572bdf5000-7f572bdf6000 r--p 00008000 08:01 669429                     /usr/lib/x86_64-linux-gnu/libltdl.so.7.3.1
7f572bdf6000-7f572bdf7000 rw-p 00009000 08:01 669429                     /usr/lib/x86_64-linux-gnu/libltdl.so.7.3.1
7f572bdf7000-7f572be0c000 r-xp 00000000 08:01 671426                     /usr/lib/x86_64-linux-gnu/libtdb.so.1.3.11
7f572be0c000-7f572c00b000 ---p 00015000 08:01 671426                     /usr/lib/x86_64-linux-gnu/libtdb.so.1.3.11
7f572c00b000-7f572c00c000 r--p 00014000 08:01 671426                     /usr/lib/x86_64-linux-gnu/libtdb.so.1.3.11
7f572c00c000-7f572c00d000 rw-p 00015000 08:01 671426                     /usr/lib/x86_64-linux-gnu/libtdb.so.1.3.11
7f572c00d000-7f572c015000 r-xp 00000000 08:01 671752                     /usr/lib/x86_64-linux-gnu/libvorbisfile.so.3.3.7
7f572c015000-7f572c214000 ---p 00008000 08:01 671752                     /usr/lib/x86_64-linux-gnu/libvorbisfile.so.3.3.7
7f572c214000-7f572c215000 r--p 00007000 08:01 671752                     /usr/lib/x86_64-linux-gnu/libvorbisfile.so.3.3.7
7f572c215000-7f572c216000 rw-p 00008000 08:01 671752                     /usr/lib/x86_64-linux-gnu/libvorbisfile.so.3.3.7
7f572c216000-7f572c227000 r-xp 00000000 08:01 672494                     /usr/lib/x86_64-linux-gnu/libcanberra.so.0.2.5
7f572c227000-7f572c426000 ---p 00011000 08:01 672494                     /usr/lib/x86_64-linux-gnu/libcanberra.so.0.2.5
7f572c426000-7f572c427000 r--p 00010000 08:01 672494                     /usr/lib/x86_64-linux-gnu/libcanberra.so.0.2.5
7f572c427000-7f572c428000 rw-p 00011000 08:01 672494                     /usr/lib/x86_64-linux-gnu/libcanberra.so.0.2.5
7f572c428000-7f572c42c000 r-xp 00000000 08:01 694037                     /usr/lib/x86_64-linux-gnu/libcanberra-gtk.so.0.1.9
7f572c42c000-7f572c62b000 ---p 00004000 08:01 694037                     /usr/lib/x86_64-linux-gnu/libcanberra-gtk.so.0.1.9
7f572c62b000-7f572c62c000 r--p 00003000 08:01 694037                     /usr/lib/x86_64-linux-gnu/libcanberra-gtk.so.0.1.9
7f572c62c000-7f572c62d000 rw-p 00004000 08:01 694037                     /usr/lib/x86_64-linux-gnu/libcanberra-gtk.so.0.1.9
7f572c62d000-7f572c632000 r-xp 00000000 08:01 694046                     /usr/lib/x86_64-linux-gnu/gtk-2.0/modules/libcanberra-gtk-module.so
7f572c632000-7f572c831000 ---p 00005000 08:01 694046                     /usr/lib/x86_64-linux-gnu/gtk-2.0/modules/libcanberra-gtk-module.so
7f572c831000-7f572c832000 r--p 00004000 08:01 694046                     /usr/lib/x86_64-linux-gnu/gtk-2.0/modules/libcanberra-gtk-module.so
7f572c832000-7f572c833000 rw-p 00005000 08:01 694046                     /usr/lib/x86_64-linux-gnu/gtk-2.0/modules/libcanberra-gtk-module.so
7f572c833000-7f572c83d000 r-xp 00000000 08:01 685592                     /usr/lib/x86_64-linux-gnu/gtk-2.0/2.10.0/engines/libpixmap.so
7f572c83d000-7f572ca3c000 ---p 0000a000 08:01 685592                     /usr/lib/x86_64-linux-gnu/gtk-2.0/2.10.0/engines/libpixmap.so
7f572ca3c000-7f572ca3d000 r--p 00009000 08:01 685592                     /usr/lib/x86_64-linux-gnu/gtk-2.0/2.10.0/engines/libpixmap.so
7f572ca3d000-7f572ca3e000 rw-p 0000a000 08:01 685592                     /usr/lib/x86_64-linux-gnu/gtk-2.0/2.10.0/engines/libpixmap.so
7f572ca3e000-7f572ca40000 r-xp 00000000 08:01 681226                     /usr/lib/x86_64-linux-gnu/gtk-2.0/2.10.0/engines/libadwaita.so
7f572ca40000-7f572cc40000 ---p 00002000 08:01 681226                     /usr/lib/x86_64-linux-gnu/gtk-2.0/2.10.0/engines/libadwaita.so
7f572cc40000-7f572cc41000 r--p 00002000 08:01 681226                     /usr/lib/x86_64-linux-gnu/gtk-2.0/2.10.0/engines/libadwaita.so
7f572cc41000-7f572cc42000 rw-p 00003000 08:01 681226                     /usr/lib/x86_64-linux-gnu/gtk-2.0/2.10.0/engines/libadwaita.so
7f572cc42000-7f572cc53000 r-xp 00000000 08:01 656284                     /usr/lib/x86_64-linux-gnu/liblz4.so.1.7.1
7f572cc53000-7f572ce52000 ---p 00011000 08:01 656284                     /usr/lib/x86_64-linux-gnu/liblz4.so.1.7.1
7f572ce52000-7f572ce53000 r--p 00010000 08:01 656284                     /usr/lib/x86_64-linux-gnu/liblz4.so.1.7.1
7f572ce53000-7f572ce54000 rw-p 00011000 08:01 656284                     /usr/lib/x86_64-linux-gnu/liblz4.so.1.7.1
7f572ce54000-7f572ce79000 r-xp 00000000 08:01 917549                     /lib/x86_64-linux-gnu/liblzma.so.5.2.2
7f572ce79000-7f572d078000 ---p 00025000 08:01 917549                     /lib/x86_64-linux-gnu/liblzma.so.5.2.2
7f572d078000-7f572d079000 r--p 00024000 08:01 917549                     /lib/x86_64-linux-gnu/liblzma.so.5.2.2
7f572d079000-7f572d07a000 rw-p 00025000 08:01 917549                     /lib/x86_64-linux-gnu/liblzma.so.5.2.2
7f572d07a000-7f572d0a7000 r-xp 00000000 08:01 670721                     /usr/lib/x86_64-linux-gnu/libatk-bridge-2.0.so.0.0.0
7f572d0a7000-7f572d2a6000 ---p 0002d000 08:01 670721                     /usr/lib/x86_64-linux-gnu/libatk-bridge-2.0.so.0.0.0
7f572d2a6000-7f572d2a7000 r--p 0002c000 08:01 670721                     /usr/lib/x86_64-linux-gnu/libatk-bridge-2.0.so.0.0.0
7f572d2a7000-7f572d2a9000 rw-p 0002d000 08:01 670721                     /usr/lib/x86_64-linux-gnu/libatk-bridge-2.0.so.0.0.0
7f572d2a9000-7f572d2f6000 r-xp 00000000 08:01 918153                     /lib/x86_64-linux-gnu/libdbus-1.so.3.14.15
7f572d2f6000-7f572d4f6000 ---p 0004d000 08:01 918153                     /lib/x86_64-linux-gnu/libdbus-1.so.3.14.15
7f572d4f6000-7f572d4f8000 r--p 0004d000 08:01 918153                     /lib/x86_64-linux-gnu/libdbus-1.so.3.14.15
7f572d4f8000-7f572d4f9000 rw-p 0004f000 08:01 918153                     /lib/x86_64-linux-gnu/libdbus-1.so.3.14.15
7f572d4f9000-7f572d526000 r-xp 00000000 08:01 670716                     /usr/lib/x86_64-linux-gnu/libatspi.so.0.0.1
7f572d526000-7f572d726000 ---p 0002d000 08:01 670716                     /usr/lib/x86_64-linux-gnu/libatspi.so.0.0.1
7f572d726000-7f572d729000 r--p 0002d000 08:01 670716                     /usr/lib/x86_64-linux-gnu/libatspi.so.0.0.1
7f572d729000-7f572d72a000 rw-p 00030000 08:01 670716                     /usr/lib/x86_64-linux-gnu/libatspi.so.0.0.1
7f572d72a000-7f572d72b000 r-xp 00000000 08:01 673122                     /usr/lib/x86_64-linux-gnu/gtk-2.0/modules/libatk-bridge.so
7f572d72b000-7f572d92a000 ---p 00001000 08:01 673122                     /usr/lib/x86_64-linux-gnu/gtk-2.0/modules/libatk-bridge.so
7f572d92a000-7f572d92b000 r--p 00000000 08:01 673122                     /usr/lib/x86_64-linux-gnu/gtk-2.0/modules/libatk-bridge.so
7f572d92b000-7f572d92c000 rw-p 00001000 08:01 673122                     /usr/lib/x86_64-linux-gnu/gtk-2.0/modules/libatk-bridge.so
7f572d92c000-7f572d933000 r-xp 00000000 08:01 685951                     /usr/lib/x86_64-linux-gnu/libgailutil.so.18.0.1
7f572d933000-7f572db32000 ---p 00007000 08:01 685951                     /usr/lib/x86_64-linux-gnu/libgailutil.so.18.0.1
7f572db32000-7f572db33000 r--p 00006000 08:01 685951                     /usr/lib/x86_64-linux-gnu/libgailutil.so.18.0.1
7f572db33000-7f572db34000 rw-p 00007000 08:01 685951                     /usr/lib/x86_64-linux-gnu/libgailutil.so.18.0.1
7f572db34000-7f572db83000 r-xp 00000000 08:01 685954                     /usr/lib/x86_64-linux-gnu/gtk-2.0/modules/libgail.so
7f572db83000-7f572dd82000 ---p 0004f000 08:01 685954                     /usr/lib/x86_64-linux-gnu/gtk-2.0/modules/libgail.so
7f572dd82000-7f572dd83000 r--p 0004e000 08:01 685954                     /usr/lib/x86_64-linux-gnu/gtk-2.0/modules/libgail.so
7f572dd83000-7f572dd85000 rw-p 0004f000 08:01 685954                     /usr/lib/x86_64-linux-gnu/gtk-2.0/modules/libgail.so
7f572dd85000-7f572ddae000 r-xp 00000000 08:01 695456                     /usr/local/jdk1.8.0_111/jre/lib/amd64/libglass.so
7f572ddae000-7f572dfad000 ---p 00029000 08:01 695456                     /usr/local/jdk1.8.0_111/jre/lib/amd64/libglass.so
7f572dfad000-7f572dfb0000 rw-p 00028000 08:01 695456                     /usr/local/jdk1.8.0_111/jre/lib/amd64/libglass.so
7f572dfb0000-7f572dfbf000 r-xp 00000000 08:01 695401                     /usr/local/jdk1.8.0_111/jre/lib/amd64/libprism_sw.so
7f572dfbf000-7f572e1bf000 ---p 0000f000 08:01 695401                     /usr/local/jdk1.8.0_111/jre/lib/amd64/libprism_sw.so
7f572e1bf000-7f572e1c0000 rw-p 0000f000 08:01 695401                     /usr/local/jdk1.8.0_111/jre/lib/amd64/libprism_sw.so
7f572e1c0000-7f572e1f8000 r-xp 00000000 08:01 690820                     /usr/lib/x86_64-linux-gnu/s2tc/libtxc_dxtn.so
7f572e1f8000-7f572e3f8000 ---p 00038000 08:01 690820                     /usr/lib/x86_64-linux-gnu/s2tc/libtxc_dxtn.so
7f572e3f8000-7f572e3f9000 r--p 00038000 08:01 690820                     /usr/lib/x86_64-linux-gnu/s2tc/libtxc_dxtn.so
7f572e3f9000-7f572e3fa000 rw-p 00039000 08:01 690820                     /usr/lib/x86_64-linux-gnu/s2tc/libtxc_dxtn.so
7f572e3fa000-7f572e41c000 r-xp 00000000 08:01 917586                     /lib/x86_64-linux-gnu/libncurses.so.5.9
7f572e41c000-7f572e61b000 ---p 00022000 08:01 917586                     /lib/x86_64-linux-gnu/libncurses.so.5.9
7f572e61b000-7f572e61c000 r--p 00021000 08:01 917586                     /lib/x86_64-linux-gnu/libncurses.so.5.9
7f572e61c000-7f572e61d000 rw-p 00022000 08:01 917586                     /lib/x86_64-linux-gnu/libncurses.so.5.9
7f572e61d000-7f572e643000 r-xp 00000000 08:01 917559                     /lib/x86_64-linux-gnu/libtinfo.so.5.9
7f572e643000-7f572e842000 ---p 00026000 08:01 917559                     /lib/x86_64-linux-gnu/libtinfo.so.5.9
7f572e842000-7f572e846000 r--p 00025000 08:01 917559                     /lib/x86_64-linux-gnu/libtinfo.so.5.9
7f572e846000-7f572e847000 rw-p 00029000 08:01 917559                     /lib/x86_64-linux-gnu/libtinfo.so.5.9
7f572e847000-7f572e878000 r-xp 00000000 08:01 664325                     /usr/lib/x86_64-linux-gnu/libedit.so.2.0.55
7f572e878000-7f572ea78000 ---p 00031000 08:01 664325                     /usr/lib/x86_64-linux-gnu/libedit.so.2.0.55
7f572ea78000-7f572ea7a000 r--p 00031000 08:01 664325                     /usr/lib/x86_64-linux-gnu/libedit.so.2.0.55
7f572ea7a000-7f572ea7b000 rw-p 00033000 08:01 664325                     /usr/lib/x86_64-linux-gnu/libedit.so.2.0.55
7f572ea7b000-7f572ea7f000 rw-p 00000000 00:00 0 
7f572ea7f000-7f572ea92000 r-xp 00000000 08:01 917556                     /lib/x86_64-linux-gnu/libgpg-error.so.0.21.0
7f572ea92000-7f572ec91000 ---p 00013000 08:01 917556                     /lib/x86_64-linux-gnu/libgpg-error.so.0.21.0
7f572ec91000-7f572ec92000 r--p 00012000 08:01 917556                     /lib/x86_64-linux-gnu/libgpg-error.so.0.21.0
7f572ec92000-7f572ec93000 rw-p 00013000 08:01 917556                     /lib/x86_64-linux-gnu/libgpg-error.so.0.21.0
7f572ec93000-7f573155b000 r-xp 00000000 08:01 685958                     /usr/lib/x86_64-linux-gnu/libLLVM-3.9.so.1
7f573155b000-7f573184a000 r--p 028c7000 08:01 685958                     /usr/lib/x86_64-linux-gnu/libLLVM-3.9.so.1
7f573184a000-7f573186f000 rw-p 02bb6000 08:01 685958                     /usr/lib/x86_64-linux-gnu/libLLVM-3.9.so.1
7f573186f000-7f57318b3000 rw-p 00000000 00:00 0 
7f57318b3000-7f57318ca000 r-xp 00000000 08:01 659984                     /usr/lib/x86_64-linux-gnu/libelf-0.168.so
7f57318ca000-7f5731ac9000 ---p 00017000 08:01 659984                     /usr/lib/x86_64-linux-gnu/libelf-0.168.so
7f5731ac9000-7f5731aca000 r--p 00016000 08:01 659984                     /usr/lib/x86_64-linux-gnu/libelf-0.168.so
7f5731aca000-7f5731acb000 rw-p 00017000 08:01 659984                     /usr/lib/x86_64-linux-gnu/libelf-0.168.so
7f5731acb000-7f5731ad4000 r-xp 00000000 08:01 685769                     /usr/lib/x86_64-linux-gnu/libdrm_amdgpu.so.1.0.0
7f5731ad4000-7f5731cd3000 ---p 00009000 08:01 685769                     /usr/lib/x86_64-linux-gnu/libdrm_amdgpu.so.1.0.0
7f5731cd3000-7f5731cd4000 r--p 00008000 08:01 685769                     /usr/lib/x86_64-linux-gnu/libdrm_amdgpu.so.1.0.0
7f5731cd4000-7f5731cd5000 rw-p 00009000 08:01 685769                     /usr/lib/x86_64-linux-gnu/libdrm_amdgpu.so.1.0.0
7f5731cd5000-7f5731ce0000 r-xp 00000000 08:01 685774                     /usr/lib/x86_64-linux-gnu/libdrm_radeon.so.1.0.1
7f5731ce0000-7f5731edf000 ---p 0000b000 08:01 685774                     /usr/lib/x86_64-linux-gnu/libdrm_radeon.so.1.0.1
7f5731edf000-7f5731ee0000 r--p 0000a000 08:01 685774                     /usr/lib/x86_64-linux-gnu/libdrm_radeon.so.1.0.1
7f5731ee0000-7f5731ee1000 rw-p 0000b000 08:01 685774                     /usr/lib/x86_64-linux-gnu/libdrm_radeon.so.1.0.1
7f5731ee1000-7f5731ee8000 r-xp 00000000 08:01 685771                     /usr/lib/x86_64-linux-gnu/libdrm_nouveau.so.2.0.0
7f5731ee8000-7f57320e7000 ---p 00007000 08:01 685771                     /usr/lib/x86_64-linux-gnu/libdrm_nouveau.so.2.0.0
7f57320e7000-7f57320e8000 r--p 00006000 08:01 685771                     /usr/lib/x86_64-linux-gnu/libdrm_nouveau.so.2.0.0
7f57320e8000-7f57320e9000 rw-p 00007000 08:01 685771                     /usr/lib/x86_64-linux-gnu/libdrm_nouveau.so.2.0.0
7f57320e9000-7f57320f7000 r-xp 00000000 08:01 685965                     /usr/lib/x86_64-linux-gnu/libsensors.so.4.4.0
7f57320f7000-7f57322f6000 ---p 0000e000 08:01 685965                     /usr/lib/x86_64-linux-gnu/libsensors.so.4.4.0
7f57322f6000-7f57322f7000 r--p 0000d000 08:01 685965                     /usr/lib/x86_64-linux-gnu/libsensors.so.4.4.0
7f57322f7000-7f57322f8000 rw-p 0000e000 08:01 685965                     /usr/lib/x86_64-linux-gnu/libsensors.so.4.4.0
7f57322f8000-7f57323ff000 r-xp 00000000 08:01 917619                     /lib/x86_64-linux-gnu/libgcrypt.so.20.1.6
7f57323ff000-7f57325ff000 ---p 00107000 08:01 917619                     /lib/x86_64-linux-gnu/libgcrypt.so.20.1.6
7f57325ff000-7f5732601000 r--p 00107000 08:01 917619                     /lib/x86_64-linux-gnu/libgcrypt.so.20.1.6
7f5732601000-7f5732608000 rw-p 00109000 08:01 917619                     /lib/x86_64-linux-gnu/libgcrypt.so.20.1.6
7f5732608000-7f5732f44000 r-xp 00000000 08:01 685974                     /usr/lib/x86_64-linux-gnu/dri/swrast_dri.so
7f5732f44000-7f5733143000 ---p 0093c000 08:01 685974                     /usr/lib/x86_64-linux-gnu/dri/swrast_dri.so
7f5733143000-7f573317e000 r--p 0093b000 08:01 685974                     /usr/lib/x86_64-linux-gnu/dri/swrast_dri.so
7f573317e000-7f573318a000 rw-p 00976000 08:01 685974                     /usr/lib/x86_64-linux-gnu/dri/swrast_dri.so
7f573318a000-7f5733381000 rw-p 00000000 00:00 0 
7f5733381000-7f5733394000 r-xp 00000000 08:01 918030                     /lib/x86_64-linux-gnu/libbsd.so.0.8.3
7f5733394000-7f5733594000 ---p 00013000 08:01 918030                     /lib/x86_64-linux-gnu/libbsd.so.0.8.3
7f5733594000-7f5733595000 r--p 00013000 08:01 918030                     /lib/x86_64-linux-gnu/libbsd.so.0.8.3
7f5733595000-7f5733596000 rw-p 00014000 08:01 918030                     /lib/x86_64-linux-gnu/libbsd.so.0.8.3
7f5733596000-7f5733597000 rw-p 00000000 00:00 0 
7f5733597000-7f573359b000 r-xp 00000000 08:01 917609                     /lib/x86_64-linux-gnu/libuuid.so.1.3.0
7f573359b000-7f573379a000 ---p 00004000 08:01 917609                     /lib/x86_64-linux-gnu/libuuid.so.1.3.0
7f573379a000-7f573379b000 r--p 00003000 08:01 917609                     /lib/x86_64-linux-gnu/libuuid.so.1.3.0
7f573379b000-7f573379c000 rw-p 00004000 08:01 917609                     /lib/x86_64-linux-gnu/libuuid.so.1.3.0
7f573379c000-7f57337a3000 r-xp 00000000 08:01 668650                     /usr/lib/x86_64-linux-gnu/libdatrie.so.1.3.3
7f57337a3000-7f57339a2000 ---p 00007000 08:01 668650                     /usr/lib/x86_64-linux-gnu/libdatrie.so.1.3.3
7f57339a2000-7f57339a3000 r--p 00006000 08:01 668650                     /usr/lib/x86_64-linux-gnu/libdatrie.so.1.3.3
7f57339a3000-7f57339a4000 rw-p 00007000 08:01 668650                     /usr/lib/x86_64-linux-gnu/libdatrie.so.1.3.3
7f57339a4000-7f57339a9000 r-xp 00000000 08:01 666430                     /usr/lib/x86_64-linux-gnu/libXdmcp.so.6.0.0
7f57339a9000-7f5733ba8000 ---p 00005000 08:01 666430                     /usr/lib/x86_64-linux-gnu/libXdmcp.so.6.0.0
7f5733ba8000-7f5733ba9000 r--p 00004000 08:01 666430                     /usr/lib/x86_64-linux-gnu/libXdmcp.so.6.0.0
7f5733ba9000-7f5733baa000 rw-p 00005000 08:01 666430                     /usr/lib/x86_64-linux-gnu/libXdmcp.so.6.0.0
7f5733baa000-7f5733bad000 r-xp 00000000 08:01 663492                     /usr/lib/x86_64-linux-gnu/libXau.so.6.0.0
7f5733bad000-7f5733dac000 ---p 00003000 08:01 663492                     /usr/lib/x86_64-linux-gnu/libXau.so.6.0.0
7f5733dac000-7f5733dad000 r--p 00002000 08:01 663492                     /usr/lib/x86_64-linux-gnu/libXau.so.6.0.0
7f5733dad000-7f5733dae000 rw-p 00003000 08:01 663492                     /usr/lib/x86_64-linux-gnu/libXau.so.6.0.0
7f5733dae000-7f5733dd9000 r-xp 00000000 08:01 668656                     /usr/lib/x86_64-linux-gnu/libgraphite2.so.3.0.1
7f5733dd9000-7f5733fd8000 ---p 0002b000 08:01 668656                     /usr/lib/x86_64-linux-gnu/libgraphite2.so.3.0.1
7f5733fd8000-7f5733fda000 r--p 0002a000 08:01 668656                     /usr/lib/x86_64-linux-gnu/libgraphite2.so.3.0.1
7f5733fda000-7f5733fdb000 rw-p 0002c000 08:01 668656                     /usr/lib/x86_64-linux-gnu/libgraphite2.so.3.0.1
7f5733fdb000-7f573401c000 r-xp 00000000 08:01 917603                     /lib/x86_64-linux-gnu/libblkid.so.1.1.0
7f573401c000-7f573421b000 ---p 00041000 08:01 917603                     /lib/x86_64-linux-gnu/libblkid.so.1.1.0
7f573421b000-7f573421f000 r--p 00040000 08:01 917603                     /lib/x86_64-linux-gnu/libblkid.so.1.1.0
7f573421f000-7f5734220000 rw-p 00044000 08:01 917603                     /lib/x86_64-linux-gnu/libblkid.so.1.1.0
7f5734220000-7f5734221000 rw-p 00000000 00:00 0 
7f5734221000-7f573422f000 r-xp 00000000 08:01 669796                     /usr/lib/x86_64-linux-gnu/libdrm.so.2.4.0
7f573422f000-7f573442f000 ---p 0000e000 08:01 669796                     /usr/lib/x86_64-linux-gnu/libdrm.so.2.4.0
7f573442f000-7f5734430000 r--p 0000e000 08:01 669796                     /usr/lib/x86_64-linux-gnu/libdrm.so.2.4.0
7f5734430000-7f5734431000 rw-p 0000f000 08:01 669796                     /usr/lib/x86_64-linux-gnu/libdrm.so.2.4.0
7f5734431000-7f5734435000 r-xp 00000000 08:01 669822                     /usr/lib/x86_64-linux-gnu/libxcb-dri2.so.0.0.0
7f5734435000-7f5734634000 ---p 00004000 08:01 669822                     /usr/lib/x86_64-linux-gnu/libxcb-dri2.so.0.0.0
7f5734634000-7f5734635000 r--p 00003000 08:01 669822                     /usr/lib/x86_64-linux-gnu/libxcb-dri2.so.0.0.0
7f5734635000-7f5734636000 rw-p 00004000 08:01 669822                     /usr/lib/x86_64-linux-gnu/libxcb-dri2.so.0.0.0
7f5734636000-7f573464e000 r-xp 00000000 08:01 669879                     /usr/lib/x86_64-linux-gnu/libxcb-glx.so.0.0.0
7f573464e000-7f573484e000 ---p 00018000 08:01 669879                     /usr/lib/x86_64-linux-gnu/libxcb-glx.so.0.0.0
7f573484e000-7f5734850000 r--p 00018000 08:01 669879                     /usr/lib/x86_64-linux-gnu/libxcb-glx.so.0.0.0
7f5734850000-7f5734851000 rw-p 0001a000 08:01 669879                     /usr/lib/x86_64-linux-gnu/libxcb-glx.so.0.0.0
7f5734851000-7f5734852000 r-xp 00000000 08:01 669179                     /usr/lib/x86_64-linux-gnu/libX11-xcb.so.1.0.0
7f5734852000-7f5734a51000 ---p 00001000 08:01 669179                     /usr/lib/x86_64-linux-gnu/libX11-xcb.so.1.0.0
7f5734a51000-7f5734a52000 r--p 00000000 08:01 669179                     /usr/lib/x86_64-linux-gnu/libX11-xcb.so.1.0.0
7f5734a52000-7f5734a53000 rw-p 00001000 08:01 669179                     /usr/lib/x86_64-linux-gnu/libX11-xcb.so.1.0.0
7f5734a53000-7f5734a7d000 r-xp 00000000 08:01 669869                     /usr/lib/x86_64-linux-gnu/libglapi.so.0.0.0
7f5734a7d000-7f5734c7c000 ---p 0002a000 08:01 669869                     /usr/lib/x86_64-linux-gnu/libglapi.so.0.0.0
7f5734c7c000-7f5734c80000 r--p 00029000 08:01 669869                     /usr/lib/x86_64-linux-gnu/libglapi.so.0.0.0
7f5734c80000-7f5734c81000 rw-p 0002d000 08:01 669869                     /usr/lib/x86_64-linux-gnu/libglapi.so.0.0.0
7f5734c81000-7f5734c82000 rw-p 00000000 00:00 0 
7f5734c82000-7f5734c83000 r-xp 00000000 08:01 669852                     /usr/lib/x86_64-linux-gnu/libxshmfence.so.1.0.0
7f5734c83000-7f5734e82000 ---p 00001000 08:01 669852                     /usr/lib/x86_64-linux-gnu/libxshmfence.so.1.0.0
7f5734e82000-7f5734e83000 r--p 00000000 08:01 669852                     /usr/lib/x86_64-linux-gnu/libxshmfence.so.1.0.0
7f5734e83000-7f5734e84000 rw-p 00001000 08:01 669852                     /usr/lib/x86_64-linux-gnu/libxshmfence.so.1.0.0
7f5734e84000-7f5734e8a000 r-xp 00000000 08:01 669840                     /usr/lib/x86_64-linux-gnu/libxcb-sync.so.1.0.0
7f5734e8a000-7f5735089000 ---p 00006000 08:01 669840                     /usr/lib/x86_64-linux-gnu/libxcb-sync.so.1.0.0
7f5735089000-7f573508a000 r--p 00005000 08:01 669840                     /usr/lib/x86_64-linux-gnu/libxcb-sync.so.1.0.0
7f573508a000-7f573508b000 rw-p 00006000 08:01 669840                     /usr/lib/x86_64-linux-gnu/libxcb-sync.so.1.0.0
7f573508b000-7f573508d000 r-xp 00000000 08:01 669834                     /usr/lib/x86_64-linux-gnu/libxcb-present.so.0.0.0
7f573508d000-7f573528c000 ---p 00002000 08:01 669834                     /usr/lib/x86_64-linux-gnu/libxcb-present.so.0.0.0
7f573528c000-7f573528d000 r--p 00001000 08:01 669834                     /usr/lib/x86_64-linux-gnu/libxcb-present.so.0.0.0
7f573528d000-7f573528e000 rw-p 00002000 08:01 669834                     /usr/lib/x86_64-linux-gnu/libxcb-present.so.0.0.0
7f573528e000-7f5735290000 r-xp 00000000 08:01 669828                     /usr/lib/x86_64-linux-gnu/libxcb-dri3.so.0.0.0
7f5735290000-7f573548f000 ---p 00002000 08:01 669828                     /usr/lib/x86_64-linux-gnu/libxcb-dri3.so.0.0.0
7f573548f000-7f5735490000 r--p 00001000 08:01 669828                     /usr/lib/x86_64-linux-gnu/libxcb-dri3.so.0.0.0
7f5735490000-7f5735491000 rw-p 00002000 08:01 669828                     /usr/lib/x86_64-linux-gnu/libxcb-dri3.so.0.0.0
7f5735491000-7f5735503000 r-xp 00000000 08:01 917541                     /lib/x86_64-linux-gnu/libpcre.so.3.13.3
7f5735503000-7f5735702000 ---p 00072000 08:01 917541                     /lib/x86_64-linux-gnu/libpcre.so.3.13.3
7f5735702000-7f5735703000 r--p 00071000 08:01 917541                     /lib/x86_64-linux-gnu/libpcre.so.3.13.3
7f5735703000-7f5735704000 rw-p 00072000 08:01 917541                     /lib/x86_64-linux-gnu/libpcre.so.3.13.3
7f5735704000-7f573570b000 r-xp 00000000 08:01 659846                     /usr/lib/x86_64-linux-gnu/libffi.so.6.0.4
7f573570b000-7f573590b000 ---p 00007000 08:01 659846                     /usr/lib/x86_64-linux-gnu/libffi.so.6.0.4
7f573590b000-7f573590c000 r--p 00007000 08:01 659846                     /usr/lib/x86_64-linux-gnu/libffi.so.6.0.4
7f573590c000-7f573590d000 rw-p 00008000 08:01 659846                     /usr/lib/x86_64-linux-gnu/libffi.so.6.0.4
7f573590d000-7f5735934000 r-xp 00000000 08:01 917507                     /lib/x86_64-linux-gnu/libexpat.so.1.6.2
7f5735934000-7f5735b34000 ---p 00027000 08:01 917507                     /lib/x86_64-linux-gnu/libexpat.so.1.6.2
7f5735b34000-7f5735b36000 r--p 00027000 08:01 917507                     /lib/x86_64-linux-gnu/libexpat.so.1.6.2
7f5735b36000-7f5735b37000 rw-p 00029000 08:01 917507                     /lib/x86_64-linux-gnu/libexpat.so.1.6.2
7f5735b37000-7f5735b3f000 r-xp 00000000 08:01 668652                     /usr/lib/x86_64-linux-gnu/libthai.so.0.3.0
7f5735b3f000-7f5735d3f000 ---p 00008000 08:01 668652                     /usr/lib/x86_64-linux-gnu/libthai.so.0.3.0
7f5735d3f000-7f5735d40000 r--p 00008000 08:01 668652                     /usr/lib/x86_64-linux-gnu/libthai.so.0.3.0
7f5735d40000-7f5735d41000 rw-p 00009000 08:01 668652                     /usr/lib/x86_64-linux-gnu/libthai.so.0.3.0
7f5735d41000-7f5735d4d000 r-xp 00000000 08:01 668624                     /usr/lib/x86_64-linux-gnu/libxcb-render.so.0.0.0
7f5735d4d000-7f5735f4d000 ---p 0000c000 08:01 668624                     /usr/lib/x86_64-linux-gnu/libxcb-render.so.0.0.0
7f5735f4d000-7f5735f4e000 r--p 0000c000 08:01 668624                     /usr/lib/x86_64-linux-gnu/libxcb-render.so.0.0.0
7f5735f4e000-7f5735f4f000 rw-p 0000d000 08:01 668624                     /usr/lib/x86_64-linux-gnu/libxcb-render.so.0.0.0
7f5735f4f000-7f5735f76000 r-xp 00000000 08:01 666432                     /usr/lib/x86_64-linux-gnu/libxcb.so.1.1.0
7f5735f76000-7f5736175000 ---p 00027000 08:01 666432                     /usr/lib/x86_64-linux-gnu/libxcb.so.1.1.0
7f5736175000-7f5736176000 r--p 00026000 08:01 666432                     /usr/lib/x86_64-linux-gnu/libxcb.so.1.1.0
7f5736176000-7f5736177000 rw-p 00027000 08:01 666432                     /usr/lib/x86_64-linux-gnu/libxcb.so.1.1.0
7f5736177000-7f5736179000 r-xp 00000000 08:01 668626                     /usr/lib/x86_64-linux-gnu/libxcb-shm.so.0.0.0
7f5736179000-7f5736379000 ---p 00002000 08:01 668626                     /usr/lib/x86_64-linux-gnu/libxcb-shm.so.0.0.0
7f5736379000-7f573637a000 r--p 00002000 08:01 668626                     /usr/lib/x86_64-linux-gnu/libxcb-shm.so.0.0.0
7f573637a000-7f573637b000 rw-p 00003000 08:01 668626                     /usr/lib/x86_64-linux-gnu/libxcb-shm.so.0.0.0
7f573637b000-7f5736419000 r-xp 00000000 08:01 668621                     /usr/lib/x86_64-linux-gnu/libpixman-1.so.0.34.0
7f5736419000-7f5736619000 ---p 0009e000 08:01 668621                     /usr/lib/x86_64-linux-gnu/libpixman-1.so.0.34.0
7f5736619000-7f5736621000 r--p 0009e000 08:01 668621                     /usr/lib/x86_64-linux-gnu/libpixman-1.so.0.34.0
7f5736621000-7f5736622000 rw-p 000a6000 08:01 668621                     /usr/lib/x86_64-linux-gnu/libpixman-1.so.0.34.0
7f5736622000-7f5736653000 r-xp 00000000 08:01 661657                     /usr/lib/x86_64-linux-gnu/libpng16.so.16.28.0
7f5736653000-7f5736853000 ---p 00031000 08:01 661657                     /usr/lib/x86_64-linux-gnu/libpng16.so.16.28.0
7f5736853000-7f5736854000 r--p 00031000 08:01 661657                     /usr/lib/x86_64-linux-gnu/libpng16.so.16.28.0
7f5736854000-7f5736855000 rw-p 00032000 08:01 661657                     /usr/lib/x86_64-linux-gnu/libpng16.so.16.28.0
7f5736855000-7f57368e8000 r-xp 00000000 08:01 668660                     /usr/lib/x86_64-linux-gnu/libharfbuzz.so.0.10400.2
7f57368e8000-7f5736ae7000 ---p 00093000 08:01 668660                     /usr/lib/x86_64-linux-gnu/libharfbuzz.so.0.10400.2
7f5736ae7000-7f5736ae9000 r--p 00092000 08:01 668660                     /usr/lib/x86_64-linux-gnu/libharfbuzz.so.0.10400.2
7f5736ae9000-7f5736aea000 rw-p 00094000 08:01 668660                     /usr/lib/x86_64-linux-gnu/libharfbuzz.so.0.10400.2
7f5736aea000-7f5736b34000 r-xp 00000000 08:01 917672                     /lib/x86_64-linux-gnu/libmount.so.1.1.0
7f5736b34000-7f5736d34000 ---p 0004a000 08:01 917672                     /lib/x86_64-linux-gnu/libmount.so.1.1.0
7f5736d34000-7f5736d35000 r--p 0004a000 08:01 917672                     /lib/x86_64-linux-gnu/libmount.so.1.1.0
7f5736d35000-7f5736d36000 rw-p 0004b000 08:01 917672                     /lib/x86_64-linux-gnu/libmount.so.1.1.0
7f5736d36000-7f5736d38000 rw-p 00000000 00:00 0 
7f5736d38000-7f5736d4c000 r-xp 00000000 08:01 921411                     /lib/x86_64-linux-gnu/libresolv-2.24.so
7f5736d4c000-7f5736f4b000 ---p 00014000 08:01 921411                     /lib/x86_64-linux-gnu/libresolv-2.24.so
7f5736f4b000-7f5736f4c000 r--p 00013000 08:01 921411                     /lib/x86_64-linux-gnu/libresolv-2.24.so
7f5736f4c000-7f5736f4d000 rw-p 00014000 08:01 921411                     /lib/x86_64-linux-gnu/libresolv-2.24.so
7f5736f4d000-7f5736f4f000 rw-p 00000000 00:00 0 
7f5736f4f000-7f5736f74000 r-xp 00000000 08:01 917585                     /lib/x86_64-linux-gnu/libselinux.so.1
7f5736f74000-7f5737173000 ---p 00025000 08:01 917585                     /lib/x86_64-linux-gnu/libselinux.so.1
7f5737173000-7f5737174000 r--p 00024000 08:01 917585                     /lib/x86_64-linux-gnu/libselinux.so.1
7f5737174000-7f5737175000 rw-p 00025000 08:01 917585                     /lib/x86_64-linux-gnu/libselinux.so.1
7f5737175000-7f5737177000 rw-p 00000000 00:00 0 
7f5737177000-7f5737190000 r-xp 00000000 08:01 917596                     /lib/x86_64-linux-gnu/libz.so.1.2.8
7f5737190000-7f573738f000 ---p 00019000 08:01 917596                     /lib/x86_64-linux-gnu/libz.so.1.2.8
7f573738f000-7f5737390000 r--p 00018000 08:01 917596                     /lib/x86_64-linux-gnu/libz.so.1.2.8
7f5737390000-7f5737391000 rw-p 00019000 08:01 917596                     /lib/x86_64-linux-gnu/libz.so.1.2.8
7f5737391000-7f57373a2000 r-xp 00000000 08:01 666439                     /usr/lib/x86_64-linux-gnu/libXext.so.6.4.0
7f57373a2000-7f57375a1000 ---p 00011000 08:01 666439                     /usr/lib/x86_64-linux-gnu/libXext.so.6.4.0
7f57375a1000-7f57375a2000 r--p 00010000 08:01 666439                     /usr/lib/x86_64-linux-gnu/libXext.so.6.4.0
7f57375a2000-7f57375a3000 rw-p 00011000 08:01 666439                     /usr/lib/x86_64-linux-gnu/libXext.so.6.4.0
7f57375a3000-7f57375ad000 r-xp 00000000 08:01 669140                     /usr/lib/x86_64-linux-gnu/libXcursor.so.1.0.2
7f57375ad000-7f57377ac000 ---p 0000a000 08:01 669140                     /usr/lib/x86_64-linux-gnu/libXcursor.so.1.0.2
7f57377ac000-7f57377ad000 r--p 00009000 08:01 669140                     /usr/lib/x86_64-linux-gnu/libXcursor.so.1.0.2
7f57377ad000-7f57377ae000 rw-p 0000a000 08:01 669140                     /usr/lib/x86_64-linux-gnu/libXcursor.so.1.0.2
7f57377ae000-7f57377b8000 r-xp 00000000 08:01 668380                     /usr/lib/x86_64-linux-gnu/libXrandr.so.2.2.0
7f57377b8000-7f57379b7000 ---p 0000a000 08:01 668380                     /usr/lib/x86_64-linux-gnu/libXrandr.so.2.2.0
7f57379b7000-7f57379b8000 r--p 00009000 08:01 668380                     /usr/lib/x86_64-linux-gnu/libXrandr.so.2.2.0
7f57379b8000-7f57379b9000 rw-p 0000a000 08:01 668380                     /usr/lib/x86_64-linux-gnu/libXrandr.so.2.2.0
7f57379b9000-7f57379c8000 r-xp 00000000 08:01 669144                     /usr/lib/x86_64-linux-gnu/libXi.so.6.1.0
7f57379c8000-7f5737bc7000 ---p 0000f000 08:01 669144                     /usr/lib/x86_64-linux-gnu/libXi.so.6.1.0
7f5737bc7000-7f5737bc8000 r--p 0000e000 08:01 669144                     /usr/lib/x86_64-linux-gnu/libXi.so.6.1.0
7f5737bc8000-7f5737bc9000 rw-p 0000f000 08:01 669144                     /usr/lib/x86_64-linux-gnu/libXi.so.6.1.0
7f5737bc9000-7f5737bcb000 r-xp 00000000 08:01 668367                     /usr/lib/x86_64-linux-gnu/libXinerama.so.1.0.0
7f5737bcb000-7f5737dca000 ---p 00002000 08:01 668367                     /usr/lib/x86_64-linux-gnu/libXinerama.so.1.0.0
7f5737dca000-7f5737dcb000 r--p 00001000 08:01 668367                     /usr/lib/x86_64-linux-gnu/libXinerama.so.1.0.0
7f5737dcb000-7f5737dcc000 rw-p 00002000 08:01 668367                     /usr/lib/x86_64-linux-gnu/libXinerama.so.1.0.0
7f5737dcc000-7f5737dd5000 r-xp 00000000 08:01 668374                     /usr/lib/x86_64-linux-gnu/libXrender.so.1.3.0
7f5737dd5000-7f5737fd4000 ---p 00009000 08:01 668374                     /usr/lib/x86_64-linux-gnu/libXrender.so.1.3.0
7f5737fd4000-7f5737fd5000 r--p 00008000 08:01 668374                     /usr/lib/x86_64-linux-gnu/libXrender.so.1.3.0
7f5737fd5000-7f5737fd6000 rw-p 00009000 08:01 668374                     /usr/lib/x86_64-linux-gnu/libXrender.so.1.3.0
7f5737fd6000-7f5737fdb000 r-xp 00000000 08:01 669138                     /usr/lib/x86_64-linux-gnu/libXfixes.so.3.1.0
7f5737fdb000-7f57381da000 ---p 00005000 08:01 669138                     /usr/lib/x86_64-linux-gnu/libXfixes.so.3.1.0
7f57381da000-7f57381db000 r--p 00004000 08:01 669138                     /usr/lib/x86_64-linux-gnu/libXfixes.so.3.1.0
7f57381db000-7f57381dc000 rw-p 00005000 08:01 669138                     /usr/lib/x86_64-linux-gnu/libXfixes.so.3.1.0
7f57381dc000-7f57381de000 r-xp 00000000 08:01 669142                     /usr/lib/x86_64-linux-gnu/libXdamage.so.1.1.0
7f57381de000-7f57383dd000 ---p 00002000 08:01 669142                     /usr/lib/x86_64-linux-gnu/libXdamage.so.1.1.0
7f57383dd000-7f57383de000 r--p 00001000 08:01 669142                     /usr/lib/x86_64-linux-gnu/libXdamage.so.1.1.0
7f57383de000-7f57383df000 rw-p 00002000 08:01 669142                     /usr/lib/x86_64-linux-gnu/libXdamage.so.1.1.0
7f57383df000-7f57383e1000 r-xp 00000000 08:01 669136                     /usr/lib/x86_64-linux-gnu/libXcomposite.so.1.0.0
7f57383e1000-7f57385e0000 ---p 00002000 08:01 669136                     /usr/lib/x86_64-linux-gnu/libXcomposite.so.1.0.0
7f57385e0000-7f57385e1000 r--p 00001000 08:01 669136                     /usr/lib/x86_64-linux-gnu/libXcomposite.so.1.0.0
7f57385e1000-7f57385e2000 rw-p 00002000 08:01 669136                     /usr/lib/x86_64-linux-gnu/libXcomposite.so.1.0.0
7f57385e2000-7f57385f8000 r-xp 00000000 08:01 917611                     /lib/x86_64-linux-gnu/libgcc_s.so.1
7f57385f8000-7f57387f7000 ---p 00016000 08:01 917611                     /lib/x86_64-linux-gnu/libgcc_s.so.1
7f57387f7000-7f57387f8000 r--p 00015000 08:01 917611                     /lib/x86_64-linux-gnu/libgcc_s.so.1
7f57387f8000-7f57387f9000 rw-p 00016000 08:01 917611                     /lib/x86_64-linux-gnu/libgcc_s.so.1
7f57387f9000-7f573896b000 r-xp 00000000 08:01 655369                     /usr/lib/x86_64-linux-gnu/libstdc++.so.6.0.22
7f573896b000-7f5738b6b000 ---p 00172000 08:01 655369                     /usr/lib/x86_64-linux-gnu/libstdc++.so.6.0.22
7f5738b6b000-7f5738b75000 r--p 00172000 08:01 655369                     /usr/lib/x86_64-linux-gnu/libstdc++.so.6.0.22
7f5738b75000-7f5738b77000 rw-p 0017c000 08:01 655369                     /usr/lib/x86_64-linux-gnu/libstdc++.so.6.0.22
7f5738b77000-7f5738b7b000 rw-p 00000000 00:00 0 
7f5738b7b000-7f5738be9000 r-xp 00000000 08:01 669885                     /usr/lib/x86_64-linux-gnu/libGL.so.1.2.0
7f5738be9000-7f5738de8000 ---p 0006e000 08:01 669885                     /usr/lib/x86_64-linux-gnu/libGL.so.1.2.0
7f5738de8000-7f5738deb000 r--p 0006d000 08:01 669885                     /usr/lib/x86_64-linux-gnu/libGL.so.1.2.0
7f5738deb000-7f5738dec000 rw-p 00070000 08:01 669885                     /usr/lib/x86_64-linux-gnu/libGL.so.1.2.0
7f5738dec000-7f5738ded000 rw-p 00000000 00:00 0 
7f5738ded000-7f5738df2000 r-xp 00000000 08:01 668388                     /usr/lib/x86_64-linux-gnu/libXxf86vm.so.1.0.0
7f5738df2000-7f5738ff1000 ---p 00005000 08:01 668388                     /usr/lib/x86_64-linux-gnu/libXxf86vm.so.1.0.0
7f5738ff1000-7f5738ff2000 r--p 00004000 08:01 668388                     /usr/lib/x86_64-linux-gnu/libXxf86vm.so.1.0.0
7f5738ff2000-7f5738ff3000 rw-p 00005000 08:01 668388                     /usr/lib/x86_64-linux-gnu/libXxf86vm.so.1.0.0
7f5738ff3000-7f573912d000 r-xp 00000000 08:01 666436                     /usr/lib/x86_64-linux-gnu/libX11.so.6.3.0
7f573912d000-7f573932d000 ---p 0013a000 08:01 666436                     /usr/lib/x86_64-linux-gnu/libX11.so.6.3.0
7f573932d000-7f573932e000 r--p 0013a000 08:01 666436                     /usr/lib/x86_64-linux-gnu/libX11.so.6.3.0
7f573932e000-7f5739333000 rw-p 0013b000 08:01 666436                     /usr/lib/x86_64-linux-gnu/libX11.so.6.3.0
7f5739333000-7f5739338000 r-xp 00000000 08:01 670989                     /usr/lib/x86_64-linux-gnu/libXtst.so.6.1.0
7f5739338000-7f5739537000 ---p 00005000 08:01 670989                     /usr/lib/x86_64-linux-gnu/libXtst.so.6.1.0
7f5739537000-7f5739538000 r--p 00004000 08:01 670989                     /usr/lib/x86_64-linux-gnu/libXtst.so.6.1.0
7f5739538000-7f5739539000 rw-p 00005000 08:01 670989                     /usr/lib/x86_64-linux-gnu/libXtst.so.6.1.0
7f5739539000-7f573964b000 r-xp 00000000 08:01 919946                     /lib/x86_64-linux-gnu/libglib-2.0.so.0.5000.3
7f573964b000-7f573984a000 ---p 00112000 08:01 919946                     /lib/x86_64-linux-gnu/libglib-2.0.so.0.5000.3
7f573984a000-7f573984b000 r--p 00111000 08:01 919946                     /lib/x86_64-linux-gnu/libglib-2.0.so.0.5000.3
7f573984b000-7f573984c000 rw-p 00112000 08:01 919946                     /lib/x86_64-linux-gnu/libglib-2.0.so.0.5000.3
7f573984c000-7f573984d000 rw-p 00000000 00:00 0 
7f573984d000-7f573984e000 r-xp 00000000 08:01 668086                     /usr/lib/x86_64-linux-gnu/libgthread-2.0.so.0.5000.3
7f573984e000-7f5739a4d000 ---p 00001000 08:01 668086                     /usr/lib/x86_64-linux-gnu/libgthread-2.0.so.0.5000.3
7f5739a4d000-7f5739a4e000 r--p 00000000 08:01 668086                     /usr/lib/x86_64-linux-gnu/libgthread-2.0.so.0.5000.3
7f5739a4e000-7f5739a4f000 rw-p 00001000 08:01 668086                     /usr/lib/x86_64-linux-gnu/libgthread-2.0.so.0.5000.3
7f5739a4f000-7f5739a52000 r-xp 00000000 08:01 668084                     /usr/lib/x86_64-linux-gnu/libgmodule-2.0.so.0.5000.3
7f5739a52000-7f5739c51000 ---p 00003000 08:01 668084                     /usr/lib/x86_64-linux-gnu/libgmodule-2.0.so.0.5000.3
7f5739c51000-7f5739c52000 r--p 00002000 08:01 668084                     /usr/lib/x86_64-linux-gnu/libgmodule-2.0.so.0.5000.3
7f5739c52000-7f5739c53000 rw-p 00003000 08:01 668084                     /usr/lib/x86_64-linux-gnu/libgmodule-2.0.so.0.5000.3
7f5739c53000-7f5739ca5000 r-xp 00000000 08:01 668085                     /usr/lib/x86_64-linux-gnu/libgobject-2.0.so.0.5000.3
7f5739ca5000-7f5739ea4000 ---p 00052000 08:01 668085                     /usr/lib/x86_64-linux-gnu/libgobject-2.0.so.0.5000.3
7f5739ea4000-7f5739ea5000 r--p 00051000 08:01 668085                     /usr/lib/x86_64-linux-gnu/libgobject-2.0.so.0.5000.3
7f5739ea5000-7f5739ea6000 rw-p 00052000 08:01 668085                     /usr/lib/x86_64-linux-gnu/libgobject-2.0.so.0.5000.3
7f5739ea6000-7f5739ee2000 r-xp 00000000 08:01 668619                     /usr/lib/x86_64-linux-gnu/libfontconfig.so.1.8.0
7f5739ee2000-7f573a0e1000 ---p 0003c000 08:01 668619                     /usr/lib/x86_64-linux-gnu/libfontconfig.so.1.8.0
7f573a0e1000-7f573a0e3000 r--p 0003b000 08:01 668619                     /usr/lib/x86_64-linux-gnu/libfontconfig.so.1.8.0
7f573a0e3000-7f573a0e4000 rw-p 0003d000 08:01 668619                     /usr/lib/x86_64-linux-gnu/libfontconfig.so.1.8.0
7f573a0e4000-7f573a18c000 r-xp 00000000 08:01 667835                     /usr/lib/x86_64-linux-gnu/libfreetype.so.6.12.3
7f573a18c000-7f573a38c000 ---p 000a8000 08:01 667835                     /usr/lib/x86_64-linux-gnu/libfreetype.so.6.12.3
7f573a38c000-7f573a392000 r--p 000a8000 08:01 667835                     /usr/lib/x86_64-linux-gnu/libfreetype.so.6.12.3
7f573a392000-7f573a393000 rw-p 000ae000 08:01 667835                     /usr/lib/x86_64-linux-gnu/libfreetype.so.6.12.3
7f573a393000-7f573a3dc000 r-xp 00000000 08:01 668654                     /usr/lib/x86_64-linux-gnu/libpango-1.0.so.0.4000.5
7f573a3dc000-7f573a5db000 ---p 00049000 08:01 668654                     /usr/lib/x86_64-linux-gnu/libpango-1.0.so.0.4000.5
7f573a5db000-7f573a5de000 r--p 00048000 08:01 668654                     /usr/lib/x86_64-linux-gnu/libpango-1.0.so.0.4000.5
7f573a5de000-7f573a5df000 rw-p 0004b000 08:01 668654                     /usr/lib/x86_64-linux-gnu/libpango-1.0.so.0.4000.5
7f573a5df000-7f573a6ed000 r-xp 00000000 08:01 668628                     /usr/lib/x86_64-linux-gnu/libcairo.so.2.11400.8
7f573a6ed000-7f573a8ed000 ---p 0010e000 08:01 668628                     /usr/lib/x86_64-linux-gnu/libcairo.so.2.11400.8
7f573a8ed000-7f573a8f0000 r--p 0010e000 08:01 668628                     /usr/lib/x86_64-linux-gnu/libcairo.so.2.11400.8
7f573a8f0000-7f573a8f1000 rw-p 00111000 08:01 668628                     /usr/lib/x86_64-linux-gnu/libcairo.so.2.11400.8
7f573a8f1000-7f573a8f3000 rw-p 00000000 00:00 0 
7f573a8f3000-7f573a8ff000 r-xp 00000000 08:01 668664                     /usr/lib/x86_64-linux-gnu/libpangocairo-1.0.so.0.4000.5
7f573a8ff000-7f573aafe000 ---p 0000c000 08:01 668664                     /usr/lib/x86_64-linux-gnu/libpangocairo-1.0.so.0.4000.5
7f573aafe000-7f573aaff000 r--p 0000b000 08:01 668664                     /usr/lib/x86_64-linux-gnu/libpangocairo-1.0.so.0.4000.5
7f573aaff000-7f573ab00000 rw-p 0000c000 08:01 668664                     /usr/lib/x86_64-linux-gnu/libpangocairo-1.0.so.0.4000.5
7f573ab00000-7f573ab22000 r-xp 00000000 08:01 668614                     /usr/lib/x86_64-linux-gnu/libgdk_pixbuf-2.0.so.0.3600.5
7f573ab22000-7f573ad22000 ---p 00022000 08:01 668614                     /usr/lib/x86_64-linux-gnu/libgdk_pixbuf-2.0.so.0.3600.5
7f573ad22000-7f573ad23000 r--p 00022000 08:01 668614                     /usr/lib/x86_64-linux-gnu/libgdk_pixbuf-2.0.so.0.3600.5
7f573ad23000-7f573ad24000 rw-p 00023000 08:01 668614                     /usr/lib/x86_64-linux-gnu/libgdk_pixbuf-2.0.so.0.3600.5
7f573ad24000-7f573ad38000 r-xp 00000000 08:01 668662                     /usr/lib/x86_64-linux-gnu/libpangoft2-1.0.so.0.4000.5
7f573ad38000-7f573af38000 ---p 00014000 08:01 668662                     /usr/lib/x86_64-linux-gnu/libpangoft2-1.0.so.0.4000.5
7f573af38000-7f573af39000 r--p 00014000 08:01 668662                     /usr/lib/x86_64-linux-gnu/libpangoft2-1.0.so.0.4000.5
7f573af39000-7f573af3a000 rw-p 00015000 08:01 668662                     /usr/lib/x86_64-linux-gnu/libpangoft2-1.0.so.0.4000.5
7f573af3a000-7f573b0c7000 r-xp 00000000 08:01 668083                     /usr/lib/x86_64-linux-gnu/libgio-2.0.so.0.5000.3
7f573b0c7000-7f573b2c7000 ---p 0018d000 08:01 668083                     /usr/lib/x86_64-linux-gnu/libgio-2.0.so.0.5000.3
7f573b2c7000-7f573b2cc000 r--p 0018d000 08:01 668083                     /usr/lib/x86_64-linux-gnu/libgio-2.0.so.0.5000.3
7f573b2cc000-7f573b2cf000 rw-p 00192000 08:01 668083                     /usr/lib/x86_64-linux-gnu/libgio-2.0.so.0.5000.3
7f573b2cf000-7f573b2d0000 rw-p 00000000 00:00 0 
7f573b2d0000-7f573b2f3000 r-xp 00000000 08:01 668936                     /usr/lib/x86_64-linux-gnu/libatk-1.0.so.0.22209.1
7f573b2f3000-7f573b4f2000 ---p 00023000 08:01 668936                     /usr/lib/x86_64-linux-gnu/libatk-1.0.so.0.22209.1
7f573b4f2000-7f573b4f5000 r--p 00022000 08:01 668936                     /usr/lib/x86_64-linux-gnu/libatk-1.0.so.0.22209.1
7f573b4f5000-7f573b4f6000 rw-p 00025000 08:01 668936                     /usr/lib/x86_64-linux-gnu/libatk-1.0.so.0.22209.1
7f573b4f6000-7f573b5a6000 r-xp 00000000 08:01 669170                     /usr/lib/x86_64-linux-gnu/libgdk-x11-2.0.so.0.2400.31
7f573b5a6000-7f573b7a5000 ---p 000b0000 08:01 669170                     /usr/lib/x86_64-linux-gnu/libgdk-x11-2.0.so.0.2400.31
7f573b7a5000-7f573b7a9000 r--p 000af000 08:01 669170                     /usr/lib/x86_64-linux-gnu/libgdk-x11-2.0.so.0.2400.31
7f573b7a9000-7f573b7ab000 rw-p 000b3000 08:01 669170                     /usr/lib/x86_64-linux-gnu/libgdk-x11-2.0.so.0.2400.31
7f573b7ab000-7f573bbe7000 r-xp 00000000 08:01 669171                     /usr/lib/x86_64-linux-gnu/libgtk-x11-2.0.so.0.2400.31
7f573bbe7000-7f573bde6000 ---p 0043c000 08:01 669171                     /usr/lib/x86_64-linux-gnu/libgtk-x11-2.0.so.0.2400.31
7f573bde6000-7f573bded000 r--p 0043b000 08:01 669171                     /usr/lib/x86_64-linux-gnu/libgtk-x11-2.0.so.0.2400.31
7f573bded000-7f573bdf1000 rw-p 00442000 08:01 669171                     /usr/lib/x86_64-linux-gnu/libgtk-x11-2.0.so.0.2400.31
7f573bdf1000-7f573bdf4000 rw-p 00000000 00:00 0 
7f573bdf4000-7f573be00000 r-xp 00000000 08:01 695371                     /usr/local/jdk1.8.0_111/jre/lib/amd64/libprism_es2.so
7f573be00000-7f573bfff000 ---p 0000c000 08:01 695371                     /usr/local/jdk1.8.0_111/jre/lib/amd64/libprism_es2.so
7f573bfff000-7f573c000000 rw-p 0000b000 08:01 695371                     /usr/local/jdk1.8.0_111/jre/lib/amd64/libprism_es2.so
7f573c000000-7f573c9e2000 rw-p 00000000 00:00 0 
7f573c9e2000-7f5740000000 ---p 00000000 00:00 0 
7f5740000000-7f5740269000 rw-p 00000000 00:00 0 
7f5740269000-7f5744000000 ---p 00000000 00:00 0 
7f5744000000-7f5744021000 rw-p 00000000 00:00 0 
7f5744021000-7f5748000000 ---p 00000000 00:00 0 
7f5748000000-7f57498dd000 rw-p 00000000 00:00 0 
7f57498dd000-7f574c000000 ---p 00000000 00:00 0 
7f574c000000-7f574c021000 rw-p 00000000 00:00 0 
7f574c021000-7f5750000000 ---p 00000000 00:00 0 
7f5750000000-7f5750021000 rw-p 00000000 00:00 0 
7f5750021000-7f5754000000 ---p 00000000 00:00 0 
7f5754000000-7f575405d000 rw-p 00000000 00:00 0 
7f575405d000-7f5758000000 ---p 00000000 00:00 0 
7f5758000000-7f5758001000 r--s 00000000 08:01 428320                     /var/cache/fontconfig/087e1975ba9a574b140bb1df193bf770-le64.cache-4
7f5758001000-7f5758002000 r--s 00000000 08:01 428318                     /var/cache/fontconfig/0bd3dc0958fa2205aaaa8ebb13e2872b-le64.cache-4
7f5758002000-7f5758005000 r--s 00000000 08:01 428317                     /var/cache/fontconfig/e49e89034d371f0f9de17aab02136486-le64.cache-4
7f5758005000-7f5758007000 r--s 00000000 08:01 428316                     /var/cache/fontconfig/4b14b093aebc79c320de5e86ae1d3314-le64.cache-4
7f5758007000-7f575800e000 r--s 00000000 08:01 428309                     /var/cache/fontconfig/53d14c92082a93e67d5078324eb314ca-le64.cache-4
7f575800e000-7f5758018000 r--s 00115000 08:01 695287                     /usr/local/jdk1.8.0_111/jre/lib/ext/localedata.jar
7f5758018000-7f575801b000 ---p 00000000 00:00 0 
7f575801b000-7f5758119000 rw-p 00000000 00:00 0 
7f5758119000-7f575819d000 r-xp 00000000 08:01 917790                     /lib/x86_64-linux-gnu/libsystemd.so.0.17.0
7f575819d000-7f575819e000 ---p 00084000 08:01 917790                     /lib/x86_64-linux-gnu/libsystemd.so.0.17.0
7f575819e000-7f57581a1000 r--p 00084000 08:01 917790                     /lib/x86_64-linux-gnu/libsystemd.so.0.17.0
7f57581a1000-7f57581a2000 rw-p 00087000 08:01 917790                     /lib/x86_64-linux-gnu/libsystemd.so.0.17.0
7f57581a2000-7f57581a3000 rw-p 00000000 00:00 0 
7f57581a3000-7f57581ce000 r--p 00000000 08:01 668988                     /usr/share/locale/fr/LC_MESSAGES/gtk20-properties.mo
7f57581ce000-7f57581d1000 ---p 00000000 00:00 0 
7f57581d1000-7f57582cf000 rw-p 00000000 00:00 0 
7f57582cf000-7f5758365000 r--s 010fb000 08:01 695375                     /usr/local/jdk1.8.0_111/jre/lib/ext/jfxrt.jar
7f5758365000-7f5758366000 ---p 00000000 00:00 0 
7f5758366000-7f5758466000 rw-p 00000000 00:00 0 
7f5758466000-7f5758469000 ---p 00000000 00:00 0 
7f5758469000-7f5758567000 rw-p 00000000 00:00 0 
7f5758567000-7f575856a000 ---p 00000000 00:00 0 
7f575856a000-7f5758668000 rw-p 00000000 00:00 0 
7f5758668000-7f575866b000 ---p 00000000 00:00 0 
7f575866b000-7f5758769000 rw-p 00000000 00:00 0 
7f5758769000-7f575876c000 ---p 00000000 00:00 0 
7f575876c000-7f575886a000 rw-p 00000000 00:00 0 
7f575886a000-7f5758a05000 r--p 00000000 08:01 659869                     /usr/lib/locale/locale-archive
7f5758a05000-7f5758a08000 ---p 00000000 00:00 0 
7f5758a08000-7f5758b06000 rw-p 00000000 00:00 0 
7f5758b06000-7f5758b09000 ---p 00000000 00:00 0 
7f5758b09000-7f5758c07000 rw-p 00000000 00:00 0 
7f5758c07000-7f5758c08000 ---p 00000000 00:00 0 
7f5758c08000-7f5758d57000 rw-p 00000000 00:00 0 
7f5758d57000-7f5758f2f000 r--s 03d2a000 08:01 695642                     /usr/local/jdk1.8.0_111/jre/lib/rt.jar
7f5758f2f000-7f5759000000 rw-p 00000000 00:00 0 
7f5759000000-7f5759a60000 rwxp 00000000 00:00 0 
7f5759a60000-7f5768000000 ---p 00000000 00:00 0 
7f5768000000-7f5768505000 rw-p 00000000 00:00 0 
7f5768505000-7f576c000000 ---p 00000000 00:00 0 
7f576c000000-7f576c001000 r--s 00000000 08:01 428312                     /var/cache/fontconfig/8a687c406b77f27d99abfeeba937fcce-le64.cache-4
7f576c001000-7f576c005000 r--s 00000000 08:01 428311                     /var/cache/fontconfig/246184dc75a16901ca37d96895904249-le64.cache-4
7f576c005000-7f576c020000 r--s 0038e000 08:01 695324                     /usr/local/jdk1.8.0_111/jre/lib/ext/cldrdata.jar
7f576c020000-7f576c027000 r--s 000b9000 08:01 12374                      /home/etudiant/Bureau/workspace/GSB-RV-DR/dist/run86479565/lib/mysql-connector-java-5.1.15-bin.jar
7f576c027000-7f576c827000 rw-p 00000000 00:00 0 
7f576c827000-7f576c82e000 rw-p 00000000 00:00 0 
7f576c82e000-7f576c87a000 ---p 00000000 00:00 0 
7f576c87a000-7f576c888000 rw-p 00000000 00:00 0 
7f576c888000-7f576c920000 ---p 00000000 00:00 0 
7f576c920000-7f576c94b000 rw-p 00000000 00:00 0 
7f576c94b000-7f576cce1000 ---p 00000000 00:00 0 
7f576cce1000-7f576ccfb000 r-xp 00000000 08:01 695502                     /usr/local/jdk1.8.0_111/jre/lib/amd64/libzip.so
7f576ccfb000-7f576cefb000 ---p 0001a000 08:01 695502                     /usr/local/jdk1.8.0_111/jre/lib/amd64/libzip.so
7f576cefb000-7f576cefc000 rw-p 0001a000 08:01 695502                     /usr/local/jdk1.8.0_111/jre/lib/amd64/libzip.so
7f576cefc000-7f576cf06000 r-xp 00000000 08:01 921405                     /lib/x86_64-linux-gnu/libnss_files-2.24.so
7f576cf06000-7f576d106000 ---p 0000a000 08:01 921405                     /lib/x86_64-linux-gnu/libnss_files-2.24.so
7f576d106000-7f576d107000 r--p 0000a000 08:01 921405                     /lib/x86_64-linux-gnu/libnss_files-2.24.so
7f576d107000-7f576d108000 rw-p 0000b000 08:01 921405                     /lib/x86_64-linux-gnu/libnss_files-2.24.so
7f576d108000-7f576d10e000 rw-p 00000000 00:00 0 
7f576d10e000-7f576d119000 r-xp 00000000 08:01 921407                     /lib/x86_64-linux-gnu/libnss_nis-2.24.so
7f576d119000-7f576d318000 ---p 0000b000 08:01 921407                     /lib/x86_64-linux-gnu/libnss_nis-2.24.so
7f576d318000-7f576d319000 r--p 0000a000 08:01 921407                     /lib/x86_64-linux-gnu/libnss_nis-2.24.so
7f576d319000-7f576d31a000 rw-p 0000b000 08:01 921407                     /lib/x86_64-linux-gnu/libnss_nis-2.24.so
7f576d31a000-7f576d32e000 r-xp 00000000 08:01 921402                     /lib/x86_64-linux-gnu/libnsl-2.24.so
7f576d32e000-7f576d52e000 ---p 00014000 08:01 921402                     /lib/x86_64-linux-gnu/libnsl-2.24.so
7f576d52e000-7f576d52f000 r--p 00014000 08:01 921402                     /lib/x86_64-linux-gnu/libnsl-2.24.so
7f576d52f000-7f576d530000 rw-p 00015000 08:01 921402                     /lib/x86_64-linux-gnu/libnsl-2.24.so
7f576d530000-7f576d532000 rw-p 00000000 00:00 0 
7f576d532000-7f576d539000 r-xp 00000000 08:01 921403                     /lib/x86_64-linux-gnu/libnss_compat-2.24.so
7f576d539000-7f576d738000 ---p 00007000 08:01 921403                     /lib/x86_64-linux-gnu/libnss_compat-2.24.so
7f576d738000-7f576d739000 r--p 00006000 08:01 921403                     /lib/x86_64-linux-gnu/libnss_compat-2.24.so
7f576d739000-7f576d73a000 rw-p 00007000 08:01 921403                     /lib/x86_64-linux-gnu/libnss_compat-2.24.so
7f576d73a000-7f576d765000 r-xp 00000000 08:01 695475                     /usr/local/jdk1.8.0_111/jre/lib/amd64/libjava.so
7f576d765000-7f576d964000 ---p 0002b000 08:01 695475                     /usr/local/jdk1.8.0_111/jre/lib/amd64/libjava.so
7f576d964000-7f576d966000 rw-p 0002a000 08:01 695475                     /usr/local/jdk1.8.0_111/jre/lib/amd64/libjava.so
7f576d966000-7f576d973000 r-xp 00000000 08:01 695438                     /usr/local/jdk1.8.0_111/jre/lib/amd64/libverify.so
7f576d973000-7f576db72000 ---p 0000d000 08:01 695438                     /usr/local/jdk1.8.0_111/jre/lib/amd64/libverify.so
7f576db72000-7f576db74000 rw-p 0000c000 08:01 695438                     /usr/local/jdk1.8.0_111/jre/lib/amd64/libverify.so
7f576db74000-7f576db7b000 r-xp 00000000 08:01 921412                     /lib/x86_64-linux-gnu/librt-2.24.so
7f576db7b000-7f576dd7a000 ---p 00007000 08:01 921412                     /lib/x86_64-linux-gnu/librt-2.24.so
7f576dd7a000-7f576dd7b000 r--p 00006000 08:01 921412                     /lib/x86_64-linux-gnu/librt-2.24.so
7f576dd7b000-7f576dd7c000 rw-p 00007000 08:01 921412                     /lib/x86_64-linux-gnu/librt-2.24.so
7f576dd7c000-7f576de7f000 r-xp 00000000 08:01 921399                     /lib/x86_64-linux-gnu/libm-2.24.so
7f576de7f000-7f576e07e000 ---p 00103000 08:01 921399                     /lib/x86_64-linux-gnu/libm-2.24.so
7f576e07e000-7f576e07f000 r--p 00102000 08:01 921399                     /lib/x86_64-linux-gnu/libm-2.24.so
7f576e07f000-7f576e080000 rw-p 00103000 08:01 921399                     /lib/x86_64-linux-gnu/libm-2.24.so
7f576e080000-7f576ed4d000 r-xp 00000000 08:01 695353                     /usr/local/jdk1.8.0_111/jre/lib/amd64/server/libjvm.so
7f576ed4d000-7f576ef4c000 ---p 00ccd000 08:01 695353                     /usr/local/jdk1.8.0_111/jre/lib/amd64/server/libjvm.so
7f576ef4c000-7f576f025000 rw-p 00ccc000 08:01 695353                     /usr/local/jdk1.8.0_111/jre/lib/amd64/server/libjvm.so
7f576f025000-7f576f070000 rw-p 00000000 00:00 0 
7f576f070000-7f576f205000 r-xp 00000000 08:01 921395                     /lib/x86_64-linux-gnu/libc-2.24.so
7f576f205000-7f576f405000 ---p 00195000 08:01 921395                     /lib/x86_64-linux-gnu/libc-2.24.so
7f576f405000-7f576f409000 r--p 00195000 08:01 921395                     /lib/x86_64-linux-gnu/libc-2.24.so
7f576f409000-7f576f40b000 rw-p 00199000 08:01 921395                     /lib/x86_64-linux-gnu/libc-2.24.so
7f576f40b000-7f576f40f000 rw-p 00000000 00:00 0 
7f576f40f000-7f576f412000 r-xp 00000000 08:01 921398                     /lib/x86_64-linux-gnu/libdl-2.24.so
7f576f412000-7f576f611000 ---p 00003000 08:01 921398                     /lib/x86_64-linux-gnu/libdl-2.24.so
7f576f611000-7f576f612000 r--p 00002000 08:01 921398                     /lib/x86_64-linux-gnu/libdl-2.24.so
7f576f612000-7f576f613000 rw-p 00003000 08:01 921398                     /lib/x86_64-linux-gnu/libdl-2.24.so
7f576f613000-7f576f628000 r-xp 00000000 08:01 695417                     /usr/local/jdk1.8.0_111/jre/lib/amd64/jli/libjli.so
7f576f628000-7f576f828000 ---p 00015000 08:01 695417                     /usr/local/jdk1.8.0_111/jre/lib/amd64/jli/libjli.so
7f576f828000-7f576f829000 rw-p 00015000 08:01 695417                     /usr/local/jdk1.8.0_111/jre/lib/amd64/jli/libjli.so
7f576f829000-7f576f841000 r-xp 00000000 08:01 921410                     /lib/x86_64-linux-gnu/libpthread-2.24.so
7f576f841000-7f576fa40000 ---p 00018000 08:01 921410                     /lib/x86_64-linux-gnu/libpthread-2.24.so
7f576fa40000-7f576fa41000 r--p 00017000 08:01 921410                     /lib/x86_64-linux-gnu/libpthread-2.24.so
7f576fa41000-7f576fa42000 rw-p 00018000 08:01 921410                     /lib/x86_64-linux-gnu/libpthread-2.24.so
7f576fa42000-7f576fa46000 rw-p 00000000 00:00 0 
7f576fa46000-7f576fa69000 r-xp 00000000 08:01 917612                     /lib/x86_64-linux-gnu/ld-2.24.so
7f576fa69000-7f576fa6a000 r--s 00000000 08:01 397929                     /var/cache/fontconfig/3f7329c5293ffd510edef78f73874cfd-le64.cache-4
7f576fa6a000-7f576fa6c000 r--s 00000000 08:01 428307                     /var/cache/fontconfig/62f91419b9ebdb6975e7e41ab6412357-le64.cache-4
7f576fa6c000-7f576fa7b000 r--p 00000000 08:01 668989                     /usr/share/locale/fr/LC_MESSAGES/gtk20.mo
7f576fa7b000-7f576faa2000 r--p 00000000 08:01 658875                     /usr/share/locale/fr/LC_MESSAGES/libc.mo
7f576faa2000-7f576fab0000 rw-p 00000000 00:00 0 
7f576fab0000-7f576fb49000 ---p 00000000 00:00 0 
7f576fb49000-7f576fb4c000 ---p 00000000 00:00 0 
7f576fb4c000-7f576fc4c000 rw-p 00000000 00:00 0 
7f576fc4c000-7f576fc4d000 r--s 00000000 08:01 428308                     /var/cache/fontconfig/c277e94e32b20404286a1ddafa5a80f0-le64.cache-4
7f576fc4d000-7f576fc50000 r--s 00000000 08:01 428295                     /var/cache/fontconfig/e13b20fdb08344e0e664864cc2ede53d-le64.cache-4
7f576fc50000-7f576fc53000 r--p 00000000 08:01 668884                     /usr/share/locale/fr/LC_MESSAGES/atk10.mo
7f576fc53000-7f576fc5a000 r--s 00000000 08:01 660815                     /usr/lib/x86_64-linux-gnu/gconv/gconv-modules.cache
7f576fc5a000-7f576fc5c000 r--s 00009000 08:01 817213                     /home/etudiant/Bureau/workspace/GSB-RV-DR/dist/run86479565/GSB-RV-DR.jar
7f576fc5c000-7f576fc64000 rw-s 00000000 08:01 1196839                    /tmp/hsperfdata_etudiant/3490 (deleted)
7f576fc64000-7f576fc65000 rw-p 00000000 00:00 0 
7f576fc65000-7f576fc66000 ---p 00000000 00:00 0 
7f576fc66000-7f576fc69000 rw-p 00000000 00:00 0 
7f576fc69000-7f576fc6a000 r--p 00023000 08:01 917612                     /lib/x86_64-linux-gnu/ld-2.24.so
7f576fc6a000-7f576fc6b000 rw-p 00024000 08:01 917612                     /lib/x86_64-linux-gnu/ld-2.24.so
7f576fc6b000-7f576fc6c000 rw-p 00000000 00:00 0 
7ffe01cc5000-7ffe01ce6000 rw-p 00000000 00:00 0                          [stack]
7ffe01ddd000-7ffe01ddf000 r--p 00000000 00:00 0                          [vvar]
7ffe01ddf000-7ffe01de1000 r-xp 00000000 00:00 0                          [vdso]
ffffffffff600000-ffffffffff601000 r-xp 00000000 00:00 0                  [vsyscall]

VM Arguments:
jvm_args: -Dfile.encoding=UTF-8 
java_command: /home/etudiant/Bureau/workspace/GSB-RV-DR/dist/run86479565/GSB-RV-DR.jar
java_class_path (initial): /home/etudiant/Bureau/workspace/GSB-RV-DR/dist/run86479565/GSB-RV-DR.jar
Launcher Type: SUN_STANDARD

Environment Variables:
PATH=/usr/local/bin:/usr/bin:/bin:/usr/local/games:/usr/games
USERNAME=etudiant
LD_LIBRARY_PATH=/usr/local/jdk1.8.0_111/jre/lib/amd64:/usr/local/jdk1.8.0_111/jre/lib/i386:
SHELL=/bin/bash
DISPLAY=:0

Signal Handlers:
SIGSEGV: [libjvm.so+0xac64b0], sa_mask[0]=11111111011111111101111111111110, sa_flags=SA_RESTART|SA_SIGINFO
SIGBUS: [libjvm.so+0xac64b0], sa_mask[0]=11111111011111111101111111111110, sa_flags=SA_RESTART|SA_SIGINFO
SIGFPE: [libjvm.so+0x91f950], sa_mask[0]=11111111011111111101111111111110, sa_flags=SA_RESTART|SA_SIGINFO
SIGPIPE: SIG_IGN, sa_mask[0]=00000000000010000000000000000000, sa_flags=SA_RESTART
SIGXFSZ: [libjvm.so+0x91f950], sa_mask[0]=11111111011111111101111111111110, sa_flags=SA_RESTART|SA_SIGINFO
SIGILL: [libjvm.so+0x91f950], sa_mask[0]=11111111011111111101111111111110, sa_flags=SA_RESTART|SA_SIGINFO
SIGUSR1: SIG_DFL, sa_mask[0]=00000000000000000000000000000000, sa_flags=none
SIGUSR2: [libjvm.so+0x920f80], sa_mask[0]=00100000000000000000000000000000, sa_flags=SA_RESTART|SA_SIGINFO
SIGHUP: [libjvm.so+0x922380], sa_mask[0]=11111111011111111101111111111110, sa_flags=SA_RESTART|SA_SIGINFO
SIGINT: SIG_IGN, sa_mask[0]=00000000000000000000000000000000, sa_flags=none
SIGTERM: [libjvm.so+0x922380], sa_mask[0]=11111111011111111101111111111110, sa_flags=SA_RESTART|SA_SIGINFO
SIGQUIT: [libjvm.so+0x922380], sa_mask[0]=11111111011111111101111111111110, sa_flags=SA_RESTART|SA_SIGINFO


---------------  S Y S T E M  ---------------

OS:PRETTY_NAME="Debian GNU/Linux 9 (stretch)"
NAME="Debian GNU/Linux"
VERSION_ID="9"
VERSION="9 (stretch)"
ID=debian
HOME_URL="https://www.debian.org/"
SUPPORT_URL="https://www.debian.org/support"
BUG_REPORT_URL="https://bugs.debian.org/"

uname:Linux 4.9.0-8-amd64 #1 SMP Debian 4.9.110-3+deb9u6 (2018-10-08) x86_64
libc:glibc 2.24 NPTL 2.24 
rlimit: STACK 8192k, CORE 0k, NPROC 7855, NOFILE 4096, AS infinity
load average:7,75 2,10 1,13

/proc/meminfo:
MemTotal:        2033676 kB
MemFree:         1108508 kB
MemAvailable:    1144280 kB
Buffers:           15500 kB
Cached:           151148 kB
SwapCached:         9316 kB
Active:           689880 kB
Inactive:         109000 kB
Active(anon):     618552 kB
Inactive(anon):    23424 kB
Active(file):      71328 kB
Inactive(file):    85576 kB
Unevictable:           0 kB
Mlocked:               0 kB
SwapTotal:        522236 kB
SwapFree:         340048 kB
Dirty:               628 kB
Writeback:          1372 kB
AnonPages:        625224 kB
Mapped:            74408 kB
Shmem:              9720 kB
Slab:              54508 kB
SReclaimable:      21088 kB
SUnreclaim:        33420 kB
KernelStack:        6848 kB
PageTables:        16492 kB
NFS_Unstable:          0 kB
Bounce:                0 kB
WritebackTmp:          0 kB
CommitLimit:     1539072 kB
Committed_AS:    2059020 kB
VmallocTotal:   34359738367 kB
VmallocUsed:           0 kB
VmallocChunk:          0 kB
HardwareCorrupted:     0 kB
AnonHugePages:         0 kB
ShmemHugePages:        0 kB
ShmemPmdMapped:        0 kB
HugePages_Total:       0
HugePages_Free:        0
HugePages_Rsvd:        0
HugePages_Surp:        0
Hugepagesize:       2048 kB
DirectMap4k:       79744 kB
DirectMap2M:     2017280 kB


CPU:total 1 (1 cores per cpu, 1 threads per core) family 6 model 42 stepping 7, cmov, cx8, fxsr, mmx, sse, sse2, sse3, ssse3, sse4.1, sse4.2, popcnt, avx, aes, clmul, tsc, tscinvbit

/proc/cpuinfo:
processor	: 0
vendor_id	: GenuineIntel
cpu family	: 6
model		: 42
model name	: Intel(R) Core(TM) i5-2500 CPU @ 3.30GHz
stepping	: 7
microcode	: 0x29
cpu MHz		: 3291.673
cache size	: 6144 KB
physical id	: 0
siblings	: 1
core id		: 0
cpu cores	: 1
apicid		: 0
initial apicid	: 0
fpu		: yes
fpu_exception	: yes
cpuid level	: 13
wp		: yes
flags		: fpu vme de pse tsc msr pae mce cx8 apic sep mtrr pge mca cmov pat pse36 clflush dts mmx fxsr sse sse2 ss syscall nx rdtscp lm constant_tsc arch_perfmon pebs bts nopl xtopology tsc_reliable nonstop_tsc aperfmperf pni pclmulqdq ssse3 cx16 pcid sse4_1 sse4_2 x2apic popcnt tsc_deadline_timer aes xsave avx hypervisor lahf_lm epb kaiser tsc_adjust dtherm ida arat pln pts
bugs		: cpu_meltdown spectre_v1 spectre_v2 spec_store_bypass l1tf
bogomips	: 6585.04
clflush size	: 64
cache_alignment	: 64
address sizes	: 42 bits physical, 48 bits virtual
power management:



Memory: 4k page, physical 2033676k(1108508k free), swap 522236k(340056k free)

vm_info: Java HotSpot(TM) 64-Bit Server VM (25.111-b14) for linux-amd64 JRE (1.8.0_111-b14), built on Sep 22 2016 16:14:03 by "java_re" with gcc 4.3.0 20080428 (Red Hat 4.3.0-8)

time: Thu Apr 18 16:58:25 2019
elapsed time: 1005 seconds (0d 0h 16m 45s)

